rbm-train-cd1-frmshuff --learn-rate=0.01 --l2-penalty=0.0002 --num-iters=40 --verbose=1 --feature-transform=exp/dnn4_pretrain-dbn/final.feature_transform exp/dnn4_pretrain-dbn/1.rbm.init 'ark:copy-feats scp:exp/dnn4_pretrain-dbn/train.scp ark:- |' exp/dnn4_pretrain-dbn/1.rbm 
WARNING (rbm-train-cd1-frmshuff[5.5.294-06484]:SelectGpuId():cu-device.cc:221) Not in compute-exclusive mode.  Suggestion: use 'nvidia-smi -c 3' to set compute exclusive mode
LOG (rbm-train-cd1-frmshuff[5.5.294-06484]:SelectGpuIdAuto():cu-device.cc:349) Selecting from 2 GPUs
LOG (rbm-train-cd1-frmshuff[5.5.294-06484]:SelectGpuIdAuto():cu-device.cc:364) cudaSetDevice(0): TITAN Xp	free:12023M, used:173M, total:12196M, free/total:0.985815
LOG (rbm-train-cd1-frmshuff[5.5.294-06484]:SelectGpuIdAuto():cu-device.cc:364) cudaSetDevice(1): TITAN Xp	free:11887M, used:305M, total:12192M, free/total:0.974986
LOG (rbm-train-cd1-frmshuff[5.5.294-06484]:SelectGpuIdAuto():cu-device.cc:411) Trying to select device: 0 (automatically), mem_ratio: 0.985815
LOG (rbm-train-cd1-frmshuff[5.5.294-06484]:SelectGpuIdAuto():cu-device.cc:430) Success selecting device 0 free mem ratio: 0.985815
LOG (rbm-train-cd1-frmshuff[5.5.294-06484]:FinalizeActiveGpu():cu-device.cc:284) The active GPU is [0]: TITAN Xp	free:11957M, used:239M, total:12196M, free/total:0.980403 version 6.1
copy-feats scp:exp/dnn4_pretrain-dbn/train.scp ark:- 
LOG (rbm-train-cd1-frmshuff[5.5.294-06484]:Init():nnet-randomizer.cc:32) Seeding by srand with : 777
LOG (rbm-train-cd1-frmshuff[5.5.294-06484]:main():rbm-train-cd1-frmshuff.cc:146) RBM TRAINING STARTED
LOG (rbm-train-cd1-frmshuff[5.5.294-06484]:main():rbm-train-cd1-frmshuff.cc:149) Iteration 1/40
WARNING (rbm-train-cd1-frmshuff[5.5.294-06484]:RbmUpdate():nnet/nnet-rbm.h:336) Mismatch between pos_vis and neg_vis variances, danger of weight explosion. a) Reducing weights with scale 0.361281 b) Lowering learning rate to 0.0045 [pos_vis_std:0.972709,neg_vis_std:2.69239]
VLOG[1] (rbm-train-cd1-frmshuff[5.5.294-06484]:main():rbm-train-cd1-frmshuff.cc:247) Setting momentum 0.9 and learning rate 0.005 after processing 0.000277778 h
LOG (copy-feats[5.5.294-06484]:main():copy-feats.cc:143) Copied 1232 feature matrices.
LOG (rbm-train-cd1-frmshuff[5.5.294-06484]:main():rbm-train-cd1-frmshuff.cc:263) Iteration 2/40
copy-feats scp:exp/dnn4_pretrain-dbn/train.scp ark:- 
VLOG[1] (rbm-train-cd1-frmshuff[5.5.294-06484]:main():rbm-train-cd1-frmshuff.cc:247) Setting momentum 0.9 and learning rate 0.0049 after processing 1.38889 h
LOG (copy-feats[5.5.294-06484]:main():copy-feats.cc:143) Copied 1232 feature matrices.
LOG (rbm-train-cd1-frmshuff[5.5.294-06484]:main():rbm-train-cd1-frmshuff.cc:263) Iteration 3/40
copy-feats scp:exp/dnn4_pretrain-dbn/train.scp ark:- 
VLOG[1] (rbm-train-cd1-frmshuff[5.5.294-06484]:main():rbm-train-cd1-frmshuff.cc:247) Setting momentum 0.9 and learning rate 0.0048 after processing 2.77778 h
LOG (copy-feats[5.5.294-06484]:main():copy-feats.cc:143) Copied 1232 feature matrices.
LOG (rbm-train-cd1-frmshuff[5.5.294-06484]:main():rbm-train-cd1-frmshuff.cc:263) Iteration 4/40
copy-feats scp:exp/dnn4_pretrain-dbn/train.scp ark:- 
VLOG[1] (rbm-train-cd1-frmshuff[5.5.294-06484]:main():rbm-train-cd1-frmshuff.cc:247) Setting momentum 0.9 and learning rate 0.0047 after processing 4.16667 h
LOG (copy-feats[5.5.294-06484]:main():copy-feats.cc:143) Copied 1232 feature matrices.
LOG (rbm-train-cd1-frmshuff[5.5.294-06484]:main():rbm-train-cd1-frmshuff.cc:263) Iteration 5/40
copy-feats scp:exp/dnn4_pretrain-dbn/train.scp ark:- 
VLOG[1] (rbm-train-cd1-frmshuff[5.5.294-06484]:main():rbm-train-cd1-frmshuff.cc:185) After 5000 utterances: time elapsed = 0.210331 min; processed 120675 frames per sec.
LOG (rbm-train-cd1-frmshuff[5.5.294-06484]:Eval():nnet-loss.cc:269) ProgressLoss[last 5h of 5h]: 61.5823 (Mse)
LOG (copy-feats[5.5.294-06484]:main():copy-feats.cc:143) Copied 1232 feature matrices.
LOG (rbm-train-cd1-frmshuff[5.5.294-06484]:main():rbm-train-cd1-frmshuff.cc:263) Iteration 6/40
copy-feats scp:exp/dnn4_pretrain-dbn/train.scp ark:- 
VLOG[1] (rbm-train-cd1-frmshuff[5.5.294-06484]:main():rbm-train-cd1-frmshuff.cc:247) Setting momentum 0.9 and learning rate 0.0046 after processing 5.55556 h
LOG (copy-feats[5.5.294-06484]:main():copy-feats.cc:143) Copied 1232 feature matrices.
LOG (rbm-train-cd1-frmshuff[5.5.294-06484]:main():rbm-train-cd1-frmshuff.cc:263) Iteration 7/40
copy-feats scp:exp/dnn4_pretrain-dbn/train.scp ark:- 
VLOG[1] (rbm-train-cd1-frmshuff[5.5.294-06484]:main():rbm-train-cd1-frmshuff.cc:247) Setting momentum 0.9 and learning rate 0.0045 after processing 6.94444 h
LOG (copy-feats[5.5.294-06484]:main():copy-feats.cc:143) Copied 1232 feature matrices.
LOG (rbm-train-cd1-frmshuff[5.5.294-06484]:main():rbm-train-cd1-frmshuff.cc:263) Iteration 8/40
copy-feats scp:exp/dnn4_pretrain-dbn/train.scp ark:- 
VLOG[1] (rbm-train-cd1-frmshuff[5.5.294-06484]:main():rbm-train-cd1-frmshuff.cc:247) Setting momentum 0.9 and learning rate 0.0044 after processing 8.33333 h
LOG (copy-feats[5.5.294-06484]:main():copy-feats.cc:143) Copied 1232 feature matrices.
LOG (rbm-train-cd1-frmshuff[5.5.294-06484]:main():rbm-train-cd1-frmshuff.cc:263) Iteration 9/40
copy-feats scp:exp/dnn4_pretrain-dbn/train.scp ark:- 
VLOG[1] (rbm-train-cd1-frmshuff[5.5.294-06484]:main():rbm-train-cd1-frmshuff.cc:185) After 10000 utterances: time elapsed = 0.424625 min; processed 120840 frames per sec.
LOG (copy-feats[5.5.294-06484]:main():copy-feats.cc:143) Copied 1232 feature matrices.
LOG (rbm-train-cd1-frmshuff[5.5.294-06484]:main():rbm-train-cd1-frmshuff.cc:263) Iteration 10/40
copy-feats scp:exp/dnn4_pretrain-dbn/train.scp ark:- 
VLOG[1] (rbm-train-cd1-frmshuff[5.5.294-06484]:main():rbm-train-cd1-frmshuff.cc:247) Setting momentum 0.9 and learning rate 0.0043 after processing 9.72222 h
LOG (rbm-train-cd1-frmshuff[5.5.294-06484]:Eval():nnet-loss.cc:269) ProgressLoss[last 5h of 10h]: 55.365 (Mse)
LOG (copy-feats[5.5.294-06484]:main():copy-feats.cc:143) Copied 1232 feature matrices.
LOG (rbm-train-cd1-frmshuff[5.5.294-06484]:main():rbm-train-cd1-frmshuff.cc:263) Iteration 11/40
copy-feats scp:exp/dnn4_pretrain-dbn/train.scp ark:- 
VLOG[1] (rbm-train-cd1-frmshuff[5.5.294-06484]:main():rbm-train-cd1-frmshuff.cc:247) Setting momentum 0.9 and learning rate 0.0042 after processing 11.1111 h
LOG (copy-feats[5.5.294-06484]:main():copy-feats.cc:143) Copied 1232 feature matrices.
LOG (rbm-train-cd1-frmshuff[5.5.294-06484]:main():rbm-train-cd1-frmshuff.cc:263) Iteration 12/40
copy-feats scp:exp/dnn4_pretrain-dbn/train.scp ark:- 
VLOG[1] (rbm-train-cd1-frmshuff[5.5.294-06484]:main():rbm-train-cd1-frmshuff.cc:247) Setting momentum 0.9 and learning rate 0.0041 after processing 12.5 h
LOG (copy-feats[5.5.294-06484]:main():copy-feats.cc:143) Copied 1232 feature matrices.
LOG (rbm-train-cd1-frmshuff[5.5.294-06484]:main():rbm-train-cd1-frmshuff.cc:263) Iteration 13/40
copy-feats scp:exp/dnn4_pretrain-dbn/train.scp ark:- 
VLOG[1] (rbm-train-cd1-frmshuff[5.5.294-06484]:main():rbm-train-cd1-frmshuff.cc:185) After 15000 utterances: time elapsed = 0.639559 min; processed 120776 frames per sec.
LOG (copy-feats[5.5.294-06484]:main():copy-feats.cc:143) Copied 1232 feature matrices.
LOG (rbm-train-cd1-frmshuff[5.5.294-06484]:main():rbm-train-cd1-frmshuff.cc:263) Iteration 14/40
copy-feats scp:exp/dnn4_pretrain-dbn/train.scp ark:- 
VLOG[1] (rbm-train-cd1-frmshuff[5.5.294-06484]:main():rbm-train-cd1-frmshuff.cc:247) Setting momentum 0.9 and learning rate 0.004 after processing 13.8889 h
LOG (copy-feats[5.5.294-06484]:main():copy-feats.cc:143) Copied 1232 feature matrices.
LOG (rbm-train-cd1-frmshuff[5.5.294-06484]:main():rbm-train-cd1-frmshuff.cc:263) Iteration 15/40
copy-feats scp:exp/dnn4_pretrain-dbn/train.scp ark:- 
LOG (rbm-train-cd1-frmshuff[5.5.294-06484]:Eval():nnet-loss.cc:269) ProgressLoss[last 5h of 15h]: 54.2396 (Mse)
VLOG[1] (rbm-train-cd1-frmshuff[5.5.294-06484]:main():rbm-train-cd1-frmshuff.cc:247) Setting momentum 0.9 and learning rate 0.0039 after processing 15.2778 h
LOG (copy-feats[5.5.294-06484]:main():copy-feats.cc:143) Copied 1232 feature matrices.
LOG (rbm-train-cd1-frmshuff[5.5.294-06484]:main():rbm-train-cd1-frmshuff.cc:263) Iteration 16/40
copy-feats scp:exp/dnn4_pretrain-dbn/train.scp ark:- 
VLOG[1] (rbm-train-cd1-frmshuff[5.5.294-06484]:main():rbm-train-cd1-frmshuff.cc:247) Setting momentum 0.9 and learning rate 0.0038 after processing 16.6667 h
LOG (copy-feats[5.5.294-06484]:main():copy-feats.cc:143) Copied 1232 feature matrices.
LOG (rbm-train-cd1-frmshuff[5.5.294-06484]:main():rbm-train-cd1-frmshuff.cc:263) Iteration 17/40
copy-feats scp:exp/dnn4_pretrain-dbn/train.scp ark:- 
VLOG[1] (rbm-train-cd1-frmshuff[5.5.294-06484]:main():rbm-train-cd1-frmshuff.cc:185) After 20000 utterances: time elapsed = 0.849966 min; processed 120740 frames per sec.
LOG (copy-feats[5.5.294-06484]:main():copy-feats.cc:143) Copied 1232 feature matrices.
LOG (rbm-train-cd1-frmshuff[5.5.294-06484]:main():rbm-train-cd1-frmshuff.cc:263) Iteration 18/40
copy-feats scp:exp/dnn4_pretrain-dbn/train.scp ark:- 
VLOG[1] (rbm-train-cd1-frmshuff[5.5.294-06484]:main():rbm-train-cd1-frmshuff.cc:247) Setting momentum 0.9 and learning rate 0.0037 after processing 18.0556 h
LOG (copy-feats[5.5.294-06484]:main():copy-feats.cc:143) Copied 1232 feature matrices.
LOG (rbm-train-cd1-frmshuff[5.5.294-06484]:main():rbm-train-cd1-frmshuff.cc:263) Iteration 19/40
copy-feats scp:exp/dnn4_pretrain-dbn/train.scp ark:- 
VLOG[1] (rbm-train-cd1-frmshuff[5.5.294-06484]:main():rbm-train-cd1-frmshuff.cc:247) Setting momentum 0.9 and learning rate 0.0036 after processing 19.4444 h
LOG (rbm-train-cd1-frmshuff[5.5.294-06484]:Eval():nnet-loss.cc:269) ProgressLoss[last 5h of 20h]: 53.6229 (Mse)
LOG (copy-feats[5.5.294-06484]:main():copy-feats.cc:143) Copied 1232 feature matrices.
LOG (rbm-train-cd1-frmshuff[5.5.294-06484]:main():rbm-train-cd1-frmshuff.cc:263) Iteration 20/40
copy-feats scp:exp/dnn4_pretrain-dbn/train.scp ark:- 
VLOG[1] (rbm-train-cd1-frmshuff[5.5.294-06484]:main():rbm-train-cd1-frmshuff.cc:247) Setting momentum 0.9 and learning rate 0.0035 after processing 20.8333 h
LOG (copy-feats[5.5.294-06484]:main():copy-feats.cc:143) Copied 1232 feature matrices.
LOG (rbm-train-cd1-frmshuff[5.5.294-06484]:main():rbm-train-cd1-frmshuff.cc:263) Iteration 21/40
copy-feats scp:exp/dnn4_pretrain-dbn/train.scp ark:- 
VLOG[1] (rbm-train-cd1-frmshuff[5.5.294-06484]:main():rbm-train-cd1-frmshuff.cc:185) After 25000 utterances: time elapsed = 1.06434 min; processed 120782 frames per sec.
LOG (copy-feats[5.5.294-06484]:main():copy-feats.cc:143) Copied 1232 feature matrices.
LOG (rbm-train-cd1-frmshuff[5.5.294-06484]:main():rbm-train-cd1-frmshuff.cc:263) Iteration 22/40
copy-feats scp:exp/dnn4_pretrain-dbn/train.scp ark:- 
VLOG[1] (rbm-train-cd1-frmshuff[5.5.294-06484]:main():rbm-train-cd1-frmshuff.cc:247) Setting momentum 0.9 and learning rate 0.0034 after processing 22.2222 h
LOG (copy-feats[5.5.294-06484]:main():copy-feats.cc:143) Copied 1232 feature matrices.
LOG (rbm-train-cd1-frmshuff[5.5.294-06484]:main():rbm-train-cd1-frmshuff.cc:263) Iteration 23/40
copy-feats scp:exp/dnn4_pretrain-dbn/train.scp ark:- 
VLOG[1] (rbm-train-cd1-frmshuff[5.5.294-06484]:main():rbm-train-cd1-frmshuff.cc:247) Setting momentum 0.9 and learning rate 0.0033 after processing 23.6111 h
LOG (copy-feats[5.5.294-06484]:main():copy-feats.cc:143) Copied 1232 feature matrices.
LOG (rbm-train-cd1-frmshuff[5.5.294-06484]:main():rbm-train-cd1-frmshuff.cc:263) Iteration 24/40
copy-feats scp:exp/dnn4_pretrain-dbn/train.scp ark:- 
VLOG[1] (rbm-train-cd1-frmshuff[5.5.294-06484]:main():rbm-train-cd1-frmshuff.cc:247) Setting momentum 0.9 and learning rate 0.0032 after processing 25 h
LOG (rbm-train-cd1-frmshuff[5.5.294-06484]:Eval():nnet-loss.cc:269) ProgressLoss[last 5h of 25h]: 53.2448 (Mse)
LOG (copy-feats[5.5.294-06484]:main():copy-feats.cc:143) Copied 1232 feature matrices.
LOG (rbm-train-cd1-frmshuff[5.5.294-06484]:main():rbm-train-cd1-frmshuff.cc:263) Iteration 25/40
copy-feats scp:exp/dnn4_pretrain-dbn/train.scp ark:- 
VLOG[1] (rbm-train-cd1-frmshuff[5.5.294-06484]:main():rbm-train-cd1-frmshuff.cc:185) After 30000 utterances: time elapsed = 1.2787 min; processed 120813 frames per sec.
LOG (copy-feats[5.5.294-06484]:main():copy-feats.cc:143) Copied 1232 feature matrices.
VLOG[1] (rbm-train-cd1-frmshuff[5.5.294-06484]:main():rbm-train-cd1-frmshuff.cc:247) Setting momentum 0.9 and learning rate 0.0031 after processing 26.3889 h
LOG (rbm-train-cd1-frmshuff[5.5.294-06484]:main():rbm-train-cd1-frmshuff.cc:263) Iteration 26/40
copy-feats scp:exp/dnn4_pretrain-dbn/train.scp ark:- 
LOG (copy-feats[5.5.294-06484]:main():copy-feats.cc:143) Copied 1232 feature matrices.
LOG (rbm-train-cd1-frmshuff[5.5.294-06484]:main():rbm-train-cd1-frmshuff.cc:263) Iteration 27/40
copy-feats scp:exp/dnn4_pretrain-dbn/train.scp ark:- 
VLOG[1] (rbm-train-cd1-frmshuff[5.5.294-06484]:main():rbm-train-cd1-frmshuff.cc:247) Setting momentum 0.9 and learning rate 0.003 after processing 27.7778 h
LOG (copy-feats[5.5.294-06484]:main():copy-feats.cc:143) Copied 1232 feature matrices.
LOG (rbm-train-cd1-frmshuff[5.5.294-06484]:main():rbm-train-cd1-frmshuff.cc:263) Iteration 28/40
copy-feats scp:exp/dnn4_pretrain-dbn/train.scp ark:- 
VLOG[1] (rbm-train-cd1-frmshuff[5.5.294-06484]:main():rbm-train-cd1-frmshuff.cc:247) Setting momentum 0.9 and learning rate 0.0029 after processing 29.1667 h
LOG (copy-feats[5.5.294-06484]:main():copy-feats.cc:143) Copied 1232 feature matrices.
LOG (rbm-train-cd1-frmshuff[5.5.294-06484]:main():rbm-train-cd1-frmshuff.cc:263) Iteration 29/40
copy-feats scp:exp/dnn4_pretrain-dbn/train.scp ark:- 
VLOG[1] (rbm-train-cd1-frmshuff[5.5.294-06484]:main():rbm-train-cd1-frmshuff.cc:185) After 35000 utterances: time elapsed = 1.48906 min; processed 120791 frames per sec.
LOG (rbm-train-cd1-frmshuff[5.5.294-06484]:Eval():nnet-loss.cc:269) ProgressLoss[last 5h of 30h]: 53.0052 (Mse)
VLOG[1] (rbm-train-cd1-frmshuff[5.5.294-06484]:main():rbm-train-cd1-frmshuff.cc:247) Setting momentum 0.9 and learning rate 0.0028 after processing 30.5556 h
LOG (copy-feats[5.5.294-06484]:main():copy-feats.cc:143) Copied 1232 feature matrices.
LOG (rbm-train-cd1-frmshuff[5.5.294-06484]:main():rbm-train-cd1-frmshuff.cc:263) Iteration 30/40
copy-feats scp:exp/dnn4_pretrain-dbn/train.scp ark:- 
LOG (copy-feats[5.5.294-06484]:main():copy-feats.cc:143) Copied 1232 feature matrices.
LOG (rbm-train-cd1-frmshuff[5.5.294-06484]:main():rbm-train-cd1-frmshuff.cc:263) Iteration 31/40
copy-feats scp:exp/dnn4_pretrain-dbn/train.scp ark:- 
VLOG[1] (rbm-train-cd1-frmshuff[5.5.294-06484]:main():rbm-train-cd1-frmshuff.cc:247) Setting momentum 0.9 and learning rate 0.0027 after processing 31.9444 h
LOG (copy-feats[5.5.294-06484]:main():copy-feats.cc:143) Copied 1232 feature matrices.
LOG (rbm-train-cd1-frmshuff[5.5.294-06484]:main():rbm-train-cd1-frmshuff.cc:263) Iteration 32/40
copy-feats scp:exp/dnn4_pretrain-dbn/train.scp ark:- 
VLOG[1] (rbm-train-cd1-frmshuff[5.5.294-06484]:main():rbm-train-cd1-frmshuff.cc:247) Setting momentum 0.9 and learning rate 0.0026 after processing 33.3333 h
LOG (copy-feats[5.5.294-06484]:main():copy-feats.cc:143) Copied 1232 feature matrices.
LOG (rbm-train-cd1-frmshuff[5.5.294-06484]:main():rbm-train-cd1-frmshuff.cc:263) Iteration 33/40
copy-feats scp:exp/dnn4_pretrain-dbn/train.scp ark:- 
VLOG[1] (rbm-train-cd1-frmshuff[5.5.294-06484]:main():rbm-train-cd1-frmshuff.cc:185) After 40000 utterances: time elapsed = 1.70351 min; processed 120808 frames per sec.
VLOG[1] (rbm-train-cd1-frmshuff[5.5.294-06484]:main():rbm-train-cd1-frmshuff.cc:247) Setting momentum 0.9 and learning rate 0.0025 after processing 34.7222 h
LOG (copy-feats[5.5.294-06484]:main():copy-feats.cc:143) Copied 1232 feature matrices.
LOG (rbm-train-cd1-frmshuff[5.5.294-06484]:main():rbm-train-cd1-frmshuff.cc:263) Iteration 34/40
copy-feats scp:exp/dnn4_pretrain-dbn/train.scp ark:- 
LOG (rbm-train-cd1-frmshuff[5.5.294-06484]:Eval():nnet-loss.cc:269) ProgressLoss[last 5h of 35h]: 52.8594 (Mse)
LOG (copy-feats[5.5.294-06484]:main():copy-feats.cc:143) Copied 1232 feature matrices.
LOG (rbm-train-cd1-frmshuff[5.5.294-06484]:main():rbm-train-cd1-frmshuff.cc:263) Iteration 35/40
copy-feats scp:exp/dnn4_pretrain-dbn/train.scp ark:- 
VLOG[1] (rbm-train-cd1-frmshuff[5.5.294-06484]:main():rbm-train-cd1-frmshuff.cc:247) Setting momentum 0.9 and learning rate 0.0024 after processing 36.1111 h
LOG (copy-feats[5.5.294-06484]:main():copy-feats.cc:143) Copied 1232 feature matrices.
LOG (rbm-train-cd1-frmshuff[5.5.294-06484]:main():rbm-train-cd1-frmshuff.cc:263) Iteration 36/40
copy-feats scp:exp/dnn4_pretrain-dbn/train.scp ark:- 
VLOG[1] (rbm-train-cd1-frmshuff[5.5.294-06484]:main():rbm-train-cd1-frmshuff.cc:247) Setting momentum 0.9 and learning rate 0.0023 after processing 37.5 h
LOG (copy-feats[5.5.294-06484]:main():copy-feats.cc:143) Copied 1232 feature matrices.
LOG (rbm-train-cd1-frmshuff[5.5.294-06484]:main():rbm-train-cd1-frmshuff.cc:263) Iteration 37/40
copy-feats scp:exp/dnn4_pretrain-dbn/train.scp ark:- 
VLOG[1] (rbm-train-cd1-frmshuff[5.5.294-06484]:main():rbm-train-cd1-frmshuff.cc:185) After 45000 utterances: time elapsed = 1.91793 min; processed 120822 frames per sec.
VLOG[1] (rbm-train-cd1-frmshuff[5.5.294-06484]:main():rbm-train-cd1-frmshuff.cc:247) Setting momentum 0.9 and learning rate 0.0022 after processing 38.8889 h
LOG (copy-feats[5.5.294-06484]:main():copy-feats.cc:143) Copied 1232 feature matrices.
LOG (rbm-train-cd1-frmshuff[5.5.294-06484]:main():rbm-train-cd1-frmshuff.cc:263) Iteration 38/40
copy-feats scp:exp/dnn4_pretrain-dbn/train.scp ark:- 
LOG (rbm-train-cd1-frmshuff[5.5.294-06484]:Eval():nnet-loss.cc:269) ProgressLoss[last 5h of 40h]: 52.756 (Mse)
LOG (copy-feats[5.5.294-06484]:main():copy-feats.cc:143) Copied 1232 feature matrices.
LOG (rbm-train-cd1-frmshuff[5.5.294-06484]:main():rbm-train-cd1-frmshuff.cc:263) Iteration 39/40
copy-feats scp:exp/dnn4_pretrain-dbn/train.scp ark:- 
VLOG[1] (rbm-train-cd1-frmshuff[5.5.294-06484]:main():rbm-train-cd1-frmshuff.cc:247) Setting momentum 0.9 and learning rate 0.0021 after processing 40.2778 h
LOG (copy-feats[5.5.294-06484]:main():copy-feats.cc:143) Copied 1232 feature matrices.
LOG (rbm-train-cd1-frmshuff[5.5.294-06484]:main():rbm-train-cd1-frmshuff.cc:263) Iteration 40/40
copy-feats scp:exp/dnn4_pretrain-dbn/train.scp ark:- 
VLOG[1] (rbm-train-cd1-frmshuff[5.5.294-06484]:main():rbm-train-cd1-frmshuff.cc:247) Setting momentum 0.9 and learning rate 0.002 after processing 41.6667 h
LOG (copy-feats[5.5.294-06484]:main():copy-feats.cc:143) Copied 1232 feature matrices.
LOG (rbm-train-cd1-frmshuff[5.5.294-06484]:main():rbm-train-cd1-frmshuff.cc:271) Done 40 iterations, 49280 files, skipped 0 files. [2.10247 min, processing120725 frames per sec.]
LOG (rbm-train-cd1-frmshuff[5.5.294-06484]:main():rbm-train-cd1-frmshuff.cc:277) AvgLoss: 54.4799 (Mse), [RMS 0.351878, frames 1.52293e+07]
progress: [61.5823 55.365 54.2396 53.6229 53.2448 53.0052 52.8594 52.756 ]

LOG (rbm-train-cd1-frmshuff[5.5.294-06484]:PrintProfile():cu-device.cc:482) -----
[cudevice profile]
MulRowsVec	2.52609s
CuMatrix::Resize	2.80587s
MulElements	3.74056s
Sigmoid	3.89916s
Set	4.48223s
AddVecToRows	5.14519s
CuVector::SetZero	5.34882s
CuMatrix::SetZero	6.23471s
AddMatVec	6.50979s
CuVector::Resize	7.05501s
AddMat	7.89114s
CuMatrixBase::CopyFromMat(from other CuMatrixBase)	8.88376s
CopyToVec	17.3353s
AddMatMat	23.3126s
Sum	48.073s
Total GPU time:	164.496s (may involve some double-counting)
-----
LOG (rbm-train-cd1-frmshuff[5.5.294-06484]:PrintMemoryUsage():cu-allocator.cc:368) Memory usage: 127751168/6269435904 bytes currently allocated/total-held; 20/3 blocks currently allocated/free; largest free/allocated block sizes are 60772096/6085768192; time taken total/cudaMalloc is 0.963458/0.00387502, synchronized the GPU 0 times out of 1470156 frees; device memory info: free:5975M, used:6221M, total:12196M, free/total:0.489917maximum allocated: 129829376current allocated: 127751168
