# compute-mfcc-feats --verbose=2 --config=conf/mfcc.conf scp,p:exp/make_mfcc/train/wav_train.2.scp ark:- | copy-feats --compress=true ark:- ark,scp:/home/sky/kaldi/egs/timit/s5/mfcc/raw_mfcc_train.2.ark,/home/sky/kaldi/egs/timit/s5/mfcc/raw_mfcc_train.2.scp 
# Started at Mon Apr 29 16:33:50 AEST 2019
#
copy-feats --compress=true ark:- ark,scp:/home/sky/kaldi/egs/timit/s5/mfcc/raw_mfcc_train.2.ark,/home/sky/kaldi/egs/timit/s5/mfcc/raw_mfcc_train.2.scp 
compute-mfcc-feats --verbose=2 --config=conf/mfcc.conf scp,p:exp/make_mfcc/train/wav_train.2.scp ark:- 
VLOG[2] (compute-mfcc-feats[5.5.294-06484]:main():compute-mfcc-feats.cc:173) Processed features for key MBEF0_SX111
VLOG[2] (compute-mfcc-feats[5.5.294-06484]:main():compute-mfcc-feats.cc:173) Processed features for key MBEF0_SX201
VLOG[2] (compute-mfcc-feats[5.5.294-06484]:main():compute-mfcc-feats.cc:173) Processed features for key MBEF0_SX21
VLOG[2] (compute-mfcc-feats[5.5.294-06484]:main():compute-mfcc-feats.cc:173) Processed features for key MBEF0_SX291
VLOG[2] (compute-mfcc-feats[5.5.294-06484]:main():compute-mfcc-feats.cc:173) Processed features for key MBEF0_SX381
VLOG[2] (compute-mfcc-feats[5.5.294-06484]:main():compute-mfcc-feats.cc:173) Processed features for key MBGT0_SI1341
VLOG[2] (compute-mfcc-feats[5.5.294-06484]:main():compute-mfcc-feats.cc:173) Processed features for key MBGT0_SI1841
VLOG[2] (compute-mfcc-feats[5.5.294-06484]:main():compute-mfcc-feats.cc:173) Processed features for key MBGT0_SI711
VLOG[2] (compute-mfcc-feats[5.5.294-06484]:main():compute-mfcc-feats.cc:173) Processed features for key MBGT0_SX171
LOG (compute-mfcc-feats[5.5.294-06484]:main():compute-mfcc-feats.cc:172) Processed 10 utterances
VLOG[2] (compute-mfcc-feats[5.5.294-06484]:main():compute-mfcc-feats.cc:173) Processed features for key MBGT0_SX261
VLOG[2] (compute-mfcc-feats[5.5.294-06484]:main():compute-mfcc-feats.cc:173) Processed features for key MBGT0_SX351
VLOG[2] (compute-mfcc-feats[5.5.294-06484]:main():compute-mfcc-feats.cc:173) Processed features for key MBGT0_SX441
VLOG[2] (compute-mfcc-feats[5.5.294-06484]:main():compute-mfcc-feats.cc:173) Processed features for key MBGT0_SX81
VLOG[2] (compute-mfcc-feats[5.5.294-06484]:main():compute-mfcc-feats.cc:173) Processed features for key MCAL0_SI1138
VLOG[2] (compute-mfcc-feats[5.5.294-06484]:main():compute-mfcc-feats.cc:173) Processed features for key MCAL0_SI1768
VLOG[2] (compute-mfcc-feats[5.5.294-06484]:main():compute-mfcc-feats.cc:173) Processed features for key MCAL0_SI508
VLOG[2] (compute-mfcc-feats[5.5.294-06484]:main():compute-mfcc-feats.cc:173) Processed features for key MCAL0_SX148
VLOG[2] (compute-mfcc-feats[5.5.294-06484]:main():compute-mfcc-feats.cc:173) Processed features for key MCAL0_SX238
VLOG[2] (compute-mfcc-feats[5.5.294-06484]:main():compute-mfcc-feats.cc:173) Processed features for key MCAL0_SX328
LOG (compute-mfcc-feats[5.5.294-06484]:main():compute-mfcc-feats.cc:172) Processed 20 utterances
VLOG[2] (compute-mfcc-feats[5.5.294-06484]:main():compute-mfcc-feats.cc:173) Processed features for key MCAL0_SX418
VLOG[2] (compute-mfcc-feats[5.5.294-06484]:main():compute-mfcc-feats.cc:173) Processed features for key MCAL0_SX58
VLOG[2] (compute-mfcc-feats[5.5.294-06484]:main():compute-mfcc-feats.cc:173) Processed features for key MCDC0_SI1292
VLOG[2] (compute-mfcc-feats[5.5.294-06484]:main():compute-mfcc-feats.cc:173) Processed features for key MCDC0_SI1922
VLOG[2] (compute-mfcc-feats[5.5.294-06484]:main():compute-mfcc-feats.cc:173) Processed features for key MCDC0_SI662
VLOG[2] (compute-mfcc-feats[5.5.294-06484]:main():compute-mfcc-feats.cc:173) Processed features for key MCDC0_SX122
VLOG[2] (compute-mfcc-feats[5.5.294-06484]:main():compute-mfcc-feats.cc:173) Processed features for key MCDC0_SX212
VLOG[2] (compute-mfcc-feats[5.5.294-06484]:main():compute-mfcc-feats.cc:173) Processed features for key MCDC0_SX302
VLOG[2] (compute-mfcc-feats[5.5.294-06484]:main():compute-mfcc-feats.cc:173) Processed features for key MCDC0_SX32
VLOG[2] (compute-mfcc-feats[5.5.294-06484]:main():compute-mfcc-feats.cc:173) Processed features for key MCDC0_SX392
LOG (compute-mfcc-feats[5.5.294-06484]:main():compute-mfcc-feats.cc:172) Processed 30 utterances
VLOG[2] (compute-mfcc-feats[5.5.294-06484]:main():compute-mfcc-feats.cc:173) Processed features for key MCDD0_SI1513
VLOG[2] (compute-mfcc-feats[5.5.294-06484]:main():compute-mfcc-feats.cc:173) Processed features for key MCDD0_SI2143
VLOG[2] (compute-mfcc-feats[5.5.294-06484]:main():compute-mfcc-feats.cc:173) Processed features for key MCDD0_SI883
VLOG[2] (compute-mfcc-feats[5.5.294-06484]:main():compute-mfcc-feats.cc:173) Processed features for key MCDD0_SX163
VLOG[2] (compute-mfcc-feats[5.5.294-06484]:main():compute-mfcc-feats.cc:173) Processed features for key MCDD0_SX253
VLOG[2] (compute-mfcc-feats[5.5.294-06484]:main():compute-mfcc-feats.cc:173) Processed features for key MCDD0_SX343
VLOG[2] (compute-mfcc-feats[5.5.294-06484]:main():compute-mfcc-feats.cc:173) Processed features for key MCDD0_SX433
VLOG[2] (compute-mfcc-feats[5.5.294-06484]:main():compute-mfcc-feats.cc:173) Processed features for key MCDD0_SX73
VLOG[2] (compute-mfcc-feats[5.5.294-06484]:main():compute-mfcc-feats.cc:173) Processed features for key MCEF0_SI1135
VLOG[2] (compute-mfcc-feats[5.5.294-06484]:main():compute-mfcc-feats.cc:173) Processed features for key MCEF0_SI1765
LOG (compute-mfcc-feats[5.5.294-06484]:main():compute-mfcc-feats.cc:172) Processed 40 utterances
VLOG[2] (compute-mfcc-feats[5.5.294-06484]:main():compute-mfcc-feats.cc:173) Processed features for key MCEF0_SI842
VLOG[2] (compute-mfcc-feats[5.5.294-06484]:main():compute-mfcc-feats.cc:173) Processed features for key MCEF0_SX145
VLOG[2] (compute-mfcc-feats[5.5.294-06484]:main():compute-mfcc-feats.cc:173) Processed features for key MCEF0_SX235
VLOG[2] (compute-mfcc-feats[5.5.294-06484]:main():compute-mfcc-feats.cc:173) Processed features for key MCEF0_SX325
VLOG[2] (compute-mfcc-feats[5.5.294-06484]:main():compute-mfcc-feats.cc:173) Processed features for key MCEF0_SX415
VLOG[2] (compute-mfcc-feats[5.5.294-06484]:main():compute-mfcc-feats.cc:173) Processed features for key MCEF0_SX55
VLOG[2] (compute-mfcc-feats[5.5.294-06484]:main():compute-mfcc-feats.cc:173) Processed features for key MCHL0_SI1347
VLOG[2] (compute-mfcc-feats[5.5.294-06484]:main():compute-mfcc-feats.cc:173) Processed features for key MCHL0_SI1404
VLOG[2] (compute-mfcc-feats[5.5.294-06484]:main():compute-mfcc-feats.cc:173) Processed features for key MCHL0_SI1977
VLOG[2] (compute-mfcc-feats[5.5.294-06484]:main():compute-mfcc-feats.cc:173) Processed features for key MCHL0_SX177
LOG (compute-mfcc-feats[5.5.294-06484]:main():compute-mfcc-feats.cc:172) Processed 50 utterances
VLOG[2] (compute-mfcc-feats[5.5.294-06484]:main():compute-mfcc-feats.cc:173) Processed features for key MCHL0_SX267
VLOG[2] (compute-mfcc-feats[5.5.294-06484]:main():compute-mfcc-feats.cc:173) Processed features for key MCHL0_SX357
VLOG[2] (compute-mfcc-feats[5.5.294-06484]:main():compute-mfcc-feats.cc:173) Processed features for key MCHL0_SX447
VLOG[2] (compute-mfcc-feats[5.5.294-06484]:main():compute-mfcc-feats.cc:173) Processed features for key MCHL0_SX87
VLOG[2] (compute-mfcc-feats[5.5.294-06484]:main():compute-mfcc-feats.cc:173) Processed features for key MCLM0_SI1456
VLOG[2] (compute-mfcc-feats[5.5.294-06484]:main():compute-mfcc-feats.cc:173) Processed features for key MCLM0_SI2086
VLOG[2] (compute-mfcc-feats[5.5.294-06484]:main():compute-mfcc-feats.cc:173) Processed features for key MCLM0_SI826
VLOG[2] (compute-mfcc-feats[5.5.294-06484]:main():compute-mfcc-feats.cc:173) Processed features for key MCLM0_SX106
VLOG[2] (compute-mfcc-feats[5.5.294-06484]:main():compute-mfcc-feats.cc:173) Processed features for key MCLM0_SX16
VLOG[2] (compute-mfcc-feats[5.5.294-06484]:main():compute-mfcc-feats.cc:173) Processed features for key MCLM0_SX196
LOG (compute-mfcc-feats[5.5.294-06484]:main():compute-mfcc-feats.cc:172) Processed 60 utterances
VLOG[2] (compute-mfcc-feats[5.5.294-06484]:main():compute-mfcc-feats.cc:173) Processed features for key MCLM0_SX286
VLOG[2] (compute-mfcc-feats[5.5.294-06484]:main():compute-mfcc-feats.cc:173) Processed features for key MCLM0_SX376
VLOG[2] (compute-mfcc-feats[5.5.294-06484]:main():compute-mfcc-feats.cc:173) Processed features for key MDAS0_SI1266
VLOG[2] (compute-mfcc-feats[5.5.294-06484]:main():compute-mfcc-feats.cc:173) Processed features for key MDAS0_SI1896
VLOG[2] (compute-mfcc-feats[5.5.294-06484]:main():compute-mfcc-feats.cc:173) Processed features for key MDAS0_SI636
VLOG[2] (compute-mfcc-feats[5.5.294-06484]:main():compute-mfcc-feats.cc:173) Processed features for key MDAS0_SX186
VLOG[2] (compute-mfcc-feats[5.5.294-06484]:main():compute-mfcc-feats.cc:173) Processed features for key MDAS0_SX21
VLOG[2] (compute-mfcc-feats[5.5.294-06484]:main():compute-mfcc-feats.cc:173) Processed features for key MDAS0_SX276
VLOG[2] (compute-mfcc-feats[5.5.294-06484]:main():compute-mfcc-feats.cc:173) Processed features for key MDAS0_SX6
VLOG[2] (compute-mfcc-feats[5.5.294-06484]:main():compute-mfcc-feats.cc:173) Processed features for key MDAS0_SX96
LOG (compute-mfcc-feats[5.5.294-06484]:main():compute-mfcc-feats.cc:172) Processed 70 utterances
VLOG[2] (compute-mfcc-feats[5.5.294-06484]:main():compute-mfcc-feats.cc:173) Processed features for key MDBB1_SI1006
VLOG[2] (compute-mfcc-feats[5.5.294-06484]:main():compute-mfcc-feats.cc:173) Processed features for key MDBB1_SI1636
VLOG[2] (compute-mfcc-feats[5.5.294-06484]:main():compute-mfcc-feats.cc:173) Processed features for key MDBB1_SI2056
VLOG[2] (compute-mfcc-feats[5.5.294-06484]:main():compute-mfcc-feats.cc:173) Processed features for key MDBB1_SX106
VLOG[2] (compute-mfcc-feats[5.5.294-06484]:main():compute-mfcc-feats.cc:173) Processed features for key MDBB1_SX16
VLOG[2] (compute-mfcc-feats[5.5.294-06484]:main():compute-mfcc-feats.cc:173) Processed features for key MDBB1_SX196
VLOG[2] (compute-mfcc-feats[5.5.294-06484]:main():compute-mfcc-feats.cc:173) Processed features for key MDBB1_SX286
VLOG[2] (compute-mfcc-feats[5.5.294-06484]:main():compute-mfcc-feats.cc:173) Processed features for key MDBB1_SX376
VLOG[2] (compute-mfcc-feats[5.5.294-06484]:main():compute-mfcc-feats.cc:173) Processed features for key MDDC0_SI1419
VLOG[2] (compute-mfcc-feats[5.5.294-06484]:main():compute-mfcc-feats.cc:173) Processed features for key MDDC0_SI2049
LOG (compute-mfcc-feats[5.5.294-06484]:main():compute-mfcc-feats.cc:172) Processed 80 utterances
VLOG[2] (compute-mfcc-feats[5.5.294-06484]:main():compute-mfcc-feats.cc:173) Processed features for key MDDC0_SI789
VLOG[2] (compute-mfcc-feats[5.5.294-06484]:main():compute-mfcc-feats.cc:173) Processed features for key MDDC0_SX159
VLOG[2] (compute-mfcc-feats[5.5.294-06484]:main():compute-mfcc-feats.cc:173) Processed features for key MDDC0_SX249
VLOG[2] (compute-mfcc-feats[5.5.294-06484]:main():compute-mfcc-feats.cc:173) Processed features for key MDDC0_SX339
VLOG[2] (compute-mfcc-feats[5.5.294-06484]:main():compute-mfcc-feats.cc:173) Processed features for key MDDC0_SX429
VLOG[2] (compute-mfcc-feats[5.5.294-06484]:main():compute-mfcc-feats.cc:173) Processed features for key MDDC0_SX69
VLOG[2] (compute-mfcc-feats[5.5.294-06484]:main():compute-mfcc-feats.cc:173) Processed features for key MDEF0_SI1123
VLOG[2] (compute-mfcc-feats[5.5.294-06484]:main():compute-mfcc-feats.cc:173) Processed features for key MDEF0_SI1563
VLOG[2] (compute-mfcc-feats[5.5.294-06484]:main():compute-mfcc-feats.cc:173) Processed features for key MDEF0_SI2193
VLOG[2] (compute-mfcc-feats[5.5.294-06484]:main():compute-mfcc-feats.cc:173) Processed features for key MDEF0_SX123
LOG (compute-mfcc-feats[5.5.294-06484]:main():compute-mfcc-feats.cc:172) Processed 90 utterances
VLOG[2] (compute-mfcc-feats[5.5.294-06484]:main():compute-mfcc-feats.cc:173) Processed features for key MDEF0_SX213
VLOG[2] (compute-mfcc-feats[5.5.294-06484]:main():compute-mfcc-feats.cc:173) Processed features for key MDEF0_SX303
VLOG[2] (compute-mfcc-feats[5.5.294-06484]:main():compute-mfcc-feats.cc:173) Processed features for key MDEF0_SX33
VLOG[2] (compute-mfcc-feats[5.5.294-06484]:main():compute-mfcc-feats.cc:173) Processed features for key MDEF0_SX393
VLOG[2] (compute-mfcc-feats[5.5.294-06484]:main():compute-mfcc-feats.cc:173) Processed features for key MDHL0_SI1439
VLOG[2] (compute-mfcc-feats[5.5.294-06484]:main():compute-mfcc-feats.cc:173) Processed features for key MDHL0_SI2069
VLOG[2] (compute-mfcc-feats[5.5.294-06484]:main():compute-mfcc-feats.cc:173) Processed features for key MDHL0_SI809
VLOG[2] (compute-mfcc-feats[5.5.294-06484]:main():compute-mfcc-feats.cc:173) Processed features for key MDHL0_SX179
VLOG[2] (compute-mfcc-feats[5.5.294-06484]:main():compute-mfcc-feats.cc:173) Processed features for key MDHL0_SX269
VLOG[2] (compute-mfcc-feats[5.5.294-06484]:main():compute-mfcc-feats.cc:173) Processed features for key MDHL0_SX359
LOG (compute-mfcc-feats[5.5.294-06484]:main():compute-mfcc-feats.cc:172) Processed 100 utterances
VLOG[2] (compute-mfcc-feats[5.5.294-06484]:main():compute-mfcc-feats.cc:173) Processed features for key MDHL0_SX449
VLOG[2] (compute-mfcc-feats[5.5.294-06484]:main():compute-mfcc-feats.cc:173) Processed features for key MDHL0_SX89
VLOG[2] (compute-mfcc-feats[5.5.294-06484]:main():compute-mfcc-feats.cc:173) Processed features for key MDHS0_SI1530
VLOG[2] (compute-mfcc-feats[5.5.294-06484]:main():compute-mfcc-feats.cc:173) Processed features for key MDHS0_SI2160
VLOG[2] (compute-mfcc-feats[5.5.294-06484]:main():compute-mfcc-feats.cc:173) Processed features for key MDHS0_SI900
VLOG[2] (compute-mfcc-feats[5.5.294-06484]:main():compute-mfcc-feats.cc:173) Processed features for key MDHS0_SX180
VLOG[2] (compute-mfcc-feats[5.5.294-06484]:main():compute-mfcc-feats.cc:173) Processed features for key MDHS0_SX270
VLOG[2] (compute-mfcc-feats[5.5.294-06484]:main():compute-mfcc-feats.cc:173) Processed features for key MDHS0_SX360
VLOG[2] (compute-mfcc-feats[5.5.294-06484]:main():compute-mfcc-feats.cc:173) Processed features for key MDHS0_SX450
VLOG[2] (compute-mfcc-feats[5.5.294-06484]:main():compute-mfcc-feats.cc:173) Processed features for key MDHS0_SX90
LOG (compute-mfcc-feats[5.5.294-06484]:main():compute-mfcc-feats.cc:172) Processed 110 utterances
VLOG[2] (compute-mfcc-feats[5.5.294-06484]:main():compute-mfcc-feats.cc:173) Processed features for key MDJM0_SI1455
VLOG[2] (compute-mfcc-feats[5.5.294-06484]:main():compute-mfcc-feats.cc:173) Processed features for key MDJM0_SI2085
VLOG[2] (compute-mfcc-feats[5.5.294-06484]:main():compute-mfcc-feats.cc:173) Processed features for key MDJM0_SI825
VLOG[2] (compute-mfcc-feats[5.5.294-06484]:main():compute-mfcc-feats.cc:173) Processed features for key MDJM0_SX105
VLOG[2] (compute-mfcc-feats[5.5.294-06484]:main():compute-mfcc-feats.cc:173) Processed features for key MDJM0_SX15
VLOG[2] (compute-mfcc-feats[5.5.294-06484]:main():compute-mfcc-feats.cc:173) Processed features for key MDJM0_SX195
VLOG[2] (compute-mfcc-feats[5.5.294-06484]:main():compute-mfcc-feats.cc:173) Processed features for key MDJM0_SX285
VLOG[2] (compute-mfcc-feats[5.5.294-06484]:main():compute-mfcc-feats.cc:173) Processed features for key MDJM0_SX375
VLOG[2] (compute-mfcc-feats[5.5.294-06484]:main():compute-mfcc-feats.cc:173) Processed features for key MDLC0_SI1395
VLOG[2] (compute-mfcc-feats[5.5.294-06484]:main():compute-mfcc-feats.cc:173) Processed features for key MDLC0_SI2025
LOG (compute-mfcc-feats[5.5.294-06484]:main():compute-mfcc-feats.cc:172) Processed 120 utterances
VLOG[2] (compute-mfcc-feats[5.5.294-06484]:main():compute-mfcc-feats.cc:173) Processed features for key MDLC0_SI765
VLOG[2] (compute-mfcc-feats[5.5.294-06484]:main():compute-mfcc-feats.cc:173) Processed features for key MDLC0_SX135
VLOG[2] (compute-mfcc-feats[5.5.294-06484]:main():compute-mfcc-feats.cc:173) Processed features for key MDLC0_SX225
VLOG[2] (compute-mfcc-feats[5.5.294-06484]:main():compute-mfcc-feats.cc:173) Processed features for key MDLC0_SX315
VLOG[2] (compute-mfcc-feats[5.5.294-06484]:main():compute-mfcc-feats.cc:173) Processed features for key MDLC0_SX405
VLOG[2] (compute-mfcc-feats[5.5.294-06484]:main():compute-mfcc-feats.cc:173) Processed features for key MDLC0_SX45
VLOG[2] (compute-mfcc-feats[5.5.294-06484]:main():compute-mfcc-feats.cc:173) Processed features for key MDLH0_SI1960
VLOG[2] (compute-mfcc-feats[5.5.294-06484]:main():compute-mfcc-feats.cc:173) Processed features for key MDLH0_SI574
VLOG[2] (compute-mfcc-feats[5.5.294-06484]:main():compute-mfcc-feats.cc:173) Processed features for key MDLH0_SI700
VLOG[2] (compute-mfcc-feats[5.5.294-06484]:main():compute-mfcc-feats.cc:173) Processed features for key MDLH0_SX160
LOG (compute-mfcc-feats[5.5.294-06484]:main():compute-mfcc-feats.cc:172) Processed 130 utterances
VLOG[2] (compute-mfcc-feats[5.5.294-06484]:main():compute-mfcc-feats.cc:173) Processed features for key MDLH0_SX250
VLOG[2] (compute-mfcc-feats[5.5.294-06484]:main():compute-mfcc-feats.cc:173) Processed features for key MDLH0_SX340
VLOG[2] (compute-mfcc-feats[5.5.294-06484]:main():compute-mfcc-feats.cc:173) Processed features for key MDLH0_SX430
VLOG[2] (compute-mfcc-feats[5.5.294-06484]:main():compute-mfcc-feats.cc:173) Processed features for key MDLH0_SX70
VLOG[2] (compute-mfcc-feats[5.5.294-06484]:main():compute-mfcc-feats.cc:173) Processed features for key MDNS0_SI1011
VLOG[2] (compute-mfcc-feats[5.5.294-06484]:main():compute-mfcc-feats.cc:173) Processed features for key MDNS0_SI2271
VLOG[2] (compute-mfcc-feats[5.5.294-06484]:main():compute-mfcc-feats.cc:173) Processed features for key MDNS0_SI873
VLOG[2] (compute-mfcc-feats[5.5.294-06484]:main():compute-mfcc-feats.cc:173) Processed features for key MDNS0_SX111
VLOG[2] (compute-mfcc-feats[5.5.294-06484]:main():compute-mfcc-feats.cc:173) Processed features for key MDNS0_SX201
VLOG[2] (compute-mfcc-feats[5.5.294-06484]:main():compute-mfcc-feats.cc:173) Processed features for key MDNS0_SX21
LOG (compute-mfcc-feats[5.5.294-06484]:main():compute-mfcc-feats.cc:172) Processed 140 utterances
VLOG[2] (compute-mfcc-feats[5.5.294-06484]:main():compute-mfcc-feats.cc:173) Processed features for key MDNS0_SX291
VLOG[2] (compute-mfcc-feats[5.5.294-06484]:main():compute-mfcc-feats.cc:173) Processed features for key MDNS0_SX381
VLOG[2] (compute-mfcc-feats[5.5.294-06484]:main():compute-mfcc-feats.cc:173) Processed features for key MDSJ0_SI1462
VLOG[2] (compute-mfcc-feats[5.5.294-06484]:main():compute-mfcc-feats.cc:173) Processed features for key MDSJ0_SI2092
VLOG[2] (compute-mfcc-feats[5.5.294-06484]:main():compute-mfcc-feats.cc:173) Processed features for key MDSJ0_SI832
VLOG[2] (compute-mfcc-feats[5.5.294-06484]:main():compute-mfcc-feats.cc:173) Processed features for key MDSJ0_SX112
VLOG[2] (compute-mfcc-feats[5.5.294-06484]:main():compute-mfcc-feats.cc:173) Processed features for key MDSJ0_SX22
VLOG[2] (compute-mfcc-feats[5.5.294-06484]:main():compute-mfcc-feats.cc:173) Processed features for key MDSJ0_SX292
VLOG[2] (compute-mfcc-feats[5.5.294-06484]:main():compute-mfcc-feats.cc:173) Processed features for key MDSJ0_SX382
VLOG[2] (compute-mfcc-feats[5.5.294-06484]:main():compute-mfcc-feats.cc:173) Processed features for key MDSJ0_SX438
LOG (compute-mfcc-feats[5.5.294-06484]:main():compute-mfcc-feats.cc:172) Processed 150 utterances
VLOG[2] (compute-mfcc-feats[5.5.294-06484]:main():compute-mfcc-feats.cc:173) Processed features for key MDSS1_SI1327
VLOG[2] (compute-mfcc-feats[5.5.294-06484]:main():compute-mfcc-feats.cc:173) Processed features for key MDSS1_SI1713
VLOG[2] (compute-mfcc-feats[5.5.294-06484]:main():compute-mfcc-feats.cc:173) Processed features for key MDSS1_SI697
VLOG[2] (compute-mfcc-feats[5.5.294-06484]:main():compute-mfcc-feats.cc:173) Processed features for key MDSS1_SX157
VLOG[2] (compute-mfcc-feats[5.5.294-06484]:main():compute-mfcc-feats.cc:173) Processed features for key MDSS1_SX247
VLOG[2] (compute-mfcc-feats[5.5.294-06484]:main():compute-mfcc-feats.cc:173) Processed features for key MDSS1_SX337
VLOG[2] (compute-mfcc-feats[5.5.294-06484]:main():compute-mfcc-feats.cc:173) Processed features for key MDSS1_SX427
VLOG[2] (compute-mfcc-feats[5.5.294-06484]:main():compute-mfcc-feats.cc:173) Processed features for key MDSS1_SX67
VLOG[2] (compute-mfcc-feats[5.5.294-06484]:main():compute-mfcc-feats.cc:173) Processed features for key MDWH0_SI1168
VLOG[2] (compute-mfcc-feats[5.5.294-06484]:main():compute-mfcc-feats.cc:173) Processed features for key MDWH0_SI1925
LOG (compute-mfcc-feats[5.5.294-06484]:main():compute-mfcc-feats.cc:172) Processed 160 utterances
VLOG[2] (compute-mfcc-feats[5.5.294-06484]:main():compute-mfcc-feats.cc:173) Processed features for key MDWH0_SI665
VLOG[2] (compute-mfcc-feats[5.5.294-06484]:main():compute-mfcc-feats.cc:173) Processed features for key MDWH0_SX125
VLOG[2] (compute-mfcc-feats[5.5.294-06484]:main():compute-mfcc-feats.cc:173) Processed features for key MDWH0_SX215
VLOG[2] (compute-mfcc-feats[5.5.294-06484]:main():compute-mfcc-feats.cc:173) Processed features for key MDWH0_SX305
VLOG[2] (compute-mfcc-feats[5.5.294-06484]:main():compute-mfcc-feats.cc:173) Processed features for key MDWH0_SX35
VLOG[2] (compute-mfcc-feats[5.5.294-06484]:main():compute-mfcc-feats.cc:173) Processed features for key MDWH0_SX395
VLOG[2] (compute-mfcc-feats[5.5.294-06484]:main():compute-mfcc-feats.cc:173) Processed features for key MEGJ0_SI1337
VLOG[2] (compute-mfcc-feats[5.5.294-06484]:main():compute-mfcc-feats.cc:173) Processed features for key MEGJ0_SI1967
VLOG[2] (compute-mfcc-feats[5.5.294-06484]:main():compute-mfcc-feats.cc:173) Processed features for key MEGJ0_SI707
VLOG[2] (compute-mfcc-feats[5.5.294-06484]:main():compute-mfcc-feats.cc:173) Processed features for key MEGJ0_SX167
LOG (compute-mfcc-feats[5.5.294-06484]:main():compute-mfcc-feats.cc:172) Processed 170 utterances
VLOG[2] (compute-mfcc-feats[5.5.294-06484]:main():compute-mfcc-feats.cc:173) Processed features for key MEGJ0_SX257
VLOG[2] (compute-mfcc-feats[5.5.294-06484]:main():compute-mfcc-feats.cc:173) Processed features for key MEGJ0_SX3
VLOG[2] (compute-mfcc-feats[5.5.294-06484]:main():compute-mfcc-feats.cc:173) Processed features for key MEGJ0_SX437
VLOG[2] (compute-mfcc-feats[5.5.294-06484]:main():compute-mfcc-feats.cc:173) Processed features for key MEGJ0_SX77
VLOG[2] (compute-mfcc-feats[5.5.294-06484]:main():compute-mfcc-feats.cc:173) Processed features for key MEWM0_SI1348
VLOG[2] (compute-mfcc-feats[5.5.294-06484]:main():compute-mfcc-feats.cc:173) Processed features for key MEWM0_SI1978
VLOG[2] (compute-mfcc-feats[5.5.294-06484]:main():compute-mfcc-feats.cc:173) Processed features for key MEWM0_SI718
VLOG[2] (compute-mfcc-feats[5.5.294-06484]:main():compute-mfcc-feats.cc:173) Processed features for key MEWM0_SX178
VLOG[2] (compute-mfcc-feats[5.5.294-06484]:main():compute-mfcc-feats.cc:173) Processed features for key MEWM0_SX268
VLOG[2] (compute-mfcc-feats[5.5.294-06484]:main():compute-mfcc-feats.cc:173) Processed features for key MEWM0_SX358
LOG (compute-mfcc-feats[5.5.294-06484]:main():compute-mfcc-feats.cc:172) Processed 180 utterances
VLOG[2] (compute-mfcc-feats[5.5.294-06484]:main():compute-mfcc-feats.cc:173) Processed features for key MEWM0_SX448
VLOG[2] (compute-mfcc-feats[5.5.294-06484]:main():compute-mfcc-feats.cc:173) Processed features for key MEWM0_SX88
VLOG[2] (compute-mfcc-feats[5.5.294-06484]:main():compute-mfcc-feats.cc:173) Processed features for key MFER0_SI1492
VLOG[2] (compute-mfcc-feats[5.5.294-06484]:main():compute-mfcc-feats.cc:173) Processed features for key MFER0_SI2122
VLOG[2] (compute-mfcc-feats[5.5.294-06484]:main():compute-mfcc-feats.cc:173) Processed features for key MFER0_SI862
VLOG[2] (compute-mfcc-feats[5.5.294-06484]:main():compute-mfcc-feats.cc:173) Processed features for key MFER0_SX142
VLOG[2] (compute-mfcc-feats[5.5.294-06484]:main():compute-mfcc-feats.cc:173) Processed features for key MFER0_SX232
VLOG[2] (compute-mfcc-feats[5.5.294-06484]:main():compute-mfcc-feats.cc:173) Processed features for key MFER0_SX322
VLOG[2] (compute-mfcc-feats[5.5.294-06484]:main():compute-mfcc-feats.cc:173) Processed features for key MFER0_SX412
VLOG[2] (compute-mfcc-feats[5.5.294-06484]:main():compute-mfcc-feats.cc:173) Processed features for key MFER0_SX52
LOG (compute-mfcc-feats[5.5.294-06484]:main():compute-mfcc-feats.cc:172) Processed 190 utterances
VLOG[2] (compute-mfcc-feats[5.5.294-06484]:main():compute-mfcc-feats.cc:173) Processed features for key MGES0_SI1481
VLOG[2] (compute-mfcc-feats[5.5.294-06484]:main():compute-mfcc-feats.cc:173) Processed features for key MGES0_SI2111
VLOG[2] (compute-mfcc-feats[5.5.294-06484]:main():compute-mfcc-feats.cc:173) Processed features for key MGES0_SI851
VLOG[2] (compute-mfcc-feats[5.5.294-06484]:main():compute-mfcc-feats.cc:173) Processed features for key MGES0_SX131
VLOG[2] (compute-mfcc-feats[5.5.294-06484]:main():compute-mfcc-feats.cc:173) Processed features for key MGES0_SX221
VLOG[2] (compute-mfcc-feats[5.5.294-06484]:main():compute-mfcc-feats.cc:173) Processed features for key MGES0_SX311
VLOG[2] (compute-mfcc-feats[5.5.294-06484]:main():compute-mfcc-feats.cc:173) Processed features for key MGES0_SX401
VLOG[2] (compute-mfcc-feats[5.5.294-06484]:main():compute-mfcc-feats.cc:173) Processed features for key MGES0_SX41
VLOG[2] (compute-mfcc-feats[5.5.294-06484]:main():compute-mfcc-feats.cc:173) Processed features for key MGSH0_SI1176
VLOG[2] (compute-mfcc-feats[5.5.294-06484]:main():compute-mfcc-feats.cc:173) Processed features for key MGSH0_SI1806
LOG (compute-mfcc-feats[5.5.294-06484]:main():compute-mfcc-feats.cc:172) Processed 200 utterances
VLOG[2] (compute-mfcc-feats[5.5.294-06484]:main():compute-mfcc-feats.cc:173) Processed features for key MGSH0_SI546
VLOG[2] (compute-mfcc-feats[5.5.294-06484]:main():compute-mfcc-feats.cc:173) Processed features for key MGSH0_SX127
VLOG[2] (compute-mfcc-feats[5.5.294-06484]:main():compute-mfcc-feats.cc:173) Processed features for key MGSH0_SX186
VLOG[2] (compute-mfcc-feats[5.5.294-06484]:main():compute-mfcc-feats.cc:173) Processed features for key MGSH0_SX276
VLOG[2] (compute-mfcc-feats[5.5.294-06484]:main():compute-mfcc-feats.cc:173) Processed features for key MGSH0_SX6
VLOG[2] (compute-mfcc-feats[5.5.294-06484]:main():compute-mfcc-feats.cc:173) Processed features for key MGSH0_SX96
VLOG[2] (compute-mfcc-feats[5.5.294-06484]:main():compute-mfcc-feats.cc:173) Processed features for key MHIT0_SI1613
VLOG[2] (compute-mfcc-feats[5.5.294-06484]:main():compute-mfcc-feats.cc:173) Processed features for key MHIT0_SI2243
VLOG[2] (compute-mfcc-feats[5.5.294-06484]:main():compute-mfcc-feats.cc:173) Processed features for key MHIT0_SI983
VLOG[2] (compute-mfcc-feats[5.5.294-06484]:main():compute-mfcc-feats.cc:173) Processed features for key MHIT0_SX173
LOG (compute-mfcc-feats[5.5.294-06484]:main():compute-mfcc-feats.cc:172) Processed 210 utterances
VLOG[2] (compute-mfcc-feats[5.5.294-06484]:main():compute-mfcc-feats.cc:173) Processed features for key MHIT0_SX263
VLOG[2] (compute-mfcc-feats[5.5.294-06484]:main():compute-mfcc-feats.cc:173) Processed features for key MHIT0_SX353
VLOG[2] (compute-mfcc-feats[5.5.294-06484]:main():compute-mfcc-feats.cc:173) Processed features for key MHIT0_SX443
VLOG[2] (compute-mfcc-feats[5.5.294-06484]:main():compute-mfcc-feats.cc:173) Processed features for key MHIT0_SX83
VLOG[2] (compute-mfcc-feats[5.5.294-06484]:main():compute-mfcc-feats.cc:173) Processed features for key MHMG0_SI1365
VLOG[2] (compute-mfcc-feats[5.5.294-06484]:main():compute-mfcc-feats.cc:173) Processed features for key MHMG0_SI1995
VLOG[2] (compute-mfcc-feats[5.5.294-06484]:main():compute-mfcc-feats.cc:173) Processed features for key MHMG0_SI735
VLOG[2] (compute-mfcc-feats[5.5.294-06484]:main():compute-mfcc-feats.cc:173) Processed features for key MHMG0_SX105
VLOG[2] (compute-mfcc-feats[5.5.294-06484]:main():compute-mfcc-feats.cc:173) Processed features for key MHMG0_SX15
VLOG[2] (compute-mfcc-feats[5.5.294-06484]:main():compute-mfcc-feats.cc:173) Processed features for key MHMG0_SX195
LOG (compute-mfcc-feats[5.5.294-06484]:main():compute-mfcc-feats.cc:172) Processed 220 utterances
VLOG[2] (compute-mfcc-feats[5.5.294-06484]:main():compute-mfcc-feats.cc:173) Processed features for key MHMG0_SX285
VLOG[2] (compute-mfcc-feats[5.5.294-06484]:main():compute-mfcc-feats.cc:173) Processed features for key MHMG0_SX375
VLOG[2] (compute-mfcc-feats[5.5.294-06484]:main():compute-mfcc-feats.cc:173) Processed features for key MJDM0_SI1340
VLOG[2] (compute-mfcc-feats[5.5.294-06484]:main():compute-mfcc-feats.cc:173) Processed features for key MJDM0_SI1937
VLOG[2] (compute-mfcc-feats[5.5.294-06484]:main():compute-mfcc-feats.cc:173) Processed features for key MJDM0_SI974
VLOG[2] (compute-mfcc-feats[5.5.294-06484]:main():compute-mfcc-feats.cc:173) Processed features for key MJDM0_SX170
VLOG[2] (compute-mfcc-feats[5.5.294-06484]:main():compute-mfcc-feats.cc:173) Processed features for key MJDM0_SX260
VLOG[2] (compute-mfcc-feats[5.5.294-06484]:main():compute-mfcc-feats.cc:173) Processed features for key MJDM0_SX350
VLOG[2] (compute-mfcc-feats[5.5.294-06484]:main():compute-mfcc-feats.cc:173) Processed features for key MJDM0_SX440
VLOG[2] (compute-mfcc-feats[5.5.294-06484]:main():compute-mfcc-feats.cc:173) Processed features for key MJDM0_SX80
LOG (compute-mfcc-feats[5.5.294-06484]:main():compute-mfcc-feats.cc:172) Processed 230 utterances
VLOG[2] (compute-mfcc-feats[5.5.294-06484]:main():compute-mfcc-feats.cc:173) Processed features for key MJMD0_SI1028
VLOG[2] (compute-mfcc-feats[5.5.294-06484]:main():compute-mfcc-feats.cc:173) Processed features for key MJMD0_SI1658
VLOG[2] (compute-mfcc-feats[5.5.294-06484]:main():compute-mfcc-feats.cc:173) Processed features for key MJMD0_SI2288
VLOG[2] (compute-mfcc-feats[5.5.294-06484]:main():compute-mfcc-feats.cc:173) Processed features for key MJMD0_SX128
VLOG[2] (compute-mfcc-feats[5.5.294-06484]:main():compute-mfcc-feats.cc:173) Processed features for key MJMD0_SX218
VLOG[2] (compute-mfcc-feats[5.5.294-06484]:main():compute-mfcc-feats.cc:173) Processed features for key MJMD0_SX308
VLOG[2] (compute-mfcc-feats[5.5.294-06484]:main():compute-mfcc-feats.cc:173) Processed features for key MJMD0_SX38
VLOG[2] (compute-mfcc-feats[5.5.294-06484]:main():compute-mfcc-feats.cc:173) Processed features for key MJMD0_SX398
VLOG[2] (compute-mfcc-feats[5.5.294-06484]:main():compute-mfcc-feats.cc:173) Processed features for key MJPM0_SI1368
VLOG[2] (compute-mfcc-feats[5.5.294-06484]:main():compute-mfcc-feats.cc:173) Processed features for key MJPM0_SI1998
LOG (compute-mfcc-feats[5.5.294-06484]:main():compute-mfcc-feats.cc:172) Processed 240 utterances
VLOG[2] (compute-mfcc-feats[5.5.294-06484]:main():compute-mfcc-feats.cc:173) Processed features for key MJPM0_SI738
VLOG[2] (compute-mfcc-feats[5.5.294-06484]:main():compute-mfcc-feats.cc:173) Processed features for key MJPM0_SX108
VLOG[2] (compute-mfcc-feats[5.5.294-06484]:main():compute-mfcc-feats.cc:173) Processed features for key MJPM0_SX18
VLOG[2] (compute-mfcc-feats[5.5.294-06484]:main():compute-mfcc-feats.cc:173) Processed features for key MJPM0_SX198
VLOG[2] (compute-mfcc-feats[5.5.294-06484]:main():compute-mfcc-feats.cc:173) Processed features for key MJPM0_SX288
VLOG[2] (compute-mfcc-feats[5.5.294-06484]:main():compute-mfcc-feats.cc:173) Processed features for key MJPM0_SX378
VLOG[2] (compute-mfcc-feats[5.5.294-06484]:main():compute-mfcc-feats.cc:173) Processed features for key MJRP0_SI1835
VLOG[2] (compute-mfcc-feats[5.5.294-06484]:main():compute-mfcc-feats.cc:173) Processed features for key MJRP0_SI1845
VLOG[2] (compute-mfcc-feats[5.5.294-06484]:main():compute-mfcc-feats.cc:173) Processed features for key MJRP0_SI585
VLOG[2] (compute-mfcc-feats[5.5.294-06484]:main():compute-mfcc-feats.cc:173) Processed features for key MJRP0_SX135
LOG (compute-mfcc-feats[5.5.294-06484]:main():compute-mfcc-feats.cc:172) Processed 250 utterances
VLOG[2] (compute-mfcc-feats[5.5.294-06484]:main():compute-mfcc-feats.cc:173) Processed features for key MJRP0_SX225
VLOG[2] (compute-mfcc-feats[5.5.294-06484]:main():compute-mfcc-feats.cc:173) Processed features for key MJRP0_SX315
VLOG[2] (compute-mfcc-feats[5.5.294-06484]:main():compute-mfcc-feats.cc:173) Processed features for key MJRP0_SX405
VLOG[2] (compute-mfcc-feats[5.5.294-06484]:main():compute-mfcc-feats.cc:173) Processed features for key MJRP0_SX45
VLOG[2] (compute-mfcc-feats[5.5.294-06484]:main():compute-mfcc-feats.cc:173) Processed features for key MKAH0_SI1528
VLOG[2] (compute-mfcc-feats[5.5.294-06484]:main():compute-mfcc-feats.cc:173) Processed features for key MKAH0_SI2158
VLOG[2] (compute-mfcc-feats[5.5.294-06484]:main():compute-mfcc-feats.cc:173) Processed features for key MKAH0_SI898
VLOG[2] (compute-mfcc-feats[5.5.294-06484]:main():compute-mfcc-feats.cc:173) Processed features for key MKAH0_SX178
VLOG[2] (compute-mfcc-feats[5.5.294-06484]:main():compute-mfcc-feats.cc:173) Processed features for key MKAH0_SX268
VLOG[2] (compute-mfcc-feats[5.5.294-06484]:main():compute-mfcc-feats.cc:173) Processed features for key MKAH0_SX358
LOG (compute-mfcc-feats[5.5.294-06484]:main():compute-mfcc-feats.cc:172) Processed 260 utterances
VLOG[2] (compute-mfcc-feats[5.5.294-06484]:main():compute-mfcc-feats.cc:173) Processed features for key MKAH0_SX448
VLOG[2] (compute-mfcc-feats[5.5.294-06484]:main():compute-mfcc-feats.cc:173) Processed features for key MKAH0_SX88
VLOG[2] (compute-mfcc-feats[5.5.294-06484]:main():compute-mfcc-feats.cc:173) Processed features for key MKAJ0_SI1414
VLOG[2] (compute-mfcc-feats[5.5.294-06484]:main():compute-mfcc-feats.cc:173) Processed features for key MKAJ0_SI2044
VLOG[2] (compute-mfcc-feats[5.5.294-06484]:main():compute-mfcc-feats.cc:173) Processed features for key MKAJ0_SI784
VLOG[2] (compute-mfcc-feats[5.5.294-06484]:main():compute-mfcc-feats.cc:173) Processed features for key MKAJ0_SX154
VLOG[2] (compute-mfcc-feats[5.5.294-06484]:main():compute-mfcc-feats.cc:173) Processed features for key MKAJ0_SX244
VLOG[2] (compute-mfcc-feats[5.5.294-06484]:main():compute-mfcc-feats.cc:173) Processed features for key MKAJ0_SX334
VLOG[2] (compute-mfcc-feats[5.5.294-06484]:main():compute-mfcc-feats.cc:173) Processed features for key MKAJ0_SX424
VLOG[2] (compute-mfcc-feats[5.5.294-06484]:main():compute-mfcc-feats.cc:173) Processed features for key MKAJ0_SX64
LOG (compute-mfcc-feats[5.5.294-06484]:main():compute-mfcc-feats.cc:172) Processed 270 utterances
VLOG[2] (compute-mfcc-feats[5.5.294-06484]:main():compute-mfcc-feats.cc:173) Processed features for key MKDT0_SI2153
VLOG[2] (compute-mfcc-feats[5.5.294-06484]:main():compute-mfcc-feats.cc:173) Processed features for key MKDT0_SI814
VLOG[2] (compute-mfcc-feats[5.5.294-06484]:main():compute-mfcc-feats.cc:173) Processed features for key MKDT0_SI893
VLOG[2] (compute-mfcc-feats[5.5.294-06484]:main():compute-mfcc-feats.cc:173) Processed features for key MKDT0_SX173
VLOG[2] (compute-mfcc-feats[5.5.294-06484]:main():compute-mfcc-feats.cc:173) Processed features for key MKDT0_SX263
VLOG[2] (compute-mfcc-feats[5.5.294-06484]:main():compute-mfcc-feats.cc:173) Processed features for key MKDT0_SX353
VLOG[2] (compute-mfcc-feats[5.5.294-06484]:main():compute-mfcc-feats.cc:173) Processed features for key MKDT0_SX443
VLOG[2] (compute-mfcc-feats[5.5.294-06484]:main():compute-mfcc-feats.cc:173) Processed features for key MKDT0_SX83
VLOG[2] (compute-mfcc-feats[5.5.294-06484]:main():compute-mfcc-feats.cc:173) Processed features for key MKJO0_SI1517
VLOG[2] (compute-mfcc-feats[5.5.294-06484]:main():compute-mfcc-feats.cc:173) Processed features for key MKJO0_SI2147
LOG (compute-mfcc-feats[5.5.294-06484]:main():compute-mfcc-feats.cc:172) Processed 280 utterances
VLOG[2] (compute-mfcc-feats[5.5.294-06484]:main():compute-mfcc-feats.cc:173) Processed features for key MKJO0_SI887
VLOG[2] (compute-mfcc-feats[5.5.294-06484]:main():compute-mfcc-feats.cc:173) Processed features for key MKJO0_SX167
VLOG[2] (compute-mfcc-feats[5.5.294-06484]:main():compute-mfcc-feats.cc:173) Processed features for key MKJO0_SX257
VLOG[2] (compute-mfcc-feats[5.5.294-06484]:main():compute-mfcc-feats.cc:173) Processed features for key MKJO0_SX424
VLOG[2] (compute-mfcc-feats[5.5.294-06484]:main():compute-mfcc-feats.cc:173) Processed features for key MKJO0_SX437
VLOG[2] (compute-mfcc-feats[5.5.294-06484]:main():compute-mfcc-feats.cc:173) Processed features for key MKJO0_SX77
VLOG[2] (compute-mfcc-feats[5.5.294-06484]:main():compute-mfcc-feats.cc:173) Processed features for key MMAA0_SI1588
VLOG[2] (compute-mfcc-feats[5.5.294-06484]:main():compute-mfcc-feats.cc:173) Processed features for key MMAA0_SI2105
VLOG[2] (compute-mfcc-feats[5.5.294-06484]:main():compute-mfcc-feats.cc:173) Processed features for key MMAA0_SI845
VLOG[2] (compute-mfcc-feats[5.5.294-06484]:main():compute-mfcc-feats.cc:173) Processed features for key MMAA0_SX125
LOG (compute-mfcc-feats[5.5.294-06484]:main():compute-mfcc-feats.cc:172) Processed 290 utterances
VLOG[2] (compute-mfcc-feats[5.5.294-06484]:main():compute-mfcc-feats.cc:173) Processed features for key MMAA0_SX215
VLOG[2] (compute-mfcc-feats[5.5.294-06484]:main():compute-mfcc-feats.cc:173) Processed features for key MMAA0_SX305
VLOG[2] (compute-mfcc-feats[5.5.294-06484]:main():compute-mfcc-feats.cc:173) Processed features for key MMAA0_SX35
VLOG[2] (compute-mfcc-feats[5.5.294-06484]:main():compute-mfcc-feats.cc:173) Processed features for key MMAA0_SX395
VLOG[2] (compute-mfcc-feats[5.5.294-06484]:main():compute-mfcc-feats.cc:173) Processed features for key MMAG0_SI1126
VLOG[2] (compute-mfcc-feats[5.5.294-06484]:main():compute-mfcc-feats.cc:173) Processed features for key MMAG0_SI1756
VLOG[2] (compute-mfcc-feats[5.5.294-06484]:main():compute-mfcc-feats.cc:173) Processed features for key MMAG0_SI496
VLOG[2] (compute-mfcc-feats[5.5.294-06484]:main():compute-mfcc-feats.cc:173) Processed features for key MMAG0_SX136
VLOG[2] (compute-mfcc-feats[5.5.294-06484]:main():compute-mfcc-feats.cc:173) Processed features for key MMAG0_SX226
VLOG[2] (compute-mfcc-feats[5.5.294-06484]:main():compute-mfcc-feats.cc:173) Processed features for key MMAG0_SX316
LOG (compute-mfcc-feats[5.5.294-06484]:main():compute-mfcc-feats.cc:172) Processed 300 utterances
VLOG[2] (compute-mfcc-feats[5.5.294-06484]:main():compute-mfcc-feats.cc:173) Processed features for key MMAG0_SX406
VLOG[2] (compute-mfcc-feats[5.5.294-06484]:main():compute-mfcc-feats.cc:173) Processed features for key MMAG0_SX46
VLOG[2] (compute-mfcc-feats[5.5.294-06484]:main():compute-mfcc-feats.cc:173) Processed features for key MMGC0_SI1305
VLOG[2] (compute-mfcc-feats[5.5.294-06484]:main():compute-mfcc-feats.cc:173) Processed features for key MMGC0_SI1935
VLOG[2] (compute-mfcc-feats[5.5.294-06484]:main():compute-mfcc-feats.cc:173) Processed features for key MMGC0_SI2184
VLOG[2] (compute-mfcc-feats[5.5.294-06484]:main():compute-mfcc-feats.cc:173) Processed features for key MMGC0_SX135
VLOG[2] (compute-mfcc-feats[5.5.294-06484]:main():compute-mfcc-feats.cc:173) Processed features for key MMGC0_SX225
VLOG[2] (compute-mfcc-feats[5.5.294-06484]:main():compute-mfcc-feats.cc:173) Processed features for key MMGC0_SX315
VLOG[2] (compute-mfcc-feats[5.5.294-06484]:main():compute-mfcc-feats.cc:173) Processed features for key MMGC0_SX405
VLOG[2] (compute-mfcc-feats[5.5.294-06484]:main():compute-mfcc-feats.cc:173) Processed features for key MMGC0_SX45
LOG (compute-mfcc-feats[5.5.294-06484]:main():compute-mfcc-feats.cc:172) Processed 310 utterances
VLOG[2] (compute-mfcc-feats[5.5.294-06484]:main():compute-mfcc-feats.cc:173) Processed features for key MMRP0_SI2034
VLOG[2] (compute-mfcc-feats[5.5.294-06484]:main():compute-mfcc-feats.cc:173) Processed features for key MMRP0_SI717
VLOG[2] (compute-mfcc-feats[5.5.294-06484]:main():compute-mfcc-feats.cc:173) Processed features for key MMRP0_SI774
VLOG[2] (compute-mfcc-feats[5.5.294-06484]:main():compute-mfcc-feats.cc:173) Processed features for key MMRP0_SX144
VLOG[2] (compute-mfcc-feats[5.5.294-06484]:main():compute-mfcc-feats.cc:173) Processed features for key MMRP0_SX234
VLOG[2] (compute-mfcc-feats[5.5.294-06484]:main():compute-mfcc-feats.cc:173) Processed features for key MMRP0_SX324
VLOG[2] (compute-mfcc-feats[5.5.294-06484]:main():compute-mfcc-feats.cc:173) Processed features for key MMRP0_SX414
VLOG[2] (compute-mfcc-feats[5.5.294-06484]:main():compute-mfcc-feats.cc:173) Processed features for key MMRP0_SX54
VLOG[2] (compute-mfcc-feats[5.5.294-06484]:main():compute-mfcc-feats.cc:173) Processed features for key MNET0_SI1446
VLOG[2] (compute-mfcc-feats[5.5.294-06484]:main():compute-mfcc-feats.cc:173) Processed features for key MNET0_SI2076
LOG (compute-mfcc-feats[5.5.294-06484]:main():compute-mfcc-feats.cc:172) Processed 320 utterances
VLOG[2] (compute-mfcc-feats[5.5.294-06484]:main():compute-mfcc-feats.cc:173) Processed features for key MNET0_SI816
VLOG[2] (compute-mfcc-feats[5.5.294-06484]:main():compute-mfcc-feats.cc:173) Processed features for key MNET0_SX186
VLOG[2] (compute-mfcc-feats[5.5.294-06484]:main():compute-mfcc-feats.cc:173) Processed features for key MNET0_SX276
VLOG[2] (compute-mfcc-feats[5.5.294-06484]:main():compute-mfcc-feats.cc:173) Processed features for key MNET0_SX366
VLOG[2] (compute-mfcc-feats[5.5.294-06484]:main():compute-mfcc-feats.cc:173) Processed features for key MNET0_SX6
VLOG[2] (compute-mfcc-feats[5.5.294-06484]:main():compute-mfcc-feats.cc:173) Processed features for key MNET0_SX96
VLOG[2] (compute-mfcc-feats[5.5.294-06484]:main():compute-mfcc-feats.cc:173) Processed features for key MPEB0_SI1034
VLOG[2] (compute-mfcc-feats[5.5.294-06484]:main():compute-mfcc-feats.cc:173) Processed features for key MPEB0_SI1860
VLOG[2] (compute-mfcc-feats[5.5.294-06484]:main():compute-mfcc-feats.cc:173) Processed features for key MPEB0_SI600
VLOG[2] (compute-mfcc-feats[5.5.294-06484]:main():compute-mfcc-feats.cc:173) Processed features for key MPEB0_SX150
LOG (compute-mfcc-feats[5.5.294-06484]:main():compute-mfcc-feats.cc:172) Processed 330 utterances
VLOG[2] (compute-mfcc-feats[5.5.294-06484]:main():compute-mfcc-feats.cc:173) Processed features for key MPEB0_SX240
VLOG[2] (compute-mfcc-feats[5.5.294-06484]:main():compute-mfcc-feats.cc:173) Processed features for key MPEB0_SX330
VLOG[2] (compute-mfcc-feats[5.5.294-06484]:main():compute-mfcc-feats.cc:173) Processed features for key MPEB0_SX420
VLOG[2] (compute-mfcc-feats[5.5.294-06484]:main():compute-mfcc-feats.cc:173) Processed features for key MPEB0_SX60
VLOG[2] (compute-mfcc-feats[5.5.294-06484]:main():compute-mfcc-feats.cc:173) Processed features for key MPFU0_SI1258
VLOG[2] (compute-mfcc-feats[5.5.294-06484]:main():compute-mfcc-feats.cc:173) Processed features for key MPFU0_SI1888
VLOG[2] (compute-mfcc-feats[5.5.294-06484]:main():compute-mfcc-feats.cc:173) Processed features for key MPFU0_SI628
VLOG[2] (compute-mfcc-feats[5.5.294-06484]:main():compute-mfcc-feats.cc:173) Processed features for key MPFU0_SX178
VLOG[2] (compute-mfcc-feats[5.5.294-06484]:main():compute-mfcc-feats.cc:173) Processed features for key MPFU0_SX268
VLOG[2] (compute-mfcc-feats[5.5.294-06484]:main():compute-mfcc-feats.cc:173) Processed features for key MPFU0_SX358
LOG (compute-mfcc-feats[5.5.294-06484]:main():compute-mfcc-feats.cc:172) Processed 340 utterances
VLOG[2] (compute-mfcc-feats[5.5.294-06484]:main():compute-mfcc-feats.cc:173) Processed features for key MPFU0_SX448
VLOG[2] (compute-mfcc-feats[5.5.294-06484]:main():compute-mfcc-feats.cc:173) Processed features for key MPFU0_SX88
VLOG[2] (compute-mfcc-feats[5.5.294-06484]:main():compute-mfcc-feats.cc:173) Processed features for key MPGH0_SI1554
VLOG[2] (compute-mfcc-feats[5.5.294-06484]:main():compute-mfcc-feats.cc:173) Processed features for key MPGH0_SI675
VLOG[2] (compute-mfcc-feats[5.5.294-06484]:main():compute-mfcc-feats.cc:173) Processed features for key MPGH0_SI924
VLOG[2] (compute-mfcc-feats[5.5.294-06484]:main():compute-mfcc-feats.cc:173) Processed features for key MPGH0_SX114
VLOG[2] (compute-mfcc-feats[5.5.294-06484]:main():compute-mfcc-feats.cc:173) Processed features for key MPGH0_SX204
VLOG[2] (compute-mfcc-feats[5.5.294-06484]:main():compute-mfcc-feats.cc:173) Processed features for key MPGH0_SX24
VLOG[2] (compute-mfcc-feats[5.5.294-06484]:main():compute-mfcc-feats.cc:173) Processed features for key MPGH0_SX294
VLOG[2] (compute-mfcc-feats[5.5.294-06484]:main():compute-mfcc-feats.cc:173) Processed features for key MPGH0_SX384
LOG (compute-mfcc-feats[5.5.294-06484]:main():compute-mfcc-feats.cc:172) Processed 350 utterances
VLOG[2] (compute-mfcc-feats[5.5.294-06484]:main():compute-mfcc-feats.cc:173) Processed features for key MPGR0_SI1410
VLOG[2] (compute-mfcc-feats[5.5.294-06484]:main():compute-mfcc-feats.cc:173) Processed features for key MPGR0_SI2040
VLOG[2] (compute-mfcc-feats[5.5.294-06484]:main():compute-mfcc-feats.cc:173) Processed features for key MPGR0_SI780
VLOG[2] (compute-mfcc-feats[5.5.294-06484]:main():compute-mfcc-feats.cc:173) Processed features for key MPGR0_SX150
VLOG[2] (compute-mfcc-feats[5.5.294-06484]:main():compute-mfcc-feats.cc:173) Processed features for key MPGR0_SX240
VLOG[2] (compute-mfcc-feats[5.5.294-06484]:main():compute-mfcc-feats.cc:173) Processed features for key MPGR0_SX330
VLOG[2] (compute-mfcc-feats[5.5.294-06484]:main():compute-mfcc-feats.cc:173) Processed features for key MPGR0_SX420
VLOG[2] (compute-mfcc-feats[5.5.294-06484]:main():compute-mfcc-feats.cc:173) Processed features for key MPGR0_SX60
VLOG[2] (compute-mfcc-feats[5.5.294-06484]:main():compute-mfcc-feats.cc:173) Processed features for key MPRK0_SI1097
VLOG[2] (compute-mfcc-feats[5.5.294-06484]:main():compute-mfcc-feats.cc:173) Processed features for key MPRK0_SI1727
LOG (compute-mfcc-feats[5.5.294-06484]:main():compute-mfcc-feats.cc:172) Processed 360 utterances
VLOG[2] (compute-mfcc-feats[5.5.294-06484]:main():compute-mfcc-feats.cc:173) Processed features for key MPRK0_SI467
VLOG[2] (compute-mfcc-feats[5.5.294-06484]:main():compute-mfcc-feats.cc:173) Processed features for key MPRK0_SX107
VLOG[2] (compute-mfcc-feats[5.5.294-06484]:main():compute-mfcc-feats.cc:173) Processed features for key MPRK0_SX17
VLOG[2] (compute-mfcc-feats[5.5.294-06484]:main():compute-mfcc-feats.cc:173) Processed features for key MPRK0_SX197
VLOG[2] (compute-mfcc-feats[5.5.294-06484]:main():compute-mfcc-feats.cc:173) Processed features for key MPRK0_SX287
VLOG[2] (compute-mfcc-feats[5.5.294-06484]:main():compute-mfcc-feats.cc:173) Processed features for key MPRK0_SX377
VLOG[2] (compute-mfcc-feats[5.5.294-06484]:main():compute-mfcc-feats.cc:173) Processed features for key MPRT0_SI1210
VLOG[2] (compute-mfcc-feats[5.5.294-06484]:main():compute-mfcc-feats.cc:173) Processed features for key MPRT0_SI495
VLOG[2] (compute-mfcc-feats[5.5.294-06484]:main():compute-mfcc-feats.cc:173) Processed features for key MPRT0_SI580
VLOG[2] (compute-mfcc-feats[5.5.294-06484]:main():compute-mfcc-feats.cc:173) Processed features for key MPRT0_SX130
LOG (compute-mfcc-feats[5.5.294-06484]:main():compute-mfcc-feats.cc:172) Processed 370 utterances
VLOG[2] (compute-mfcc-feats[5.5.294-06484]:main():compute-mfcc-feats.cc:173) Processed features for key MPRT0_SX220
VLOG[2] (compute-mfcc-feats[5.5.294-06484]:main():compute-mfcc-feats.cc:173) Processed features for key MPRT0_SX310
VLOG[2] (compute-mfcc-feats[5.5.294-06484]:main():compute-mfcc-feats.cc:173) Processed features for key MPRT0_SX40
VLOG[2] (compute-mfcc-feats[5.5.294-06484]:main():compute-mfcc-feats.cc:173) Processed features for key MPRT0_SX400
VLOG[2] (compute-mfcc-feats[5.5.294-06484]:main():compute-mfcc-feats.cc:173) Processed features for key MPSW0_SI1067
VLOG[2] (compute-mfcc-feats[5.5.294-06484]:main():compute-mfcc-feats.cc:173) Processed features for key MPSW0_SI1697
VLOG[2] (compute-mfcc-feats[5.5.294-06484]:main():compute-mfcc-feats.cc:173) Processed features for key MPSW0_SI2327
VLOG[2] (compute-mfcc-feats[5.5.294-06484]:main():compute-mfcc-feats.cc:173) Processed features for key MPSW0_SX167
VLOG[2] (compute-mfcc-feats[5.5.294-06484]:main():compute-mfcc-feats.cc:173) Processed features for key MPSW0_SX24
VLOG[2] (compute-mfcc-feats[5.5.294-06484]:main():compute-mfcc-feats.cc:173) Processed features for key MPSW0_SX257
LOG (compute-mfcc-feats[5.5.294-06484]:main():compute-mfcc-feats.cc:172) Processed 380 utterances
VLOG[2] (compute-mfcc-feats[5.5.294-06484]:main():compute-mfcc-feats.cc:173) Processed features for key MPSW0_SX437
VLOG[2] (compute-mfcc-feats[5.5.294-06484]:main():compute-mfcc-feats.cc:173) Processed features for key MPSW0_SX77
VLOG[2] (compute-mfcc-feats[5.5.294-06484]:main():compute-mfcc-feats.cc:173) Processed features for key MRAB1_SI1478
VLOG[2] (compute-mfcc-feats[5.5.294-06484]:main():compute-mfcc-feats.cc:173) Processed features for key MRAB1_SI2108
VLOG[2] (compute-mfcc-feats[5.5.294-06484]:main():compute-mfcc-feats.cc:173) Processed features for key MRAB1_SI848
VLOG[2] (compute-mfcc-feats[5.5.294-06484]:main():compute-mfcc-feats.cc:173) Processed features for key MRAB1_SX128
VLOG[2] (compute-mfcc-feats[5.5.294-06484]:main():compute-mfcc-feats.cc:173) Processed features for key MRAB1_SX218
VLOG[2] (compute-mfcc-feats[5.5.294-06484]:main():compute-mfcc-feats.cc:173) Processed features for key MRAB1_SX308
VLOG[2] (compute-mfcc-feats[5.5.294-06484]:main():compute-mfcc-feats.cc:173) Processed features for key MRAB1_SX38
VLOG[2] (compute-mfcc-feats[5.5.294-06484]:main():compute-mfcc-feats.cc:173) Processed features for key MRAB1_SX398
LOG (compute-mfcc-feats[5.5.294-06484]:main():compute-mfcc-feats.cc:172) Processed 390 utterances
VLOG[2] (compute-mfcc-feats[5.5.294-06484]:main():compute-mfcc-feats.cc:173) Processed features for key MRAI0_SI1954
VLOG[2] (compute-mfcc-feats[5.5.294-06484]:main():compute-mfcc-feats.cc:173) Processed features for key MRAI0_SI2052
VLOG[2] (compute-mfcc-feats[5.5.294-06484]:main():compute-mfcc-feats.cc:173) Processed features for key MRAI0_SI792
VLOG[2] (compute-mfcc-feats[5.5.294-06484]:main():compute-mfcc-feats.cc:173) Processed features for key MRAI0_SX162
VLOG[2] (compute-mfcc-feats[5.5.294-06484]:main():compute-mfcc-feats.cc:173) Processed features for key MRAI0_SX252
VLOG[2] (compute-mfcc-feats[5.5.294-06484]:main():compute-mfcc-feats.cc:173) Processed features for key MRAI0_SX342
VLOG[2] (compute-mfcc-feats[5.5.294-06484]:main():compute-mfcc-feats.cc:173) Processed features for key MRAI0_SX432
VLOG[2] (compute-mfcc-feats[5.5.294-06484]:main():compute-mfcc-feats.cc:173) Processed features for key MRAI0_SX72
VLOG[2] (compute-mfcc-feats[5.5.294-06484]:main():compute-mfcc-feats.cc:173) Processed features for key MRDM0_SI1044
VLOG[2] (compute-mfcc-feats[5.5.294-06484]:main():compute-mfcc-feats.cc:173) Processed features for key MRDM0_SI1595
LOG (compute-mfcc-feats[5.5.294-06484]:main():compute-mfcc-feats.cc:172) Processed 400 utterances
VLOG[2] (compute-mfcc-feats[5.5.294-06484]:main():compute-mfcc-feats.cc:173) Processed features for key MRDM0_SI965
VLOG[2] (compute-mfcc-feats[5.5.294-06484]:main():compute-mfcc-feats.cc:173) Processed features for key MRDM0_SX155
VLOG[2] (compute-mfcc-feats[5.5.294-06484]:main():compute-mfcc-feats.cc:173) Processed features for key MRDM0_SX245
VLOG[2] (compute-mfcc-feats[5.5.294-06484]:main():compute-mfcc-feats.cc:173) Processed features for key MRDM0_SX335
VLOG[2] (compute-mfcc-feats[5.5.294-06484]:main():compute-mfcc-feats.cc:173) Processed features for key MRDM0_SX425
VLOG[2] (compute-mfcc-feats[5.5.294-06484]:main():compute-mfcc-feats.cc:173) Processed features for key MRDM0_SX65
VLOG[2] (compute-mfcc-feats[5.5.294-06484]:main():compute-mfcc-feats.cc:173) Processed features for key MREM0_SI1591
VLOG[2] (compute-mfcc-feats[5.5.294-06484]:main():compute-mfcc-feats.cc:173) Processed features for key MREM0_SI511
VLOG[2] (compute-mfcc-feats[5.5.294-06484]:main():compute-mfcc-feats.cc:173) Processed features for key MREM0_SI961
VLOG[2] (compute-mfcc-feats[5.5.294-06484]:main():compute-mfcc-feats.cc:173) Processed features for key MREM0_SX151
LOG (compute-mfcc-feats[5.5.294-06484]:main():compute-mfcc-feats.cc:172) Processed 410 utterances
VLOG[2] (compute-mfcc-feats[5.5.294-06484]:main():compute-mfcc-feats.cc:173) Processed features for key MREM0_SX241
VLOG[2] (compute-mfcc-feats[5.5.294-06484]:main():compute-mfcc-feats.cc:173) Processed features for key MREM0_SX331
LOG (compute-mfcc-feats[5.5.294-06484]:main():compute-mfcc-feats.cc:176)  Done 411 out of 411 utterances.
LOG (copy-feats[5.5.294-06484]:main():copy-feats.cc:143) Copied 411 feature matrices.
# Accounting: time=3 threads=1
# Ended (code 0) at Mon Apr 29 16:33:53 AEST 2019, elapsed time 3 seconds
