# gmm-acc-stats-ali exp/tri3/21.mdl "ark,s,cs:apply-cmvn  --utt2spk=ark:data/train/split10/1/utt2spk scp:data/train/split10/1/cmvn.scp scp:data/train/split10/1/feats.scp ark:- | splice-feats --left-context=3 --right-context=3 ark:- ark:- | transform-feats exp/tri2_ali/final.mat ark:- ark:- | transform-feats --utt2spk=ark:data/train/split10/1/utt2spk ark:exp/tri3/trans.1 ark:- ark:- |" "ark,s,cs:gunzip -c exp/tri3/ali.1.gz|" exp/tri3/21.1.acc 
# Started at Mon Apr 29 12:58:02 AEST 2019
#
gmm-acc-stats-ali exp/tri3/21.mdl 'ark,s,cs:apply-cmvn  --utt2spk=ark:data/train/split10/1/utt2spk scp:data/train/split10/1/cmvn.scp scp:data/train/split10/1/feats.scp ark:- | splice-feats --left-context=3 --right-context=3 ark:- ark:- | transform-feats exp/tri2_ali/final.mat ark:- ark:- | transform-feats --utt2spk=ark:data/train/split10/1/utt2spk ark:exp/tri3/trans.1 ark:- ark:- |' 'ark,s,cs:gunzip -c exp/tri3/ali.1.gz|' exp/tri3/21.1.acc 
transform-feats exp/tri2_ali/final.mat ark:- ark:- 
transform-feats --utt2spk=ark:data/train/split10/1/utt2spk ark:exp/tri3/trans.1 ark:- ark:- 
apply-cmvn --utt2spk=ark:data/train/split10/1/utt2spk scp:data/train/split10/1/cmvn.scp scp:data/train/split10/1/feats.scp ark:- 
splice-feats --left-context=3 --right-context=3 ark:- ark:- 
LOG (gmm-acc-stats-ali[5.5.294-06484]:main():gmm-acc-stats-ali.cc:105) Processed 50 utterances; for utterance FBJL0_SI2182 avg. like is -45.4652 over 246 frames.
LOG (gmm-acc-stats-ali[5.5.294-06484]:main():gmm-acc-stats-ali.cc:105) Processed 100 utterances; for utterance FCDR1_SX106 avg. like is -43.8386 over 313 frames.
LOG (apply-cmvn[5.5.294-06484]:main():apply-cmvn.cc:162) Applied cepstral mean normalization to 128 utterances, errors on 0
LOG (transform-feats[5.5.294-06484]:main():transform-feats.cc:158) Overall average [pseudo-]logdet is -88.9877 over 39277 frames.
LOG (transform-feats[5.5.294-06484]:main():transform-feats.cc:161) Applied transform to 128 utterances; 0 had errors.
LOG (transform-feats[5.5.294-06484]:main():transform-feats.cc:158) Overall average logdet is 3.09137 over 39277 frames.
LOG (transform-feats[5.5.294-06484]:main():transform-feats.cc:161) Applied transform to 128 utterances; 0 had errors.
LOG (gmm-acc-stats-ali[5.5.294-06484]:main():gmm-acc-stats-ali.cc:112) Done 128 files, 0 with errors.
LOG (gmm-acc-stats-ali[5.5.294-06484]:main():gmm-acc-stats-ali.cc:115) Overall avg like per frame (Gaussian only) = -45.8411 over 39277 frames.
LOG (gmm-acc-stats-ali[5.5.294-06484]:main():gmm-acc-stats-ali.cc:123) Written accs.
# Accounting: time=1 threads=1
# Ended (code 0) at Mon Apr 29 12:58:03 AEST 2019, elapsed time 1 seconds
