# ali-to-post "ark:gunzip -c exp/tri3/ali.8.gz|" ark:- | gmm-acc-stats-twofeats exp/tri3/35.mdl "ark,s,cs:apply-cmvn  --utt2spk=ark:data/train/split10/8/utt2spk scp:data/train/split10/8/cmvn.scp scp:data/train/split10/8/feats.scp ark:- | splice-feats --left-context=3 --right-context=3 ark:- ark:- | transform-feats exp/tri2_ali/final.mat ark:- ark:- | transform-feats --utt2spk=ark:data/train/split10/8/utt2spk ark:exp/tri3/trans.8 ark:- ark:- |" "ark,s,cs:apply-cmvn  --utt2spk=ark:data/train/split10/8/utt2spk scp:data/train/split10/8/cmvn.scp scp:data/train/split10/8/feats.scp ark:- | splice-feats --left-context=3 --right-context=3 ark:- ark:- | transform-feats exp/tri2_ali/final.mat ark:- ark:- |" ark,s,cs:- exp/tri3/35.8.acc 
# Started at Mon Apr 29 12:58:11 AEST 2019
#
gmm-acc-stats-twofeats exp/tri3/35.mdl 'ark,s,cs:apply-cmvn  --utt2spk=ark:data/train/split10/8/utt2spk scp:data/train/split10/8/cmvn.scp scp:data/train/split10/8/feats.scp ark:- | splice-feats --left-context=3 --right-context=3 ark:- ark:- | transform-feats exp/tri2_ali/final.mat ark:- ark:- | transform-feats --utt2spk=ark:data/train/split10/8/utt2spk ark:exp/tri3/trans.8 ark:- ark:- |' 'ark,s,cs:apply-cmvn  --utt2spk=ark:data/train/split10/8/utt2spk scp:data/train/split10/8/cmvn.scp scp:data/train/split10/8/feats.scp ark:- | splice-feats --left-context=3 --right-context=3 ark:- ark:- | transform-feats exp/tri2_ali/final.mat ark:- ark:- |' ark,s,cs:- exp/tri3/35.8.acc 
ali-to-post 'ark:gunzip -c exp/tri3/ali.8.gz|' ark:- 
transform-feats exp/tri2_ali/final.mat ark:- ark:- 
splice-feats --left-context=3 --right-context=3 ark:- ark:- 
apply-cmvn --utt2spk=ark:data/train/split10/8/utt2spk scp:data/train/split10/8/cmvn.scp scp:data/train/split10/8/feats.scp ark:- 
transform-feats --utt2spk=ark:data/train/split10/8/utt2spk ark:exp/tri3/trans.8 ark:- ark:- 
apply-cmvn --utt2spk=ark:data/train/split10/8/utt2spk scp:data/train/split10/8/cmvn.scp scp:data/train/split10/8/feats.scp ark:- 
transform-feats exp/tri2_ali/final.mat ark:- ark:- 
splice-feats --left-context=3 --right-context=3 ark:- ark:- 
LOG (gmm-acc-stats-twofeats[5.5.294-06484]:main():gmm-acc-stats-twofeats.cc:140) Average like for this file is -47.2032 over 230 frames.
LOG (gmm-acc-stats-twofeats[5.5.294-06484]:main():gmm-acc-stats-twofeats.cc:140) Average like for this file is -44.137 over 289 frames.
LOG (gmm-acc-stats-twofeats[5.5.294-06484]:main():gmm-acc-stats-twofeats.cc:140) Average like for this file is -45.4706 over 397 frames.
LOG (gmm-acc-stats-twofeats[5.5.294-06484]:main():gmm-acc-stats-twofeats.cc:140) Average like for this file is -40.0276 over 215 frames.
LOG (gmm-acc-stats-twofeats[5.5.294-06484]:main():gmm-acc-stats-twofeats.cc:140) Average like for this file is -43.7035 over 159 frames.
LOG (gmm-acc-stats-twofeats[5.5.294-06484]:main():gmm-acc-stats-twofeats.cc:140) Average like for this file is -45.9214 over 196 frames.
LOG (gmm-acc-stats-twofeats[5.5.294-06484]:main():gmm-acc-stats-twofeats.cc:140) Average like for this file is -47.2014 over 177 frames.
LOG (gmm-acc-stats-twofeats[5.5.294-06484]:main():gmm-acc-stats-twofeats.cc:140) Average like for this file is -46.8905 over 252 frames.
LOG (gmm-acc-stats-twofeats[5.5.294-06484]:main():gmm-acc-stats-twofeats.cc:140) Average like for this file is -45.8388 over 252 frames.
LOG (gmm-acc-stats-twofeats[5.5.294-06484]:main():gmm-acc-stats-twofeats.cc:140) Average like for this file is -43.4812 over 452 frames.
LOG (gmm-acc-stats-twofeats[5.5.294-06484]:main():gmm-acc-stats-twofeats.cc:146) Avg like per frame so far is -44.9009
LOG (gmm-acc-stats-twofeats[5.5.294-06484]:main():gmm-acc-stats-twofeats.cc:140) Average like for this file is -41.4706 over 328 frames.
LOG (gmm-acc-stats-twofeats[5.5.294-06484]:main():gmm-acc-stats-twofeats.cc:140) Average like for this file is -36.8355 over 295 frames.
LOG (gmm-acc-stats-twofeats[5.5.294-06484]:main():gmm-acc-stats-twofeats.cc:140) Average like for this file is -42.8922 over 367 frames.
LOG (gmm-acc-stats-twofeats[5.5.294-06484]:main():gmm-acc-stats-twofeats.cc:140) Average like for this file is -43.3417 over 305 frames.
LOG (gmm-acc-stats-twofeats[5.5.294-06484]:main():gmm-acc-stats-twofeats.cc:140) Average like for this file is -46.1895 over 262 frames.
LOG (gmm-acc-stats-twofeats[5.5.294-06484]:main():gmm-acc-stats-twofeats.cc:140) Average like for this file is -41.2013 over 238 frames.
LOG (gmm-acc-stats-twofeats[5.5.294-06484]:main():gmm-acc-stats-twofeats.cc:140) Average like for this file is -45.95 over 246 frames.
LOG (gmm-acc-stats-twofeats[5.5.294-06484]:main():gmm-acc-stats-twofeats.cc:140) Average like for this file is -46.3825 over 348 frames.
LOG (gmm-acc-stats-twofeats[5.5.294-06484]:main():gmm-acc-stats-twofeats.cc:140) Average like for this file is -47.9989 over 442 frames.
LOG (gmm-acc-stats-twofeats[5.5.294-06484]:main():gmm-acc-stats-twofeats.cc:140) Average like for this file is -42.3061 over 276 frames.
LOG (gmm-acc-stats-twofeats[5.5.294-06484]:main():gmm-acc-stats-twofeats.cc:146) Avg like per frame so far is -44.2315
LOG (gmm-acc-stats-twofeats[5.5.294-06484]:main():gmm-acc-stats-twofeats.cc:140) Average like for this file is -45.5872 over 213 frames.
LOG (gmm-acc-stats-twofeats[5.5.294-06484]:main():gmm-acc-stats-twofeats.cc:140) Average like for this file is -41.9794 over 193 frames.
LOG (gmm-acc-stats-twofeats[5.5.294-06484]:main():gmm-acc-stats-twofeats.cc:140) Average like for this file is -45.2814 over 260 frames.
LOG (gmm-acc-stats-twofeats[5.5.294-06484]:main():gmm-acc-stats-twofeats.cc:140) Average like for this file is -45.2113 over 194 frames.
LOG (gmm-acc-stats-twofeats[5.5.294-06484]:main():gmm-acc-stats-twofeats.cc:140) Average like for this file is -45.1237 over 315 frames.
LOG (gmm-acc-stats-twofeats[5.5.294-06484]:main():gmm-acc-stats-twofeats.cc:140) Average like for this file is -41.0685 over 164 frames.
LOG (gmm-acc-stats-twofeats[5.5.294-06484]:main():gmm-acc-stats-twofeats.cc:140) Average like for this file is -44.5153 over 442 frames.
LOG (gmm-acc-stats-twofeats[5.5.294-06484]:main():gmm-acc-stats-twofeats.cc:140) Average like for this file is -45.3534 over 420 frames.
LOG (gmm-acc-stats-twofeats[5.5.294-06484]:main():gmm-acc-stats-twofeats.cc:140) Average like for this file is -41.2621 over 200 frames.
LOG (gmm-acc-stats-twofeats[5.5.294-06484]:main():gmm-acc-stats-twofeats.cc:140) Average like for this file is -43.6403 over 312 frames.
LOG (gmm-acc-stats-twofeats[5.5.294-06484]:main():gmm-acc-stats-twofeats.cc:146) Avg like per frame so far is -44.2194
LOG (gmm-acc-stats-twofeats[5.5.294-06484]:main():gmm-acc-stats-twofeats.cc:140) Average like for this file is -42.8059 over 324 frames.
LOG (gmm-acc-stats-twofeats[5.5.294-06484]:main():gmm-acc-stats-twofeats.cc:140) Average like for this file is -45.8628 over 266 frames.
LOG (gmm-acc-stats-twofeats[5.5.294-06484]:main():gmm-acc-stats-twofeats.cc:140) Average like for this file is -42.9419 over 122 frames.
LOG (gmm-acc-stats-twofeats[5.5.294-06484]:main():gmm-acc-stats-twofeats.cc:140) Average like for this file is -40.5352 over 233 frames.
LOG (gmm-acc-stats-twofeats[5.5.294-06484]:main():gmm-acc-stats-twofeats.cc:140) Average like for this file is -48.006 over 323 frames.
LOG (gmm-acc-stats-twofeats[5.5.294-06484]:main():gmm-acc-stats-twofeats.cc:140) Average like for this file is -44.4744 over 179 frames.
LOG (gmm-acc-stats-twofeats[5.5.294-06484]:main():gmm-acc-stats-twofeats.cc:140) Average like for this file is -45.2396 over 258 frames.
LOG (gmm-acc-stats-twofeats[5.5.294-06484]:main():gmm-acc-stats-twofeats.cc:140) Average like for this file is -43.1625 over 347 frames.
LOG (gmm-acc-stats-twofeats[5.5.294-06484]:main():gmm-acc-stats-twofeats.cc:140) Average like for this file is -48.0549 over 310 frames.
LOG (gmm-acc-stats-twofeats[5.5.294-06484]:main():gmm-acc-stats-twofeats.cc:140) Average like for this file is -44.1065 over 306 frames.
LOG (gmm-acc-stats-twofeats[5.5.294-06484]:main():gmm-acc-stats-twofeats.cc:146) Avg like per frame so far is -44.335
LOG (gmm-acc-stats-twofeats[5.5.294-06484]:main():gmm-acc-stats-twofeats.cc:140) Average like for this file is -47.3134 over 227 frames.
LOG (gmm-acc-stats-twofeats[5.5.294-06484]:main():gmm-acc-stats-twofeats.cc:140) Average like for this file is -40.1138 over 182 frames.
LOG (gmm-acc-stats-twofeats[5.5.294-06484]:main():gmm-acc-stats-twofeats.cc:140) Average like for this file is -48.5928 over 584 frames.
LOG (gmm-acc-stats-twofeats[5.5.294-06484]:main():gmm-acc-stats-twofeats.cc:140) Average like for this file is -44.115 over 330 frames.
LOG (gmm-acc-stats-twofeats[5.5.294-06484]:main():gmm-acc-stats-twofeats.cc:140) Average like for this file is -41.4702 over 171 frames.
LOG (gmm-acc-stats-twofeats[5.5.294-06484]:main():gmm-acc-stats-twofeats.cc:140) Average like for this file is -45.6265 over 305 frames.
LOG (gmm-acc-stats-twofeats[5.5.294-06484]:main():gmm-acc-stats-twofeats.cc:140) Average like for this file is -45.5483 over 228 frames.
LOG (gmm-acc-stats-twofeats[5.5.294-06484]:main():gmm-acc-stats-twofeats.cc:140) Average like for this file is -48.8069 over 194 frames.
LOG (gmm-acc-stats-twofeats[5.5.294-06484]:main():gmm-acc-stats-twofeats.cc:140) Average like for this file is -44.6505 over 390 frames.
LOG (gmm-acc-stats-twofeats[5.5.294-06484]:main():gmm-acc-stats-twofeats.cc:140) Average like for this file is -43.5788 over 228 frames.
LOG (gmm-acc-stats-twofeats[5.5.294-06484]:main():gmm-acc-stats-twofeats.cc:146) Avg like per frame so far is -44.5731
LOG (gmm-acc-stats-twofeats[5.5.294-06484]:main():gmm-acc-stats-twofeats.cc:140) Average like for this file is -43.7622 over 253 frames.
LOG (gmm-acc-stats-twofeats[5.5.294-06484]:main():gmm-acc-stats-twofeats.cc:140) Average like for this file is -43.2577 over 370 frames.
LOG (gmm-acc-stats-twofeats[5.5.294-06484]:main():gmm-acc-stats-twofeats.cc:140) Average like for this file is -41.2151 over 317 frames.
LOG (gmm-acc-stats-twofeats[5.5.294-06484]:main():gmm-acc-stats-twofeats.cc:140) Average like for this file is -46.0658 over 379 frames.
LOG (gmm-acc-stats-twofeats[5.5.294-06484]:main():gmm-acc-stats-twofeats.cc:140) Average like for this file is -43.4867 over 306 frames.
LOG (gmm-acc-stats-twofeats[5.5.294-06484]:main():gmm-acc-stats-twofeats.cc:140) Average like for this file is -44.5386 over 212 frames.
LOG (gmm-acc-stats-twofeats[5.5.294-06484]:main():gmm-acc-stats-twofeats.cc:140) Average like for this file is -44.9178 over 395 frames.
LOG (gmm-acc-stats-twofeats[5.5.294-06484]:main():gmm-acc-stats-twofeats.cc:140) Average like for this file is -44.9203 over 306 frames.
LOG (gmm-acc-stats-twofeats[5.5.294-06484]:main():gmm-acc-stats-twofeats.cc:140) Average like for this file is -42.3517 over 374 frames.
LOG (gmm-acc-stats-twofeats[5.5.294-06484]:main():gmm-acc-stats-twofeats.cc:140) Average like for this file is -45.8519 over 331 frames.
LOG (gmm-acc-stats-twofeats[5.5.294-06484]:main():gmm-acc-stats-twofeats.cc:146) Avg like per frame so far is -44.4745
LOG (gmm-acc-stats-twofeats[5.5.294-06484]:main():gmm-acc-stats-twofeats.cc:140) Average like for this file is -44.6304 over 264 frames.
LOG (gmm-acc-stats-twofeats[5.5.294-06484]:main():gmm-acc-stats-twofeats.cc:140) Average like for this file is -42.2903 over 354 frames.
LOG (gmm-acc-stats-twofeats[5.5.294-06484]:main():gmm-acc-stats-twofeats.cc:140) Average like for this file is -45.0027 over 218 frames.
LOG (gmm-acc-stats-twofeats[5.5.294-06484]:main():gmm-acc-stats-twofeats.cc:140) Average like for this file is -42.0471 over 237 frames.
LOG (gmm-acc-stats-twofeats[5.5.294-06484]:main():gmm-acc-stats-twofeats.cc:140) Average like for this file is -43.5956 over 271 frames.
LOG (gmm-acc-stats-twofeats[5.5.294-06484]:main():gmm-acc-stats-twofeats.cc:140) Average like for this file is -41.7016 over 280 frames.
LOG (gmm-acc-stats-twofeats[5.5.294-06484]:main():gmm-acc-stats-twofeats.cc:140) Average like for this file is -46.0832 over 399 frames.
LOG (gmm-acc-stats-twofeats[5.5.294-06484]:main():gmm-acc-stats-twofeats.cc:140) Average like for this file is -44.4268 over 282 frames.
LOG (gmm-acc-stats-twofeats[5.5.294-06484]:main():gmm-acc-stats-twofeats.cc:140) Average like for this file is -47.177 over 170 frames.
LOG (gmm-acc-stats-twofeats[5.5.294-06484]:main():gmm-acc-stats-twofeats.cc:140) Average like for this file is -41.3032 over 213 frames.
LOG (gmm-acc-stats-twofeats[5.5.294-06484]:main():gmm-acc-stats-twofeats.cc:146) Avg like per frame so far is -44.3842
LOG (gmm-acc-stats-twofeats[5.5.294-06484]:main():gmm-acc-stats-twofeats.cc:140) Average like for this file is -47.7755 over 312 frames.
LOG (gmm-acc-stats-twofeats[5.5.294-06484]:main():gmm-acc-stats-twofeats.cc:140) Average like for this file is -45.1541 over 277 frames.
LOG (gmm-acc-stats-twofeats[5.5.294-06484]:main():gmm-acc-stats-twofeats.cc:140) Average like for this file is -41.4414 over 475 frames.
LOG (gmm-acc-stats-twofeats[5.5.294-06484]:main():gmm-acc-stats-twofeats.cc:140) Average like for this file is -45.6618 over 263 frames.
LOG (gmm-acc-stats-twofeats[5.5.294-06484]:main():gmm-acc-stats-twofeats.cc:140) Average like for this file is -40.4995 over 278 frames.
LOG (gmm-acc-stats-twofeats[5.5.294-06484]:main():gmm-acc-stats-twofeats.cc:140) Average like for this file is -44.152 over 291 frames.
LOG (gmm-acc-stats-twofeats[5.5.294-06484]:main():gmm-acc-stats-twofeats.cc:140) Average like for this file is -43.5706 over 324 frames.
LOG (gmm-acc-stats-twofeats[5.5.294-06484]:main():gmm-acc-stats-twofeats.cc:140) Average like for this file is -46.0407 over 223 frames.
LOG (gmm-acc-stats-twofeats[5.5.294-06484]:main():gmm-acc-stats-twofeats.cc:140) Average like for this file is -46.4192 over 277 frames.
LOG (gmm-acc-stats-twofeats[5.5.294-06484]:main():gmm-acc-stats-twofeats.cc:140) Average like for this file is -45.1645 over 247 frames.
LOG (gmm-acc-stats-twofeats[5.5.294-06484]:main():gmm-acc-stats-twofeats.cc:146) Avg like per frame so far is -44.3809
LOG (gmm-acc-stats-twofeats[5.5.294-06484]:main():gmm-acc-stats-twofeats.cc:140) Average like for this file is -42.7038 over 417 frames.
LOG (gmm-acc-stats-twofeats[5.5.294-06484]:main():gmm-acc-stats-twofeats.cc:140) Average like for this file is -42.8914 over 445 frames.
LOG (gmm-acc-stats-twofeats[5.5.294-06484]:main():gmm-acc-stats-twofeats.cc:140) Average like for this file is -45.9221 over 412 frames.
LOG (gmm-acc-stats-twofeats[5.5.294-06484]:main():gmm-acc-stats-twofeats.cc:140) Average like for this file is -43.6182 over 184 frames.
LOG (gmm-acc-stats-twofeats[5.5.294-06484]:main():gmm-acc-stats-twofeats.cc:140) Average like for this file is -44.4285 over 184 frames.
LOG (gmm-acc-stats-twofeats[5.5.294-06484]:main():gmm-acc-stats-twofeats.cc:140) Average like for this file is -40.7102 over 171 frames.
LOG (gmm-acc-stats-twofeats[5.5.294-06484]:main():gmm-acc-stats-twofeats.cc:140) Average like for this file is -44.6989 over 270 frames.
LOG (gmm-acc-stats-twofeats[5.5.294-06484]:main():gmm-acc-stats-twofeats.cc:140) Average like for this file is -43.5887 over 305 frames.
LOG (gmm-acc-stats-twofeats[5.5.294-06484]:main():gmm-acc-stats-twofeats.cc:140) Average like for this file is -39.8733 over 321 frames.
LOG (gmm-acc-stats-twofeats[5.5.294-06484]:main():gmm-acc-stats-twofeats.cc:140) Average like for this file is -44.285 over 226 frames.
LOG (gmm-acc-stats-twofeats[5.5.294-06484]:main():gmm-acc-stats-twofeats.cc:146) Avg like per frame so far is -44.2602
LOG (gmm-acc-stats-twofeats[5.5.294-06484]:main():gmm-acc-stats-twofeats.cc:140) Average like for this file is -43.5635 over 443 frames.
LOG (gmm-acc-stats-twofeats[5.5.294-06484]:main():gmm-acc-stats-twofeats.cc:140) Average like for this file is -44.6787 over 262 frames.
LOG (gmm-acc-stats-twofeats[5.5.294-06484]:main():gmm-acc-stats-twofeats.cc:140) Average like for this file is -41.2559 over 289 frames.
LOG (gmm-acc-stats-twofeats[5.5.294-06484]:main():gmm-acc-stats-twofeats.cc:140) Average like for this file is -41.8857 over 196 frames.
LOG (gmm-acc-stats-twofeats[5.5.294-06484]:main():gmm-acc-stats-twofeats.cc:140) Average like for this file is -43.3962 over 247 frames.
LOG (gmm-acc-stats-twofeats[5.5.294-06484]:main():gmm-acc-stats-twofeats.cc:140) Average like for this file is -43.0705 over 319 frames.
LOG (gmm-acc-stats-twofeats[5.5.294-06484]:main():gmm-acc-stats-twofeats.cc:140) Average like for this file is -45.4108 over 386 frames.
LOG (gmm-acc-stats-twofeats[5.5.294-06484]:main():gmm-acc-stats-twofeats.cc:140) Average like for this file is -49.7987 over 367 frames.
LOG (gmm-acc-stats-twofeats[5.5.294-06484]:main():gmm-acc-stats-twofeats.cc:140) Average like for this file is -46.7077 over 426 frames.
LOG (gmm-acc-stats-twofeats[5.5.294-06484]:main():gmm-acc-stats-twofeats.cc:140) Average like for this file is -47.3748 over 318 frames.
LOG (gmm-acc-stats-twofeats[5.5.294-06484]:main():gmm-acc-stats-twofeats.cc:146) Avg like per frame so far is -44.3423
LOG (gmm-acc-stats-twofeats[5.5.294-06484]:main():gmm-acc-stats-twofeats.cc:140) Average like for this file is -39.3918 over 107 frames.
LOG (gmm-acc-stats-twofeats[5.5.294-06484]:main():gmm-acc-stats-twofeats.cc:140) Average like for this file is -44.832 over 172 frames.
LOG (gmm-acc-stats-twofeats[5.5.294-06484]:main():gmm-acc-stats-twofeats.cc:140) Average like for this file is -47.2846 over 254 frames.
LOG (gmm-acc-stats-twofeats[5.5.294-06484]:main():gmm-acc-stats-twofeats.cc:140) Average like for this file is -50.196 over 235 frames.
LOG (gmm-acc-stats-twofeats[5.5.294-06484]:main():gmm-acc-stats-twofeats.cc:140) Average like for this file is -44.0985 over 246 frames.
LOG (gmm-acc-stats-twofeats[5.5.294-06484]:main():gmm-acc-stats-twofeats.cc:140) Average like for this file is -43.3059 over 442 frames.
LOG (gmm-acc-stats-twofeats[5.5.294-06484]:main():gmm-acc-stats-twofeats.cc:140) Average like for this file is -45.5584 over 408 frames.
LOG (gmm-acc-stats-twofeats[5.5.294-06484]:main():gmm-acc-stats-twofeats.cc:140) Average like for this file is -46.1335 over 231 frames.
LOG (gmm-acc-stats-twofeats[5.5.294-06484]:main():gmm-acc-stats-twofeats.cc:140) Average like for this file is -42.4889 over 262 frames.
LOG (gmm-acc-stats-twofeats[5.5.294-06484]:main():gmm-acc-stats-twofeats.cc:140) Average like for this file is -39.4448 over 198 frames.
LOG (gmm-acc-stats-twofeats[5.5.294-06484]:main():gmm-acc-stats-twofeats.cc:146) Avg like per frame so far is -44.3618
LOG (ali-to-post[5.5.294-06484]:main():ali-to-post.cc:73) Converted 128 alignments.
LOG (gmm-acc-stats-twofeats[5.5.294-06484]:main():gmm-acc-stats-twofeats.cc:140) Average like for this file is -46.7851 over 239 frames.
LOG (gmm-acc-stats-twofeats[5.5.294-06484]:main():gmm-acc-stats-twofeats.cc:140) Average like for this file is -44.5083 over 290 frames.
LOG (gmm-acc-stats-twofeats[5.5.294-06484]:main():gmm-acc-stats-twofeats.cc:140) Average like for this file is -47.3259 over 223 frames.
LOG (gmm-acc-stats-twofeats[5.5.294-06484]:main():gmm-acc-stats-twofeats.cc:140) Average like for this file is -46.0607 over 356 frames.
LOG (gmm-acc-stats-twofeats[5.5.294-06484]:main():gmm-acc-stats-twofeats.cc:140) Average like for this file is -42.4491 over 258 frames.
LOG (gmm-acc-stats-twofeats[5.5.294-06484]:main():gmm-acc-stats-twofeats.cc:140) Average like for this file is -48.5726 over 248 frames.
LOG (gmm-acc-stats-twofeats[5.5.294-06484]:main():gmm-acc-stats-twofeats.cc:140) Average like for this file is -44.708 over 158 frames.
LOG (apply-cmvn[5.5.294-06484]:main():apply-cmvn.cc:162) Applied cepstral mean normalization to 128 utterances, errors on 0
LOG (gmm-acc-stats-twofeats[5.5.294-06484]:main():gmm-acc-stats-twofeats.cc:140) Average like for this file is -45.6008 over 368 frames.
LOG (gmm-acc-stats-twofeats[5.5.294-06484]:main():gmm-acc-stats-twofeats.cc:140) Average like for this file is -42.1894 over 335 frames.
LOG (gmm-acc-stats-twofeats[5.5.294-06484]:main():gmm-acc-stats-twofeats.cc:140) Average like for this file is -45.1195 over 230 frames.
LOG (gmm-acc-stats-twofeats[5.5.294-06484]:main():gmm-acc-stats-twofeats.cc:146) Avg like per frame so far is -44.4316
LOG (apply-cmvn[5.5.294-06484]:main():apply-cmvn.cc:162) Applied cepstral mean normalization to 128 utterances, errors on 0
LOG (gmm-acc-stats-twofeats[5.5.294-06484]:main():gmm-acc-stats-twofeats.cc:140) Average like for this file is -47.9242 over 370 frames.
LOG (gmm-acc-stats-twofeats[5.5.294-06484]:main():gmm-acc-stats-twofeats.cc:140) Average like for this file is -44.4782 over 219 frames.
LOG (gmm-acc-stats-twofeats[5.5.294-06484]:main():gmm-acc-stats-twofeats.cc:140) Average like for this file is -47.4739 over 190 frames.
LOG (gmm-acc-stats-twofeats[5.5.294-06484]:main():gmm-acc-stats-twofeats.cc:140) Average like for this file is -47.2686 over 196 frames.
LOG (transform-feats[5.5.294-06484]:main():transform-feats.cc:158) Overall average [pseudo-]logdet is -88.9877 over 36362 frames.
LOG (transform-feats[5.5.294-06484]:main():transform-feats.cc:161) Applied transform to 128 utterances; 0 had errors.
LOG (gmm-acc-stats-twofeats[5.5.294-06484]:main():gmm-acc-stats-twofeats.cc:140) Average like for this file is -46.9321 over 341 frames.
LOG (gmm-acc-stats-twofeats[5.5.294-06484]:main():gmm-acc-stats-twofeats.cc:140) Average like for this file is -44.1739 over 254 frames.
LOG (transform-feats[5.5.294-06484]:main():transform-feats.cc:158) Overall average logdet is 3.348 over 36362 frames.
LOG (transform-feats[5.5.294-06484]:main():transform-feats.cc:161) Applied transform to 128 utterances; 0 had errors.
LOG (transform-feats[5.5.294-06484]:main():transform-feats.cc:158) Overall average [pseudo-]logdet is -88.9877 over 36362 frames.
LOG (transform-feats[5.5.294-06484]:main():transform-feats.cc:161) Applied transform to 128 utterances; 0 had errors.
LOG (gmm-acc-stats-twofeats[5.5.294-06484]:main():gmm-acc-stats-twofeats.cc:140) Average like for this file is -44.099 over 195 frames.
LOG (gmm-acc-stats-twofeats[5.5.294-06484]:main():gmm-acc-stats-twofeats.cc:140) Average like for this file is -45.1759 over 305 frames.
LOG (gmm-acc-stats-twofeats[5.5.294-06484]:main():gmm-acc-stats-twofeats.cc:150) Done 128 files, 0 with no posteriors, 0 with no second features, 0 with other errors.
LOG (gmm-acc-stats-twofeats[5.5.294-06484]:main():gmm-acc-stats-twofeats.cc:155) Overall avg like per frame (Gaussian only) = -44.5247 over 36362 frames.
LOG (gmm-acc-stats-twofeats[5.5.294-06484]:main():gmm-acc-stats-twofeats.cc:163) Written accs.
# Accounting: time=0 threads=1
# Ended (code 0) at Mon Apr 29 12:58:11 AEST 2019, elapsed time 0 seconds
