# ali-to-post "ark:gunzip -c exp/tri3/ali.7.gz|" ark:- | gmm-acc-stats-twofeats exp/tri3/35.mdl "ark,s,cs:apply-cmvn  --utt2spk=ark:data/train/split10/7/utt2spk scp:data/train/split10/7/cmvn.scp scp:data/train/split10/7/feats.scp ark:- | splice-feats --left-context=3 --right-context=3 ark:- ark:- | transform-feats exp/tri2_ali/final.mat ark:- ark:- | transform-feats --utt2spk=ark:data/train/split10/7/utt2spk ark:exp/tri3/trans.7 ark:- ark:- |" "ark,s,cs:apply-cmvn  --utt2spk=ark:data/train/split10/7/utt2spk scp:data/train/split10/7/cmvn.scp scp:data/train/split10/7/feats.scp ark:- | splice-feats --left-context=3 --right-context=3 ark:- ark:- | transform-feats exp/tri2_ali/final.mat ark:- ark:- |" ark,s,cs:- exp/tri3/35.7.acc 
# Started at Mon Apr 29 12:58:11 AEST 2019
#
ali-to-post 'ark:gunzip -c exp/tri3/ali.7.gz|' ark:- 
gmm-acc-stats-twofeats exp/tri3/35.mdl 'ark,s,cs:apply-cmvn  --utt2spk=ark:data/train/split10/7/utt2spk scp:data/train/split10/7/cmvn.scp scp:data/train/split10/7/feats.scp ark:- | splice-feats --left-context=3 --right-context=3 ark:- ark:- | transform-feats exp/tri2_ali/final.mat ark:- ark:- | transform-feats --utt2spk=ark:data/train/split10/7/utt2spk ark:exp/tri3/trans.7 ark:- ark:- |' 'ark,s,cs:apply-cmvn  --utt2spk=ark:data/train/split10/7/utt2spk scp:data/train/split10/7/cmvn.scp scp:data/train/split10/7/feats.scp ark:- | splice-feats --left-context=3 --right-context=3 ark:- ark:- | transform-feats exp/tri2_ali/final.mat ark:- ark:- |' ark,s,cs:- exp/tri3/35.7.acc 
transform-feats --utt2spk=ark:data/train/split10/7/utt2spk ark:exp/tri3/trans.7 ark:- ark:- 
splice-feats --left-context=3 --right-context=3 ark:- ark:- 
transform-feats exp/tri2_ali/final.mat ark:- ark:- 
apply-cmvn --utt2spk=ark:data/train/split10/7/utt2spk scp:data/train/split10/7/cmvn.scp scp:data/train/split10/7/feats.scp ark:- 
splice-feats --left-context=3 --right-context=3 ark:- ark:- 
transform-feats exp/tri2_ali/final.mat ark:- ark:- 
apply-cmvn --utt2spk=ark:data/train/split10/7/utt2spk scp:data/train/split10/7/cmvn.scp scp:data/train/split10/7/feats.scp ark:- 
LOG (gmm-acc-stats-twofeats[5.5.294-06484]:main():gmm-acc-stats-twofeats.cc:140) Average like for this file is -42.6787 over 232 frames.
LOG (gmm-acc-stats-twofeats[5.5.294-06484]:main():gmm-acc-stats-twofeats.cc:140) Average like for this file is -45.415 over 247 frames.
LOG (gmm-acc-stats-twofeats[5.5.294-06484]:main():gmm-acc-stats-twofeats.cc:140) Average like for this file is -45.5468 over 212 frames.
LOG (gmm-acc-stats-twofeats[5.5.294-06484]:main():gmm-acc-stats-twofeats.cc:140) Average like for this file is -50.1457 over 205 frames.
LOG (gmm-acc-stats-twofeats[5.5.294-06484]:main():gmm-acc-stats-twofeats.cc:140) Average like for this file is -44.0306 over 183 frames.
LOG (gmm-acc-stats-twofeats[5.5.294-06484]:main():gmm-acc-stats-twofeats.cc:140) Average like for this file is -46.1558 over 260 frames.
LOG (gmm-acc-stats-twofeats[5.5.294-06484]:main():gmm-acc-stats-twofeats.cc:140) Average like for this file is -47.0043 over 341 frames.
LOG (gmm-acc-stats-twofeats[5.5.294-06484]:main():gmm-acc-stats-twofeats.cc:140) Average like for this file is -49.5338 over 238 frames.
LOG (gmm-acc-stats-twofeats[5.5.294-06484]:main():gmm-acc-stats-twofeats.cc:140) Average like for this file is -46.5047 over 225 frames.
LOG (gmm-acc-stats-twofeats[5.5.294-06484]:main():gmm-acc-stats-twofeats.cc:140) Average like for this file is -48.9241 over 410 frames.
LOG (gmm-acc-stats-twofeats[5.5.294-06484]:main():gmm-acc-stats-twofeats.cc:146) Avg like per frame so far is -46.7892
LOG (gmm-acc-stats-twofeats[5.5.294-06484]:main():gmm-acc-stats-twofeats.cc:140) Average like for this file is -48.0378 over 376 frames.
LOG (gmm-acc-stats-twofeats[5.5.294-06484]:main():gmm-acc-stats-twofeats.cc:140) Average like for this file is -47.4657 over 251 frames.
LOG (gmm-acc-stats-twofeats[5.5.294-06484]:main():gmm-acc-stats-twofeats.cc:140) Average like for this file is -41.821 over 224 frames.
LOG (gmm-acc-stats-twofeats[5.5.294-06484]:main():gmm-acc-stats-twofeats.cc:140) Average like for this file is -41.1646 over 226 frames.
LOG (gmm-acc-stats-twofeats[5.5.294-06484]:main():gmm-acc-stats-twofeats.cc:140) Average like for this file is -44.6693 over 198 frames.
LOG (gmm-acc-stats-twofeats[5.5.294-06484]:main():gmm-acc-stats-twofeats.cc:140) Average like for this file is -47.8201 over 193 frames.
LOG (gmm-acc-stats-twofeats[5.5.294-06484]:main():gmm-acc-stats-twofeats.cc:140) Average like for this file is -49.154 over 248 frames.
LOG (gmm-acc-stats-twofeats[5.5.294-06484]:main():gmm-acc-stats-twofeats.cc:140) Average like for this file is -46.1795 over 192 frames.
LOG (gmm-acc-stats-twofeats[5.5.294-06484]:main():gmm-acc-stats-twofeats.cc:140) Average like for this file is -48.4484 over 288 frames.
LOG (gmm-acc-stats-twofeats[5.5.294-06484]:main():gmm-acc-stats-twofeats.cc:140) Average like for this file is -44.7714 over 250 frames.
LOG (gmm-acc-stats-twofeats[5.5.294-06484]:main():gmm-acc-stats-twofeats.cc:146) Avg like per frame so far is -46.4846
LOG (gmm-acc-stats-twofeats[5.5.294-06484]:main():gmm-acc-stats-twofeats.cc:140) Average like for this file is -38.9147 over 271 frames.
LOG (gmm-acc-stats-twofeats[5.5.294-06484]:main():gmm-acc-stats-twofeats.cc:140) Average like for this file is -43.299 over 295 frames.
LOG (gmm-acc-stats-twofeats[5.5.294-06484]:main():gmm-acc-stats-twofeats.cc:140) Average like for this file is -46.245 over 301 frames.
LOG (gmm-acc-stats-twofeats[5.5.294-06484]:main():gmm-acc-stats-twofeats.cc:140) Average like for this file is -49.8494 over 269 frames.
LOG (gmm-acc-stats-twofeats[5.5.294-06484]:main():gmm-acc-stats-twofeats.cc:140) Average like for this file is -44.7652 over 426 frames.
LOG (gmm-acc-stats-twofeats[5.5.294-06484]:main():gmm-acc-stats-twofeats.cc:140) Average like for this file is -45.6828 over 229 frames.
LOG (gmm-acc-stats-twofeats[5.5.294-06484]:main():gmm-acc-stats-twofeats.cc:140) Average like for this file is -44.5467 over 288 frames.
LOG (gmm-acc-stats-twofeats[5.5.294-06484]:main():gmm-acc-stats-twofeats.cc:140) Average like for this file is -44.8147 over 386 frames.
LOG (gmm-acc-stats-twofeats[5.5.294-06484]:main():gmm-acc-stats-twofeats.cc:140) Average like for this file is -41.6985 over 278 frames.
LOG (gmm-acc-stats-twofeats[5.5.294-06484]:main():gmm-acc-stats-twofeats.cc:140) Average like for this file is -46.9231 over 263 frames.
LOG (gmm-acc-stats-twofeats[5.5.294-06484]:main():gmm-acc-stats-twofeats.cc:146) Avg like per frame so far is -45.7985
LOG (gmm-acc-stats-twofeats[5.5.294-06484]:main():gmm-acc-stats-twofeats.cc:140) Average like for this file is -44.0435 over 379 frames.
LOG (gmm-acc-stats-twofeats[5.5.294-06484]:main():gmm-acc-stats-twofeats.cc:140) Average like for this file is -44.5257 over 90 frames.
LOG (gmm-acc-stats-twofeats[5.5.294-06484]:main():gmm-acc-stats-twofeats.cc:140) Average like for this file is -46.7159 over 298 frames.
LOG (gmm-acc-stats-twofeats[5.5.294-06484]:main():gmm-acc-stats-twofeats.cc:140) Average like for this file is -45.0484 over 193 frames.
LOG (gmm-acc-stats-twofeats[5.5.294-06484]:main():gmm-acc-stats-twofeats.cc:140) Average like for this file is -43.383 over 435 frames.
LOG (gmm-acc-stats-twofeats[5.5.294-06484]:main():gmm-acc-stats-twofeats.cc:140) Average like for this file is -41.3121 over 322 frames.
LOG (gmm-acc-stats-twofeats[5.5.294-06484]:main():gmm-acc-stats-twofeats.cc:140) Average like for this file is -47.7652 over 253 frames.
LOG (gmm-acc-stats-twofeats[5.5.294-06484]:main():gmm-acc-stats-twofeats.cc:140) Average like for this file is -44.2953 over 337 frames.
LOG (gmm-acc-stats-twofeats[5.5.294-06484]:main():gmm-acc-stats-twofeats.cc:140) Average like for this file is -46.3084 over 397 frames.
LOG (gmm-acc-stats-twofeats[5.5.294-06484]:main():gmm-acc-stats-twofeats.cc:140) Average like for this file is -44.0532 over 166 frames.
LOG (gmm-acc-stats-twofeats[5.5.294-06484]:main():gmm-acc-stats-twofeats.cc:146) Avg like per frame so far is -45.5003
LOG (gmm-acc-stats-twofeats[5.5.294-06484]:main():gmm-acc-stats-twofeats.cc:140) Average like for this file is -44.3911 over 463 frames.
LOG (gmm-acc-stats-twofeats[5.5.294-06484]:main():gmm-acc-stats-twofeats.cc:140) Average like for this file is -46.525 over 224 frames.
LOG (gmm-acc-stats-twofeats[5.5.294-06484]:main():gmm-acc-stats-twofeats.cc:140) Average like for this file is -44.6056 over 362 frames.
LOG (gmm-acc-stats-twofeats[5.5.294-06484]:main():gmm-acc-stats-twofeats.cc:140) Average like for this file is -42.3915 over 160 frames.
LOG (gmm-acc-stats-twofeats[5.5.294-06484]:main():gmm-acc-stats-twofeats.cc:140) Average like for this file is -41.8144 over 224 frames.
LOG (gmm-acc-stats-twofeats[5.5.294-06484]:main():gmm-acc-stats-twofeats.cc:140) Average like for this file is -44.1934 over 261 frames.
LOG (gmm-acc-stats-twofeats[5.5.294-06484]:main():gmm-acc-stats-twofeats.cc:140) Average like for this file is -47.5255 over 199 frames.
LOG (gmm-acc-stats-twofeats[5.5.294-06484]:main():gmm-acc-stats-twofeats.cc:140) Average like for this file is -40.9087 over 203 frames.
LOG (gmm-acc-stats-twofeats[5.5.294-06484]:main():gmm-acc-stats-twofeats.cc:140) Average like for this file is -40.6443 over 358 frames.
LOG (gmm-acc-stats-twofeats[5.5.294-06484]:main():gmm-acc-stats-twofeats.cc:140) Average like for this file is -43.9294 over 297 frames.
LOG (gmm-acc-stats-twofeats[5.5.294-06484]:main():gmm-acc-stats-twofeats.cc:146) Avg like per frame so far is -45.1329
LOG (gmm-acc-stats-twofeats[5.5.294-06484]:main():gmm-acc-stats-twofeats.cc:140) Average like for this file is -44.2966 over 288 frames.
LOG (gmm-acc-stats-twofeats[5.5.294-06484]:main():gmm-acc-stats-twofeats.cc:140) Average like for this file is -44.0273 over 369 frames.
LOG (gmm-acc-stats-twofeats[5.5.294-06484]:main():gmm-acc-stats-twofeats.cc:140) Average like for this file is -42.8963 over 374 frames.
LOG (gmm-acc-stats-twofeats[5.5.294-06484]:main():gmm-acc-stats-twofeats.cc:140) Average like for this file is -44.9856 over 258 frames.
LOG (gmm-acc-stats-twofeats[5.5.294-06484]:main():gmm-acc-stats-twofeats.cc:140) Average like for this file is -45.1407 over 290 frames.
LOG (gmm-acc-stats-twofeats[5.5.294-06484]:main():gmm-acc-stats-twofeats.cc:140) Average like for this file is -45.5556 over 324 frames.
LOG (gmm-acc-stats-twofeats[5.5.294-06484]:main():gmm-acc-stats-twofeats.cc:140) Average like for this file is -46.6903 over 384 frames.
LOG (gmm-acc-stats-twofeats[5.5.294-06484]:main():gmm-acc-stats-twofeats.cc:140) Average like for this file is -46.2649 over 255 frames.
LOG (gmm-acc-stats-twofeats[5.5.294-06484]:main():gmm-acc-stats-twofeats.cc:140) Average like for this file is -42.627 over 277 frames.
LOG (gmm-acc-stats-twofeats[5.5.294-06484]:main():gmm-acc-stats-twofeats.cc:140) Average like for this file is -46.3655 over 280 frames.
LOG (gmm-acc-stats-twofeats[5.5.294-06484]:main():gmm-acc-stats-twofeats.cc:146) Avg like per frame so far is -45.0823
LOG (gmm-acc-stats-twofeats[5.5.294-06484]:main():gmm-acc-stats-twofeats.cc:140) Average like for this file is -43.1926 over 253 frames.
LOG (gmm-acc-stats-twofeats[5.5.294-06484]:main():gmm-acc-stats-twofeats.cc:140) Average like for this file is -41.5991 over 255 frames.
LOG (gmm-acc-stats-twofeats[5.5.294-06484]:main():gmm-acc-stats-twofeats.cc:140) Average like for this file is -46.5391 over 360 frames.
LOG (gmm-acc-stats-twofeats[5.5.294-06484]:main():gmm-acc-stats-twofeats.cc:140) Average like for this file is -45.9793 over 233 frames.
LOG (gmm-acc-stats-twofeats[5.5.294-06484]:main():gmm-acc-stats-twofeats.cc:140) Average like for this file is -44.2336 over 242 frames.
LOG (gmm-acc-stats-twofeats[5.5.294-06484]:main():gmm-acc-stats-twofeats.cc:140) Average like for this file is -42.9507 over 244 frames.
LOG (gmm-acc-stats-twofeats[5.5.294-06484]:main():gmm-acc-stats-twofeats.cc:140) Average like for this file is -44.6272 over 260 frames.
LOG (gmm-acc-stats-twofeats[5.5.294-06484]:main():gmm-acc-stats-twofeats.cc:140) Average like for this file is -41.8443 over 282 frames.
LOG (gmm-acc-stats-twofeats[5.5.294-06484]:main():gmm-acc-stats-twofeats.cc:140) Average like for this file is -41.7997 over 271 frames.
LOG (gmm-acc-stats-twofeats[5.5.294-06484]:main():gmm-acc-stats-twofeats.cc:140) Average like for this file is -45.488 over 422 frames.
LOG (gmm-acc-stats-twofeats[5.5.294-06484]:main():gmm-acc-stats-twofeats.cc:146) Avg like per frame so far is -44.9233
LOG (gmm-acc-stats-twofeats[5.5.294-06484]:main():gmm-acc-stats-twofeats.cc:140) Average like for this file is -41.1818 over 337 frames.
LOG (gmm-acc-stats-twofeats[5.5.294-06484]:main():gmm-acc-stats-twofeats.cc:140) Average like for this file is -41.2426 over 271 frames.
LOG (gmm-acc-stats-twofeats[5.5.294-06484]:main():gmm-acc-stats-twofeats.cc:140) Average like for this file is -42.3382 over 410 frames.
LOG (gmm-acc-stats-twofeats[5.5.294-06484]:main():gmm-acc-stats-twofeats.cc:140) Average like for this file is -43.4062 over 376 frames.
LOG (gmm-acc-stats-twofeats[5.5.294-06484]:main():gmm-acc-stats-twofeats.cc:140) Average like for this file is -46.1978 over 209 frames.
LOG (gmm-acc-stats-twofeats[5.5.294-06484]:main():gmm-acc-stats-twofeats.cc:140) Average like for this file is -43.8724 over 239 frames.
LOG (gmm-acc-stats-twofeats[5.5.294-06484]:main():gmm-acc-stats-twofeats.cc:140) Average like for this file is -46.0642 over 137 frames.
LOG (gmm-acc-stats-twofeats[5.5.294-06484]:main():gmm-acc-stats-twofeats.cc:140) Average like for this file is -40.1969 over 181 frames.
LOG (gmm-acc-stats-twofeats[5.5.294-06484]:main():gmm-acc-stats-twofeats.cc:140) Average like for this file is -47.494 over 303 frames.
LOG (gmm-acc-stats-twofeats[5.5.294-06484]:main():gmm-acc-stats-twofeats.cc:140) Average like for this file is -45.8662 over 266 frames.
LOG (gmm-acc-stats-twofeats[5.5.294-06484]:main():gmm-acc-stats-twofeats.cc:146) Avg like per frame so far is -44.7643
LOG (gmm-acc-stats-twofeats[5.5.294-06484]:main():gmm-acc-stats-twofeats.cc:140) Average like for this file is -46.2051 over 372 frames.
LOG (gmm-acc-stats-twofeats[5.5.294-06484]:main():gmm-acc-stats-twofeats.cc:140) Average like for this file is -44.457 over 189 frames.
LOG (gmm-acc-stats-twofeats[5.5.294-06484]:main():gmm-acc-stats-twofeats.cc:140) Average like for this file is -48.0616 over 401 frames.
LOG (gmm-acc-stats-twofeats[5.5.294-06484]:main():gmm-acc-stats-twofeats.cc:140) Average like for this file is -46.2834 over 275 frames.
LOG (gmm-acc-stats-twofeats[5.5.294-06484]:main():gmm-acc-stats-twofeats.cc:140) Average like for this file is -45.3601 over 214 frames.
LOG (gmm-acc-stats-twofeats[5.5.294-06484]:main():gmm-acc-stats-twofeats.cc:140) Average like for this file is -43.9069 over 235 frames.
LOG (gmm-acc-stats-twofeats[5.5.294-06484]:main():gmm-acc-stats-twofeats.cc:140) Average like for this file is -43.0027 over 227 frames.
LOG (gmm-acc-stats-twofeats[5.5.294-06484]:main():gmm-acc-stats-twofeats.cc:140) Average like for this file is -46.4591 over 271 frames.
LOG (gmm-acc-stats-twofeats[5.5.294-06484]:main():gmm-acc-stats-twofeats.cc:140) Average like for this file is -44.288 over 282 frames.
LOG (gmm-acc-stats-twofeats[5.5.294-06484]:main():gmm-acc-stats-twofeats.cc:140) Average like for this file is -44.6099 over 315 frames.
LOG (gmm-acc-stats-twofeats[5.5.294-06484]:main():gmm-acc-stats-twofeats.cc:146) Avg like per frame so far is -44.8449
LOG (gmm-acc-stats-twofeats[5.5.294-06484]:main():gmm-acc-stats-twofeats.cc:140) Average like for this file is -45.7442 over 324 frames.
LOG (gmm-acc-stats-twofeats[5.5.294-06484]:main():gmm-acc-stats-twofeats.cc:140) Average like for this file is -42.9433 over 374 frames.
LOG (gmm-acc-stats-twofeats[5.5.294-06484]:main():gmm-acc-stats-twofeats.cc:140) Average like for this file is -42.5973 over 306 frames.
LOG (gmm-acc-stats-twofeats[5.5.294-06484]:main():gmm-acc-stats-twofeats.cc:140) Average like for this file is -37.3707 over 347 frames.
LOG (gmm-acc-stats-twofeats[5.5.294-06484]:main():gmm-acc-stats-twofeats.cc:140) Average like for this file is -43.0334 over 449 frames.
LOG (gmm-acc-stats-twofeats[5.5.294-06484]:main():gmm-acc-stats-twofeats.cc:140) Average like for this file is -39.8666 over 298 frames.
LOG (gmm-acc-stats-twofeats[5.5.294-06484]:main():gmm-acc-stats-twofeats.cc:140) Average like for this file is -43.2895 over 237 frames.
LOG (gmm-acc-stats-twofeats[5.5.294-06484]:main():gmm-acc-stats-twofeats.cc:140) Average like for this file is -44.7592 over 274 frames.
LOG (gmm-acc-stats-twofeats[5.5.294-06484]:main():gmm-acc-stats-twofeats.cc:140) Average like for this file is -42.5062 over 383 frames.
LOG (gmm-acc-stats-twofeats[5.5.294-06484]:main():gmm-acc-stats-twofeats.cc:140) Average like for this file is -48.8182 over 249 frames.
LOG (gmm-acc-stats-twofeats[5.5.294-06484]:main():gmm-acc-stats-twofeats.cc:146) Avg like per frame so far is -44.6224
LOG (gmm-acc-stats-twofeats[5.5.294-06484]:main():gmm-acc-stats-twofeats.cc:140) Average like for this file is -41.2565 over 124 frames.
LOG (gmm-acc-stats-twofeats[5.5.294-06484]:main():gmm-acc-stats-twofeats.cc:140) Average like for this file is -44.5896 over 546 frames.
LOG (gmm-acc-stats-twofeats[5.5.294-06484]:main():gmm-acc-stats-twofeats.cc:140) Average like for this file is -40.8033 over 294 frames.
LOG (gmm-acc-stats-twofeats[5.5.294-06484]:main():gmm-acc-stats-twofeats.cc:140) Average like for this file is -43.7038 over 200 frames.
LOG (gmm-acc-stats-twofeats[5.5.294-06484]:main():gmm-acc-stats-twofeats.cc:140) Average like for this file is -47.367 over 429 frames.
LOG (gmm-acc-stats-twofeats[5.5.294-06484]:main():gmm-acc-stats-twofeats.cc:140) Average like for this file is -44.1055 over 248 frames.
LOG (ali-to-post[5.5.294-06484]:main():ali-to-post.cc:73) Converted 120 alignments.
LOG (gmm-acc-stats-twofeats[5.5.294-06484]:main():gmm-acc-stats-twofeats.cc:140) Average like for this file is -45.3589 over 328 frames.
LOG (gmm-acc-stats-twofeats[5.5.294-06484]:main():gmm-acc-stats-twofeats.cc:140) Average like for this file is -49.5605 over 359 frames.
LOG (gmm-acc-stats-twofeats[5.5.294-06484]:main():gmm-acc-stats-twofeats.cc:140) Average like for this file is -41.894 over 203 frames.
LOG (gmm-acc-stats-twofeats[5.5.294-06484]:main():gmm-acc-stats-twofeats.cc:140) Average like for this file is -44.4903 over 470 frames.
LOG (gmm-acc-stats-twofeats[5.5.294-06484]:main():gmm-acc-stats-twofeats.cc:146) Avg like per frame so far is -44.6448
LOG (apply-cmvn[5.5.294-06484]:main():apply-cmvn.cc:162) Applied cepstral mean normalization to 120 utterances, errors on 0
LOG (gmm-acc-stats-twofeats[5.5.294-06484]:main():gmm-acc-stats-twofeats.cc:140) Average like for this file is -41.3769 over 329 frames.
LOG (gmm-acc-stats-twofeats[5.5.294-06484]:main():gmm-acc-stats-twofeats.cc:140) Average like for this file is -41.5473 over 319 frames.
LOG (apply-cmvn[5.5.294-06484]:main():apply-cmvn.cc:162) Applied cepstral mean normalization to 120 utterances, errors on 0
LOG (gmm-acc-stats-twofeats[5.5.294-06484]:main():gmm-acc-stats-twofeats.cc:140) Average like for this file is -45.4879 over 454 frames.
LOG (gmm-acc-stats-twofeats[5.5.294-06484]:main():gmm-acc-stats-twofeats.cc:140) Average like for this file is -43.3012 over 296 frames.
LOG (gmm-acc-stats-twofeats[5.5.294-06484]:main():gmm-acc-stats-twofeats.cc:140) Average like for this file is -45.4746 over 459 frames.
LOG (gmm-acc-stats-twofeats[5.5.294-06484]:main():gmm-acc-stats-twofeats.cc:140) Average like for this file is -48.2078 over 234 frames.
LOG (transform-feats[5.5.294-06484]:main():transform-feats.cc:158) Overall average [pseudo-]logdet is -88.9877 over 34768 frames.
LOG (transform-feats[5.5.294-06484]:main():transform-feats.cc:161) Applied transform to 120 utterances; 0 had errors.
LOG (gmm-acc-stats-twofeats[5.5.294-06484]:main():gmm-acc-stats-twofeats.cc:140) Average like for this file is -42.6202 over 274 frames.
LOG (gmm-acc-stats-twofeats[5.5.294-06484]:main():gmm-acc-stats-twofeats.cc:140) Average like for this file is -44.6814 over 342 frames.
LOG (transform-feats[5.5.294-06484]:main():transform-feats.cc:158) Overall average logdet is 3.13144 over 34768 frames.
LOG (transform-feats[5.5.294-06484]:main():transform-feats.cc:161) Applied transform to 120 utterances; 0 had errors.
LOG (transform-feats[5.5.294-06484]:main():transform-feats.cc:158) Overall average [pseudo-]logdet is -88.9877 over 34768 frames.
LOG (transform-feats[5.5.294-06484]:main():transform-feats.cc:161) Applied transform to 120 utterances; 0 had errors.
LOG (gmm-acc-stats-twofeats[5.5.294-06484]:main():gmm-acc-stats-twofeats.cc:140) Average like for this file is -45.273 over 287 frames.
LOG (gmm-acc-stats-twofeats[5.5.294-06484]:main():gmm-acc-stats-twofeats.cc:140) Average like for this file is -46.2125 over 275 frames.
LOG (gmm-acc-stats-twofeats[5.5.294-06484]:main():gmm-acc-stats-twofeats.cc:146) Avg like per frame so far is -44.6219
LOG (gmm-acc-stats-twofeats[5.5.294-06484]:main():gmm-acc-stats-twofeats.cc:150) Done 120 files, 0 with no posteriors, 0 with no second features, 0 with other errors.
LOG (gmm-acc-stats-twofeats[5.5.294-06484]:main():gmm-acc-stats-twofeats.cc:155) Overall avg like per frame (Gaussian only) = -44.6219 over 34768 frames.
LOG (gmm-acc-stats-twofeats[5.5.294-06484]:main():gmm-acc-stats-twofeats.cc:163) Written accs.
# Accounting: time=0 threads=1
# Ended (code 0) at Mon Apr 29 12:58:11 AEST 2019, elapsed time 0 seconds
