# ali-to-post "ark:gunzip -c exp/tri3/ali.3.gz|" ark:- | gmm-acc-stats-twofeats exp/tri3/35.mdl "ark,s,cs:apply-cmvn  --utt2spk=ark:data/train/split10/3/utt2spk scp:data/train/split10/3/cmvn.scp scp:data/train/split10/3/feats.scp ark:- | splice-feats --left-context=3 --right-context=3 ark:- ark:- | transform-feats exp/tri2_ali/final.mat ark:- ark:- | transform-feats --utt2spk=ark:data/train/split10/3/utt2spk ark:exp/tri3/trans.3 ark:- ark:- |" "ark,s,cs:apply-cmvn  --utt2spk=ark:data/train/split10/3/utt2spk scp:data/train/split10/3/cmvn.scp scp:data/train/split10/3/feats.scp ark:- | splice-feats --left-context=3 --right-context=3 ark:- ark:- | transform-feats exp/tri2_ali/final.mat ark:- ark:- |" ark,s,cs:- exp/tri3/35.3.acc 
# Started at Mon Apr 29 12:58:11 AEST 2019
#
gmm-acc-stats-twofeats exp/tri3/35.mdl 'ark,s,cs:apply-cmvn  --utt2spk=ark:data/train/split10/3/utt2spk scp:data/train/split10/3/cmvn.scp scp:data/train/split10/3/feats.scp ark:- | splice-feats --left-context=3 --right-context=3 ark:- ark:- | transform-feats exp/tri2_ali/final.mat ark:- ark:- | transform-feats --utt2spk=ark:data/train/split10/3/utt2spk ark:exp/tri3/trans.3 ark:- ark:- |' 'ark,s,cs:apply-cmvn  --utt2spk=ark:data/train/split10/3/utt2spk scp:data/train/split10/3/cmvn.scp scp:data/train/split10/3/feats.scp ark:- | splice-feats --left-context=3 --right-context=3 ark:- ark:- | transform-feats exp/tri2_ali/final.mat ark:- ark:- |' ark,s,cs:- exp/tri3/35.3.acc 
ali-to-post 'ark:gunzip -c exp/tri3/ali.3.gz|' ark:- 
transform-feats exp/tri2_ali/final.mat ark:- ark:- 
apply-cmvn --utt2spk=ark:data/train/split10/3/utt2spk scp:data/train/split10/3/cmvn.scp scp:data/train/split10/3/feats.scp ark:- 
transform-feats --utt2spk=ark:data/train/split10/3/utt2spk ark:exp/tri3/trans.3 ark:- ark:- 
splice-feats --left-context=3 --right-context=3 ark:- ark:- 
splice-feats --left-context=3 --right-context=3 ark:- ark:- 
apply-cmvn --utt2spk=ark:data/train/split10/3/utt2spk scp:data/train/split10/3/cmvn.scp scp:data/train/split10/3/feats.scp ark:- 
transform-feats exp/tri2_ali/final.mat ark:- ark:- 
LOG (gmm-acc-stats-twofeats[5.5.294-06484]:main():gmm-acc-stats-twofeats.cc:140) Average like for this file is -46.7191 over 258 frames.
LOG (gmm-acc-stats-twofeats[5.5.294-06484]:main():gmm-acc-stats-twofeats.cc:140) Average like for this file is -45.0537 over 202 frames.
LOG (gmm-acc-stats-twofeats[5.5.294-06484]:main():gmm-acc-stats-twofeats.cc:140) Average like for this file is -42.753 over 308 frames.
LOG (gmm-acc-stats-twofeats[5.5.294-06484]:main():gmm-acc-stats-twofeats.cc:140) Average like for this file is -40.7456 over 317 frames.
LOG (gmm-acc-stats-twofeats[5.5.294-06484]:main():gmm-acc-stats-twofeats.cc:140) Average like for this file is -45.4475 over 263 frames.
LOG (gmm-acc-stats-twofeats[5.5.294-06484]:main():gmm-acc-stats-twofeats.cc:140) Average like for this file is -44.2302 over 488 frames.
LOG (gmm-acc-stats-twofeats[5.5.294-06484]:main():gmm-acc-stats-twofeats.cc:140) Average like for this file is -44.0298 over 327 frames.
LOG (gmm-acc-stats-twofeats[5.5.294-06484]:main():gmm-acc-stats-twofeats.cc:140) Average like for this file is -41.8463 over 291 frames.
LOG (gmm-acc-stats-twofeats[5.5.294-06484]:main():gmm-acc-stats-twofeats.cc:140) Average like for this file is -47.0275 over 555 frames.
LOG (gmm-acc-stats-twofeats[5.5.294-06484]:main():gmm-acc-stats-twofeats.cc:140) Average like for this file is -41.6651 over 258 frames.
LOG (gmm-acc-stats-twofeats[5.5.294-06484]:main():gmm-acc-stats-twofeats.cc:146) Avg like per frame so far is -44.1385
LOG (gmm-acc-stats-twofeats[5.5.294-06484]:main():gmm-acc-stats-twofeats.cc:140) Average like for this file is -47.7239 over 514 frames.
LOG (gmm-acc-stats-twofeats[5.5.294-06484]:main():gmm-acc-stats-twofeats.cc:140) Average like for this file is -50.7149 over 255 frames.
LOG (gmm-acc-stats-twofeats[5.5.294-06484]:main():gmm-acc-stats-twofeats.cc:140) Average like for this file is -44.2834 over 303 frames.
LOG (gmm-acc-stats-twofeats[5.5.294-06484]:main():gmm-acc-stats-twofeats.cc:140) Average like for this file is -40.9178 over 330 frames.
LOG (gmm-acc-stats-twofeats[5.5.294-06484]:main():gmm-acc-stats-twofeats.cc:140) Average like for this file is -44.6592 over 365 frames.
LOG (gmm-acc-stats-twofeats[5.5.294-06484]:main():gmm-acc-stats-twofeats.cc:140) Average like for this file is -46.9943 over 293 frames.
LOG (gmm-acc-stats-twofeats[5.5.294-06484]:main():gmm-acc-stats-twofeats.cc:140) Average like for this file is -46.5143 over 313 frames.
LOG (gmm-acc-stats-twofeats[5.5.294-06484]:main():gmm-acc-stats-twofeats.cc:140) Average like for this file is -43.6489 over 235 frames.
LOG (gmm-acc-stats-twofeats[5.5.294-06484]:main():gmm-acc-stats-twofeats.cc:140) Average like for this file is -47.291 over 470 frames.
LOG (gmm-acc-stats-twofeats[5.5.294-06484]:main():gmm-acc-stats-twofeats.cc:140) Average like for this file is -45.7879 over 349 frames.
LOG (gmm-acc-stats-twofeats[5.5.294-06484]:main():gmm-acc-stats-twofeats.cc:146) Avg like per frame so far is -45.0668
LOG (gmm-acc-stats-twofeats[5.5.294-06484]:main():gmm-acc-stats-twofeats.cc:140) Average like for this file is -43.0846 over 273 frames.
LOG (gmm-acc-stats-twofeats[5.5.294-06484]:main():gmm-acc-stats-twofeats.cc:140) Average like for this file is -43.2787 over 477 frames.
LOG (gmm-acc-stats-twofeats[5.5.294-06484]:main():gmm-acc-stats-twofeats.cc:140) Average like for this file is -42.9797 over 285 frames.
LOG (gmm-acc-stats-twofeats[5.5.294-06484]:main():gmm-acc-stats-twofeats.cc:140) Average like for this file is -45.512 over 248 frames.
LOG (gmm-acc-stats-twofeats[5.5.294-06484]:main():gmm-acc-stats-twofeats.cc:140) Average like for this file is -42.2112 over 255 frames.
LOG (gmm-acc-stats-twofeats[5.5.294-06484]:main():gmm-acc-stats-twofeats.cc:140) Average like for this file is -42.4437 over 351 frames.
LOG (gmm-acc-stats-twofeats[5.5.294-06484]:main():gmm-acc-stats-twofeats.cc:140) Average like for this file is -45.3095 over 346 frames.
LOG (gmm-acc-stats-twofeats[5.5.294-06484]:main():gmm-acc-stats-twofeats.cc:140) Average like for this file is -44.4312 over 222 frames.
LOG (gmm-acc-stats-twofeats[5.5.294-06484]:main():gmm-acc-stats-twofeats.cc:140) Average like for this file is -43.7774 over 262 frames.
LOG (gmm-acc-stats-twofeats[5.5.294-06484]:main():gmm-acc-stats-twofeats.cc:140) Average like for this file is -40.2324 over 317 frames.
LOG (gmm-acc-stats-twofeats[5.5.294-06484]:main():gmm-acc-stats-twofeats.cc:146) Avg like per frame so far is -44.5061
LOG (gmm-acc-stats-twofeats[5.5.294-06484]:main():gmm-acc-stats-twofeats.cc:140) Average like for this file is -42.9581 over 341 frames.
LOG (gmm-acc-stats-twofeats[5.5.294-06484]:main():gmm-acc-stats-twofeats.cc:140) Average like for this file is -46.5037 over 266 frames.
LOG (gmm-acc-stats-twofeats[5.5.294-06484]:main():gmm-acc-stats-twofeats.cc:140) Average like for this file is -43.3351 over 310 frames.
LOG (gmm-acc-stats-twofeats[5.5.294-06484]:main():gmm-acc-stats-twofeats.cc:140) Average like for this file is -44.0942 over 353 frames.
LOG (gmm-acc-stats-twofeats[5.5.294-06484]:main():gmm-acc-stats-twofeats.cc:140) Average like for this file is -47.5349 over 424 frames.
LOG (gmm-acc-stats-twofeats[5.5.294-06484]:main():gmm-acc-stats-twofeats.cc:140) Average like for this file is -44.7682 over 306 frames.
LOG (gmm-acc-stats-twofeats[5.5.294-06484]:main():gmm-acc-stats-twofeats.cc:140) Average like for this file is -48.5947 over 389 frames.
LOG (gmm-acc-stats-twofeats[5.5.294-06484]:main():gmm-acc-stats-twofeats.cc:140) Average like for this file is -45.9889 over 347 frames.
LOG (gmm-acc-stats-twofeats[5.5.294-06484]:main():gmm-acc-stats-twofeats.cc:140) Average like for this file is -43.1314 over 444 frames.
LOG (gmm-acc-stats-twofeats[5.5.294-06484]:main():gmm-acc-stats-twofeats.cc:140) Average like for this file is -43.1075 over 266 frames.
LOG (gmm-acc-stats-twofeats[5.5.294-06484]:main():gmm-acc-stats-twofeats.cc:146) Avg like per frame so far is -44.6566
LOG (gmm-acc-stats-twofeats[5.5.294-06484]:main():gmm-acc-stats-twofeats.cc:140) Average like for this file is -43.3744 over 237 frames.
LOG (gmm-acc-stats-twofeats[5.5.294-06484]:main():gmm-acc-stats-twofeats.cc:140) Average like for this file is -42.7481 over 326 frames.
LOG (gmm-acc-stats-twofeats[5.5.294-06484]:main():gmm-acc-stats-twofeats.cc:140) Average like for this file is -48.3394 over 406 frames.
LOG (gmm-acc-stats-twofeats[5.5.294-06484]:main():gmm-acc-stats-twofeats.cc:140) Average like for this file is -47.7431 over 385 frames.
LOG (gmm-acc-stats-twofeats[5.5.294-06484]:main():gmm-acc-stats-twofeats.cc:140) Average like for this file is -45.8801 over 379 frames.
LOG (gmm-acc-stats-twofeats[5.5.294-06484]:main():gmm-acc-stats-twofeats.cc:140) Average like for this file is -48.4215 over 321 frames.
LOG (gmm-acc-stats-twofeats[5.5.294-06484]:main():gmm-acc-stats-twofeats.cc:140) Average like for this file is -47.3384 over 327 frames.
LOG (gmm-acc-stats-twofeats[5.5.294-06484]:main():gmm-acc-stats-twofeats.cc:140) Average like for this file is -44.7097 over 461 frames.
LOG (gmm-acc-stats-twofeats[5.5.294-06484]:main():gmm-acc-stats-twofeats.cc:140) Average like for this file is -45.0486 over 486 frames.
LOG (gmm-acc-stats-twofeats[5.5.294-06484]:main():gmm-acc-stats-twofeats.cc:140) Average like for this file is -42.2202 over 305 frames.
LOG (gmm-acc-stats-twofeats[5.5.294-06484]:main():gmm-acc-stats-twofeats.cc:146) Avg like per frame so far is -44.8814
LOG (gmm-acc-stats-twofeats[5.5.294-06484]:main():gmm-acc-stats-twofeats.cc:140) Average like for this file is -37.9248 over 295 frames.
LOG (gmm-acc-stats-twofeats[5.5.294-06484]:main():gmm-acc-stats-twofeats.cc:140) Average like for this file is -37.2523 over 393 frames.
LOG (gmm-acc-stats-twofeats[5.5.294-06484]:main():gmm-acc-stats-twofeats.cc:140) Average like for this file is -38.6753 over 310 frames.
LOG (gmm-acc-stats-twofeats[5.5.294-06484]:main():gmm-acc-stats-twofeats.cc:140) Average like for this file is -41.3353 over 503 frames.
LOG (gmm-acc-stats-twofeats[5.5.294-06484]:main():gmm-acc-stats-twofeats.cc:140) Average like for this file is -43.6258 over 234 frames.
LOG (gmm-acc-stats-twofeats[5.5.294-06484]:main():gmm-acc-stats-twofeats.cc:140) Average like for this file is -44.365 over 276 frames.
LOG (gmm-acc-stats-twofeats[5.5.294-06484]:main():gmm-acc-stats-twofeats.cc:140) Average like for this file is -41.3736 over 148 frames.
LOG (gmm-acc-stats-twofeats[5.5.294-06484]:main():gmm-acc-stats-twofeats.cc:140) Average like for this file is -48.2078 over 290 frames.
LOG (gmm-acc-stats-twofeats[5.5.294-06484]:main():gmm-acc-stats-twofeats.cc:140) Average like for this file is -46.8746 over 294 frames.
LOG (gmm-acc-stats-twofeats[5.5.294-06484]:main():gmm-acc-stats-twofeats.cc:140) Average like for this file is -43.7293 over 413 frames.
LOG (gmm-acc-stats-twofeats[5.5.294-06484]:main():gmm-acc-stats-twofeats.cc:146) Avg like per frame so far is -44.4487
LOG (gmm-acc-stats-twofeats[5.5.294-06484]:main():gmm-acc-stats-twofeats.cc:140) Average like for this file is -44.9843 over 299 frames.
LOG (gmm-acc-stats-twofeats[5.5.294-06484]:main():gmm-acc-stats-twofeats.cc:140) Average like for this file is -41.31 over 277 frames.
LOG (gmm-acc-stats-twofeats[5.5.294-06484]:main():gmm-acc-stats-twofeats.cc:140) Average like for this file is -45.177 over 454 frames.
LOG (gmm-acc-stats-twofeats[5.5.294-06484]:main():gmm-acc-stats-twofeats.cc:140) Average like for this file is -42.1194 over 317 frames.
LOG (gmm-acc-stats-twofeats[5.5.294-06484]:main():gmm-acc-stats-twofeats.cc:140) Average like for this file is -45.4012 over 446 frames.
LOG (gmm-acc-stats-twofeats[5.5.294-06484]:main():gmm-acc-stats-twofeats.cc:140) Average like for this file is -42.9376 over 725 frames.
LOG (gmm-acc-stats-twofeats[5.5.294-06484]:main():gmm-acc-stats-twofeats.cc:140) Average like for this file is -45.0221 over 262 frames.
LOG (gmm-acc-stats-twofeats[5.5.294-06484]:main():gmm-acc-stats-twofeats.cc:140) Average like for this file is -42.7774 over 469 frames.
LOG (gmm-acc-stats-twofeats[5.5.294-06484]:main():gmm-acc-stats-twofeats.cc:140) Average like for this file is -44.7922 over 276 frames.
LOG (gmm-acc-stats-twofeats[5.5.294-06484]:main():gmm-acc-stats-twofeats.cc:140) Average like for this file is -44.8359 over 292 frames.
LOG (gmm-acc-stats-twofeats[5.5.294-06484]:main():gmm-acc-stats-twofeats.cc:146) Avg like per frame so far is -44.3556
LOG (gmm-acc-stats-twofeats[5.5.294-06484]:main():gmm-acc-stats-twofeats.cc:140) Average like for this file is -43.4494 over 226 frames.
LOG (gmm-acc-stats-twofeats[5.5.294-06484]:main():gmm-acc-stats-twofeats.cc:140) Average like for this file is -45.2777 over 285 frames.
LOG (gmm-acc-stats-twofeats[5.5.294-06484]:main():gmm-acc-stats-twofeats.cc:140) Average like for this file is -39.4997 over 266 frames.
LOG (gmm-acc-stats-twofeats[5.5.294-06484]:main():gmm-acc-stats-twofeats.cc:140) Average like for this file is -45.5492 over 337 frames.
LOG (gmm-acc-stats-twofeats[5.5.294-06484]:main():gmm-acc-stats-twofeats.cc:140) Average like for this file is -43.9472 over 293 frames.
LOG (gmm-acc-stats-twofeats[5.5.294-06484]:main():gmm-acc-stats-twofeats.cc:140) Average like for this file is -43.6488 over 406 frames.
LOG (gmm-acc-stats-twofeats[5.5.294-06484]:main():gmm-acc-stats-twofeats.cc:140) Average like for this file is -44.1431 over 395 frames.
LOG (gmm-acc-stats-twofeats[5.5.294-06484]:main():gmm-acc-stats-twofeats.cc:140) Average like for this file is -44.1988 over 289 frames.
LOG (gmm-acc-stats-twofeats[5.5.294-06484]:main():gmm-acc-stats-twofeats.cc:140) Average like for this file is -45.53 over 301 frames.
LOG (gmm-acc-stats-twofeats[5.5.294-06484]:main():gmm-acc-stats-twofeats.cc:140) Average like for this file is -44.287 over 318 frames.
LOG (gmm-acc-stats-twofeats[5.5.294-06484]:main():gmm-acc-stats-twofeats.cc:146) Avg like per frame so far is -44.3171
LOG (gmm-acc-stats-twofeats[5.5.294-06484]:main():gmm-acc-stats-twofeats.cc:140) Average like for this file is -43.7822 over 289 frames.
LOG (gmm-acc-stats-twofeats[5.5.294-06484]:main():gmm-acc-stats-twofeats.cc:140) Average like for this file is -42.4856 over 323 frames.
LOG (gmm-acc-stats-twofeats[5.5.294-06484]:main():gmm-acc-stats-twofeats.cc:140) Average like for this file is -45.0122 over 350 frames.
LOG (gmm-acc-stats-twofeats[5.5.294-06484]:main():gmm-acc-stats-twofeats.cc:140) Average like for this file is -46.6393 over 358 frames.
LOG (gmm-acc-stats-twofeats[5.5.294-06484]:main():gmm-acc-stats-twofeats.cc:140) Average like for this file is -42.7581 over 224 frames.
LOG (gmm-acc-stats-twofeats[5.5.294-06484]:main():gmm-acc-stats-twofeats.cc:140) Average like for this file is -44.4637 over 518 frames.
LOG (gmm-acc-stats-twofeats[5.5.294-06484]:main():gmm-acc-stats-twofeats.cc:140) Average like for this file is -41.063 over 411 frames.
LOG (gmm-acc-stats-twofeats[5.5.294-06484]:main():gmm-acc-stats-twofeats.cc:140) Average like for this file is -40.3111 over 322 frames.
LOG (gmm-acc-stats-twofeats[5.5.294-06484]:main():gmm-acc-stats-twofeats.cc:140) Average like for this file is -45.7161 over 264 frames.
LOG (gmm-acc-stats-twofeats[5.5.294-06484]:main():gmm-acc-stats-twofeats.cc:140) Average like for this file is -45.3544 over 157 frames.
LOG (gmm-acc-stats-twofeats[5.5.294-06484]:main():gmm-acc-stats-twofeats.cc:146) Avg like per frame so far is -44.2494
LOG (gmm-acc-stats-twofeats[5.5.294-06484]:main():gmm-acc-stats-twofeats.cc:140) Average like for this file is -43.0996 over 485 frames.
LOG (gmm-acc-stats-twofeats[5.5.294-06484]:main():gmm-acc-stats-twofeats.cc:140) Average like for this file is -44.5128 over 344 frames.
LOG (gmm-acc-stats-twofeats[5.5.294-06484]:main():gmm-acc-stats-twofeats.cc:140) Average like for this file is -46.3515 over 359 frames.
LOG (gmm-acc-stats-twofeats[5.5.294-06484]:main():gmm-acc-stats-twofeats.cc:140) Average like for this file is -43.6028 over 244 frames.
LOG (gmm-acc-stats-twofeats[5.5.294-06484]:main():gmm-acc-stats-twofeats.cc:140) Average like for this file is -46.633 over 255 frames.
LOG (gmm-acc-stats-twofeats[5.5.294-06484]:main():gmm-acc-stats-twofeats.cc:140) Average like for this file is -44.4444 over 287 frames.
LOG (gmm-acc-stats-twofeats[5.5.294-06484]:main():gmm-acc-stats-twofeats.cc:140) Average like for this file is -49.3046 over 658 frames.
LOG (gmm-acc-stats-twofeats[5.5.294-06484]:main():gmm-acc-stats-twofeats.cc:140) Average like for this file is -46.297 over 193 frames.
LOG (gmm-acc-stats-twofeats[5.5.294-06484]:main():gmm-acc-stats-twofeats.cc:140) Average like for this file is -42.2134 over 254 frames.
LOG (gmm-acc-stats-twofeats[5.5.294-06484]:main():gmm-acc-stats-twofeats.cc:140) Average like for this file is -40.6529 over 365 frames.
LOG (gmm-acc-stats-twofeats[5.5.294-06484]:main():gmm-acc-stats-twofeats.cc:146) Avg like per frame so far is -44.3294
LOG (gmm-acc-stats-twofeats[5.5.294-06484]:main():gmm-acc-stats-twofeats.cc:140) Average like for this file is -47.8127 over 403 frames.
LOG (gmm-acc-stats-twofeats[5.5.294-06484]:main():gmm-acc-stats-twofeats.cc:140) Average like for this file is -44.808 over 548 frames.
LOG (gmm-acc-stats-twofeats[5.5.294-06484]:main():gmm-acc-stats-twofeats.cc:140) Average like for this file is -47.4047 over 343 frames.
LOG (gmm-acc-stats-twofeats[5.5.294-06484]:main():gmm-acc-stats-twofeats.cc:140) Average like for this file is -44.6618 over 346 frames.
LOG (gmm-acc-stats-twofeats[5.5.294-06484]:main():gmm-acc-stats-twofeats.cc:140) Average like for this file is -45.188 over 183 frames.
LOG (gmm-acc-stats-twofeats[5.5.294-06484]:main():gmm-acc-stats-twofeats.cc:140) Average like for this file is -44.6399 over 351 frames.
LOG (gmm-acc-stats-twofeats[5.5.294-06484]:main():gmm-acc-stats-twofeats.cc:140) Average like for this file is -45.2482 over 281 frames.
LOG (gmm-acc-stats-twofeats[5.5.294-06484]:main():gmm-acc-stats-twofeats.cc:140) Average like for this file is -46.1314 over 366 frames.
LOG (gmm-acc-stats-twofeats[5.5.294-06484]:main():gmm-acc-stats-twofeats.cc:140) Average like for this file is -41.864 over 327 frames.
LOG (gmm-acc-stats-twofeats[5.5.294-06484]:main():gmm-acc-stats-twofeats.cc:140) Average like for this file is -43.7321 over 260 frames.
LOG (gmm-acc-stats-twofeats[5.5.294-06484]:main():gmm-acc-stats-twofeats.cc:146) Avg like per frame so far is -44.4121
LOG (gmm-acc-stats-twofeats[5.5.294-06484]:main():gmm-acc-stats-twofeats.cc:140) Average like for this file is -46.9585 over 257 frames.
LOG (gmm-acc-stats-twofeats[5.5.294-06484]:main():gmm-acc-stats-twofeats.cc:140) Average like for this file is -44.3467 over 328 frames.
LOG (ali-to-post[5.5.294-06484]:main():ali-to-post.cc:73) Converted 128 alignments.
LOG (gmm-acc-stats-twofeats[5.5.294-06484]:main():gmm-acc-stats-twofeats.cc:140) Average like for this file is -42.2506 over 408 frames.
LOG (gmm-acc-stats-twofeats[5.5.294-06484]:main():gmm-acc-stats-twofeats.cc:140) Average like for this file is -46.3465 over 253 frames.
LOG (gmm-acc-stats-twofeats[5.5.294-06484]:main():gmm-acc-stats-twofeats.cc:140) Average like for this file is -45.4534 over 326 frames.
LOG (gmm-acc-stats-twofeats[5.5.294-06484]:main():gmm-acc-stats-twofeats.cc:140) Average like for this file is -46.7153 over 274 frames.
LOG (gmm-acc-stats-twofeats[5.5.294-06484]:main():gmm-acc-stats-twofeats.cc:140) Average like for this file is -47.0797 over 254 frames.
LOG (gmm-acc-stats-twofeats[5.5.294-06484]:main():gmm-acc-stats-twofeats.cc:140) Average like for this file is -44.366 over 288 frames.
LOG (apply-cmvn[5.5.294-06484]:main():apply-cmvn.cc:162) Applied cepstral mean normalization to 128 utterances, errors on 0
LOG (gmm-acc-stats-twofeats[5.5.294-06484]:main():gmm-acc-stats-twofeats.cc:140) Average like for this file is -44.6163 over 308 frames.
LOG (gmm-acc-stats-twofeats[5.5.294-06484]:main():gmm-acc-stats-twofeats.cc:140) Average like for this file is -45.727 over 193 frames.
LOG (gmm-acc-stats-twofeats[5.5.294-06484]:main():gmm-acc-stats-twofeats.cc:146) Avg like per frame so far is -44.4671
LOG (apply-cmvn[5.5.294-06484]:main():apply-cmvn.cc:162) Applied cepstral mean normalization to 128 utterances, errors on 0
LOG (gmm-acc-stats-twofeats[5.5.294-06484]:main():gmm-acc-stats-twofeats.cc:140) Average like for this file is -42.7172 over 414 frames.
LOG (gmm-acc-stats-twofeats[5.5.294-06484]:main():gmm-acc-stats-twofeats.cc:140) Average like for this file is -44.8138 over 274 frames.
LOG (gmm-acc-stats-twofeats[5.5.294-06484]:main():gmm-acc-stats-twofeats.cc:140) Average like for this file is -47.7941 over 243 frames.
LOG (gmm-acc-stats-twofeats[5.5.294-06484]:main():gmm-acc-stats-twofeats.cc:140) Average like for this file is -45.1703 over 270 frames.
LOG (transform-feats[5.5.294-06484]:main():transform-feats.cc:158) Overall average [pseudo-]logdet is -88.9877 over 42213 frames.
LOG (transform-feats[5.5.294-06484]:main():transform-feats.cc:161) Applied transform to 128 utterances; 0 had errors.
LOG (gmm-acc-stats-twofeats[5.5.294-06484]:main():gmm-acc-stats-twofeats.cc:140) Average like for this file is -45.1978 over 201 frames.
LOG (gmm-acc-stats-twofeats[5.5.294-06484]:main():gmm-acc-stats-twofeats.cc:140) Average like for this file is -44.1531 over 378 frames.
LOG (transform-feats[5.5.294-06484]:main():transform-feats.cc:158) Overall average logdet is 2.24909 over 42213 frames.
LOG (transform-feats[5.5.294-06484]:main():transform-feats.cc:161) Applied transform to 128 utterances; 0 had errors.
LOG (transform-feats[5.5.294-06484]:main():transform-feats.cc:158) Overall average [pseudo-]logdet is -88.9877 over 42213 frames.
LOG (transform-feats[5.5.294-06484]:main():transform-feats.cc:161) Applied transform to 128 utterances; 0 had errors.
LOG (gmm-acc-stats-twofeats[5.5.294-06484]:main():gmm-acc-stats-twofeats.cc:140) Average like for this file is -43.5712 over 357 frames.
LOG (gmm-acc-stats-twofeats[5.5.294-06484]:main():gmm-acc-stats-twofeats.cc:140) Average like for this file is -43.6636 over 221 frames.
LOG (gmm-acc-stats-twofeats[5.5.294-06484]:main():gmm-acc-stats-twofeats.cc:150) Done 128 files, 0 with no posteriors, 0 with no second features, 0 with other errors.
LOG (gmm-acc-stats-twofeats[5.5.294-06484]:main():gmm-acc-stats-twofeats.cc:155) Overall avg like per frame (Gaussian only) = -44.4647 over 42213 frames.
LOG (gmm-acc-stats-twofeats[5.5.294-06484]:main():gmm-acc-stats-twofeats.cc:163) Written accs.
# Accounting: time=0 threads=1
# Ended (code 0) at Mon Apr 29 12:58:11 AEST 2019, elapsed time 0 seconds
