# build-tree --verbose=1 --max-leaves=2500 --cluster-thresh=-1 exp/tri3/treeacc data/lang/phones/roots.int exp/tri3/questions.qst data/lang/topo exp/tri3/tree 
# Started at Mon Apr 29 12:57:47 AEST 2019
#
build-tree --verbose=1 --max-leaves=2500 --cluster-thresh=-1 exp/tri3/treeacc data/lang/phones/roots.int exp/tri3/questions.qst data/lang/topo exp/tri3/tree 
LOG (build-tree[5.5.294-06484]:main():build-tree.cc:104) Number of separate statistics is 30873
LOG (build-tree[5.5.294-06484]:BuildTree():build-tree.cc:161) BuildTree: before building trees, map has 48 leaves.
LOG (build-tree[5.5.294-06484]:SplitDecisionTree():build-tree-utils.cc:577) DoDecisionTreeSplit: split 2118 times, #leaves now 2166
LOG (build-tree[5.5.294-06484]:BuildTree():build-tree.cc:187) Setting clustering threshold to smallest split 300.013
VLOG[1] (build-tree[5.5.294-06484]:BuildTree():build-tree.cc:196) After decision tree split, num-leaves = 2166, like-impr = 8.41928 per frame over 376168 frames.
VLOG[1] (build-tree[5.5.294-06484]:BuildTree():build-tree.cc:200) Including just phones that were split, improvement is 8.41928 per frame over 376168 frames.
LOG (build-tree[5.5.294-06484]:BuildTree():build-tree.cc:215) BuildTree: removed 565 leaves.
VLOG[1] (build-tree[5.5.294-06484]:ClusterEventMapToNClustersRestrictedByMap():build-tree-utils.cc:914) Number of non-empty clusters in map = 48
VLOG[1] (build-tree[5.5.294-06484]:ClusterEventMapToNClustersRestrictedByMap():build-tree-utils.cc:915) Number of non-empty clusters = 1601
LOG (build-tree[5.5.294-06484]:BuildTree():build-tree.cc:231) BuildTree: Rounded num leaves to multiple of 8 by removing 1 leaves.
VLOG[1] (build-tree[5.5.294-06484]:BuildTree():build-tree.cc:256) Objf change due to clustering -0.321851 per frame.
VLOG[1] (build-tree[5.5.294-06484]:BuildTree():build-tree.cc:259) Normalizing over only split phones, this is: -0.321851 per frame.
VLOG[1] (build-tree[5.5.294-06484]:BuildTree():build-tree.cc:262) Num-leaves is now 1600
VLOG[1] (build-tree[5.5.294-06484]:main():build-tree.cc:143) For pdf-id 4, low count 15
VLOG[1] (build-tree[5.5.294-06484]:main():build-tree.cc:143) For pdf-id 5, low count 25
VLOG[1] (build-tree[5.5.294-06484]:main():build-tree.cc:143) For pdf-id 11, low count 55
VLOG[1] (build-tree[5.5.294-06484]:main():build-tree.cc:143) For pdf-id 14, low count 78
VLOG[1] (build-tree[5.5.294-06484]:main():build-tree.cc:143) For pdf-id 19, low count 86
VLOG[1] (build-tree[5.5.294-06484]:main():build-tree.cc:143) For pdf-id 28, low count 69
VLOG[1] (build-tree[5.5.294-06484]:main():build-tree.cc:143) For pdf-id 33, low count 83
VLOG[1] (build-tree[5.5.294-06484]:main():build-tree.cc:143) For pdf-id 40, low count 32
VLOG[1] (build-tree[5.5.294-06484]:main():build-tree.cc:143) For pdf-id 41, low count 34
VLOG[1] (build-tree[5.5.294-06484]:main():build-tree.cc:143) For pdf-id 59, low count 22
VLOG[1] (build-tree[5.5.294-06484]:main():build-tree.cc:143) For pdf-id 62, low count 60
VLOG[1] (build-tree[5.5.294-06484]:main():build-tree.cc:143) For pdf-id 63, low count 96
VLOG[1] (build-tree[5.5.294-06484]:main():build-tree.cc:143) For pdf-id 65, low count 98
VLOG[1] (build-tree[5.5.294-06484]:main():build-tree.cc:143) For pdf-id 67, low count 66
VLOG[1] (build-tree[5.5.294-06484]:main():build-tree.cc:143) For pdf-id 78, low count 44
VLOG[1] (build-tree[5.5.294-06484]:main():build-tree.cc:143) For pdf-id 79, low count 13
VLOG[1] (build-tree[5.5.294-06484]:main():build-tree.cc:143) For pdf-id 85, low count 20
VLOG[1] (build-tree[5.5.294-06484]:main():build-tree.cc:143) For pdf-id 89, low count 94
VLOG[1] (build-tree[5.5.294-06484]:main():build-tree.cc:143) For pdf-id 90, low count 74
VLOG[1] (build-tree[5.5.294-06484]:main():build-tree.cc:143) For pdf-id 95, low count 76
VLOG[1] (build-tree[5.5.294-06484]:main():build-tree.cc:143) For pdf-id 99, low count 87
VLOG[1] (build-tree[5.5.294-06484]:main():build-tree.cc:143) For pdf-id 101, low count 89
VLOG[1] (build-tree[5.5.294-06484]:main():build-tree.cc:143) For pdf-id 102, low count 50
VLOG[1] (build-tree[5.5.294-06484]:main():build-tree.cc:143) For pdf-id 105, low count 82
VLOG[1] (build-tree[5.5.294-06484]:main():build-tree.cc:143) For pdf-id 108, low count 37
VLOG[1] (build-tree[5.5.294-06484]:main():build-tree.cc:143) For pdf-id 115, low count 83
VLOG[1] (build-tree[5.5.294-06484]:main():build-tree.cc:143) For pdf-id 118, low count 17
VLOG[1] (build-tree[5.5.294-06484]:main():build-tree.cc:143) For pdf-id 120, low count 97
VLOG[1] (build-tree[5.5.294-06484]:main():build-tree.cc:143) For pdf-id 124, low count 90
VLOG[1] (build-tree[5.5.294-06484]:main():build-tree.cc:143) For pdf-id 127, low count 94
VLOG[1] (build-tree[5.5.294-06484]:main():build-tree.cc:143) For pdf-id 128, low count 16
VLOG[1] (build-tree[5.5.294-06484]:main():build-tree.cc:143) For pdf-id 133, low count 97
VLOG[1] (build-tree[5.5.294-06484]:main():build-tree.cc:143) For pdf-id 135, low count 46
VLOG[1] (build-tree[5.5.294-06484]:main():build-tree.cc:143) For pdf-id 137, low count 90
VLOG[1] (build-tree[5.5.294-06484]:main():build-tree.cc:143) For pdf-id 139, low count 63
VLOG[1] (build-tree[5.5.294-06484]:main():build-tree.cc:143) For pdf-id 141, low count 98
VLOG[1] (build-tree[5.5.294-06484]:main():build-tree.cc:143) For pdf-id 143, low count 98
VLOG[1] (build-tree[5.5.294-06484]:main():build-tree.cc:143) For pdf-id 147, low count 34
VLOG[1] (build-tree[5.5.294-06484]:main():build-tree.cc:143) For pdf-id 153, low count 97
VLOG[1] (build-tree[5.5.294-06484]:main():build-tree.cc:143) For pdf-id 157, low count 57
VLOG[1] (build-tree[5.5.294-06484]:main():build-tree.cc:143) For pdf-id 159, low count 11
VLOG[1] (build-tree[5.5.294-06484]:main():build-tree.cc:143) For pdf-id 164, low count 56
VLOG[1] (build-tree[5.5.294-06484]:main():build-tree.cc:143) For pdf-id 167, low count 84
VLOG[1] (build-tree[5.5.294-06484]:main():build-tree.cc:143) For pdf-id 169, low count 59
VLOG[1] (build-tree[5.5.294-06484]:main():build-tree.cc:143) For pdf-id 172, low count 62
VLOG[1] (build-tree[5.5.294-06484]:main():build-tree.cc:143) For pdf-id 175, low count 22
VLOG[1] (build-tree[5.5.294-06484]:main():build-tree.cc:143) For pdf-id 176, low count 66
VLOG[1] (build-tree[5.5.294-06484]:main():build-tree.cc:143) For pdf-id 179, low count 16
VLOG[1] (build-tree[5.5.294-06484]:main():build-tree.cc:143) For pdf-id 181, low count 98
VLOG[1] (build-tree[5.5.294-06484]:main():build-tree.cc:143) For pdf-id 182, low count 62
VLOG[1] (build-tree[5.5.294-06484]:main():build-tree.cc:143) For pdf-id 183, low count 56
VLOG[1] (build-tree[5.5.294-06484]:main():build-tree.cc:143) For pdf-id 185, low count 73
VLOG[1] (build-tree[5.5.294-06484]:main():build-tree.cc:143) For pdf-id 190, low count 75
VLOG[1] (build-tree[5.5.294-06484]:main():build-tree.cc:143) For pdf-id 192, low count 36
VLOG[1] (build-tree[5.5.294-06484]:main():build-tree.cc:143) For pdf-id 206, low count 45
VLOG[1] (build-tree[5.5.294-06484]:main():build-tree.cc:143) For pdf-id 207, low count 91
VLOG[1] (build-tree[5.5.294-06484]:main():build-tree.cc:143) For pdf-id 219, low count 88
VLOG[1] (build-tree[5.5.294-06484]:main():build-tree.cc:143) For pdf-id 220, low count 80
VLOG[1] (build-tree[5.5.294-06484]:main():build-tree.cc:143) For pdf-id 232, low count 91
VLOG[1] (build-tree[5.5.294-06484]:main():build-tree.cc:143) For pdf-id 233, low count 59
VLOG[1] (build-tree[5.5.294-06484]:main():build-tree.cc:143) For pdf-id 234, low count 69
VLOG[1] (build-tree[5.5.294-06484]:main():build-tree.cc:143) For pdf-id 235, low count 92
VLOG[1] (build-tree[5.5.294-06484]:main():build-tree.cc:143) For pdf-id 245, low count 21
VLOG[1] (build-tree[5.5.294-06484]:main():build-tree.cc:143) For pdf-id 251, low count 67
VLOG[1] (build-tree[5.5.294-06484]:main():build-tree.cc:143) For pdf-id 254, low count 91
VLOG[1] (build-tree[5.5.294-06484]:main():build-tree.cc:143) For pdf-id 255, low count 69
VLOG[1] (build-tree[5.5.294-06484]:main():build-tree.cc:143) For pdf-id 258, low count 35
VLOG[1] (build-tree[5.5.294-06484]:main():build-tree.cc:143) For pdf-id 266, low count 97
VLOG[1] (build-tree[5.5.294-06484]:main():build-tree.cc:143) For pdf-id 268, low count 84
VLOG[1] (build-tree[5.5.294-06484]:main():build-tree.cc:143) For pdf-id 271, low count 28
VLOG[1] (build-tree[5.5.294-06484]:main():build-tree.cc:143) For pdf-id 276, low count 23
VLOG[1] (build-tree[5.5.294-06484]:main():build-tree.cc:143) For pdf-id 277, low count 95
VLOG[1] (build-tree[5.5.294-06484]:main():build-tree.cc:143) For pdf-id 278, low count 28
VLOG[1] (build-tree[5.5.294-06484]:main():build-tree.cc:143) For pdf-id 279, low count 69
VLOG[1] (build-tree[5.5.294-06484]:main():build-tree.cc:143) For pdf-id 284, low count 17
VLOG[1] (build-tree[5.5.294-06484]:main():build-tree.cc:143) For pdf-id 287, low count 93
VLOG[1] (build-tree[5.5.294-06484]:main():build-tree.cc:143) For pdf-id 290, low count 68
VLOG[1] (build-tree[5.5.294-06484]:main():build-tree.cc:143) For pdf-id 294, low count 63
VLOG[1] (build-tree[5.5.294-06484]:main():build-tree.cc:143) For pdf-id 295, low count 86
VLOG[1] (build-tree[5.5.294-06484]:main():build-tree.cc:143) For pdf-id 296, low count 94
VLOG[1] (build-tree[5.5.294-06484]:main():build-tree.cc:143) For pdf-id 297, low count 67
VLOG[1] (build-tree[5.5.294-06484]:main():build-tree.cc:143) For pdf-id 304, low count 30
VLOG[1] (build-tree[5.5.294-06484]:main():build-tree.cc:143) For pdf-id 306, low count 28
VLOG[1] (build-tree[5.5.294-06484]:main():build-tree.cc:143) For pdf-id 318, low count 27
VLOG[1] (build-tree[5.5.294-06484]:main():build-tree.cc:143) For pdf-id 326, low count 78
VLOG[1] (build-tree[5.5.294-06484]:main():build-tree.cc:143) For pdf-id 328, low count 55
VLOG[1] (build-tree[5.5.294-06484]:main():build-tree.cc:143) For pdf-id 329, low count 60
VLOG[1] (build-tree[5.5.294-06484]:main():build-tree.cc:143) For pdf-id 332, low count 65
VLOG[1] (build-tree[5.5.294-06484]:main():build-tree.cc:143) For pdf-id 337, low count 54
VLOG[1] (build-tree[5.5.294-06484]:main():build-tree.cc:143) For pdf-id 343, low count 17
VLOG[1] (build-tree[5.5.294-06484]:main():build-tree.cc:143) For pdf-id 358, low count 43
VLOG[1] (build-tree[5.5.294-06484]:main():build-tree.cc:143) For pdf-id 360, low count 23
VLOG[1] (build-tree[5.5.294-06484]:main():build-tree.cc:143) For pdf-id 364, low count 32
VLOG[1] (build-tree[5.5.294-06484]:main():build-tree.cc:143) For pdf-id 367, low count 34
VLOG[1] (build-tree[5.5.294-06484]:main():build-tree.cc:143) For pdf-id 372, low count 89
VLOG[1] (build-tree[5.5.294-06484]:main():build-tree.cc:143) For pdf-id 373, low count 51
VLOG[1] (build-tree[5.5.294-06484]:main():build-tree.cc:143) For pdf-id 376, low count 66
VLOG[1] (build-tree[5.5.294-06484]:main():build-tree.cc:143) For pdf-id 380, low count 77
VLOG[1] (build-tree[5.5.294-06484]:main():build-tree.cc:143) For pdf-id 381, low count 34
VLOG[1] (build-tree[5.5.294-06484]:main():build-tree.cc:143) For pdf-id 382, low count 20
VLOG[1] (build-tree[5.5.294-06484]:main():build-tree.cc:143) For pdf-id 385, low count 30
VLOG[1] (build-tree[5.5.294-06484]:main():build-tree.cc:143) For pdf-id 387, low count 40
VLOG[1] (build-tree[5.5.294-06484]:main():build-tree.cc:143) For pdf-id 389, low count 81
VLOG[1] (build-tree[5.5.294-06484]:main():build-tree.cc:143) For pdf-id 390, low count 29
VLOG[1] (build-tree[5.5.294-06484]:main():build-tree.cc:143) For pdf-id 391, low count 12
VLOG[1] (build-tree[5.5.294-06484]:main():build-tree.cc:143) For pdf-id 399, low count 99
VLOG[1] (build-tree[5.5.294-06484]:main():build-tree.cc:143) For pdf-id 406, low count 74
VLOG[1] (build-tree[5.5.294-06484]:main():build-tree.cc:143) For pdf-id 413, low count 20
VLOG[1] (build-tree[5.5.294-06484]:main():build-tree.cc:143) For pdf-id 414, low count 76
VLOG[1] (build-tree[5.5.294-06484]:main():build-tree.cc:143) For pdf-id 418, low count 66
VLOG[1] (build-tree[5.5.294-06484]:main():build-tree.cc:143) For pdf-id 420, low count 93
VLOG[1] (build-tree[5.5.294-06484]:main():build-tree.cc:143) For pdf-id 421, low count 78
VLOG[1] (build-tree[5.5.294-06484]:main():build-tree.cc:143) For pdf-id 422, low count 10
VLOG[1] (build-tree[5.5.294-06484]:main():build-tree.cc:143) For pdf-id 429, low count 43
VLOG[1] (build-tree[5.5.294-06484]:main():build-tree.cc:143) For pdf-id 434, low count 45
VLOG[1] (build-tree[5.5.294-06484]:main():build-tree.cc:143) For pdf-id 435, low count 22
VLOG[1] (build-tree[5.5.294-06484]:main():build-tree.cc:143) For pdf-id 439, low count 64
VLOG[1] (build-tree[5.5.294-06484]:main():build-tree.cc:143) For pdf-id 440, low count 27
VLOG[1] (build-tree[5.5.294-06484]:main():build-tree.cc:143) For pdf-id 441, low count 74
VLOG[1] (build-tree[5.5.294-06484]:main():build-tree.cc:143) For pdf-id 451, low count 20
VLOG[1] (build-tree[5.5.294-06484]:main():build-tree.cc:143) For pdf-id 452, low count 85
VLOG[1] (build-tree[5.5.294-06484]:main():build-tree.cc:143) For pdf-id 458, low count 13
VLOG[1] (build-tree[5.5.294-06484]:main():build-tree.cc:143) For pdf-id 463, low count 81
VLOG[1] (build-tree[5.5.294-06484]:main():build-tree.cc:143) For pdf-id 466, low count 23
VLOG[1] (build-tree[5.5.294-06484]:main():build-tree.cc:143) For pdf-id 470, low count 46
VLOG[1] (build-tree[5.5.294-06484]:main():build-tree.cc:143) For pdf-id 472, low count 82
VLOG[1] (build-tree[5.5.294-06484]:main():build-tree.cc:143) For pdf-id 474, low count 73
VLOG[1] (build-tree[5.5.294-06484]:main():build-tree.cc:143) For pdf-id 478, low count 54
VLOG[1] (build-tree[5.5.294-06484]:main():build-tree.cc:143) For pdf-id 482, low count 69
VLOG[1] (build-tree[5.5.294-06484]:main():build-tree.cc:143) For pdf-id 483, low count 16
VLOG[1] (build-tree[5.5.294-06484]:main():build-tree.cc:143) For pdf-id 486, low count 41
VLOG[1] (build-tree[5.5.294-06484]:main():build-tree.cc:143) For pdf-id 488, low count 82
VLOG[1] (build-tree[5.5.294-06484]:main():build-tree.cc:143) For pdf-id 493, low count 13
VLOG[1] (build-tree[5.5.294-06484]:main():build-tree.cc:143) For pdf-id 497, low count 49
VLOG[1] (build-tree[5.5.294-06484]:main():build-tree.cc:143) For pdf-id 501, low count 26
VLOG[1] (build-tree[5.5.294-06484]:main():build-tree.cc:143) For pdf-id 502, low count 70
VLOG[1] (build-tree[5.5.294-06484]:main():build-tree.cc:143) For pdf-id 507, low count 78
VLOG[1] (build-tree[5.5.294-06484]:main():build-tree.cc:143) For pdf-id 515, low count 8
VLOG[1] (build-tree[5.5.294-06484]:main():build-tree.cc:143) For pdf-id 519, low count 24
VLOG[1] (build-tree[5.5.294-06484]:main():build-tree.cc:143) For pdf-id 520, low count 68
VLOG[1] (build-tree[5.5.294-06484]:main():build-tree.cc:143) For pdf-id 522, low count 68
VLOG[1] (build-tree[5.5.294-06484]:main():build-tree.cc:143) For pdf-id 525, low count 42
VLOG[1] (build-tree[5.5.294-06484]:main():build-tree.cc:143) For pdf-id 526, low count 29
VLOG[1] (build-tree[5.5.294-06484]:main():build-tree.cc:143) For pdf-id 527, low count 55
VLOG[1] (build-tree[5.5.294-06484]:main():build-tree.cc:143) For pdf-id 532, low count 85
VLOG[1] (build-tree[5.5.294-06484]:main():build-tree.cc:143) For pdf-id 535, low count 85
VLOG[1] (build-tree[5.5.294-06484]:main():build-tree.cc:143) For pdf-id 536, low count 80
VLOG[1] (build-tree[5.5.294-06484]:main():build-tree.cc:143) For pdf-id 537, low count 26
VLOG[1] (build-tree[5.5.294-06484]:main():build-tree.cc:143) For pdf-id 538, low count 81
VLOG[1] (build-tree[5.5.294-06484]:main():build-tree.cc:143) For pdf-id 542, low count 21
VLOG[1] (build-tree[5.5.294-06484]:main():build-tree.cc:143) For pdf-id 544, low count 57
VLOG[1] (build-tree[5.5.294-06484]:main():build-tree.cc:143) For pdf-id 545, low count 74
VLOG[1] (build-tree[5.5.294-06484]:main():build-tree.cc:143) For pdf-id 549, low count 87
VLOG[1] (build-tree[5.5.294-06484]:main():build-tree.cc:143) For pdf-id 550, low count 8
VLOG[1] (build-tree[5.5.294-06484]:main():build-tree.cc:143) For pdf-id 558, low count 45
VLOG[1] (build-tree[5.5.294-06484]:main():build-tree.cc:143) For pdf-id 561, low count 17
VLOG[1] (build-tree[5.5.294-06484]:main():build-tree.cc:143) For pdf-id 562, low count 97
VLOG[1] (build-tree[5.5.294-06484]:main():build-tree.cc:143) For pdf-id 564, low count 93
VLOG[1] (build-tree[5.5.294-06484]:main():build-tree.cc:143) For pdf-id 565, low count 39
VLOG[1] (build-tree[5.5.294-06484]:main():build-tree.cc:143) For pdf-id 579, low count 31
VLOG[1] (build-tree[5.5.294-06484]:main():build-tree.cc:143) For pdf-id 580, low count 34
VLOG[1] (build-tree[5.5.294-06484]:main():build-tree.cc:143) For pdf-id 584, low count 22
VLOG[1] (build-tree[5.5.294-06484]:main():build-tree.cc:143) For pdf-id 587, low count 16
VLOG[1] (build-tree[5.5.294-06484]:main():build-tree.cc:143) For pdf-id 590, low count 19
VLOG[1] (build-tree[5.5.294-06484]:main():build-tree.cc:143) For pdf-id 595, low count 56
VLOG[1] (build-tree[5.5.294-06484]:main():build-tree.cc:143) For pdf-id 602, low count 65
VLOG[1] (build-tree[5.5.294-06484]:main():build-tree.cc:143) For pdf-id 607, low count 68
VLOG[1] (build-tree[5.5.294-06484]:main():build-tree.cc:143) For pdf-id 608, low count 64
VLOG[1] (build-tree[5.5.294-06484]:main():build-tree.cc:143) For pdf-id 609, low count 88
VLOG[1] (build-tree[5.5.294-06484]:main():build-tree.cc:143) For pdf-id 610, low count 11
VLOG[1] (build-tree[5.5.294-06484]:main():build-tree.cc:143) For pdf-id 613, low count 92
VLOG[1] (build-tree[5.5.294-06484]:main():build-tree.cc:143) For pdf-id 614, low count 98
VLOG[1] (build-tree[5.5.294-06484]:main():build-tree.cc:143) For pdf-id 615, low count 56
VLOG[1] (build-tree[5.5.294-06484]:main():build-tree.cc:143) For pdf-id 619, low count 61
VLOG[1] (build-tree[5.5.294-06484]:main():build-tree.cc:143) For pdf-id 621, low count 67
VLOG[1] (build-tree[5.5.294-06484]:main():build-tree.cc:143) For pdf-id 622, low count 92
VLOG[1] (build-tree[5.5.294-06484]:main():build-tree.cc:143) For pdf-id 625, low count 97
VLOG[1] (build-tree[5.5.294-06484]:main():build-tree.cc:143) For pdf-id 626, low count 97
VLOG[1] (build-tree[5.5.294-06484]:main():build-tree.cc:143) For pdf-id 632, low count 38
VLOG[1] (build-tree[5.5.294-06484]:main():build-tree.cc:143) For pdf-id 640, low count 78
VLOG[1] (build-tree[5.5.294-06484]:main():build-tree.cc:143) For pdf-id 642, low count 67
VLOG[1] (build-tree[5.5.294-06484]:main():build-tree.cc:143) For pdf-id 644, low count 89
VLOG[1] (build-tree[5.5.294-06484]:main():build-tree.cc:143) For pdf-id 645, low count 82
VLOG[1] (build-tree[5.5.294-06484]:main():build-tree.cc:143) For pdf-id 647, low count 96
VLOG[1] (build-tree[5.5.294-06484]:main():build-tree.cc:143) For pdf-id 648, low count 72
VLOG[1] (build-tree[5.5.294-06484]:main():build-tree.cc:143) For pdf-id 650, low count 22
VLOG[1] (build-tree[5.5.294-06484]:main():build-tree.cc:143) For pdf-id 654, low count 53
VLOG[1] (build-tree[5.5.294-06484]:main():build-tree.cc:143) For pdf-id 656, low count 47
VLOG[1] (build-tree[5.5.294-06484]:main():build-tree.cc:143) For pdf-id 657, low count 19
VLOG[1] (build-tree[5.5.294-06484]:main():build-tree.cc:143) For pdf-id 660, low count 27
VLOG[1] (build-tree[5.5.294-06484]:main():build-tree.cc:143) For pdf-id 664, low count 79
VLOG[1] (build-tree[5.5.294-06484]:main():build-tree.cc:143) For pdf-id 665, low count 78
VLOG[1] (build-tree[5.5.294-06484]:main():build-tree.cc:143) For pdf-id 666, low count 71
VLOG[1] (build-tree[5.5.294-06484]:main():build-tree.cc:143) For pdf-id 667, low count 68
VLOG[1] (build-tree[5.5.294-06484]:main():build-tree.cc:143) For pdf-id 676, low count 61
VLOG[1] (build-tree[5.5.294-06484]:main():build-tree.cc:143) For pdf-id 677, low count 83
VLOG[1] (build-tree[5.5.294-06484]:main():build-tree.cc:143) For pdf-id 679, low count 58
VLOG[1] (build-tree[5.5.294-06484]:main():build-tree.cc:143) For pdf-id 684, low count 13
VLOG[1] (build-tree[5.5.294-06484]:main():build-tree.cc:143) For pdf-id 686, low count 32
VLOG[1] (build-tree[5.5.294-06484]:main():build-tree.cc:143) For pdf-id 692, low count 35
VLOG[1] (build-tree[5.5.294-06484]:main():build-tree.cc:143) For pdf-id 693, low count 22
VLOG[1] (build-tree[5.5.294-06484]:main():build-tree.cc:143) For pdf-id 697, low count 72
VLOG[1] (build-tree[5.5.294-06484]:main():build-tree.cc:143) For pdf-id 699, low count 48
VLOG[1] (build-tree[5.5.294-06484]:main():build-tree.cc:143) For pdf-id 700, low count 79
VLOG[1] (build-tree[5.5.294-06484]:main():build-tree.cc:143) For pdf-id 701, low count 11
VLOG[1] (build-tree[5.5.294-06484]:main():build-tree.cc:143) For pdf-id 702, low count 30
VLOG[1] (build-tree[5.5.294-06484]:main():build-tree.cc:143) For pdf-id 703, low count 99
VLOG[1] (build-tree[5.5.294-06484]:main():build-tree.cc:143) For pdf-id 704, low count 35
VLOG[1] (build-tree[5.5.294-06484]:main():build-tree.cc:143) For pdf-id 705, low count 63
VLOG[1] (build-tree[5.5.294-06484]:main():build-tree.cc:143) For pdf-id 712, low count 31
VLOG[1] (build-tree[5.5.294-06484]:main():build-tree.cc:143) For pdf-id 714, low count 20
VLOG[1] (build-tree[5.5.294-06484]:main():build-tree.cc:143) For pdf-id 715, low count 11
VLOG[1] (build-tree[5.5.294-06484]:main():build-tree.cc:143) For pdf-id 717, low count 85
VLOG[1] (build-tree[5.5.294-06484]:main():build-tree.cc:143) For pdf-id 718, low count 53
VLOG[1] (build-tree[5.5.294-06484]:main():build-tree.cc:143) For pdf-id 719, low count 68
VLOG[1] (build-tree[5.5.294-06484]:main():build-tree.cc:143) For pdf-id 720, low count 48
VLOG[1] (build-tree[5.5.294-06484]:main():build-tree.cc:143) For pdf-id 723, low count 61
VLOG[1] (build-tree[5.5.294-06484]:main():build-tree.cc:143) For pdf-id 728, low count 12
VLOG[1] (build-tree[5.5.294-06484]:main():build-tree.cc:143) For pdf-id 731, low count 88
VLOG[1] (build-tree[5.5.294-06484]:main():build-tree.cc:143) For pdf-id 735, low count 59
VLOG[1] (build-tree[5.5.294-06484]:main():build-tree.cc:143) For pdf-id 748, low count 9
VLOG[1] (build-tree[5.5.294-06484]:main():build-tree.cc:143) For pdf-id 749, low count 60
VLOG[1] (build-tree[5.5.294-06484]:main():build-tree.cc:143) For pdf-id 753, low count 42
VLOG[1] (build-tree[5.5.294-06484]:main():build-tree.cc:143) For pdf-id 758, low count 63
VLOG[1] (build-tree[5.5.294-06484]:main():build-tree.cc:143) For pdf-id 761, low count 80
VLOG[1] (build-tree[5.5.294-06484]:main():build-tree.cc:143) For pdf-id 768, low count 56
VLOG[1] (build-tree[5.5.294-06484]:main():build-tree.cc:143) For pdf-id 772, low count 11
VLOG[1] (build-tree[5.5.294-06484]:main():build-tree.cc:143) For pdf-id 781, low count 14
VLOG[1] (build-tree[5.5.294-06484]:main():build-tree.cc:143) For pdf-id 785, low count 14
VLOG[1] (build-tree[5.5.294-06484]:main():build-tree.cc:143) For pdf-id 786, low count 91
VLOG[1] (build-tree[5.5.294-06484]:main():build-tree.cc:143) For pdf-id 787, low count 52
VLOG[1] (build-tree[5.5.294-06484]:main():build-tree.cc:143) For pdf-id 788, low count 59
VLOG[1] (build-tree[5.5.294-06484]:main():build-tree.cc:143) For pdf-id 790, low count 83
VLOG[1] (build-tree[5.5.294-06484]:main():build-tree.cc:143) For pdf-id 793, low count 85
VLOG[1] (build-tree[5.5.294-06484]:main():build-tree.cc:143) For pdf-id 803, low count 82
VLOG[1] (build-tree[5.5.294-06484]:main():build-tree.cc:143) For pdf-id 804, low count 30
VLOG[1] (build-tree[5.5.294-06484]:main():build-tree.cc:143) For pdf-id 807, low count 35
VLOG[1] (build-tree[5.5.294-06484]:main():build-tree.cc:143) For pdf-id 812, low count 75
VLOG[1] (build-tree[5.5.294-06484]:main():build-tree.cc:143) For pdf-id 813, low count 34
VLOG[1] (build-tree[5.5.294-06484]:main():build-tree.cc:143) For pdf-id 815, low count 89
VLOG[1] (build-tree[5.5.294-06484]:main():build-tree.cc:143) For pdf-id 833, low count 13
VLOG[1] (build-tree[5.5.294-06484]:main():build-tree.cc:143) For pdf-id 839, low count 18
VLOG[1] (build-tree[5.5.294-06484]:main():build-tree.cc:143) For pdf-id 842, low count 17
VLOG[1] (build-tree[5.5.294-06484]:main():build-tree.cc:143) For pdf-id 849, low count 93
VLOG[1] (build-tree[5.5.294-06484]:main():build-tree.cc:143) For pdf-id 856, low count 12
VLOG[1] (build-tree[5.5.294-06484]:main():build-tree.cc:143) For pdf-id 858, low count 97
VLOG[1] (build-tree[5.5.294-06484]:main():build-tree.cc:143) For pdf-id 860, low count 18
VLOG[1] (build-tree[5.5.294-06484]:main():build-tree.cc:143) For pdf-id 864, low count 58
VLOG[1] (build-tree[5.5.294-06484]:main():build-tree.cc:143) For pdf-id 875, low count 55
VLOG[1] (build-tree[5.5.294-06484]:main():build-tree.cc:143) For pdf-id 876, low count 70
VLOG[1] (build-tree[5.5.294-06484]:main():build-tree.cc:143) For pdf-id 879, low count 87
VLOG[1] (build-tree[5.5.294-06484]:main():build-tree.cc:143) For pdf-id 881, low count 57
VLOG[1] (build-tree[5.5.294-06484]:main():build-tree.cc:143) For pdf-id 898, low count 35
VLOG[1] (build-tree[5.5.294-06484]:main():build-tree.cc:143) For pdf-id 911, low count 96
VLOG[1] (build-tree[5.5.294-06484]:main():build-tree.cc:143) For pdf-id 917, low count 50
VLOG[1] (build-tree[5.5.294-06484]:main():build-tree.cc:143) For pdf-id 922, low count 76
VLOG[1] (build-tree[5.5.294-06484]:main():build-tree.cc:143) For pdf-id 930, low count 77
VLOG[1] (build-tree[5.5.294-06484]:main():build-tree.cc:143) For pdf-id 931, low count 15
VLOG[1] (build-tree[5.5.294-06484]:main():build-tree.cc:143) For pdf-id 932, low count 66
VLOG[1] (build-tree[5.5.294-06484]:main():build-tree.cc:143) For pdf-id 933, low count 12
VLOG[1] (build-tree[5.5.294-06484]:main():build-tree.cc:143) For pdf-id 937, low count 51
VLOG[1] (build-tree[5.5.294-06484]:main():build-tree.cc:143) For pdf-id 943, low count 64
VLOG[1] (build-tree[5.5.294-06484]:main():build-tree.cc:143) For pdf-id 944, low count 63
VLOG[1] (build-tree[5.5.294-06484]:main():build-tree.cc:143) For pdf-id 951, low count 13
VLOG[1] (build-tree[5.5.294-06484]:main():build-tree.cc:143) For pdf-id 955, low count 78
VLOG[1] (build-tree[5.5.294-06484]:main():build-tree.cc:143) For pdf-id 956, low count 70
VLOG[1] (build-tree[5.5.294-06484]:main():build-tree.cc:143) For pdf-id 960, low count 24
VLOG[1] (build-tree[5.5.294-06484]:main():build-tree.cc:143) For pdf-id 968, low count 26
VLOG[1] (build-tree[5.5.294-06484]:main():build-tree.cc:143) For pdf-id 969, low count 36
VLOG[1] (build-tree[5.5.294-06484]:main():build-tree.cc:143) For pdf-id 970, low count 21
VLOG[1] (build-tree[5.5.294-06484]:main():build-tree.cc:143) For pdf-id 971, low count 45
VLOG[1] (build-tree[5.5.294-06484]:main():build-tree.cc:143) For pdf-id 977, low count 93
VLOG[1] (build-tree[5.5.294-06484]:main():build-tree.cc:143) For pdf-id 984, low count 69
VLOG[1] (build-tree[5.5.294-06484]:main():build-tree.cc:143) For pdf-id 986, low count 67
VLOG[1] (build-tree[5.5.294-06484]:main():build-tree.cc:143) For pdf-id 988, low count 58
VLOG[1] (build-tree[5.5.294-06484]:main():build-tree.cc:143) For pdf-id 990, low count 31
VLOG[1] (build-tree[5.5.294-06484]:main():build-tree.cc:143) For pdf-id 994, low count 46
VLOG[1] (build-tree[5.5.294-06484]:main():build-tree.cc:143) For pdf-id 995, low count 55
VLOG[1] (build-tree[5.5.294-06484]:main():build-tree.cc:143) For pdf-id 1000, low count 92
VLOG[1] (build-tree[5.5.294-06484]:main():build-tree.cc:143) For pdf-id 1003, low count 95
VLOG[1] (build-tree[5.5.294-06484]:main():build-tree.cc:143) For pdf-id 1004, low count 96
VLOG[1] (build-tree[5.5.294-06484]:main():build-tree.cc:143) For pdf-id 1005, low count 50
VLOG[1] (build-tree[5.5.294-06484]:main():build-tree.cc:143) For pdf-id 1007, low count 65
VLOG[1] (build-tree[5.5.294-06484]:main():build-tree.cc:143) For pdf-id 1012, low count 22
VLOG[1] (build-tree[5.5.294-06484]:main():build-tree.cc:143) For pdf-id 1013, low count 24
VLOG[1] (build-tree[5.5.294-06484]:main():build-tree.cc:143) For pdf-id 1019, low count 8
VLOG[1] (build-tree[5.5.294-06484]:main():build-tree.cc:143) For pdf-id 1020, low count 76
VLOG[1] (build-tree[5.5.294-06484]:main():build-tree.cc:143) For pdf-id 1028, low count 55
VLOG[1] (build-tree[5.5.294-06484]:main():build-tree.cc:143) For pdf-id 1029, low count 51
VLOG[1] (build-tree[5.5.294-06484]:main():build-tree.cc:143) For pdf-id 1049, low count 11
VLOG[1] (build-tree[5.5.294-06484]:main():build-tree.cc:143) For pdf-id 1052, low count 38
VLOG[1] (build-tree[5.5.294-06484]:main():build-tree.cc:143) For pdf-id 1058, low count 28
VLOG[1] (build-tree[5.5.294-06484]:main():build-tree.cc:143) For pdf-id 1065, low count 33
VLOG[1] (build-tree[5.5.294-06484]:main():build-tree.cc:143) For pdf-id 1068, low count 9
VLOG[1] (build-tree[5.5.294-06484]:main():build-tree.cc:143) For pdf-id 1073, low count 72
VLOG[1] (build-tree[5.5.294-06484]:main():build-tree.cc:143) For pdf-id 1076, low count 67
VLOG[1] (build-tree[5.5.294-06484]:main():build-tree.cc:143) For pdf-id 1078, low count 83
VLOG[1] (build-tree[5.5.294-06484]:main():build-tree.cc:143) For pdf-id 1080, low count 17
VLOG[1] (build-tree[5.5.294-06484]:main():build-tree.cc:143) For pdf-id 1081, low count 82
VLOG[1] (build-tree[5.5.294-06484]:main():build-tree.cc:143) For pdf-id 1082, low count 15
VLOG[1] (build-tree[5.5.294-06484]:main():build-tree.cc:143) For pdf-id 1099, low count 29
VLOG[1] (build-tree[5.5.294-06484]:main():build-tree.cc:143) For pdf-id 1100, low count 29
VLOG[1] (build-tree[5.5.294-06484]:main():build-tree.cc:143) For pdf-id 1113, low count 68
VLOG[1] (build-tree[5.5.294-06484]:main():build-tree.cc:143) For pdf-id 1116, low count 78
VLOG[1] (build-tree[5.5.294-06484]:main():build-tree.cc:143) For pdf-id 1120, low count 63
VLOG[1] (build-tree[5.5.294-06484]:main():build-tree.cc:143) For pdf-id 1121, low count 79
VLOG[1] (build-tree[5.5.294-06484]:main():build-tree.cc:143) For pdf-id 1122, low count 69
VLOG[1] (build-tree[5.5.294-06484]:main():build-tree.cc:143) For pdf-id 1128, low count 86
VLOG[1] (build-tree[5.5.294-06484]:main():build-tree.cc:143) For pdf-id 1139, low count 90
VLOG[1] (build-tree[5.5.294-06484]:main():build-tree.cc:143) For pdf-id 1142, low count 72
VLOG[1] (build-tree[5.5.294-06484]:main():build-tree.cc:143) For pdf-id 1144, low count 86
VLOG[1] (build-tree[5.5.294-06484]:main():build-tree.cc:143) For pdf-id 1147, low count 21
VLOG[1] (build-tree[5.5.294-06484]:main():build-tree.cc:143) For pdf-id 1148, low count 73
VLOG[1] (build-tree[5.5.294-06484]:main():build-tree.cc:143) For pdf-id 1151, low count 99
VLOG[1] (build-tree[5.5.294-06484]:main():build-tree.cc:143) For pdf-id 1152, low count 56
VLOG[1] (build-tree[5.5.294-06484]:main():build-tree.cc:143) For pdf-id 1158, low count 74
VLOG[1] (build-tree[5.5.294-06484]:main():build-tree.cc:143) For pdf-id 1160, low count 65
VLOG[1] (build-tree[5.5.294-06484]:main():build-tree.cc:143) For pdf-id 1161, low count 70
VLOG[1] (build-tree[5.5.294-06484]:main():build-tree.cc:143) For pdf-id 1172, low count 69
VLOG[1] (build-tree[5.5.294-06484]:main():build-tree.cc:143) For pdf-id 1178, low count 55
VLOG[1] (build-tree[5.5.294-06484]:main():build-tree.cc:143) For pdf-id 1179, low count 49
VLOG[1] (build-tree[5.5.294-06484]:main():build-tree.cc:143) For pdf-id 1182, low count 74
VLOG[1] (build-tree[5.5.294-06484]:main():build-tree.cc:143) For pdf-id 1191, low count 73
VLOG[1] (build-tree[5.5.294-06484]:main():build-tree.cc:143) For pdf-id 1196, low count 26
VLOG[1] (build-tree[5.5.294-06484]:main():build-tree.cc:143) For pdf-id 1197, low count 61
VLOG[1] (build-tree[5.5.294-06484]:main():build-tree.cc:143) For pdf-id 1203, low count 50
VLOG[1] (build-tree[5.5.294-06484]:main():build-tree.cc:143) For pdf-id 1205, low count 59
VLOG[1] (build-tree[5.5.294-06484]:main():build-tree.cc:143) For pdf-id 1210, low count 76
VLOG[1] (build-tree[5.5.294-06484]:main():build-tree.cc:143) For pdf-id 1212, low count 66
VLOG[1] (build-tree[5.5.294-06484]:main():build-tree.cc:143) For pdf-id 1215, low count 92
VLOG[1] (build-tree[5.5.294-06484]:main():build-tree.cc:143) For pdf-id 1216, low count 62
VLOG[1] (build-tree[5.5.294-06484]:main():build-tree.cc:143) For pdf-id 1217, low count 91
VLOG[1] (build-tree[5.5.294-06484]:main():build-tree.cc:143) For pdf-id 1228, low count 38
VLOG[1] (build-tree[5.5.294-06484]:main():build-tree.cc:143) For pdf-id 1229, low count 37
VLOG[1] (build-tree[5.5.294-06484]:main():build-tree.cc:143) For pdf-id 1231, low count 79
VLOG[1] (build-tree[5.5.294-06484]:main():build-tree.cc:143) For pdf-id 1232, low count 38
VLOG[1] (build-tree[5.5.294-06484]:main():build-tree.cc:143) For pdf-id 1237, low count 75
VLOG[1] (build-tree[5.5.294-06484]:main():build-tree.cc:143) For pdf-id 1238, low count 79
VLOG[1] (build-tree[5.5.294-06484]:main():build-tree.cc:143) For pdf-id 1243, low count 88
VLOG[1] (build-tree[5.5.294-06484]:main():build-tree.cc:143) For pdf-id 1250, low count 62
VLOG[1] (build-tree[5.5.294-06484]:main():build-tree.cc:143) For pdf-id 1260, low count 42
VLOG[1] (build-tree[5.5.294-06484]:main():build-tree.cc:143) For pdf-id 1264, low count 92
VLOG[1] (build-tree[5.5.294-06484]:main():build-tree.cc:143) For pdf-id 1266, low count 38
VLOG[1] (build-tree[5.5.294-06484]:main():build-tree.cc:143) For pdf-id 1268, low count 98
VLOG[1] (build-tree[5.5.294-06484]:main():build-tree.cc:143) For pdf-id 1271, low count 40
VLOG[1] (build-tree[5.5.294-06484]:main():build-tree.cc:143) For pdf-id 1273, low count 82
VLOG[1] (build-tree[5.5.294-06484]:main():build-tree.cc:143) For pdf-id 1274, low count 97
VLOG[1] (build-tree[5.5.294-06484]:main():build-tree.cc:143) For pdf-id 1276, low count 88
VLOG[1] (build-tree[5.5.294-06484]:main():build-tree.cc:143) For pdf-id 1278, low count 43
VLOG[1] (build-tree[5.5.294-06484]:main():build-tree.cc:143) For pdf-id 1286, low count 17
VLOG[1] (build-tree[5.5.294-06484]:main():build-tree.cc:143) For pdf-id 1289, low count 84
VLOG[1] (build-tree[5.5.294-06484]:main():build-tree.cc:143) For pdf-id 1296, low count 95
VLOG[1] (build-tree[5.5.294-06484]:main():build-tree.cc:143) For pdf-id 1297, low count 52
VLOG[1] (build-tree[5.5.294-06484]:main():build-tree.cc:143) For pdf-id 1301, low count 58
VLOG[1] (build-tree[5.5.294-06484]:main():build-tree.cc:143) For pdf-id 1303, low count 75
VLOG[1] (build-tree[5.5.294-06484]:main():build-tree.cc:143) For pdf-id 1304, low count 99
VLOG[1] (build-tree[5.5.294-06484]:main():build-tree.cc:143) For pdf-id 1314, low count 89
VLOG[1] (build-tree[5.5.294-06484]:main():build-tree.cc:143) For pdf-id 1324, low count 80
VLOG[1] (build-tree[5.5.294-06484]:main():build-tree.cc:143) For pdf-id 1330, low count 77
VLOG[1] (build-tree[5.5.294-06484]:main():build-tree.cc:143) For pdf-id 1337, low count 44
VLOG[1] (build-tree[5.5.294-06484]:main():build-tree.cc:143) For pdf-id 1343, low count 42
VLOG[1] (build-tree[5.5.294-06484]:main():build-tree.cc:143) For pdf-id 1349, low count 49
VLOG[1] (build-tree[5.5.294-06484]:main():build-tree.cc:143) For pdf-id 1351, low count 22
VLOG[1] (build-tree[5.5.294-06484]:main():build-tree.cc:143) For pdf-id 1352, low count 78
VLOG[1] (build-tree[5.5.294-06484]:main():build-tree.cc:143) For pdf-id 1353, low count 90
VLOG[1] (build-tree[5.5.294-06484]:main():build-tree.cc:143) For pdf-id 1357, low count 96
VLOG[1] (build-tree[5.5.294-06484]:main():build-tree.cc:143) For pdf-id 1359, low count 70
VLOG[1] (build-tree[5.5.294-06484]:main():build-tree.cc:143) For pdf-id 1361, low count 69
VLOG[1] (build-tree[5.5.294-06484]:main():build-tree.cc:143) For pdf-id 1364, low count 73
VLOG[1] (build-tree[5.5.294-06484]:main():build-tree.cc:143) For pdf-id 1366, low count 82
VLOG[1] (build-tree[5.5.294-06484]:main():build-tree.cc:143) For pdf-id 1367, low count 22
VLOG[1] (build-tree[5.5.294-06484]:main():build-tree.cc:143) For pdf-id 1370, low count 90
VLOG[1] (build-tree[5.5.294-06484]:main():build-tree.cc:143) For pdf-id 1375, low count 67
VLOG[1] (build-tree[5.5.294-06484]:main():build-tree.cc:143) For pdf-id 1386, low count 61
VLOG[1] (build-tree[5.5.294-06484]:main():build-tree.cc:143) For pdf-id 1388, low count 64
VLOG[1] (build-tree[5.5.294-06484]:main():build-tree.cc:143) For pdf-id 1392, low count 34
VLOG[1] (build-tree[5.5.294-06484]:main():build-tree.cc:143) For pdf-id 1401, low count 10
VLOG[1] (build-tree[5.5.294-06484]:main():build-tree.cc:143) For pdf-id 1405, low count 72
VLOG[1] (build-tree[5.5.294-06484]:main():build-tree.cc:143) For pdf-id 1418, low count 85
VLOG[1] (build-tree[5.5.294-06484]:main():build-tree.cc:143) For pdf-id 1422, low count 69
VLOG[1] (build-tree[5.5.294-06484]:main():build-tree.cc:143) For pdf-id 1427, low count 58
VLOG[1] (build-tree[5.5.294-06484]:main():build-tree.cc:143) For pdf-id 1433, low count 86
VLOG[1] (build-tree[5.5.294-06484]:main():build-tree.cc:143) For pdf-id 1437, low count 81
VLOG[1] (build-tree[5.5.294-06484]:main():build-tree.cc:143) For pdf-id 1444, low count 87
VLOG[1] (build-tree[5.5.294-06484]:main():build-tree.cc:143) For pdf-id 1445, low count 75
VLOG[1] (build-tree[5.5.294-06484]:main():build-tree.cc:143) For pdf-id 1450, low count 67
VLOG[1] (build-tree[5.5.294-06484]:main():build-tree.cc:143) For pdf-id 1451, low count 30
VLOG[1] (build-tree[5.5.294-06484]:main():build-tree.cc:143) For pdf-id 1454, low count 86
VLOG[1] (build-tree[5.5.294-06484]:main():build-tree.cc:143) For pdf-id 1462, low count 77
VLOG[1] (build-tree[5.5.294-06484]:main():build-tree.cc:143) For pdf-id 1465, low count 83
VLOG[1] (build-tree[5.5.294-06484]:main():build-tree.cc:143) For pdf-id 1490, low count 98
VLOG[1] (build-tree[5.5.294-06484]:main():build-tree.cc:143) For pdf-id 1498, low count 67
VLOG[1] (build-tree[5.5.294-06484]:main():build-tree.cc:143) For pdf-id 1510, low count 12
VLOG[1] (build-tree[5.5.294-06484]:main():build-tree.cc:143) For pdf-id 1516, low count 69
VLOG[1] (build-tree[5.5.294-06484]:main():build-tree.cc:143) For pdf-id 1521, low count 57
VLOG[1] (build-tree[5.5.294-06484]:main():build-tree.cc:143) For pdf-id 1523, low count 23
VLOG[1] (build-tree[5.5.294-06484]:main():build-tree.cc:143) For pdf-id 1532, low count 58
VLOG[1] (build-tree[5.5.294-06484]:main():build-tree.cc:143) For pdf-id 1537, low count 88
VLOG[1] (build-tree[5.5.294-06484]:main():build-tree.cc:143) For pdf-id 1553, low count 19
VLOG[1] (build-tree[5.5.294-06484]:main():build-tree.cc:143) For pdf-id 1556, low count 58
VLOG[1] (build-tree[5.5.294-06484]:main():build-tree.cc:143) For pdf-id 1567, low count 81
VLOG[1] (build-tree[5.5.294-06484]:main():build-tree.cc:143) For pdf-id 1568, low count 83
VLOG[1] (build-tree[5.5.294-06484]:main():build-tree.cc:143) For pdf-id 1570, low count 78
VLOG[1] (build-tree[5.5.294-06484]:main():build-tree.cc:143) For pdf-id 1573, low count 70
VLOG[1] (build-tree[5.5.294-06484]:main():build-tree.cc:143) For pdf-id 1580, low count 26
VLOG[1] (build-tree[5.5.294-06484]:main():build-tree.cc:143) For pdf-id 1583, low count 48
VLOG[1] (build-tree[5.5.294-06484]:main():build-tree.cc:143) For pdf-id 1591, low count 46
VLOG[1] (build-tree[5.5.294-06484]:main():build-tree.cc:143) For pdf-id 1592, low count 59
VLOG[1] (build-tree[5.5.294-06484]:main():build-tree.cc:143) For pdf-id 1595, low count 43
VLOG[1] (build-tree[5.5.294-06484]:main():build-tree.cc:143) For pdf-id 1596, low count 48
VLOG[1] (build-tree[5.5.294-06484]:main():build-tree.cc:143) For pdf-id 1597, low count 50
VLOG[1] (build-tree[5.5.294-06484]:main():build-tree.cc:143) For pdf-id 1598, low count 33
LOG (build-tree[5.5.294-06484]:main():build-tree.cc:189) Wrote tree
# Accounting: time=1 threads=1
# Ended (code 0) at Mon Apr 29 12:57:48 AEST 2019, elapsed time 1 seconds
