# gmm-est --power=0.2 --remove-low-count-gaussians=false exp/tri3/35.mdl "gmm-sum-accs - exp/tri3/35.*.acc|" exp/tri3/35.alimdl 
# Started at Mon Apr 29 12:58:11 AEST 2019
#
gmm-est --power=0.2 --remove-low-count-gaussians=false exp/tri3/35.mdl 'gmm-sum-accs - exp/tri3/35.*.acc|' exp/tri3/35.alimdl 
gmm-sum-accs - exp/tri3/35.1.acc exp/tri3/35.10.acc exp/tri3/35.2.acc exp/tri3/35.3.acc exp/tri3/35.4.acc exp/tri3/35.5.acc exp/tri3/35.6.acc exp/tri3/35.7.acc exp/tri3/35.8.acc exp/tri3/35.9.acc 
LOG (gmm-sum-accs[5.5.294-06484]:main():gmm-sum-accs.cc:63) Summed 10 stats, total count 376168, avg like/frame -44.4702
LOG (gmm-sum-accs[5.5.294-06484]:main():gmm-sum-accs.cc:66) Total count of stats is 376168
LOG (gmm-sum-accs[5.5.294-06484]:main():gmm-sum-accs.cc:67) Written stats to -
LOG (gmm-est[5.5.294-06484]:MleUpdate():transition-model.cc:528) TransitionModel::Update, objf change is 0 per frame over 376168 frames. 
LOG (gmm-est[5.5.294-06484]:MleUpdate():transition-model.cc:531) 69 probabilities floored, 4 out of 1717 transition-states skipped due to insuffient data (it is normal to have some skipped.)
LOG (gmm-est[5.5.294-06484]:main():gmm-est.cc:102) Transition model update: Overall 0 log-like improvement per frame over 376168 frames.
WARNING (gmm-est[5.5.294-06484]:MleDiagGmmUpdate():mle-diag-gmm.cc:365) Gaussian has too little data but not removing it because remove-low-count-gaussians == false: g = 5, occ = 9.96579, weight = 0.0267179
WARNING (gmm-est[5.5.294-06484]:MleDiagGmmUpdate():mle-diag-gmm.cc:365) Gaussian has too little data but not removing it because remove-low-count-gaussians == false: g = 14, occ = 9.66924, weight = 0.0292122
WARNING (gmm-est[5.5.294-06484]:MleDiagGmmUpdate():mle-diag-gmm.cc:365) Gaussian has too little data but not removing it because remove-low-count-gaussians == false: g = 0, occ = 10, weight = 1
WARNING (gmm-est[5.5.294-06484]:MleDiagGmmUpdate():mle-diag-gmm.cc:365) Gaussian has too little data but not removing it because remove-low-count-gaussians == false: g = 0, occ = 8, weight = 1
WARNING (gmm-est[5.5.294-06484]:MleDiagGmmUpdate():mle-diag-gmm.cc:365) Gaussian has too little data but not removing it because remove-low-count-gaussians == false: g = 0, occ = 7, weight = 1
WARNING (gmm-est[5.5.294-06484]:MleDiagGmmUpdate():mle-diag-gmm.cc:365) Gaussian has too little data but not removing it because remove-low-count-gaussians == false: g = 0, occ = 9, weight = 1
WARNING (gmm-est[5.5.294-06484]:MleDiagGmmUpdate():mle-diag-gmm.cc:365) Gaussian has too little data but not removing it because remove-low-count-gaussians == false: g = 2, occ = 9.9067, weight = 0.132089
WARNING (gmm-est[5.5.294-06484]:MleDiagGmmUpdate():mle-diag-gmm.cc:365) Gaussian has too little data but not removing it because remove-low-count-gaussians == false: g = 0, occ = 8, weight = 1
WARNING (gmm-est[5.5.294-06484]:MleDiagGmmUpdate():mle-diag-gmm.cc:365) Gaussian has too little data but not removing it because remove-low-count-gaussians == false: g = 0, occ = 8, weight = 1
WARNING (gmm-est[5.5.294-06484]:MleDiagGmmUpdate():mle-diag-gmm.cc:365) Gaussian has too little data but not removing it because remove-low-count-gaussians == false: g = 7, occ = 9.95915, weight = 0.050046
WARNING (gmm-est[5.5.294-06484]:MleDiagGmmUpdate():mle-diag-gmm.cc:365) Gaussian has too little data but not removing it because remove-low-count-gaussians == false: g = 4, occ = 9.14646, weight = 0.0677516
WARNING (gmm-est[5.5.294-06484]:MleDiagGmmUpdate():mle-diag-gmm.cc:365) Gaussian has too little data but not removing it because remove-low-count-gaussians == false: g = 0, occ = 10, weight = 1
LOG (gmm-est[5.5.294-06484]:MleAmDiagGmmUpdate():mle-am-diag-gmm.cc:225) 1 variance elements floored in 1 Gaussians, out of 15063
LOG (gmm-est[5.5.294-06484]:main():gmm-est.cc:113) GMM update: Overall 6.27068 objective function improvement per frame over 376168 frames
LOG (gmm-est[5.5.294-06484]:main():gmm-est.cc:116) GMM update: Overall avg like per frame = -44.4702 over 376168 frames.
LOG (gmm-est[5.5.294-06484]:main():gmm-est.cc:146) Written model to exp/tri3/35.alimdl
# Accounting: time=0 threads=1
# Ended (code 0) at Mon Apr 29 12:58:11 AEST 2019, elapsed time 0 seconds
