# ali-to-post "ark:gunzip -c exp/tri3/ali.10.gz|" ark:- | weight-silence-post 0.0 1 exp/tri3/12.mdl ark:- ark:- | gmm-est-fmllr --fmllr-update-type=full --spk2utt=ark:data/train/split10/10/spk2utt exp/tri3/12.mdl "ark,s,cs:apply-cmvn  --utt2spk=ark:data/train/split10/10/utt2spk scp:data/train/split10/10/cmvn.scp scp:data/train/split10/10/feats.scp ark:- | splice-feats --left-context=3 --right-context=3 ark:- ark:- | transform-feats exp/tri2_ali/final.mat ark:- ark:- | transform-feats --utt2spk=ark:data/train/split10/10/utt2spk ark:exp/tri3/trans.10 ark:- ark:- |" ark:- ark:exp/tri3/tmp_trans.10 
# Started at Mon Apr 29 12:57:57 AEST 2019
#
ali-to-post 'ark:gunzip -c exp/tri3/ali.10.gz|' ark:- 
weight-silence-post 0.0 1 exp/tri3/12.mdl ark:- ark:- 
gmm-est-fmllr --fmllr-update-type=full --spk2utt=ark:data/train/split10/10/spk2utt exp/tri3/12.mdl 'ark,s,cs:apply-cmvn  --utt2spk=ark:data/train/split10/10/utt2spk scp:data/train/split10/10/cmvn.scp scp:data/train/split10/10/feats.scp ark:- | splice-feats --left-context=3 --right-context=3 ark:- ark:- | transform-feats exp/tri2_ali/final.mat ark:- ark:- | transform-feats --utt2spk=ark:data/train/split10/10/utt2spk ark:exp/tri3/trans.10 ark:- ark:- |' ark:- ark:exp/tri3/tmp_trans.10 
transform-feats --utt2spk=ark:data/train/split10/10/utt2spk ark:exp/tri3/trans.10 ark:- ark:- 
transform-feats exp/tri2_ali/final.mat ark:- ark:- 
apply-cmvn --utt2spk=ark:data/train/split10/10/utt2spk scp:data/train/split10/10/cmvn.scp scp:data/train/split10/10/feats.scp ark:- 
splice-feats --left-context=3 --right-context=3 ark:- ark:- 
LOG (gmm-est-fmllr[5.5.294-06484]:ComputeFmllrMatrixDiagGmmFull():fmllr-diag-gmm.cc:262) fMLLR objf improvement is 0.17425 per frame over 2707 frames.
LOG (gmm-est-fmllr[5.5.294-06484]:main():gmm-est-fmllr.cc:143) For speaker MRML0, auxf-impr from fMLLR is 0.17425, over 2707 frames.
LOG (gmm-est-fmllr[5.5.294-06484]:ComputeFmllrMatrixDiagGmmFull():fmllr-diag-gmm.cc:262) fMLLR objf improvement is 0.141095 per frame over 2641 frames.
LOG (gmm-est-fmllr[5.5.294-06484]:main():gmm-est-fmllr.cc:143) For speaker MRSO0, auxf-impr from fMLLR is 0.141095, over 2641 frames.
LOG (gmm-est-fmllr[5.5.294-06484]:ComputeFmllrMatrixDiagGmmFull():fmllr-diag-gmm.cc:262) fMLLR objf improvement is 0.218676 per frame over 1903 frames.
LOG (gmm-est-fmllr[5.5.294-06484]:main():gmm-est-fmllr.cc:143) For speaker MRVG0, auxf-impr from fMLLR is 0.218676, over 1903 frames.
LOG (gmm-est-fmllr[5.5.294-06484]:ComputeFmllrMatrixDiagGmmFull():fmllr-diag-gmm.cc:262) fMLLR objf improvement is 0.1701 per frame over 2570 frames.
LOG (gmm-est-fmllr[5.5.294-06484]:main():gmm-est-fmllr.cc:143) For speaker MSAS0, auxf-impr from fMLLR is 0.1701, over 2570 frames.
LOG (gmm-est-fmllr[5.5.294-06484]:ComputeFmllrMatrixDiagGmmFull():fmllr-diag-gmm.cc:262) fMLLR objf improvement is 0.149989 per frame over 2230 frames.
LOG (gmm-est-fmllr[5.5.294-06484]:main():gmm-est-fmllr.cc:143) For speaker MSDH0, auxf-impr from fMLLR is 0.149989, over 2230 frames.
LOG (gmm-est-fmllr[5.5.294-06484]:ComputeFmllrMatrixDiagGmmFull():fmllr-diag-gmm.cc:262) fMLLR objf improvement is 0.142401 per frame over 2679 frames.
LOG (gmm-est-fmllr[5.5.294-06484]:main():gmm-est-fmllr.cc:143) For speaker MSEM1, auxf-impr from fMLLR is 0.142401, over 2679 frames.
LOG (gmm-est-fmllr[5.5.294-06484]:ComputeFmllrMatrixDiagGmmFull():fmllr-diag-gmm.cc:262) fMLLR objf improvement is 0.147122 per frame over 2162 frames.
LOG (gmm-est-fmllr[5.5.294-06484]:main():gmm-est-fmllr.cc:143) For speaker MSRR0, auxf-impr from fMLLR is 0.147122, over 2162 frames.
LOG (gmm-est-fmllr[5.5.294-06484]:ComputeFmllrMatrixDiagGmmFull():fmllr-diag-gmm.cc:262) fMLLR objf improvement is 0.154173 per frame over 2167 frames.
LOG (gmm-est-fmllr[5.5.294-06484]:main():gmm-est-fmllr.cc:143) For speaker MTAT0, auxf-impr from fMLLR is 0.154173, over 2167 frames.
LOG (gmm-est-fmllr[5.5.294-06484]:ComputeFmllrMatrixDiagGmmFull():fmllr-diag-gmm.cc:262) fMLLR objf improvement is 0.151244 per frame over 2564 frames.
LOG (gmm-est-fmllr[5.5.294-06484]:main():gmm-est-fmllr.cc:143) For speaker MTDP0, auxf-impr from fMLLR is 0.151244, over 2564 frames.
LOG (gmm-est-fmllr[5.5.294-06484]:ComputeFmllrMatrixDiagGmmFull():fmllr-diag-gmm.cc:262) fMLLR objf improvement is 0.165992 per frame over 2190 frames.
LOG (gmm-est-fmllr[5.5.294-06484]:main():gmm-est-fmllr.cc:143) For speaker MTMT0, auxf-impr from fMLLR is 0.165992, over 2190 frames.
LOG (gmm-est-fmllr[5.5.294-06484]:ComputeFmllrMatrixDiagGmmFull():fmllr-diag-gmm.cc:262) fMLLR objf improvement is 0.146031 per frame over 2149 frames.
LOG (gmm-est-fmllr[5.5.294-06484]:main():gmm-est-fmllr.cc:143) For speaker MVLO0, auxf-impr from fMLLR is 0.146031, over 2149 frames.
LOG (ali-to-post[5.5.294-06484]:main():ali-to-post.cc:73) Converted 120 alignments.
LOG (gmm-est-fmllr[5.5.294-06484]:ComputeFmllrMatrixDiagGmmFull():fmllr-diag-gmm.cc:262) fMLLR objf improvement is 0.156782 per frame over 2733 frames.
LOG (gmm-est-fmllr[5.5.294-06484]:main():gmm-est-fmllr.cc:143) For speaker MWAC0, auxf-impr from fMLLR is 0.156782, over 2733 frames.
LOG (gmm-est-fmllr[5.5.294-06484]:ComputeFmllrMatrixDiagGmmFull():fmllr-diag-gmm.cc:262) fMLLR objf improvement is 0.193468 per frame over 1747 frames.
LOG (gmm-est-fmllr[5.5.294-06484]:main():gmm-est-fmllr.cc:143) For speaker MWCH0, auxf-impr from fMLLR is 0.193468, over 1747 frames.
LOG (weight-silence-post[5.5.294-06484]:main():weight-silence-post.cc:95) Done 120 posteriors.
LOG (gmm-est-fmllr[5.5.294-06484]:ComputeFmllrMatrixDiagGmmFull():fmllr-diag-gmm.cc:262) fMLLR objf improvement is 0.16924 per frame over 2212 frames.
LOG (gmm-est-fmllr[5.5.294-06484]:main():gmm-est-fmllr.cc:143) For speaker MWEM0, auxf-impr from fMLLR is 0.16924, over 2212 frames.
LOG (apply-cmvn[5.5.294-06484]:main():apply-cmvn.cc:162) Applied cepstral mean normalization to 120 utterances, errors on 0
LOG (transform-feats[5.5.294-06484]:main():transform-feats.cc:158) Overall average [pseudo-]logdet is -88.9877 over 39483 frames.
LOG (transform-feats[5.5.294-06484]:main():transform-feats.cc:161) Applied transform to 120 utterances; 0 had errors.
LOG (transform-feats[5.5.294-06484]:main():transform-feats.cc:158) Overall average logdet is 2.91689 over 39483 frames.
LOG (transform-feats[5.5.294-06484]:main():transform-feats.cc:161) Applied transform to 120 utterances; 0 had errors.
LOG (gmm-est-fmllr[5.5.294-06484]:ComputeFmllrMatrixDiagGmmFull():fmllr-diag-gmm.cc:262) fMLLR objf improvement is 0.158802 per frame over 2608 frames.
LOG (gmm-est-fmllr[5.5.294-06484]:main():gmm-est-fmllr.cc:143) For speaker MWSH0, auxf-impr from fMLLR is 0.158802, over 2608 frames.
LOG (gmm-est-fmllr[5.5.294-06484]:main():gmm-est-fmllr.cc:188) Done 120 files, 0 with no posts, 0 with other errors.
LOG (gmm-est-fmllr[5.5.294-06484]:main():gmm-est-fmllr.cc:190) Overall fMLLR auxf impr per frame is 0.161247 over 35262 frames.
# Accounting: time=0 threads=1
# Ended (code 0) at Mon Apr 29 12:57:57 AEST 2019, elapsed time 0 seconds
