# gmm-est --power=0.2 --write-occs=exp/tri3/31.occs --mix-up=15000 exp/tri3/30.mdl "gmm-sum-accs - exp/tri3/30.*.acc |" exp/tri3/31.mdl 
# Started at Mon Apr 29 12:58:08 AEST 2019
#
gmm-est --power=0.2 --write-occs=exp/tri3/31.occs --mix-up=15000 exp/tri3/30.mdl 'gmm-sum-accs - exp/tri3/30.*.acc |' exp/tri3/31.mdl 
gmm-sum-accs - exp/tri3/30.1.acc exp/tri3/30.10.acc exp/tri3/30.2.acc exp/tri3/30.3.acc exp/tri3/30.4.acc exp/tri3/30.5.acc exp/tri3/30.6.acc exp/tri3/30.7.acc exp/tri3/30.8.acc exp/tri3/30.9.acc 
LOG (gmm-sum-accs[5.5.294-06484]:main():gmm-sum-accs.cc:63) Summed 10 stats, total count 376168, avg like/frame -44.6548
LOG (gmm-sum-accs[5.5.294-06484]:main():gmm-sum-accs.cc:66) Total count of stats is 376168
LOG (gmm-sum-accs[5.5.294-06484]:main():gmm-sum-accs.cc:67) Written stats to -
LOG (gmm-est[5.5.294-06484]:MleUpdate():transition-model.cc:528) TransitionModel::Update, objf change is 3.88786e-05 per frame over 376168 frames. 
LOG (gmm-est[5.5.294-06484]:MleUpdate():transition-model.cc:531) 69 probabilities floored, 4 out of 1717 transition-states skipped due to insuffient data (it is normal to have some skipped.)
LOG (gmm-est[5.5.294-06484]:main():gmm-est.cc:102) Transition model update: Overall 3.88786e-05 log-like improvement per frame over 376168 frames.
WARNING (gmm-est[5.5.294-06484]:MleDiagGmmUpdate():mle-diag-gmm.cc:359) Too little data - removing Gaussian (weight 0.038413, occupation count 9.487912, vector size 40)
WARNING (gmm-est[5.5.294-06484]:MleDiagGmmUpdate():mle-diag-gmm.cc:359) Too little data - removing Gaussian (weight 0.021900, occupation count 8.584618, vector size 40)
WARNING (gmm-est[5.5.294-06484]:MleDiagGmmUpdate():mle-diag-gmm.cc:359) Too little data - removing Gaussian (weight 0.022964, occupation count 9.713800, vector size 40)
WARNING (gmm-est[5.5.294-06484]:MleDiagGmmUpdate():mle-diag-gmm.cc:365) Gaussian has too little data but not removing it because it is the last Gaussian: i = 0, occ = 10, weight = 1
WARNING (gmm-est[5.5.294-06484]:MleDiagGmmUpdate():mle-diag-gmm.cc:359) Too little data - removing Gaussian (weight 0.035317, occupation count 9.641654, vector size 40)
WARNING (gmm-est[5.5.294-06484]:MleDiagGmmUpdate():mle-diag-gmm.cc:359) Too little data - removing Gaussian (weight 0.026151, occupation count 9.963587, vector size 40)
WARNING (gmm-est[5.5.294-06484]:MleDiagGmmUpdate():mle-diag-gmm.cc:365) Gaussian has too little data but not removing it because it is the last Gaussian: i = 0, occ = 8, weight = 1
WARNING (gmm-est[5.5.294-06484]:MleDiagGmmUpdate():mle-diag-gmm.cc:365) Gaussian has too little data but not removing it because it is the last Gaussian: i = 0, occ = 7, weight = 1
WARNING (gmm-est[5.5.294-06484]:MleDiagGmmUpdate():mle-diag-gmm.cc:365) Gaussian has too little data but not removing it because it is the last Gaussian: i = 0, occ = 9, weight = 1
WARNING (gmm-est[5.5.294-06484]:MleDiagGmmUpdate():mle-diag-gmm.cc:359) Too little data - removing Gaussian (weight 0.024554, occupation count 8.913056, vector size 40)
WARNING (gmm-est[5.5.294-06484]:MleDiagGmmUpdate():mle-diag-gmm.cc:359) Too little data - removing Gaussian (weight 0.133298, occupation count 9.997333, vector size 40)
WARNING (gmm-est[5.5.294-06484]:MleDiagGmmUpdate():mle-diag-gmm.cc:365) Gaussian has too little data but not removing it because it is the last Gaussian: i = 0, occ = 8, weight = 1
WARNING (gmm-est[5.5.294-06484]:MleDiagGmmUpdate():mle-diag-gmm.cc:365) Gaussian has too little data but not removing it because it is the last Gaussian: i = 0, occ = 8, weight = 1
WARNING (gmm-est[5.5.294-06484]:MleDiagGmmUpdate():mle-diag-gmm.cc:359) Too little data - removing Gaussian (weight 0.018011, occupation count 9.203859, vector size 40)
WARNING (gmm-est[5.5.294-06484]:MleDiagGmmUpdate():mle-diag-gmm.cc:359) Too little data - removing Gaussian (weight 0.042393, occupation count 9.962466, vector size 40)
WARNING (gmm-est[5.5.294-06484]:MleDiagGmmUpdate():mle-diag-gmm.cc:359) Too little data - removing Gaussian (weight 0.029211, occupation count 9.902581, vector size 40)
WARNING (gmm-est[5.5.294-06484]:MleDiagGmmUpdate():mle-diag-gmm.cc:359) Too little data - removing Gaussian (weight 0.020390, occupation count 9.216449, vector size 40)
WARNING (gmm-est[5.5.294-06484]:MleDiagGmmUpdate():mle-diag-gmm.cc:359) Too little data - removing Gaussian (weight 0.020664, occupation count 9.174919, vector size 40)
WARNING (gmm-est[5.5.294-06484]:MleDiagGmmUpdate():mle-diag-gmm.cc:359) Too little data - removing Gaussian (weight 0.016413, occupation count 8.091372, vector size 40)
WARNING (gmm-est[5.5.294-06484]:MleDiagGmmUpdate():mle-diag-gmm.cc:359) Too little data - removing Gaussian (weight 0.035091, occupation count 9.930860, vector size 40)
WARNING (gmm-est[5.5.294-06484]:MleDiagGmmUpdate():mle-diag-gmm.cc:359) Too little data - removing Gaussian (weight 0.023860, occupation count 9.997302, vector size 40)
WARNING (gmm-est[5.5.294-06484]:MleDiagGmmUpdate():mle-diag-gmm.cc:359) Too little data - removing Gaussian (weight 0.028817, occupation count 9.999567, vector size 40)
WARNING (gmm-est[5.5.294-06484]:MleDiagGmmUpdate():mle-diag-gmm.cc:365) Gaussian has too little data but not removing it because it is the last Gaussian: i = 0, occ = 10, weight = 1
WARNING (gmm-est[5.5.294-06484]:MleDiagGmmUpdate():mle-diag-gmm.cc:359) Too little data - removing Gaussian (weight 0.038161, occupation count 9.998248, vector size 40)
WARNING (gmm-est[5.5.294-06484]:MleDiagGmmUpdate():mle-diag-gmm.cc:359) Too little data - removing Gaussian (weight 0.065787, occupation count 9.999656, vector size 40)
WARNING (gmm-est[5.5.294-06484]:MleDiagGmmUpdate():mle-diag-gmm.cc:359) Too little data - removing Gaussian (weight 0.063887, occupation count 9.008031, vector size 40)
WARNING (gmm-est[5.5.294-06484]:MleDiagGmmUpdate():mle-diag-gmm.cc:359) Too little data - removing Gaussian (weight 0.042734, occupation count 9.999688, vector size 40)
LOG (gmm-est[5.5.294-06484]:MleAmDiagGmmUpdate():mle-am-diag-gmm.cc:225) 6 variance elements floored in 5 Gaussians, out of 15005
LOG (gmm-est[5.5.294-06484]:MleAmDiagGmmUpdate():mle-am-diag-gmm.cc:229) Removed 20 Gaussians due to counts < --min-gaussian-occupancy=10 and --remove-low-count-gaussians=true
LOG (gmm-est[5.5.294-06484]:main():gmm-est.cc:113) GMM update: Overall 0.0731147 objective function improvement per frame over 376168 frames
LOG (gmm-est[5.5.294-06484]:main():gmm-est.cc:116) GMM update: Overall avg like per frame = -44.6548 over 376168 frames.
LOG (gmm-est[5.5.294-06484]:SplitByCount():am-diag-gmm.cc:116) Split 1600 states with target = 15000, power = 0.2, perturb_factor = 0.01 and min_count = 20, split #Gauss from 15005 to 15064
LOG (gmm-est[5.5.294-06484]:main():gmm-est.cc:146) Written model to exp/tri3/31.mdl
# Accounting: time=0 threads=1
# Ended (code 0) at Mon Apr 29 12:58:08 AEST 2019, elapsed time 0 seconds
