# gmm-acc-stats-ali exp/tri3/28.mdl "ark,s,cs:apply-cmvn  --utt2spk=ark:data/train/split10/8/utt2spk scp:data/train/split10/8/cmvn.scp scp:data/train/split10/8/feats.scp ark:- | splice-feats --left-context=3 --right-context=3 ark:- ark:- | transform-feats exp/tri2_ali/final.mat ark:- ark:- | transform-feats --utt2spk=ark:data/train/split10/8/utt2spk ark:exp/tri3/trans.8 ark:- ark:- |" "ark,s,cs:gunzip -c exp/tri3/ali.8.gz|" exp/tri3/28.8.acc 
# Started at Mon Apr 29 16:38:36 AEST 2019
#
gmm-acc-stats-ali exp/tri3/28.mdl 'ark,s,cs:apply-cmvn  --utt2spk=ark:data/train/split10/8/utt2spk scp:data/train/split10/8/cmvn.scp scp:data/train/split10/8/feats.scp ark:- | splice-feats --left-context=3 --right-context=3 ark:- ark:- | transform-feats exp/tri2_ali/final.mat ark:- ark:- | transform-feats --utt2spk=ark:data/train/split10/8/utt2spk ark:exp/tri3/trans.8 ark:- ark:- |' 'ark,s,cs:gunzip -c exp/tri3/ali.8.gz|' exp/tri3/28.8.acc 
splice-feats --left-context=3 --right-context=3 ark:- ark:- 
transform-feats --utt2spk=ark:data/train/split10/8/utt2spk ark:exp/tri3/trans.8 ark:- ark:- 
transform-feats exp/tri2_ali/final.mat ark:- ark:- 
apply-cmvn --utt2spk=ark:data/train/split10/8/utt2spk scp:data/train/split10/8/cmvn.scp scp:data/train/split10/8/feats.scp ark:- 
LOG (gmm-acc-stats-ali[5.5.294-06484]:main():gmm-acc-stats-ali.cc:105) Processed 50 utterances; for utterance MSAT0_SI2156 avg. like is -49.5328 over 230 frames.
LOG (gmm-acc-stats-ali[5.5.294-06484]:main():gmm-acc-stats-ali.cc:105) Processed 100 utterances; for utterance MSJK0_SX156 avg. like is -46.0073 over 335 frames.
LOG (apply-cmvn[5.5.294-06484]:main():apply-cmvn.cc:162) Applied cepstral mean normalization to 128 utterances, errors on 0
LOG (transform-feats[5.5.294-06484]:main():transform-feats.cc:158) Overall average [pseudo-]logdet is -89.0921 over 37489 frames.
LOG (transform-feats[5.5.294-06484]:main():transform-feats.cc:161) Applied transform to 128 utterances; 0 had errors.
LOG (transform-feats[5.5.294-06484]:main():transform-feats.cc:158) Overall average logdet is 3.44513 over 37489 frames.
LOG (transform-feats[5.5.294-06484]:main():transform-feats.cc:161) Applied transform to 128 utterances; 0 had errors.
LOG (gmm-acc-stats-ali[5.5.294-06484]:main():gmm-acc-stats-ali.cc:112) Done 128 files, 0 with errors.
LOG (gmm-acc-stats-ali[5.5.294-06484]:main():gmm-acc-stats-ali.cc:115) Overall avg like per frame (Gaussian only) = -44.787 over 37489 frames.
LOG (gmm-acc-stats-ali[5.5.294-06484]:main():gmm-acc-stats-ali.cc:123) Written accs.
# Accounting: time=0 threads=1
# Ended (code 0) at Mon Apr 29 16:38:36 AEST 2019, elapsed time 0 seconds
