# gmm-acc-stats-ali exp/tri3/1.mdl "ark,s,cs:apply-cmvn  --utt2spk=ark:data/train/split10/5/utt2spk scp:data/train/split10/5/cmvn.scp scp:data/train/split10/5/feats.scp ark:- | splice-feats --left-context=3 --right-context=3 ark:- ark:- | transform-feats exp/tri2_ali/final.mat ark:- ark:- | transform-feats --utt2spk=ark:data/train/split10/5/utt2spk ark,s,cs:exp/tri3/trans.5 ark:- ark:- |" "ark,s,cs:gunzip -c exp/tri3/ali.5.gz|" exp/tri3/1.5.acc 
# Started at Mon Apr 29 16:38:19 AEST 2019
#
gmm-acc-stats-ali exp/tri3/1.mdl 'ark,s,cs:apply-cmvn  --utt2spk=ark:data/train/split10/5/utt2spk scp:data/train/split10/5/cmvn.scp scp:data/train/split10/5/feats.scp ark:- | splice-feats --left-context=3 --right-context=3 ark:- ark:- | transform-feats exp/tri2_ali/final.mat ark:- ark:- | transform-feats --utt2spk=ark:data/train/split10/5/utt2spk ark,s,cs:exp/tri3/trans.5 ark:- ark:- |' 'ark,s,cs:gunzip -c exp/tri3/ali.5.gz|' exp/tri3/1.5.acc 
splice-feats --left-context=3 --right-context=3 ark:- ark:- 
transform-feats exp/tri2_ali/final.mat ark:- ark:- 
transform-feats --utt2spk=ark:data/train/split10/5/utt2spk ark,s,cs:exp/tri3/trans.5 ark:- ark:- 
apply-cmvn --utt2spk=ark:data/train/split10/5/utt2spk scp:data/train/split10/5/cmvn.scp scp:data/train/split10/5/feats.scp ark:- 
LOG (gmm-acc-stats-ali[5.5.294-06484]:main():gmm-acc-stats-ali.cc:105) Processed 50 utterances; for utterance MDNS0_SI2271 avg. like is -50.7546 over 199 frames.
LOG (gmm-acc-stats-ali[5.5.294-06484]:main():gmm-acc-stats-ali.cc:105) Processed 100 utterances; for utterance MFER0_SX142 avg. like is -52.2097 over 284 frames.
LOG (apply-cmvn[5.5.294-06484]:main():apply-cmvn.cc:162) Applied cepstral mean normalization to 120 utterances, errors on 0
LOG (transform-feats[5.5.294-06484]:main():transform-feats.cc:158) Overall average [pseudo-]logdet is -89.0921 over 35543 frames.
LOG (transform-feats[5.5.294-06484]:main():transform-feats.cc:161) Applied transform to 120 utterances; 0 had errors.
LOG (transform-feats[5.5.294-06484]:main():transform-feats.cc:158) Overall average logdet is 1.38514 over 35543 frames.
LOG (transform-feats[5.5.294-06484]:main():transform-feats.cc:161) Applied transform to 120 utterances; 0 had errors.
LOG (gmm-acc-stats-ali[5.5.294-06484]:main():gmm-acc-stats-ali.cc:112) Done 120 files, 0 with errors.
LOG (gmm-acc-stats-ali[5.5.294-06484]:main():gmm-acc-stats-ali.cc:115) Overall avg like per frame (Gaussian only) = -52.2323 over 35543 frames.
LOG (gmm-acc-stats-ali[5.5.294-06484]:main():gmm-acc-stats-ali.cc:123) Written accs.
# Accounting: time=0 threads=1
# Ended (code 0) at Mon Apr 29 16:38:19 AEST 2019, elapsed time 0 seconds
