# ali-to-post "ark:gunzip -c exp/tri3/ali.6.gz|" ark:- | gmm-acc-stats-twofeats exp/tri3/35.mdl "ark,s,cs:apply-cmvn  --utt2spk=ark:data/train/split10/6/utt2spk scp:data/train/split10/6/cmvn.scp scp:data/train/split10/6/feats.scp ark:- | splice-feats --left-context=3 --right-context=3 ark:- ark:- | transform-feats exp/tri2_ali/final.mat ark:- ark:- | transform-feats --utt2spk=ark:data/train/split10/6/utt2spk ark:exp/tri3/trans.6 ark:- ark:- |" "ark,s,cs:apply-cmvn  --utt2spk=ark:data/train/split10/6/utt2spk scp:data/train/split10/6/cmvn.scp scp:data/train/split10/6/feats.scp ark:- | splice-feats --left-context=3 --right-context=3 ark:- ark:- | transform-feats exp/tri2_ali/final.mat ark:- ark:- |" ark,s,cs:- exp/tri3/35.6.acc 
# Started at Mon Apr 29 16:38:41 AEST 2019
#
ali-to-post 'ark:gunzip -c exp/tri3/ali.6.gz|' ark:- 
gmm-acc-stats-twofeats exp/tri3/35.mdl 'ark,s,cs:apply-cmvn  --utt2spk=ark:data/train/split10/6/utt2spk scp:data/train/split10/6/cmvn.scp scp:data/train/split10/6/feats.scp ark:- | splice-feats --left-context=3 --right-context=3 ark:- ark:- | transform-feats exp/tri2_ali/final.mat ark:- ark:- | transform-feats --utt2spk=ark:data/train/split10/6/utt2spk ark:exp/tri3/trans.6 ark:- ark:- |' 'ark,s,cs:apply-cmvn  --utt2spk=ark:data/train/split10/6/utt2spk scp:data/train/split10/6/cmvn.scp scp:data/train/split10/6/feats.scp ark:- | splice-feats --left-context=3 --right-context=3 ark:- ark:- | transform-feats exp/tri2_ali/final.mat ark:- ark:- |' ark,s,cs:- exp/tri3/35.6.acc 
splice-feats --left-context=3 --right-context=3 ark:- ark:- 
apply-cmvn --utt2spk=ark:data/train/split10/6/utt2spk scp:data/train/split10/6/cmvn.scp scp:data/train/split10/6/feats.scp ark:- 
transform-feats --utt2spk=ark:data/train/split10/6/utt2spk ark:exp/tri3/trans.6 ark:- ark:- 
transform-feats exp/tri2_ali/final.mat ark:- ark:- 
splice-feats --left-context=3 --right-context=3 ark:- ark:- 
transform-feats exp/tri2_ali/final.mat ark:- ark:- 
apply-cmvn --utt2spk=ark:data/train/split10/6/utt2spk scp:data/train/split10/6/cmvn.scp scp:data/train/split10/6/feats.scp ark:- 
LOG (gmm-acc-stats-twofeats[5.5.294-06484]:main():gmm-acc-stats-twofeats.cc:140) Average like for this file is -44.8368 over 290 frames.
LOG (gmm-acc-stats-twofeats[5.5.294-06484]:main():gmm-acc-stats-twofeats.cc:140) Average like for this file is -45.3464 over 205 frames.
LOG (gmm-acc-stats-twofeats[5.5.294-06484]:main():gmm-acc-stats-twofeats.cc:140) Average like for this file is -43.1612 over 471 frames.
LOG (gmm-acc-stats-twofeats[5.5.294-06484]:main():gmm-acc-stats-twofeats.cc:140) Average like for this file is -45.0157 over 358 frames.
LOG (gmm-acc-stats-twofeats[5.5.294-06484]:main():gmm-acc-stats-twofeats.cc:140) Average like for this file is -43.3128 over 233 frames.
LOG (gmm-acc-stats-twofeats[5.5.294-06484]:main():gmm-acc-stats-twofeats.cc:140) Average like for this file is -44.622 over 308 frames.
LOG (gmm-acc-stats-twofeats[5.5.294-06484]:main():gmm-acc-stats-twofeats.cc:140) Average like for this file is -41.1161 over 277 frames.
LOG (gmm-acc-stats-twofeats[5.5.294-06484]:main():gmm-acc-stats-twofeats.cc:140) Average like for this file is -48.331 over 264 frames.
LOG (gmm-acc-stats-twofeats[5.5.294-06484]:main():gmm-acc-stats-twofeats.cc:140) Average like for this file is -36.1385 over 271 frames.
LOG (gmm-acc-stats-twofeats[5.5.294-06484]:main():gmm-acc-stats-twofeats.cc:140) Average like for this file is -44.2893 over 265 frames.
LOG (gmm-acc-stats-twofeats[5.5.294-06484]:main():gmm-acc-stats-twofeats.cc:146) Avg like per frame so far is -43.5953
LOG (gmm-acc-stats-twofeats[5.5.294-06484]:main():gmm-acc-stats-twofeats.cc:140) Average like for this file is -44.1842 over 462 frames.
LOG (gmm-acc-stats-twofeats[5.5.294-06484]:main():gmm-acc-stats-twofeats.cc:140) Average like for this file is -44.0601 over 224 frames.
LOG (gmm-acc-stats-twofeats[5.5.294-06484]:main():gmm-acc-stats-twofeats.cc:140) Average like for this file is -37.9765 over 262 frames.
LOG (gmm-acc-stats-twofeats[5.5.294-06484]:main():gmm-acc-stats-twofeats.cc:140) Average like for this file is -37.7463 over 171 frames.
LOG (gmm-acc-stats-twofeats[5.5.294-06484]:main():gmm-acc-stats-twofeats.cc:140) Average like for this file is -47.7396 over 257 frames.
LOG (gmm-acc-stats-twofeats[5.5.294-06484]:main():gmm-acc-stats-twofeats.cc:140) Average like for this file is -41.932 over 283 frames.
LOG (gmm-acc-stats-twofeats[5.5.294-06484]:main():gmm-acc-stats-twofeats.cc:140) Average like for this file is -41.7898 over 540 frames.
LOG (gmm-acc-stats-twofeats[5.5.294-06484]:main():gmm-acc-stats-twofeats.cc:140) Average like for this file is -42.0624 over 131 frames.
LOG (gmm-acc-stats-twofeats[5.5.294-06484]:main():gmm-acc-stats-twofeats.cc:140) Average like for this file is -41.5103 over 144 frames.
LOG (gmm-acc-stats-twofeats[5.5.294-06484]:main():gmm-acc-stats-twofeats.cc:140) Average like for this file is -41.2198 over 507 frames.
LOG (gmm-acc-stats-twofeats[5.5.294-06484]:main():gmm-acc-stats-twofeats.cc:146) Avg like per frame so far is -42.8892
LOG (gmm-acc-stats-twofeats[5.5.294-06484]:main():gmm-acc-stats-twofeats.cc:140) Average like for this file is -47.0764 over 300 frames.
LOG (gmm-acc-stats-twofeats[5.5.294-06484]:main():gmm-acc-stats-twofeats.cc:140) Average like for this file is -43.5017 over 420 frames.
LOG (gmm-acc-stats-twofeats[5.5.294-06484]:main():gmm-acc-stats-twofeats.cc:140) Average like for this file is -43.2208 over 385 frames.
LOG (gmm-acc-stats-twofeats[5.5.294-06484]:main():gmm-acc-stats-twofeats.cc:140) Average like for this file is -46.8089 over 235 frames.
LOG (gmm-acc-stats-twofeats[5.5.294-06484]:main():gmm-acc-stats-twofeats.cc:140) Average like for this file is -43.7733 over 226 frames.
LOG (gmm-acc-stats-twofeats[5.5.294-06484]:main():gmm-acc-stats-twofeats.cc:140) Average like for this file is -39.6738 over 97 frames.
LOG (gmm-acc-stats-twofeats[5.5.294-06484]:main():gmm-acc-stats-twofeats.cc:140) Average like for this file is -43.8817 over 443 frames.
LOG (gmm-acc-stats-twofeats[5.5.294-06484]:main():gmm-acc-stats-twofeats.cc:140) Average like for this file is -44.2936 over 230 frames.
LOG (gmm-acc-stats-twofeats[5.5.294-06484]:main():gmm-acc-stats-twofeats.cc:140) Average like for this file is -43.4257 over 253 frames.
LOG (gmm-acc-stats-twofeats[5.5.294-06484]:main():gmm-acc-stats-twofeats.cc:140) Average like for this file is -42.9195 over 251 frames.
LOG (gmm-acc-stats-twofeats[5.5.294-06484]:main():gmm-acc-stats-twofeats.cc:146) Avg like per frame so far is -43.2722
LOG (gmm-acc-stats-twofeats[5.5.294-06484]:main():gmm-acc-stats-twofeats.cc:140) Average like for this file is -46.4467 over 289 frames.
LOG (gmm-acc-stats-twofeats[5.5.294-06484]:main():gmm-acc-stats-twofeats.cc:140) Average like for this file is -44.4761 over 293 frames.
LOG (gmm-acc-stats-twofeats[5.5.294-06484]:main():gmm-acc-stats-twofeats.cc:140) Average like for this file is -44.1916 over 440 frames.
LOG (gmm-acc-stats-twofeats[5.5.294-06484]:main():gmm-acc-stats-twofeats.cc:140) Average like for this file is -43.8354 over 370 frames.
LOG (gmm-acc-stats-twofeats[5.5.294-06484]:main():gmm-acc-stats-twofeats.cc:140) Average like for this file is -47.4994 over 277 frames.
LOG (gmm-acc-stats-twofeats[5.5.294-06484]:main():gmm-acc-stats-twofeats.cc:140) Average like for this file is -46.404 over 248 frames.
LOG (gmm-acc-stats-twofeats[5.5.294-06484]:main():gmm-acc-stats-twofeats.cc:140) Average like for this file is -43.8507 over 240 frames.
LOG (gmm-acc-stats-twofeats[5.5.294-06484]:main():gmm-acc-stats-twofeats.cc:140) Average like for this file is -47.7419 over 343 frames.
LOG (gmm-acc-stats-twofeats[5.5.294-06484]:main():gmm-acc-stats-twofeats.cc:140) Average like for this file is -45.2502 over 308 frames.
LOG (gmm-acc-stats-twofeats[5.5.294-06484]:main():gmm-acc-stats-twofeats.cc:140) Average like for this file is -44.2167 over 305 frames.
LOG (gmm-acc-stats-twofeats[5.5.294-06484]:main():gmm-acc-stats-twofeats.cc:146) Avg like per frame so far is -43.8111
LOG (gmm-acc-stats-twofeats[5.5.294-06484]:main():gmm-acc-stats-twofeats.cc:140) Average like for this file is -42.3552 over 128 frames.
LOG (gmm-acc-stats-twofeats[5.5.294-06484]:main():gmm-acc-stats-twofeats.cc:140) Average like for this file is -45.3123 over 419 frames.
LOG (gmm-acc-stats-twofeats[5.5.294-06484]:main():gmm-acc-stats-twofeats.cc:140) Average like for this file is -44.8219 over 293 frames.
LOG (gmm-acc-stats-twofeats[5.5.294-06484]:main():gmm-acc-stats-twofeats.cc:140) Average like for this file is -43.7848 over 338 frames.
LOG (gmm-acc-stats-twofeats[5.5.294-06484]:main():gmm-acc-stats-twofeats.cc:140) Average like for this file is -43.7155 over 205 frames.
LOG (gmm-acc-stats-twofeats[5.5.294-06484]:main():gmm-acc-stats-twofeats.cc:140) Average like for this file is -43.5961 over 266 frames.
LOG (gmm-acc-stats-twofeats[5.5.294-06484]:main():gmm-acc-stats-twofeats.cc:140) Average like for this file is -47.191 over 255 frames.
LOG (gmm-acc-stats-twofeats[5.5.294-06484]:main():gmm-acc-stats-twofeats.cc:140) Average like for this file is -44.6952 over 254 frames.
LOG (gmm-acc-stats-twofeats[5.5.294-06484]:main():gmm-acc-stats-twofeats.cc:140) Average like for this file is -43.4663 over 289 frames.
LOG (gmm-acc-stats-twofeats[5.5.294-06484]:main():gmm-acc-stats-twofeats.cc:140) Average like for this file is -45.772 over 258 frames.
LOG (gmm-acc-stats-twofeats[5.5.294-06484]:main():gmm-acc-stats-twofeats.cc:146) Avg like per frame so far is -43.9583
LOG (gmm-acc-stats-twofeats[5.5.294-06484]:main():gmm-acc-stats-twofeats.cc:140) Average like for this file is -46.5022 over 269 frames.
LOG (gmm-acc-stats-twofeats[5.5.294-06484]:main():gmm-acc-stats-twofeats.cc:140) Average like for this file is -47.2836 over 411 frames.
LOG (gmm-acc-stats-twofeats[5.5.294-06484]:main():gmm-acc-stats-twofeats.cc:140) Average like for this file is -46.316 over 322 frames.
LOG (gmm-acc-stats-twofeats[5.5.294-06484]:main():gmm-acc-stats-twofeats.cc:140) Average like for this file is -42.5551 over 264 frames.
LOG (gmm-acc-stats-twofeats[5.5.294-06484]:main():gmm-acc-stats-twofeats.cc:140) Average like for this file is -48.03 over 276 frames.
LOG (gmm-acc-stats-twofeats[5.5.294-06484]:main():gmm-acc-stats-twofeats.cc:140) Average like for this file is -45.8868 over 360 frames.
LOG (gmm-acc-stats-twofeats[5.5.294-06484]:main():gmm-acc-stats-twofeats.cc:140) Average like for this file is -44.5568 over 194 frames.
LOG (gmm-acc-stats-twofeats[5.5.294-06484]:main():gmm-acc-stats-twofeats.cc:140) Average like for this file is -42.7757 over 392 frames.
LOG (gmm-acc-stats-twofeats[5.5.294-06484]:main():gmm-acc-stats-twofeats.cc:140) Average like for this file is -47.448 over 271 frames.
LOG (gmm-acc-stats-twofeats[5.5.294-06484]:main():gmm-acc-stats-twofeats.cc:140) Average like for this file is -46.0155 over 212 frames.
LOG (gmm-acc-stats-twofeats[5.5.294-06484]:main():gmm-acc-stats-twofeats.cc:146) Avg like per frame so far is -44.2598
LOG (gmm-acc-stats-twofeats[5.5.294-06484]:main():gmm-acc-stats-twofeats.cc:140) Average like for this file is -45.5937 over 305 frames.
LOG (gmm-acc-stats-twofeats[5.5.294-06484]:main():gmm-acc-stats-twofeats.cc:140) Average like for this file is -46.6307 over 198 frames.
LOG (gmm-acc-stats-twofeats[5.5.294-06484]:main():gmm-acc-stats-twofeats.cc:140) Average like for this file is -44.3476 over 245 frames.
LOG (gmm-acc-stats-twofeats[5.5.294-06484]:main():gmm-acc-stats-twofeats.cc:140) Average like for this file is -46.5297 over 209 frames.
LOG (gmm-acc-stats-twofeats[5.5.294-06484]:main():gmm-acc-stats-twofeats.cc:140) Average like for this file is -48.2593 over 250 frames.
LOG (gmm-acc-stats-twofeats[5.5.294-06484]:main():gmm-acc-stats-twofeats.cc:140) Average like for this file is -42.5844 over 444 frames.
LOG (gmm-acc-stats-twofeats[5.5.294-06484]:main():gmm-acc-stats-twofeats.cc:140) Average like for this file is -41.1421 over 291 frames.
LOG (gmm-acc-stats-twofeats[5.5.294-06484]:main():gmm-acc-stats-twofeats.cc:140) Average like for this file is -39.5141 over 381 frames.
LOG (gmm-acc-stats-twofeats[5.5.294-06484]:main():gmm-acc-stats-twofeats.cc:140) Average like for this file is -41.1535 over 234 frames.
LOG (gmm-acc-stats-twofeats[5.5.294-06484]:main():gmm-acc-stats-twofeats.cc:140) Average like for this file is -40.1421 over 348 frames.
LOG (gmm-acc-stats-twofeats[5.5.294-06484]:main():gmm-acc-stats-twofeats.cc:146) Avg like per frame so far is -44.1011
LOG (gmm-acc-stats-twofeats[5.5.294-06484]:main():gmm-acc-stats-twofeats.cc:140) Average like for this file is -40.9634 over 312 frames.
LOG (gmm-acc-stats-twofeats[5.5.294-06484]:main():gmm-acc-stats-twofeats.cc:140) Average like for this file is -47.7943 over 261 frames.
LOG (gmm-acc-stats-twofeats[5.5.294-06484]:main():gmm-acc-stats-twofeats.cc:140) Average like for this file is -44.1674 over 308 frames.
LOG (gmm-acc-stats-twofeats[5.5.294-06484]:main():gmm-acc-stats-twofeats.cc:140) Average like for this file is -46.8771 over 210 frames.
LOG (gmm-acc-stats-twofeats[5.5.294-06484]:main():gmm-acc-stats-twofeats.cc:140) Average like for this file is -47.0241 over 263 frames.
LOG (gmm-acc-stats-twofeats[5.5.294-06484]:main():gmm-acc-stats-twofeats.cc:140) Average like for this file is -46.6032 over 312 frames.
LOG (gmm-acc-stats-twofeats[5.5.294-06484]:main():gmm-acc-stats-twofeats.cc:140) Average like for this file is -48.7171 over 172 frames.
LOG (gmm-acc-stats-twofeats[5.5.294-06484]:main():gmm-acc-stats-twofeats.cc:140) Average like for this file is -45.3721 over 315 frames.
LOG (gmm-acc-stats-twofeats[5.5.294-06484]:main():gmm-acc-stats-twofeats.cc:140) Average like for this file is -45.6554 over 344 frames.
LOG (gmm-acc-stats-twofeats[5.5.294-06484]:main():gmm-acc-stats-twofeats.cc:140) Average like for this file is -47.517 over 234 frames.
LOG (gmm-acc-stats-twofeats[5.5.294-06484]:main():gmm-acc-stats-twofeats.cc:146) Avg like per frame so far is -44.3023
LOG (gmm-acc-stats-twofeats[5.5.294-06484]:main():gmm-acc-stats-twofeats.cc:140) Average like for this file is -45.6618 over 469 frames.
LOG (gmm-acc-stats-twofeats[5.5.294-06484]:main():gmm-acc-stats-twofeats.cc:140) Average like for this file is -47.8465 over 243 frames.
LOG (gmm-acc-stats-twofeats[5.5.294-06484]:main():gmm-acc-stats-twofeats.cc:140) Average like for this file is -45.5804 over 452 frames.
LOG (gmm-acc-stats-twofeats[5.5.294-06484]:main():gmm-acc-stats-twofeats.cc:140) Average like for this file is -49.7297 over 280 frames.
LOG (gmm-acc-stats-twofeats[5.5.294-06484]:main():gmm-acc-stats-twofeats.cc:140) Average like for this file is -44.676 over 318 frames.
LOG (gmm-acc-stats-twofeats[5.5.294-06484]:main():gmm-acc-stats-twofeats.cc:140) Average like for this file is -45.1208 over 281 frames.
LOG (gmm-acc-stats-twofeats[5.5.294-06484]:main():gmm-acc-stats-twofeats.cc:140) Average like for this file is -45.7772 over 242 frames.
LOG (gmm-acc-stats-twofeats[5.5.294-06484]:main():gmm-acc-stats-twofeats.cc:140) Average like for this file is -46.6164 over 297 frames.
LOG (gmm-acc-stats-twofeats[5.5.294-06484]:main():gmm-acc-stats-twofeats.cc:140) Average like for this file is -43.795 over 328 frames.
LOG (gmm-acc-stats-twofeats[5.5.294-06484]:main():gmm-acc-stats-twofeats.cc:140) Average like for this file is -44.4908 over 440 frames.
LOG (gmm-acc-stats-twofeats[5.5.294-06484]:main():gmm-acc-stats-twofeats.cc:146) Avg like per frame so far is -44.4872
LOG (gmm-acc-stats-twofeats[5.5.294-06484]:main():gmm-acc-stats-twofeats.cc:140) Average like for this file is -45.7225 over 294 frames.
LOG (gmm-acc-stats-twofeats[5.5.294-06484]:main():gmm-acc-stats-twofeats.cc:140) Average like for this file is -46.3557 over 415 frames.
LOG (gmm-acc-stats-twofeats[5.5.294-06484]:main():gmm-acc-stats-twofeats.cc:140) Average like for this file is -43.7786 over 312 frames.
LOG (gmm-acc-stats-twofeats[5.5.294-06484]:main():gmm-acc-stats-twofeats.cc:140) Average like for this file is -45.5147 over 306 frames.
LOG (gmm-acc-stats-twofeats[5.5.294-06484]:main():gmm-acc-stats-twofeats.cc:140) Average like for this file is -46.3356 over 388 frames.
LOG (gmm-acc-stats-twofeats[5.5.294-06484]:main():gmm-acc-stats-twofeats.cc:140) Average like for this file is -48.8576 over 250 frames.
LOG (gmm-acc-stats-twofeats[5.5.294-06484]:main():gmm-acc-stats-twofeats.cc:140) Average like for this file is -47.1588 over 422 frames.
LOG (gmm-acc-stats-twofeats[5.5.294-06484]:main():gmm-acc-stats-twofeats.cc:140) Average like for this file is -44.7755 over 331 frames.
LOG (gmm-acc-stats-twofeats[5.5.294-06484]:main():gmm-acc-stats-twofeats.cc:140) Average like for this file is -45.5653 over 184 frames.
LOG (gmm-acc-stats-twofeats[5.5.294-06484]:main():gmm-acc-stats-twofeats.cc:140) Average like for this file is -47.8073 over 282 frames.
LOG (gmm-acc-stats-twofeats[5.5.294-06484]:main():gmm-acc-stats-twofeats.cc:146) Avg like per frame so far is -44.6688
LOG (gmm-acc-stats-twofeats[5.5.294-06484]:main():gmm-acc-stats-twofeats.cc:140) Average like for this file is -46.6967 over 214 frames.
LOG (gmm-acc-stats-twofeats[5.5.294-06484]:main():gmm-acc-stats-twofeats.cc:140) Average like for this file is -42.6995 over 288 frames.
LOG (gmm-acc-stats-twofeats[5.5.294-06484]:main():gmm-acc-stats-twofeats.cc:140) Average like for this file is -46.9628 over 235 frames.
LOG (gmm-acc-stats-twofeats[5.5.294-06484]:main():gmm-acc-stats-twofeats.cc:140) Average like for this file is -45.7652 over 260 frames.
LOG (gmm-acc-stats-twofeats[5.5.294-06484]:main():gmm-acc-stats-twofeats.cc:140) Average like for this file is -44.0895 over 155 frames.
LOG (gmm-acc-stats-twofeats[5.5.294-06484]:main():gmm-acc-stats-twofeats.cc:140) Average like for this file is -43.603 over 247 frames.
LOG (gmm-acc-stats-twofeats[5.5.294-06484]:main():gmm-acc-stats-twofeats.cc:140) Average like for this file is -43.9718 over 349 frames.
LOG (gmm-acc-stats-twofeats[5.5.294-06484]:main():gmm-acc-stats-twofeats.cc:140) Average like for this file is -43.5533 over 315 frames.
LOG (gmm-acc-stats-twofeats[5.5.294-06484]:main():gmm-acc-stats-twofeats.cc:140) Average like for this file is -43.7672 over 346 frames.
LOG (gmm-acc-stats-twofeats[5.5.294-06484]:main():gmm-acc-stats-twofeats.cc:140) Average like for this file is -47.4852 over 460 frames.
LOG (gmm-acc-stats-twofeats[5.5.294-06484]:main():gmm-acc-stats-twofeats.cc:146) Avg like per frame so far is -44.6911
LOG (gmm-acc-stats-twofeats[5.5.294-06484]:main():gmm-acc-stats-twofeats.cc:140) Average like for this file is -47.0303 over 340 frames.
LOG (ali-to-post[5.5.294-06484]:main():ali-to-post.cc:73) Converted 128 alignments.
LOG (gmm-acc-stats-twofeats[5.5.294-06484]:main():gmm-acc-stats-twofeats.cc:140) Average like for this file is -46.3209 over 385 frames.
LOG (gmm-acc-stats-twofeats[5.5.294-06484]:main():gmm-acc-stats-twofeats.cc:140) Average like for this file is -45.6519 over 385 frames.
LOG (gmm-acc-stats-twofeats[5.5.294-06484]:main():gmm-acc-stats-twofeats.cc:140) Average like for this file is -49.2963 over 164 frames.
LOG (gmm-acc-stats-twofeats[5.5.294-06484]:main():gmm-acc-stats-twofeats.cc:140) Average like for this file is -49.1122 over 284 frames.
LOG (gmm-acc-stats-twofeats[5.5.294-06484]:main():gmm-acc-stats-twofeats.cc:140) Average like for this file is -42.8021 over 222 frames.
LOG (gmm-acc-stats-twofeats[5.5.294-06484]:main():gmm-acc-stats-twofeats.cc:140) Average like for this file is -44.7837 over 224 frames.
LOG (apply-cmvn[5.5.294-06484]:main():apply-cmvn.cc:162) Applied cepstral mean normalization to 128 utterances, errors on 0
LOG (gmm-acc-stats-twofeats[5.5.294-06484]:main():gmm-acc-stats-twofeats.cc:140) Average like for this file is -45.7717 over 340 frames.
LOG (gmm-acc-stats-twofeats[5.5.294-06484]:main():gmm-acc-stats-twofeats.cc:140) Average like for this file is -45.2658 over 207 frames.
LOG (apply-cmvn[5.5.294-06484]:main():apply-cmvn.cc:162) Applied cepstral mean normalization to 128 utterances, errors on 0
LOG (gmm-acc-stats-twofeats[5.5.294-06484]:main():gmm-acc-stats-twofeats.cc:140) Average like for this file is -46.2577 over 271 frames.
LOG (gmm-acc-stats-twofeats[5.5.294-06484]:main():gmm-acc-stats-twofeats.cc:146) Avg like per frame so far is -44.813
LOG (gmm-acc-stats-twofeats[5.5.294-06484]:main():gmm-acc-stats-twofeats.cc:140) Average like for this file is -44.2546 over 144 frames.
LOG (gmm-acc-stats-twofeats[5.5.294-06484]:main():gmm-acc-stats-twofeats.cc:140) Average like for this file is -45.6802 over 164 frames.
LOG (gmm-acc-stats-twofeats[5.5.294-06484]:main():gmm-acc-stats-twofeats.cc:140) Average like for this file is -44.5265 over 418 frames.
LOG (gmm-acc-stats-twofeats[5.5.294-06484]:main():gmm-acc-stats-twofeats.cc:140) Average like for this file is -44.2078 over 225 frames.
LOG (transform-feats[5.5.294-06484]:main():transform-feats.cc:158) Overall average [pseudo-]logdet is -89.0921 over 37590 frames.
LOG (transform-feats[5.5.294-06484]:main():transform-feats.cc:161) Applied transform to 128 utterances; 0 had errors.
LOG (gmm-acc-stats-twofeats[5.5.294-06484]:main():gmm-acc-stats-twofeats.cc:140) Average like for this file is -44.4218 over 262 frames.
LOG (gmm-acc-stats-twofeats[5.5.294-06484]:main():gmm-acc-stats-twofeats.cc:140) Average like for this file is -42.914 over 297 frames.
LOG (transform-feats[5.5.294-06484]:main():transform-feats.cc:158) Overall average logdet is 3.32567 over 37590 frames.
LOG (transform-feats[5.5.294-06484]:main():transform-feats.cc:161) Applied transform to 128 utterances; 0 had errors.
LOG (transform-feats[5.5.294-06484]:main():transform-feats.cc:158) Overall average [pseudo-]logdet is -89.0921 over 37590 frames.
LOG (transform-feats[5.5.294-06484]:main():transform-feats.cc:161) Applied transform to 128 utterances; 0 had errors.
LOG (gmm-acc-stats-twofeats[5.5.294-06484]:main():gmm-acc-stats-twofeats.cc:140) Average like for this file is -45.3775 over 344 frames.
LOG (gmm-acc-stats-twofeats[5.5.294-06484]:main():gmm-acc-stats-twofeats.cc:140) Average like for this file is -47.3699 over 323 frames.
LOG (gmm-acc-stats-twofeats[5.5.294-06484]:main():gmm-acc-stats-twofeats.cc:150) Done 128 files, 0 with no posteriors, 0 with no second features, 0 with other errors.
LOG (gmm-acc-stats-twofeats[5.5.294-06484]:main():gmm-acc-stats-twofeats.cc:155) Overall avg like per frame (Gaussian only) = -44.8172 over 37590 frames.
LOG (gmm-acc-stats-twofeats[5.5.294-06484]:main():gmm-acc-stats-twofeats.cc:163) Written accs.
# Accounting: time=0 threads=1
# Ended (code 0) at Mon Apr 29 16:38:41 AEST 2019, elapsed time 0 seconds
