# ali-to-post "ark:gunzip -c exp/tri3/ali.7.gz|" ark:- | gmm-acc-stats-twofeats exp/tri3/35.mdl "ark,s,cs:apply-cmvn  --utt2spk=ark:data/train/split10/7/utt2spk scp:data/train/split10/7/cmvn.scp scp:data/train/split10/7/feats.scp ark:- | splice-feats --left-context=3 --right-context=3 ark:- ark:- | transform-feats exp/tri2_ali/final.mat ark:- ark:- | transform-feats --utt2spk=ark:data/train/split10/7/utt2spk ark:exp/tri3/trans.7 ark:- ark:- |" "ark,s,cs:apply-cmvn  --utt2spk=ark:data/train/split10/7/utt2spk scp:data/train/split10/7/cmvn.scp scp:data/train/split10/7/feats.scp ark:- | splice-feats --left-context=3 --right-context=3 ark:- ark:- | transform-feats exp/tri2_ali/final.mat ark:- ark:- |" ark,s,cs:- exp/tri3/35.7.acc 
# Started at Mon Apr 29 16:38:41 AEST 2019
#
ali-to-post 'ark:gunzip -c exp/tri3/ali.7.gz|' ark:- 
gmm-acc-stats-twofeats exp/tri3/35.mdl 'ark,s,cs:apply-cmvn  --utt2spk=ark:data/train/split10/7/utt2spk scp:data/train/split10/7/cmvn.scp scp:data/train/split10/7/feats.scp ark:- | splice-feats --left-context=3 --right-context=3 ark:- ark:- | transform-feats exp/tri2_ali/final.mat ark:- ark:- | transform-feats --utt2spk=ark:data/train/split10/7/utt2spk ark:exp/tri3/trans.7 ark:- ark:- |' 'ark,s,cs:apply-cmvn  --utt2spk=ark:data/train/split10/7/utt2spk scp:data/train/split10/7/cmvn.scp scp:data/train/split10/7/feats.scp ark:- | splice-feats --left-context=3 --right-context=3 ark:- ark:- | transform-feats exp/tri2_ali/final.mat ark:- ark:- |' ark,s,cs:- exp/tri3/35.7.acc 
transform-feats exp/tri2_ali/final.mat ark:- ark:- 
transform-feats --utt2spk=ark:data/train/split10/7/utt2spk ark:exp/tri3/trans.7 ark:- ark:- 
apply-cmvn --utt2spk=ark:data/train/split10/7/utt2spk scp:data/train/split10/7/cmvn.scp scp:data/train/split10/7/feats.scp ark:- 
splice-feats --left-context=3 --right-context=3 ark:- ark:- 
apply-cmvn --utt2spk=ark:data/train/split10/7/utt2spk scp:data/train/split10/7/cmvn.scp scp:data/train/split10/7/feats.scp ark:- 
transform-feats exp/tri2_ali/final.mat ark:- ark:- 
splice-feats --left-context=3 --right-context=3 ark:- ark:- 
LOG (gmm-acc-stats-twofeats[5.5.294-06484]:main():gmm-acc-stats-twofeats.cc:140) Average like for this file is -47.6068 over 489 frames.
LOG (gmm-acc-stats-twofeats[5.5.294-06484]:main():gmm-acc-stats-twofeats.cc:140) Average like for this file is -43.1418 over 152 frames.
LOG (gmm-acc-stats-twofeats[5.5.294-06484]:main():gmm-acc-stats-twofeats.cc:140) Average like for this file is -46.5007 over 241 frames.
LOG (gmm-acc-stats-twofeats[5.5.294-06484]:main():gmm-acc-stats-twofeats.cc:140) Average like for this file is -46.6262 over 348 frames.
LOG (gmm-acc-stats-twofeats[5.5.294-06484]:main():gmm-acc-stats-twofeats.cc:140) Average like for this file is -43.3663 over 324 frames.
LOG (gmm-acc-stats-twofeats[5.5.294-06484]:main():gmm-acc-stats-twofeats.cc:140) Average like for this file is -45.06 over 249 frames.
LOG (gmm-acc-stats-twofeats[5.5.294-06484]:main():gmm-acc-stats-twofeats.cc:140) Average like for this file is -47.6639 over 373 frames.
LOG (gmm-acc-stats-twofeats[5.5.294-06484]:main():gmm-acc-stats-twofeats.cc:140) Average like for this file is -45.5544 over 342 frames.
LOG (gmm-acc-stats-twofeats[5.5.294-06484]:main():gmm-acc-stats-twofeats.cc:140) Average like for this file is -47.1351 over 386 frames.
LOG (gmm-acc-stats-twofeats[5.5.294-06484]:main():gmm-acc-stats-twofeats.cc:140) Average like for this file is -46.9146 over 409 frames.
LOG (gmm-acc-stats-twofeats[5.5.294-06484]:main():gmm-acc-stats-twofeats.cc:146) Avg like per frame so far is -46.2665
LOG (gmm-acc-stats-twofeats[5.5.294-06484]:main():gmm-acc-stats-twofeats.cc:140) Average like for this file is -44.8774 over 239 frames.
LOG (gmm-acc-stats-twofeats[5.5.294-06484]:main():gmm-acc-stats-twofeats.cc:140) Average like for this file is -49.3441 over 228 frames.
LOG (gmm-acc-stats-twofeats[5.5.294-06484]:main():gmm-acc-stats-twofeats.cc:140) Average like for this file is -44.4165 over 213 frames.
LOG (gmm-acc-stats-twofeats[5.5.294-06484]:main():gmm-acc-stats-twofeats.cc:140) Average like for this file is -42.8007 over 190 frames.
LOG (gmm-acc-stats-twofeats[5.5.294-06484]:main():gmm-acc-stats-twofeats.cc:140) Average like for this file is -45.7208 over 203 frames.
LOG (gmm-acc-stats-twofeats[5.5.294-06484]:main():gmm-acc-stats-twofeats.cc:140) Average like for this file is -45.916 over 205 frames.
LOG (gmm-acc-stats-twofeats[5.5.294-06484]:main():gmm-acc-stats-twofeats.cc:140) Average like for this file is -43.179 over 408 frames.
LOG (gmm-acc-stats-twofeats[5.5.294-06484]:main():gmm-acc-stats-twofeats.cc:140) Average like for this file is -44.3832 over 169 frames.
LOG (gmm-acc-stats-twofeats[5.5.294-06484]:main():gmm-acc-stats-twofeats.cc:140) Average like for this file is -42.9572 over 228 frames.
LOG (gmm-acc-stats-twofeats[5.5.294-06484]:main():gmm-acc-stats-twofeats.cc:140) Average like for this file is -49.0743 over 169 frames.
LOG (gmm-acc-stats-twofeats[5.5.294-06484]:main():gmm-acc-stats-twofeats.cc:146) Avg like per frame so far is -45.7771
LOG (gmm-acc-stats-twofeats[5.5.294-06484]:main():gmm-acc-stats-twofeats.cc:140) Average like for this file is -45.641 over 262 frames.
LOG (gmm-acc-stats-twofeats[5.5.294-06484]:main():gmm-acc-stats-twofeats.cc:140) Average like for this file is -45.2254 over 303 frames.
LOG (gmm-acc-stats-twofeats[5.5.294-06484]:main():gmm-acc-stats-twofeats.cc:140) Average like for this file is -49.1014 over 369 frames.
LOG (gmm-acc-stats-twofeats[5.5.294-06484]:main():gmm-acc-stats-twofeats.cc:140) Average like for this file is -47.4346 over 308 frames.
LOG (gmm-acc-stats-twofeats[5.5.294-06484]:main():gmm-acc-stats-twofeats.cc:140) Average like for this file is -42.848 over 600 frames.
LOG (gmm-acc-stats-twofeats[5.5.294-06484]:main():gmm-acc-stats-twofeats.cc:140) Average like for this file is -45.4328 over 266 frames.
LOG (gmm-acc-stats-twofeats[5.5.294-06484]:main():gmm-acc-stats-twofeats.cc:140) Average like for this file is -42.1856 over 420 frames.
LOG (gmm-acc-stats-twofeats[5.5.294-06484]:main():gmm-acc-stats-twofeats.cc:140) Average like for this file is -45.2645 over 301 frames.
LOG (gmm-acc-stats-twofeats[5.5.294-06484]:main():gmm-acc-stats-twofeats.cc:140) Average like for this file is -42.4606 over 326 frames.
LOG (gmm-acc-stats-twofeats[5.5.294-06484]:main():gmm-acc-stats-twofeats.cc:140) Average like for this file is -43.7456 over 260 frames.
LOG (gmm-acc-stats-twofeats[5.5.294-06484]:main():gmm-acc-stats-twofeats.cc:146) Avg like per frame so far is -45.3777
LOG (gmm-acc-stats-twofeats[5.5.294-06484]:main():gmm-acc-stats-twofeats.cc:140) Average like for this file is -43.8562 over 409 frames.
LOG (gmm-acc-stats-twofeats[5.5.294-06484]:main():gmm-acc-stats-twofeats.cc:140) Average like for this file is -44.2513 over 342 frames.
LOG (gmm-acc-stats-twofeats[5.5.294-06484]:main():gmm-acc-stats-twofeats.cc:140) Average like for this file is -41.8448 over 392 frames.
LOG (gmm-acc-stats-twofeats[5.5.294-06484]:main():gmm-acc-stats-twofeats.cc:140) Average like for this file is -46.1209 over 172 frames.
LOG (gmm-acc-stats-twofeats[5.5.294-06484]:main():gmm-acc-stats-twofeats.cc:140) Average like for this file is -40.5839 over 278 frames.
LOG (gmm-acc-stats-twofeats[5.5.294-06484]:main():gmm-acc-stats-twofeats.cc:140) Average like for this file is -48.2986 over 216 frames.
LOG (gmm-acc-stats-twofeats[5.5.294-06484]:main():gmm-acc-stats-twofeats.cc:140) Average like for this file is -45.2509 over 333 frames.
LOG (gmm-acc-stats-twofeats[5.5.294-06484]:main():gmm-acc-stats-twofeats.cc:140) Average like for this file is -45.5435 over 234 frames.
LOG (gmm-acc-stats-twofeats[5.5.294-06484]:main():gmm-acc-stats-twofeats.cc:140) Average like for this file is -47.3969 over 287 frames.
LOG (gmm-acc-stats-twofeats[5.5.294-06484]:main():gmm-acc-stats-twofeats.cc:140) Average like for this file is -44.0874 over 239 frames.
LOG (gmm-acc-stats-twofeats[5.5.294-06484]:main():gmm-acc-stats-twofeats.cc:146) Avg like per frame so far is -45.1506
LOG (gmm-acc-stats-twofeats[5.5.294-06484]:main():gmm-acc-stats-twofeats.cc:140) Average like for this file is -45.558 over 233 frames.
LOG (gmm-acc-stats-twofeats[5.5.294-06484]:main():gmm-acc-stats-twofeats.cc:140) Average like for this file is -44.3726 over 242 frames.
LOG (gmm-acc-stats-twofeats[5.5.294-06484]:main():gmm-acc-stats-twofeats.cc:140) Average like for this file is -46.8155 over 207 frames.
LOG (gmm-acc-stats-twofeats[5.5.294-06484]:main():gmm-acc-stats-twofeats.cc:140) Average like for this file is -45.1781 over 289 frames.
LOG (gmm-acc-stats-twofeats[5.5.294-06484]:main():gmm-acc-stats-twofeats.cc:140) Average like for this file is -42.8969 over 184 frames.
LOG (gmm-acc-stats-twofeats[5.5.294-06484]:main():gmm-acc-stats-twofeats.cc:140) Average like for this file is -42.7357 over 202 frames.
LOG (gmm-acc-stats-twofeats[5.5.294-06484]:main():gmm-acc-stats-twofeats.cc:140) Average like for this file is -47.2295 over 305 frames.
LOG (gmm-acc-stats-twofeats[5.5.294-06484]:main():gmm-acc-stats-twofeats.cc:140) Average like for this file is -45.5983 over 246 frames.
LOG (gmm-acc-stats-twofeats[5.5.294-06484]:main():gmm-acc-stats-twofeats.cc:140) Average like for this file is -41.2602 over 299 frames.
LOG (gmm-acc-stats-twofeats[5.5.294-06484]:main():gmm-acc-stats-twofeats.cc:140) Average like for this file is -47.315 over 267 frames.
LOG (gmm-acc-stats-twofeats[5.5.294-06484]:main():gmm-acc-stats-twofeats.cc:146) Avg like per frame so far is -45.1168
LOG (gmm-acc-stats-twofeats[5.5.294-06484]:main():gmm-acc-stats-twofeats.cc:140) Average like for this file is -44.9596 over 410 frames.
LOG (gmm-acc-stats-twofeats[5.5.294-06484]:main():gmm-acc-stats-twofeats.cc:140) Average like for this file is -43.8083 over 253 frames.
LOG (gmm-acc-stats-twofeats[5.5.294-06484]:main():gmm-acc-stats-twofeats.cc:140) Average like for this file is -44.7999 over 300 frames.
LOG (gmm-acc-stats-twofeats[5.5.294-06484]:main():gmm-acc-stats-twofeats.cc:140) Average like for this file is -42.8466 over 318 frames.
LOG (gmm-acc-stats-twofeats[5.5.294-06484]:main():gmm-acc-stats-twofeats.cc:140) Average like for this file is -44.5364 over 303 frames.
LOG (gmm-acc-stats-twofeats[5.5.294-06484]:main():gmm-acc-stats-twofeats.cc:140) Average like for this file is -46.4617 over 312 frames.
LOG (gmm-acc-stats-twofeats[5.5.294-06484]:main():gmm-acc-stats-twofeats.cc:140) Average like for this file is -45.7237 over 148 frames.
LOG (gmm-acc-stats-twofeats[5.5.294-06484]:main():gmm-acc-stats-twofeats.cc:140) Average like for this file is -43.8947 over 445 frames.
LOG (gmm-acc-stats-twofeats[5.5.294-06484]:main():gmm-acc-stats-twofeats.cc:140) Average like for this file is -44.415 over 488 frames.
LOG (gmm-acc-stats-twofeats[5.5.294-06484]:main():gmm-acc-stats-twofeats.cc:140) Average like for this file is -42.0823 over 312 frames.
LOG (gmm-acc-stats-twofeats[5.5.294-06484]:main():gmm-acc-stats-twofeats.cc:146) Avg like per frame so far is -44.9631
LOG (gmm-acc-stats-twofeats[5.5.294-06484]:main():gmm-acc-stats-twofeats.cc:140) Average like for this file is -47.6919 over 251 frames.
LOG (gmm-acc-stats-twofeats[5.5.294-06484]:main():gmm-acc-stats-twofeats.cc:140) Average like for this file is -42.5795 over 331 frames.
LOG (gmm-acc-stats-twofeats[5.5.294-06484]:main():gmm-acc-stats-twofeats.cc:140) Average like for this file is -45.258 over 437 frames.
LOG (gmm-acc-stats-twofeats[5.5.294-06484]:main():gmm-acc-stats-twofeats.cc:140) Average like for this file is -44.8433 over 221 frames.
LOG (gmm-acc-stats-twofeats[5.5.294-06484]:main():gmm-acc-stats-twofeats.cc:140) Average like for this file is -48.5093 over 418 frames.
LOG (gmm-acc-stats-twofeats[5.5.294-06484]:main():gmm-acc-stats-twofeats.cc:140) Average like for this file is -46.0916 over 250 frames.
LOG (gmm-acc-stats-twofeats[5.5.294-06484]:main():gmm-acc-stats-twofeats.cc:140) Average like for this file is -43.959 over 273 frames.
LOG (gmm-acc-stats-twofeats[5.5.294-06484]:main():gmm-acc-stats-twofeats.cc:140) Average like for this file is -47.2628 over 332 frames.
LOG (gmm-acc-stats-twofeats[5.5.294-06484]:main():gmm-acc-stats-twofeats.cc:140) Average like for this file is -42.8172 over 250 frames.
LOG (gmm-acc-stats-twofeats[5.5.294-06484]:main():gmm-acc-stats-twofeats.cc:140) Average like for this file is -46.9044 over 450 frames.
LOG (gmm-acc-stats-twofeats[5.5.294-06484]:main():gmm-acc-stats-twofeats.cc:146) Avg like per frame so far is -45.0873
LOG (gmm-acc-stats-twofeats[5.5.294-06484]:main():gmm-acc-stats-twofeats.cc:140) Average like for this file is -44.7818 over 183 frames.
LOG (gmm-acc-stats-twofeats[5.5.294-06484]:main():gmm-acc-stats-twofeats.cc:140) Average like for this file is -46.1023 over 206 frames.
LOG (gmm-acc-stats-twofeats[5.5.294-06484]:main():gmm-acc-stats-twofeats.cc:140) Average like for this file is -50.1723 over 289 frames.
LOG (gmm-acc-stats-twofeats[5.5.294-06484]:main():gmm-acc-stats-twofeats.cc:140) Average like for this file is -47.5939 over 436 frames.
LOG (gmm-acc-stats-twofeats[5.5.294-06484]:main():gmm-acc-stats-twofeats.cc:140) Average like for this file is -47.6684 over 241 frames.
LOG (gmm-acc-stats-twofeats[5.5.294-06484]:main():gmm-acc-stats-twofeats.cc:140) Average like for this file is -46.745 over 296 frames.
LOG (gmm-acc-stats-twofeats[5.5.294-06484]:main():gmm-acc-stats-twofeats.cc:140) Average like for this file is -46.8271 over 237 frames.
LOG (gmm-acc-stats-twofeats[5.5.294-06484]:main():gmm-acc-stats-twofeats.cc:140) Average like for this file is -45.8801 over 314 frames.
LOG (gmm-acc-stats-twofeats[5.5.294-06484]:main():gmm-acc-stats-twofeats.cc:140) Average like for this file is -45.1131 over 286 frames.
LOG (gmm-acc-stats-twofeats[5.5.294-06484]:main():gmm-acc-stats-twofeats.cc:140) Average like for this file is -49.3535 over 303 frames.
LOG (gmm-acc-stats-twofeats[5.5.294-06484]:main():gmm-acc-stats-twofeats.cc:146) Avg like per frame so far is -45.3321
LOG (gmm-acc-stats-twofeats[5.5.294-06484]:main():gmm-acc-stats-twofeats.cc:140) Average like for this file is -44.301 over 465 frames.
LOG (gmm-acc-stats-twofeats[5.5.294-06484]:main():gmm-acc-stats-twofeats.cc:140) Average like for this file is -41.6467 over 211 frames.
LOG (gmm-acc-stats-twofeats[5.5.294-06484]:main():gmm-acc-stats-twofeats.cc:140) Average like for this file is -47.883 over 410 frames.
LOG (gmm-acc-stats-twofeats[5.5.294-06484]:main():gmm-acc-stats-twofeats.cc:140) Average like for this file is -44.3338 over 421 frames.
LOG (gmm-acc-stats-twofeats[5.5.294-06484]:main():gmm-acc-stats-twofeats.cc:140) Average like for this file is -43.6969 over 285 frames.
LOG (gmm-acc-stats-twofeats[5.5.294-06484]:main():gmm-acc-stats-twofeats.cc:140) Average like for this file is -42.5286 over 376 frames.
LOG (gmm-acc-stats-twofeats[5.5.294-06484]:main():gmm-acc-stats-twofeats.cc:140) Average like for this file is -40.9366 over 225 frames.
LOG (gmm-acc-stats-twofeats[5.5.294-06484]:main():gmm-acc-stats-twofeats.cc:140) Average like for this file is -44.1306 over 319 frames.
LOG (gmm-acc-stats-twofeats[5.5.294-06484]:main():gmm-acc-stats-twofeats.cc:140) Average like for this file is -45.5586 over 323 frames.
LOG (gmm-acc-stats-twofeats[5.5.294-06484]:main():gmm-acc-stats-twofeats.cc:140) Average like for this file is -46.1876 over 369 frames.
LOG (gmm-acc-stats-twofeats[5.5.294-06484]:main():gmm-acc-stats-twofeats.cc:146) Avg like per frame so far is -45.2162
LOG (gmm-acc-stats-twofeats[5.5.294-06484]:main():gmm-acc-stats-twofeats.cc:140) Average like for this file is -44.7614 over 478 frames.
LOG (gmm-acc-stats-twofeats[5.5.294-06484]:main():gmm-acc-stats-twofeats.cc:140) Average like for this file is -36.9136 over 406 frames.
LOG (gmm-acc-stats-twofeats[5.5.294-06484]:main():gmm-acc-stats-twofeats.cc:140) Average like for this file is -46.2804 over 295 frames.
LOG (gmm-acc-stats-twofeats[5.5.294-06484]:main():gmm-acc-stats-twofeats.cc:140) Average like for this file is -38.8221 over 282 frames.
LOG (gmm-acc-stats-twofeats[5.5.294-06484]:main():gmm-acc-stats-twofeats.cc:140) Average like for this file is -45.266 over 519 frames.
LOG (gmm-acc-stats-twofeats[5.5.294-06484]:main():gmm-acc-stats-twofeats.cc:140) Average like for this file is -44.2112 over 290 frames.
LOG (gmm-acc-stats-twofeats[5.5.294-06484]:main():gmm-acc-stats-twofeats.cc:140) Average like for this file is -44.0555 over 283 frames.
LOG (gmm-acc-stats-twofeats[5.5.294-06484]:main():gmm-acc-stats-twofeats.cc:140) Average like for this file is -45.6202 over 401 frames.
LOG (gmm-acc-stats-twofeats[5.5.294-06484]:main():gmm-acc-stats-twofeats.cc:140) Average like for this file is -44.9923 over 154 frames.
LOG (gmm-acc-stats-twofeats[5.5.294-06484]:main():gmm-acc-stats-twofeats.cc:140) Average like for this file is -44.8636 over 301 frames.
LOG (gmm-acc-stats-twofeats[5.5.294-06484]:main():gmm-acc-stats-twofeats.cc:146) Avg like per frame so far is -45.0307
LOG (gmm-acc-stats-twofeats[5.5.294-06484]:main():gmm-acc-stats-twofeats.cc:140) Average like for this file is -45.2349 over 113 frames.
LOG (gmm-acc-stats-twofeats[5.5.294-06484]:main():gmm-acc-stats-twofeats.cc:140) Average like for this file is -45.479 over 336 frames.
LOG (gmm-acc-stats-twofeats[5.5.294-06484]:main():gmm-acc-stats-twofeats.cc:140) Average like for this file is -45.9689 over 273 frames.
LOG (gmm-acc-stats-twofeats[5.5.294-06484]:main():gmm-acc-stats-twofeats.cc:140) Average like for this file is -49.1659 over 237 frames.
LOG (ali-to-post[5.5.294-06484]:main():ali-to-post.cc:73) Converted 120 alignments.
LOG (gmm-acc-stats-twofeats[5.5.294-06484]:main():gmm-acc-stats-twofeats.cc:140) Average like for this file is -47.0626 over 459 frames.
LOG (gmm-acc-stats-twofeats[5.5.294-06484]:main():gmm-acc-stats-twofeats.cc:140) Average like for this file is -46.858 over 388 frames.
LOG (gmm-acc-stats-twofeats[5.5.294-06484]:main():gmm-acc-stats-twofeats.cc:140) Average like for this file is -44.8047 over 326 frames.
LOG (gmm-acc-stats-twofeats[5.5.294-06484]:main():gmm-acc-stats-twofeats.cc:140) Average like for this file is -46.1416 over 323 frames.
LOG (gmm-acc-stats-twofeats[5.5.294-06484]:main():gmm-acc-stats-twofeats.cc:140) Average like for this file is -44.0642 over 210 frames.
LOG (gmm-acc-stats-twofeats[5.5.294-06484]:main():gmm-acc-stats-twofeats.cc:140) Average like for this file is -45.5608 over 215 frames.
LOG (gmm-acc-stats-twofeats[5.5.294-06484]:main():gmm-acc-stats-twofeats.cc:146) Avg like per frame so far is -45.1281
LOG (apply-cmvn[5.5.294-06484]:main():apply-cmvn.cc:162) Applied cepstral mean normalization to 120 utterances, errors on 0
LOG (gmm-acc-stats-twofeats[5.5.294-06484]:main():gmm-acc-stats-twofeats.cc:140) Average like for this file is -46.3405 over 207 frames.
LOG (gmm-acc-stats-twofeats[5.5.294-06484]:main():gmm-acc-stats-twofeats.cc:140) Average like for this file is -47.5269 over 272 frames.
LOG (apply-cmvn[5.5.294-06484]:main():apply-cmvn.cc:162) Applied cepstral mean normalization to 120 utterances, errors on 0
LOG (gmm-acc-stats-twofeats[5.5.294-06484]:main():gmm-acc-stats-twofeats.cc:140) Average like for this file is -43.3768 over 295 frames.
LOG (gmm-acc-stats-twofeats[5.5.294-06484]:main():gmm-acc-stats-twofeats.cc:140) Average like for this file is -41.7184 over 273 frames.
LOG (gmm-acc-stats-twofeats[5.5.294-06484]:main():gmm-acc-stats-twofeats.cc:140) Average like for this file is -47.5077 over 353 frames.
LOG (gmm-acc-stats-twofeats[5.5.294-06484]:main():gmm-acc-stats-twofeats.cc:140) Average like for this file is -44.314 over 287 frames.
LOG (transform-feats[5.5.294-06484]:main():transform-feats.cc:158) Overall average [pseudo-]logdet is -89.0921 over 36206 frames.
LOG (transform-feats[5.5.294-06484]:main():transform-feats.cc:161) Applied transform to 120 utterances; 0 had errors.
LOG (gmm-acc-stats-twofeats[5.5.294-06484]:main():gmm-acc-stats-twofeats.cc:140) Average like for this file is -42.6127 over 267 frames.
LOG (gmm-acc-stats-twofeats[5.5.294-06484]:main():gmm-acc-stats-twofeats.cc:140) Average like for this file is -43.2077 over 304 frames.
LOG (transform-feats[5.5.294-06484]:main():transform-feats.cc:158) Overall average logdet is 4.01981 over 36206 frames.
LOG (transform-feats[5.5.294-06484]:main():transform-feats.cc:158) Overall average [pseudo-]logdet is -89.0921 over 36206 frames.
LOG (transform-feats[5.5.294-06484]:main():transform-feats.cc:161) Applied transform to 120 utterances; 0 had errors.
LOG (transform-feats[5.5.294-06484]:main():transform-feats.cc:161) Applied transform to 120 utterances; 0 had errors.
LOG (gmm-acc-stats-twofeats[5.5.294-06484]:main():gmm-acc-stats-twofeats.cc:140) Average like for this file is -41.6399 over 378 frames.
LOG (gmm-acc-stats-twofeats[5.5.294-06484]:main():gmm-acc-stats-twofeats.cc:140) Average like for this file is -47.335 over 228 frames.
LOG (gmm-acc-stats-twofeats[5.5.294-06484]:main():gmm-acc-stats-twofeats.cc:146) Avg like per frame so far is -45.0727
LOG (gmm-acc-stats-twofeats[5.5.294-06484]:main():gmm-acc-stats-twofeats.cc:150) Done 120 files, 0 with no posteriors, 0 with no second features, 0 with other errors.
LOG (gmm-acc-stats-twofeats[5.5.294-06484]:main():gmm-acc-stats-twofeats.cc:155) Overall avg like per frame (Gaussian only) = -45.0727 over 36206 frames.
LOG (gmm-acc-stats-twofeats[5.5.294-06484]:main():gmm-acc-stats-twofeats.cc:163) Written accs.
# Accounting: time=0 threads=1
# Ended (code 0) at Mon Apr 29 16:38:41 AEST 2019, elapsed time 0 seconds
