# build-tree --verbose=1 --max-leaves=2500 --cluster-thresh=-1 exp/tri3/treeacc data/lang/phones/roots.int exp/tri3/questions.qst data/lang/topo exp/tri3/tree 
# Started at Mon Apr 29 16:38:17 AEST 2019
#
build-tree --verbose=1 --max-leaves=2500 --cluster-thresh=-1 exp/tri3/treeacc data/lang/phones/roots.int exp/tri3/questions.qst data/lang/topo exp/tri3/tree 
LOG (build-tree[5.5.294-06484]:main():build-tree.cc:104) Number of separate statistics is 29877
LOG (build-tree[5.5.294-06484]:BuildTree():build-tree.cc:161) BuildTree: before building trees, map has 48 leaves.
LOG (build-tree[5.5.294-06484]:SplitDecisionTree():build-tree-utils.cc:577) DoDecisionTreeSplit: split 2022 times, #leaves now 2070
LOG (build-tree[5.5.294-06484]:BuildTree():build-tree.cc:187) Setting clustering threshold to smallest split 300.077
VLOG[1] (build-tree[5.5.294-06484]:BuildTree():build-tree.cc:196) After decision tree split, num-leaves = 2070, like-impr = 8.34912 per frame over 367922 frames.
VLOG[1] (build-tree[5.5.294-06484]:BuildTree():build-tree.cc:200) Including just phones that were split, improvement is 8.34912 per frame over 367922 frames.
LOG (build-tree[5.5.294-06484]:BuildTree():build-tree.cc:215) BuildTree: removed 526 leaves.
VLOG[1] (build-tree[5.5.294-06484]:ClusterEventMapToNClustersRestrictedByMap():build-tree-utils.cc:914) Number of non-empty clusters in map = 48
VLOG[1] (build-tree[5.5.294-06484]:ClusterEventMapToNClustersRestrictedByMap():build-tree-utils.cc:915) Number of non-empty clusters = 1544
VLOG[1] (build-tree[5.5.294-06484]:BuildTree():build-tree.cc:256) Objf change due to clustering -0.304836 per frame.
VLOG[1] (build-tree[5.5.294-06484]:BuildTree():build-tree.cc:259) Normalizing over only split phones, this is: -0.304836 per frame.
VLOG[1] (build-tree[5.5.294-06484]:BuildTree():build-tree.cc:262) Num-leaves is now 1544
VLOG[1] (build-tree[5.5.294-06484]:main():build-tree.cc:143) For pdf-id 1, low count 71
VLOG[1] (build-tree[5.5.294-06484]:main():build-tree.cc:143) For pdf-id 3, low count 15
VLOG[1] (build-tree[5.5.294-06484]:main():build-tree.cc:143) For pdf-id 4, low count 66
VLOG[1] (build-tree[5.5.294-06484]:main():build-tree.cc:143) For pdf-id 7, low count 14
VLOG[1] (build-tree[5.5.294-06484]:main():build-tree.cc:143) For pdf-id 23, low count 55
VLOG[1] (build-tree[5.5.294-06484]:main():build-tree.cc:143) For pdf-id 25, low count 89
VLOG[1] (build-tree[5.5.294-06484]:main():build-tree.cc:143) For pdf-id 30, low count 83
VLOG[1] (build-tree[5.5.294-06484]:main():build-tree.cc:143) For pdf-id 31, low count 57
VLOG[1] (build-tree[5.5.294-06484]:main():build-tree.cc:143) For pdf-id 32, low count 43
VLOG[1] (build-tree[5.5.294-06484]:main():build-tree.cc:143) For pdf-id 33, low count 59
VLOG[1] (build-tree[5.5.294-06484]:main():build-tree.cc:143) For pdf-id 35, low count 90
VLOG[1] (build-tree[5.5.294-06484]:main():build-tree.cc:143) For pdf-id 39, low count 93
VLOG[1] (build-tree[5.5.294-06484]:main():build-tree.cc:143) For pdf-id 40, low count 47
VLOG[1] (build-tree[5.5.294-06484]:main():build-tree.cc:143) For pdf-id 52, low count 16
VLOG[1] (build-tree[5.5.294-06484]:main():build-tree.cc:143) For pdf-id 58, low count 31
VLOG[1] (build-tree[5.5.294-06484]:main():build-tree.cc:143) For pdf-id 60, low count 58
VLOG[1] (build-tree[5.5.294-06484]:main():build-tree.cc:143) For pdf-id 62, low count 75
VLOG[1] (build-tree[5.5.294-06484]:main():build-tree.cc:143) For pdf-id 65, low count 24
VLOG[1] (build-tree[5.5.294-06484]:main():build-tree.cc:143) For pdf-id 66, low count 31
VLOG[1] (build-tree[5.5.294-06484]:main():build-tree.cc:143) For pdf-id 74, low count 38
VLOG[1] (build-tree[5.5.294-06484]:main():build-tree.cc:143) For pdf-id 81, low count 31
VLOG[1] (build-tree[5.5.294-06484]:main():build-tree.cc:143) For pdf-id 94, low count 55
VLOG[1] (build-tree[5.5.294-06484]:main():build-tree.cc:143) For pdf-id 100, low count 97
VLOG[1] (build-tree[5.5.294-06484]:main():build-tree.cc:143) For pdf-id 103, low count 95
VLOG[1] (build-tree[5.5.294-06484]:main():build-tree.cc:143) For pdf-id 117, low count 23
VLOG[1] (build-tree[5.5.294-06484]:main():build-tree.cc:143) For pdf-id 118, low count 38
VLOG[1] (build-tree[5.5.294-06484]:main():build-tree.cc:143) For pdf-id 119, low count 36
VLOG[1] (build-tree[5.5.294-06484]:main():build-tree.cc:143) For pdf-id 123, low count 94
VLOG[1] (build-tree[5.5.294-06484]:main():build-tree.cc:143) For pdf-id 125, low count 61
VLOG[1] (build-tree[5.5.294-06484]:main():build-tree.cc:143) For pdf-id 128, low count 56
VLOG[1] (build-tree[5.5.294-06484]:main():build-tree.cc:143) For pdf-id 133, low count 15
VLOG[1] (build-tree[5.5.294-06484]:main():build-tree.cc:143) For pdf-id 134, low count 52
VLOG[1] (build-tree[5.5.294-06484]:main():build-tree.cc:143) For pdf-id 135, low count 21
VLOG[1] (build-tree[5.5.294-06484]:main():build-tree.cc:143) For pdf-id 136, low count 21
VLOG[1] (build-tree[5.5.294-06484]:main():build-tree.cc:143) For pdf-id 137, low count 89
VLOG[1] (build-tree[5.5.294-06484]:main():build-tree.cc:143) For pdf-id 138, low count 72
VLOG[1] (build-tree[5.5.294-06484]:main():build-tree.cc:143) For pdf-id 141, low count 57
VLOG[1] (build-tree[5.5.294-06484]:main():build-tree.cc:143) For pdf-id 143, low count 75
VLOG[1] (build-tree[5.5.294-06484]:main():build-tree.cc:143) For pdf-id 147, low count 50
VLOG[1] (build-tree[5.5.294-06484]:main():build-tree.cc:143) For pdf-id 150, low count 97
VLOG[1] (build-tree[5.5.294-06484]:main():build-tree.cc:143) For pdf-id 155, low count 84
VLOG[1] (build-tree[5.5.294-06484]:main():build-tree.cc:143) For pdf-id 162, low count 63
VLOG[1] (build-tree[5.5.294-06484]:main():build-tree.cc:143) For pdf-id 163, low count 35
VLOG[1] (build-tree[5.5.294-06484]:main():build-tree.cc:143) For pdf-id 173, low count 90
VLOG[1] (build-tree[5.5.294-06484]:main():build-tree.cc:143) For pdf-id 177, low count 42
VLOG[1] (build-tree[5.5.294-06484]:main():build-tree.cc:143) For pdf-id 184, low count 56
VLOG[1] (build-tree[5.5.294-06484]:main():build-tree.cc:143) For pdf-id 189, low count 92
VLOG[1] (build-tree[5.5.294-06484]:main():build-tree.cc:143) For pdf-id 190, low count 12
VLOG[1] (build-tree[5.5.294-06484]:main():build-tree.cc:143) For pdf-id 192, low count 28
VLOG[1] (build-tree[5.5.294-06484]:main():build-tree.cc:143) For pdf-id 193, low count 96
VLOG[1] (build-tree[5.5.294-06484]:main():build-tree.cc:143) For pdf-id 200, low count 52
VLOG[1] (build-tree[5.5.294-06484]:main():build-tree.cc:143) For pdf-id 211, low count 95
VLOG[1] (build-tree[5.5.294-06484]:main():build-tree.cc:143) For pdf-id 214, low count 84
VLOG[1] (build-tree[5.5.294-06484]:main():build-tree.cc:143) For pdf-id 215, low count 29
VLOG[1] (build-tree[5.5.294-06484]:main():build-tree.cc:143) For pdf-id 224, low count 18
VLOG[1] (build-tree[5.5.294-06484]:main():build-tree.cc:143) For pdf-id 226, low count 67
VLOG[1] (build-tree[5.5.294-06484]:main():build-tree.cc:143) For pdf-id 228, low count 54
VLOG[1] (build-tree[5.5.294-06484]:main():build-tree.cc:143) For pdf-id 231, low count 96
VLOG[1] (build-tree[5.5.294-06484]:main():build-tree.cc:143) For pdf-id 232, low count 95
VLOG[1] (build-tree[5.5.294-06484]:main():build-tree.cc:143) For pdf-id 244, low count 60
VLOG[1] (build-tree[5.5.294-06484]:main():build-tree.cc:143) For pdf-id 245, low count 14
VLOG[1] (build-tree[5.5.294-06484]:main():build-tree.cc:143) For pdf-id 246, low count 17
VLOG[1] (build-tree[5.5.294-06484]:main():build-tree.cc:143) For pdf-id 257, low count 18
VLOG[1] (build-tree[5.5.294-06484]:main():build-tree.cc:143) For pdf-id 261, low count 99
VLOG[1] (build-tree[5.5.294-06484]:main():build-tree.cc:143) For pdf-id 263, low count 8
VLOG[1] (build-tree[5.5.294-06484]:main():build-tree.cc:143) For pdf-id 264, low count 83
VLOG[1] (build-tree[5.5.294-06484]:main():build-tree.cc:143) For pdf-id 269, low count 87
VLOG[1] (build-tree[5.5.294-06484]:main():build-tree.cc:143) For pdf-id 270, low count 39
VLOG[1] (build-tree[5.5.294-06484]:main():build-tree.cc:143) For pdf-id 276, low count 18
VLOG[1] (build-tree[5.5.294-06484]:main():build-tree.cc:143) For pdf-id 278, low count 70
VLOG[1] (build-tree[5.5.294-06484]:main():build-tree.cc:143) For pdf-id 280, low count 80
VLOG[1] (build-tree[5.5.294-06484]:main():build-tree.cc:143) For pdf-id 281, low count 9
VLOG[1] (build-tree[5.5.294-06484]:main():build-tree.cc:143) For pdf-id 285, low count 61
VLOG[1] (build-tree[5.5.294-06484]:main():build-tree.cc:143) For pdf-id 301, low count 93
VLOG[1] (build-tree[5.5.294-06484]:main():build-tree.cc:143) For pdf-id 302, low count 14
VLOG[1] (build-tree[5.5.294-06484]:main():build-tree.cc:143) For pdf-id 309, low count 35
VLOG[1] (build-tree[5.5.294-06484]:main():build-tree.cc:143) For pdf-id 313, low count 96
VLOG[1] (build-tree[5.5.294-06484]:main():build-tree.cc:143) For pdf-id 314, low count 26
VLOG[1] (build-tree[5.5.294-06484]:main():build-tree.cc:143) For pdf-id 315, low count 86
VLOG[1] (build-tree[5.5.294-06484]:main():build-tree.cc:143) For pdf-id 327, low count 95
VLOG[1] (build-tree[5.5.294-06484]:main():build-tree.cc:143) For pdf-id 328, low count 53
VLOG[1] (build-tree[5.5.294-06484]:main():build-tree.cc:143) For pdf-id 329, low count 60
VLOG[1] (build-tree[5.5.294-06484]:main():build-tree.cc:143) For pdf-id 330, low count 63
VLOG[1] (build-tree[5.5.294-06484]:main():build-tree.cc:143) For pdf-id 334, low count 94
VLOG[1] (build-tree[5.5.294-06484]:main():build-tree.cc:143) For pdf-id 341, low count 81
VLOG[1] (build-tree[5.5.294-06484]:main():build-tree.cc:143) For pdf-id 343, low count 93
VLOG[1] (build-tree[5.5.294-06484]:main():build-tree.cc:143) For pdf-id 347, low count 34
VLOG[1] (build-tree[5.5.294-06484]:main():build-tree.cc:143) For pdf-id 352, low count 17
VLOG[1] (build-tree[5.5.294-06484]:main():build-tree.cc:143) For pdf-id 356, low count 15
VLOG[1] (build-tree[5.5.294-06484]:main():build-tree.cc:143) For pdf-id 361, low count 75
VLOG[1] (build-tree[5.5.294-06484]:main():build-tree.cc:143) For pdf-id 363, low count 66
VLOG[1] (build-tree[5.5.294-06484]:main():build-tree.cc:143) For pdf-id 366, low count 96
VLOG[1] (build-tree[5.5.294-06484]:main():build-tree.cc:143) For pdf-id 368, low count 43
VLOG[1] (build-tree[5.5.294-06484]:main():build-tree.cc:143) For pdf-id 377, low count 75
VLOG[1] (build-tree[5.5.294-06484]:main():build-tree.cc:143) For pdf-id 378, low count 55
VLOG[1] (build-tree[5.5.294-06484]:main():build-tree.cc:143) For pdf-id 379, low count 78
VLOG[1] (build-tree[5.5.294-06484]:main():build-tree.cc:143) For pdf-id 384, low count 33
VLOG[1] (build-tree[5.5.294-06484]:main():build-tree.cc:143) For pdf-id 385, low count 74
VLOG[1] (build-tree[5.5.294-06484]:main():build-tree.cc:143) For pdf-id 387, low count 53
VLOG[1] (build-tree[5.5.294-06484]:main():build-tree.cc:143) For pdf-id 388, low count 84
VLOG[1] (build-tree[5.5.294-06484]:main():build-tree.cc:143) For pdf-id 390, low count 17
VLOG[1] (build-tree[5.5.294-06484]:main():build-tree.cc:143) For pdf-id 395, low count 82
VLOG[1] (build-tree[5.5.294-06484]:main():build-tree.cc:143) For pdf-id 399, low count 97
VLOG[1] (build-tree[5.5.294-06484]:main():build-tree.cc:143) For pdf-id 400, low count 78
VLOG[1] (build-tree[5.5.294-06484]:main():build-tree.cc:143) For pdf-id 401, low count 23
VLOG[1] (build-tree[5.5.294-06484]:main():build-tree.cc:143) For pdf-id 404, low count 21
VLOG[1] (build-tree[5.5.294-06484]:main():build-tree.cc:143) For pdf-id 405, low count 62
VLOG[1] (build-tree[5.5.294-06484]:main():build-tree.cc:143) For pdf-id 407, low count 20
VLOG[1] (build-tree[5.5.294-06484]:main():build-tree.cc:143) For pdf-id 411, low count 84
VLOG[1] (build-tree[5.5.294-06484]:main():build-tree.cc:143) For pdf-id 417, low count 26
VLOG[1] (build-tree[5.5.294-06484]:main():build-tree.cc:143) For pdf-id 426, low count 65
VLOG[1] (build-tree[5.5.294-06484]:main():build-tree.cc:143) For pdf-id 429, low count 66
VLOG[1] (build-tree[5.5.294-06484]:main():build-tree.cc:143) For pdf-id 433, low count 80
VLOG[1] (build-tree[5.5.294-06484]:main():build-tree.cc:143) For pdf-id 442, low count 62
VLOG[1] (build-tree[5.5.294-06484]:main():build-tree.cc:143) For pdf-id 447, low count 27
VLOG[1] (build-tree[5.5.294-06484]:main():build-tree.cc:143) For pdf-id 448, low count 21
VLOG[1] (build-tree[5.5.294-06484]:main():build-tree.cc:143) For pdf-id 451, low count 46
VLOG[1] (build-tree[5.5.294-06484]:main():build-tree.cc:143) For pdf-id 452, low count 69
VLOG[1] (build-tree[5.5.294-06484]:main():build-tree.cc:143) For pdf-id 455, low count 31
VLOG[1] (build-tree[5.5.294-06484]:main():build-tree.cc:143) For pdf-id 458, low count 38
VLOG[1] (build-tree[5.5.294-06484]:main():build-tree.cc:143) For pdf-id 460, low count 28
VLOG[1] (build-tree[5.5.294-06484]:main():build-tree.cc:143) For pdf-id 463, low count 67
VLOG[1] (build-tree[5.5.294-06484]:main():build-tree.cc:143) For pdf-id 469, low count 26
VLOG[1] (build-tree[5.5.294-06484]:main():build-tree.cc:143) For pdf-id 470, low count 22
VLOG[1] (build-tree[5.5.294-06484]:main():build-tree.cc:143) For pdf-id 471, low count 95
VLOG[1] (build-tree[5.5.294-06484]:main():build-tree.cc:143) For pdf-id 479, low count 46
VLOG[1] (build-tree[5.5.294-06484]:main():build-tree.cc:143) For pdf-id 480, low count 53
VLOG[1] (build-tree[5.5.294-06484]:main():build-tree.cc:143) For pdf-id 481, low count 59
VLOG[1] (build-tree[5.5.294-06484]:main():build-tree.cc:143) For pdf-id 482, low count 48
VLOG[1] (build-tree[5.5.294-06484]:main():build-tree.cc:143) For pdf-id 488, low count 44
VLOG[1] (build-tree[5.5.294-06484]:main():build-tree.cc:143) For pdf-id 489, low count 16
VLOG[1] (build-tree[5.5.294-06484]:main():build-tree.cc:143) For pdf-id 490, low count 66
VLOG[1] (build-tree[5.5.294-06484]:main():build-tree.cc:143) For pdf-id 492, low count 22
VLOG[1] (build-tree[5.5.294-06484]:main():build-tree.cc:143) For pdf-id 501, low count 85
VLOG[1] (build-tree[5.5.294-06484]:main():build-tree.cc:143) For pdf-id 505, low count 97
VLOG[1] (build-tree[5.5.294-06484]:main():build-tree.cc:143) For pdf-id 514, low count 94
VLOG[1] (build-tree[5.5.294-06484]:main():build-tree.cc:143) For pdf-id 515, low count 88
VLOG[1] (build-tree[5.5.294-06484]:main():build-tree.cc:143) For pdf-id 516, low count 56
VLOG[1] (build-tree[5.5.294-06484]:main():build-tree.cc:143) For pdf-id 521, low count 94
VLOG[1] (build-tree[5.5.294-06484]:main():build-tree.cc:143) For pdf-id 522, low count 91
VLOG[1] (build-tree[5.5.294-06484]:main():build-tree.cc:143) For pdf-id 523, low count 95
VLOG[1] (build-tree[5.5.294-06484]:main():build-tree.cc:143) For pdf-id 525, low count 23
VLOG[1] (build-tree[5.5.294-06484]:main():build-tree.cc:143) For pdf-id 526, low count 81
VLOG[1] (build-tree[5.5.294-06484]:main():build-tree.cc:143) For pdf-id 527, low count 47
VLOG[1] (build-tree[5.5.294-06484]:main():build-tree.cc:143) For pdf-id 529, low count 26
VLOG[1] (build-tree[5.5.294-06484]:main():build-tree.cc:143) For pdf-id 531, low count 80
VLOG[1] (build-tree[5.5.294-06484]:main():build-tree.cc:143) For pdf-id 537, low count 91
VLOG[1] (build-tree[5.5.294-06484]:main():build-tree.cc:143) For pdf-id 539, low count 92
VLOG[1] (build-tree[5.5.294-06484]:main():build-tree.cc:143) For pdf-id 542, low count 33
VLOG[1] (build-tree[5.5.294-06484]:main():build-tree.cc:143) For pdf-id 543, low count 13
VLOG[1] (build-tree[5.5.294-06484]:main():build-tree.cc:143) For pdf-id 545, low count 83
VLOG[1] (build-tree[5.5.294-06484]:main():build-tree.cc:143) For pdf-id 548, low count 82
VLOG[1] (build-tree[5.5.294-06484]:main():build-tree.cc:143) For pdf-id 552, low count 54
VLOG[1] (build-tree[5.5.294-06484]:main():build-tree.cc:143) For pdf-id 554, low count 92
VLOG[1] (build-tree[5.5.294-06484]:main():build-tree.cc:143) For pdf-id 558, low count 72
VLOG[1] (build-tree[5.5.294-06484]:main():build-tree.cc:143) For pdf-id 564, low count 35
VLOG[1] (build-tree[5.5.294-06484]:main():build-tree.cc:143) For pdf-id 565, low count 82
VLOG[1] (build-tree[5.5.294-06484]:main():build-tree.cc:143) For pdf-id 567, low count 53
VLOG[1] (build-tree[5.5.294-06484]:main():build-tree.cc:143) For pdf-id 572, low count 67
VLOG[1] (build-tree[5.5.294-06484]:main():build-tree.cc:143) For pdf-id 574, low count 79
VLOG[1] (build-tree[5.5.294-06484]:main():build-tree.cc:143) For pdf-id 579, low count 46
VLOG[1] (build-tree[5.5.294-06484]:main():build-tree.cc:143) For pdf-id 581, low count 64
VLOG[1] (build-tree[5.5.294-06484]:main():build-tree.cc:143) For pdf-id 584, low count 91
VLOG[1] (build-tree[5.5.294-06484]:main():build-tree.cc:143) For pdf-id 587, low count 88
VLOG[1] (build-tree[5.5.294-06484]:main():build-tree.cc:143) For pdf-id 588, low count 80
VLOG[1] (build-tree[5.5.294-06484]:main():build-tree.cc:143) For pdf-id 598, low count 91
VLOG[1] (build-tree[5.5.294-06484]:main():build-tree.cc:143) For pdf-id 599, low count 33
VLOG[1] (build-tree[5.5.294-06484]:main():build-tree.cc:143) For pdf-id 612, low count 57
VLOG[1] (build-tree[5.5.294-06484]:main():build-tree.cc:143) For pdf-id 613, low count 54
VLOG[1] (build-tree[5.5.294-06484]:main():build-tree.cc:143) For pdf-id 615, low count 53
VLOG[1] (build-tree[5.5.294-06484]:main():build-tree.cc:143) For pdf-id 618, low count 20
VLOG[1] (build-tree[5.5.294-06484]:main():build-tree.cc:143) For pdf-id 619, low count 55
VLOG[1] (build-tree[5.5.294-06484]:main():build-tree.cc:143) For pdf-id 624, low count 14
VLOG[1] (build-tree[5.5.294-06484]:main():build-tree.cc:143) For pdf-id 625, low count 62
VLOG[1] (build-tree[5.5.294-06484]:main():build-tree.cc:143) For pdf-id 628, low count 15
VLOG[1] (build-tree[5.5.294-06484]:main():build-tree.cc:143) For pdf-id 630, low count 69
VLOG[1] (build-tree[5.5.294-06484]:main():build-tree.cc:143) For pdf-id 640, low count 79
VLOG[1] (build-tree[5.5.294-06484]:main():build-tree.cc:143) For pdf-id 641, low count 23
VLOG[1] (build-tree[5.5.294-06484]:main():build-tree.cc:143) For pdf-id 647, low count 82
VLOG[1] (build-tree[5.5.294-06484]:main():build-tree.cc:143) For pdf-id 649, low count 30
VLOG[1] (build-tree[5.5.294-06484]:main():build-tree.cc:143) For pdf-id 653, low count 32
VLOG[1] (build-tree[5.5.294-06484]:main():build-tree.cc:143) For pdf-id 655, low count 38
VLOG[1] (build-tree[5.5.294-06484]:main():build-tree.cc:143) For pdf-id 656, low count 72
VLOG[1] (build-tree[5.5.294-06484]:main():build-tree.cc:143) For pdf-id 662, low count 80
VLOG[1] (build-tree[5.5.294-06484]:main():build-tree.cc:143) For pdf-id 663, low count 85
VLOG[1] (build-tree[5.5.294-06484]:main():build-tree.cc:143) For pdf-id 666, low count 59
VLOG[1] (build-tree[5.5.294-06484]:main():build-tree.cc:143) For pdf-id 670, low count 53
VLOG[1] (build-tree[5.5.294-06484]:main():build-tree.cc:143) For pdf-id 674, low count 44
VLOG[1] (build-tree[5.5.294-06484]:main():build-tree.cc:143) For pdf-id 680, low count 36
VLOG[1] (build-tree[5.5.294-06484]:main():build-tree.cc:143) For pdf-id 681, low count 44
VLOG[1] (build-tree[5.5.294-06484]:main():build-tree.cc:143) For pdf-id 682, low count 91
VLOG[1] (build-tree[5.5.294-06484]:main():build-tree.cc:143) For pdf-id 686, low count 79
VLOG[1] (build-tree[5.5.294-06484]:main():build-tree.cc:143) For pdf-id 687, low count 26
VLOG[1] (build-tree[5.5.294-06484]:main():build-tree.cc:143) For pdf-id 688, low count 91
VLOG[1] (build-tree[5.5.294-06484]:main():build-tree.cc:143) For pdf-id 692, low count 95
VLOG[1] (build-tree[5.5.294-06484]:main():build-tree.cc:143) For pdf-id 696, low count 84
VLOG[1] (build-tree[5.5.294-06484]:main():build-tree.cc:143) For pdf-id 697, low count 37
VLOG[1] (build-tree[5.5.294-06484]:main():build-tree.cc:143) For pdf-id 700, low count 6
VLOG[1] (build-tree[5.5.294-06484]:main():build-tree.cc:143) For pdf-id 702, low count 67
VLOG[1] (build-tree[5.5.294-06484]:main():build-tree.cc:143) For pdf-id 704, low count 54
VLOG[1] (build-tree[5.5.294-06484]:main():build-tree.cc:143) For pdf-id 706, low count 10
VLOG[1] (build-tree[5.5.294-06484]:main():build-tree.cc:143) For pdf-id 708, low count 7
VLOG[1] (build-tree[5.5.294-06484]:main():build-tree.cc:143) For pdf-id 713, low count 76
VLOG[1] (build-tree[5.5.294-06484]:main():build-tree.cc:143) For pdf-id 714, low count 21
VLOG[1] (build-tree[5.5.294-06484]:main():build-tree.cc:143) For pdf-id 717, low count 67
VLOG[1] (build-tree[5.5.294-06484]:main():build-tree.cc:143) For pdf-id 722, low count 99
VLOG[1] (build-tree[5.5.294-06484]:main():build-tree.cc:143) For pdf-id 728, low count 27
VLOG[1] (build-tree[5.5.294-06484]:main():build-tree.cc:143) For pdf-id 730, low count 61
VLOG[1] (build-tree[5.5.294-06484]:main():build-tree.cc:143) For pdf-id 738, low count 13
VLOG[1] (build-tree[5.5.294-06484]:main():build-tree.cc:143) For pdf-id 741, low count 76
VLOG[1] (build-tree[5.5.294-06484]:main():build-tree.cc:143) For pdf-id 743, low count 9
VLOG[1] (build-tree[5.5.294-06484]:main():build-tree.cc:143) For pdf-id 747, low count 66
VLOG[1] (build-tree[5.5.294-06484]:main():build-tree.cc:143) For pdf-id 748, low count 12
VLOG[1] (build-tree[5.5.294-06484]:main():build-tree.cc:143) For pdf-id 750, low count 36
VLOG[1] (build-tree[5.5.294-06484]:main():build-tree.cc:143) For pdf-id 754, low count 15
VLOG[1] (build-tree[5.5.294-06484]:main():build-tree.cc:143) For pdf-id 761, low count 96
VLOG[1] (build-tree[5.5.294-06484]:main():build-tree.cc:143) For pdf-id 769, low count 40
VLOG[1] (build-tree[5.5.294-06484]:main():build-tree.cc:143) For pdf-id 772, low count 97
VLOG[1] (build-tree[5.5.294-06484]:main():build-tree.cc:143) For pdf-id 775, low count 69
VLOG[1] (build-tree[5.5.294-06484]:main():build-tree.cc:143) For pdf-id 776, low count 56
VLOG[1] (build-tree[5.5.294-06484]:main():build-tree.cc:143) For pdf-id 777, low count 15
VLOG[1] (build-tree[5.5.294-06484]:main():build-tree.cc:143) For pdf-id 780, low count 29
VLOG[1] (build-tree[5.5.294-06484]:main():build-tree.cc:143) For pdf-id 785, low count 75
VLOG[1] (build-tree[5.5.294-06484]:main():build-tree.cc:143) For pdf-id 789, low count 63
VLOG[1] (build-tree[5.5.294-06484]:main():build-tree.cc:143) For pdf-id 790, low count 64
VLOG[1] (build-tree[5.5.294-06484]:main():build-tree.cc:143) For pdf-id 791, low count 86
VLOG[1] (build-tree[5.5.294-06484]:main():build-tree.cc:143) For pdf-id 798, low count 27
VLOG[1] (build-tree[5.5.294-06484]:main():build-tree.cc:143) For pdf-id 805, low count 19
VLOG[1] (build-tree[5.5.294-06484]:main():build-tree.cc:143) For pdf-id 806, low count 13
VLOG[1] (build-tree[5.5.294-06484]:main():build-tree.cc:143) For pdf-id 813, low count 81
VLOG[1] (build-tree[5.5.294-06484]:main():build-tree.cc:143) For pdf-id 814, low count 53
VLOG[1] (build-tree[5.5.294-06484]:main():build-tree.cc:143) For pdf-id 815, low count 44
VLOG[1] (build-tree[5.5.294-06484]:main():build-tree.cc:143) For pdf-id 817, low count 24
VLOG[1] (build-tree[5.5.294-06484]:main():build-tree.cc:143) For pdf-id 818, low count 28
VLOG[1] (build-tree[5.5.294-06484]:main():build-tree.cc:143) For pdf-id 820, low count 21
VLOG[1] (build-tree[5.5.294-06484]:main():build-tree.cc:143) For pdf-id 825, low count 81
VLOG[1] (build-tree[5.5.294-06484]:main():build-tree.cc:143) For pdf-id 826, low count 22
VLOG[1] (build-tree[5.5.294-06484]:main():build-tree.cc:143) For pdf-id 834, low count 30
VLOG[1] (build-tree[5.5.294-06484]:main():build-tree.cc:143) For pdf-id 835, low count 96
VLOG[1] (build-tree[5.5.294-06484]:main():build-tree.cc:143) For pdf-id 841, low count 78
VLOG[1] (build-tree[5.5.294-06484]:main():build-tree.cc:143) For pdf-id 843, low count 35
VLOG[1] (build-tree[5.5.294-06484]:main():build-tree.cc:143) For pdf-id 847, low count 70
VLOG[1] (build-tree[5.5.294-06484]:main():build-tree.cc:143) For pdf-id 855, low count 60
VLOG[1] (build-tree[5.5.294-06484]:main():build-tree.cc:143) For pdf-id 856, low count 8
VLOG[1] (build-tree[5.5.294-06484]:main():build-tree.cc:143) For pdf-id 862, low count 80
VLOG[1] (build-tree[5.5.294-06484]:main():build-tree.cc:143) For pdf-id 864, low count 53
VLOG[1] (build-tree[5.5.294-06484]:main():build-tree.cc:143) For pdf-id 871, low count 26
VLOG[1] (build-tree[5.5.294-06484]:main():build-tree.cc:143) For pdf-id 873, low count 14
VLOG[1] (build-tree[5.5.294-06484]:main():build-tree.cc:143) For pdf-id 877, low count 9
VLOG[1] (build-tree[5.5.294-06484]:main():build-tree.cc:143) For pdf-id 878, low count 87
VLOG[1] (build-tree[5.5.294-06484]:main():build-tree.cc:143) For pdf-id 880, low count 79
VLOG[1] (build-tree[5.5.294-06484]:main():build-tree.cc:143) For pdf-id 882, low count 38
VLOG[1] (build-tree[5.5.294-06484]:main():build-tree.cc:143) For pdf-id 887, low count 54
VLOG[1] (build-tree[5.5.294-06484]:main():build-tree.cc:143) For pdf-id 888, low count 29
VLOG[1] (build-tree[5.5.294-06484]:main():build-tree.cc:143) For pdf-id 893, low count 12
VLOG[1] (build-tree[5.5.294-06484]:main():build-tree.cc:143) For pdf-id 899, low count 33
VLOG[1] (build-tree[5.5.294-06484]:main():build-tree.cc:143) For pdf-id 904, low count 46
VLOG[1] (build-tree[5.5.294-06484]:main():build-tree.cc:143) For pdf-id 910, low count 14
VLOG[1] (build-tree[5.5.294-06484]:main():build-tree.cc:143) For pdf-id 914, low count 15
VLOG[1] (build-tree[5.5.294-06484]:main():build-tree.cc:143) For pdf-id 918, low count 47
VLOG[1] (build-tree[5.5.294-06484]:main():build-tree.cc:143) For pdf-id 919, low count 54
VLOG[1] (build-tree[5.5.294-06484]:main():build-tree.cc:143) For pdf-id 926, low count 52
VLOG[1] (build-tree[5.5.294-06484]:main():build-tree.cc:143) For pdf-id 929, low count 12
VLOG[1] (build-tree[5.5.294-06484]:main():build-tree.cc:143) For pdf-id 933, low count 39
VLOG[1] (build-tree[5.5.294-06484]:main():build-tree.cc:143) For pdf-id 937, low count 93
VLOG[1] (build-tree[5.5.294-06484]:main():build-tree.cc:143) For pdf-id 940, low count 16
VLOG[1] (build-tree[5.5.294-06484]:main():build-tree.cc:143) For pdf-id 947, low count 46
VLOG[1] (build-tree[5.5.294-06484]:main():build-tree.cc:143) For pdf-id 957, low count 27
VLOG[1] (build-tree[5.5.294-06484]:main():build-tree.cc:143) For pdf-id 960, low count 56
VLOG[1] (build-tree[5.5.294-06484]:main():build-tree.cc:143) For pdf-id 961, low count 83
VLOG[1] (build-tree[5.5.294-06484]:main():build-tree.cc:143) For pdf-id 967, low count 48
VLOG[1] (build-tree[5.5.294-06484]:main():build-tree.cc:143) For pdf-id 969, low count 82
VLOG[1] (build-tree[5.5.294-06484]:main():build-tree.cc:143) For pdf-id 971, low count 75
VLOG[1] (build-tree[5.5.294-06484]:main():build-tree.cc:143) For pdf-id 984, low count 71
VLOG[1] (build-tree[5.5.294-06484]:main():build-tree.cc:143) For pdf-id 989, low count 52
VLOG[1] (build-tree[5.5.294-06484]:main():build-tree.cc:143) For pdf-id 990, low count 42
VLOG[1] (build-tree[5.5.294-06484]:main():build-tree.cc:143) For pdf-id 991, low count 96
VLOG[1] (build-tree[5.5.294-06484]:main():build-tree.cc:143) For pdf-id 1001, low count 56
VLOG[1] (build-tree[5.5.294-06484]:main():build-tree.cc:143) For pdf-id 1005, low count 91
VLOG[1] (build-tree[5.5.294-06484]:main():build-tree.cc:143) For pdf-id 1007, low count 82
VLOG[1] (build-tree[5.5.294-06484]:main():build-tree.cc:143) For pdf-id 1014, low count 47
VLOG[1] (build-tree[5.5.294-06484]:main():build-tree.cc:143) For pdf-id 1022, low count 82
VLOG[1] (build-tree[5.5.294-06484]:main():build-tree.cc:143) For pdf-id 1029, low count 55
VLOG[1] (build-tree[5.5.294-06484]:main():build-tree.cc:143) For pdf-id 1035, low count 26
VLOG[1] (build-tree[5.5.294-06484]:main():build-tree.cc:143) For pdf-id 1038, low count 78
VLOG[1] (build-tree[5.5.294-06484]:main():build-tree.cc:143) For pdf-id 1039, low count 20
VLOG[1] (build-tree[5.5.294-06484]:main():build-tree.cc:143) For pdf-id 1049, low count 59
VLOG[1] (build-tree[5.5.294-06484]:main():build-tree.cc:143) For pdf-id 1053, low count 93
VLOG[1] (build-tree[5.5.294-06484]:main():build-tree.cc:143) For pdf-id 1056, low count 80
VLOG[1] (build-tree[5.5.294-06484]:main():build-tree.cc:143) For pdf-id 1057, low count 96
VLOG[1] (build-tree[5.5.294-06484]:main():build-tree.cc:143) For pdf-id 1068, low count 94
VLOG[1] (build-tree[5.5.294-06484]:main():build-tree.cc:143) For pdf-id 1069, low count 88
VLOG[1] (build-tree[5.5.294-06484]:main():build-tree.cc:143) For pdf-id 1082, low count 65
VLOG[1] (build-tree[5.5.294-06484]:main():build-tree.cc:143) For pdf-id 1084, low count 97
VLOG[1] (build-tree[5.5.294-06484]:main():build-tree.cc:143) For pdf-id 1085, low count 88
VLOG[1] (build-tree[5.5.294-06484]:main():build-tree.cc:143) For pdf-id 1088, low count 99
VLOG[1] (build-tree[5.5.294-06484]:main():build-tree.cc:143) For pdf-id 1090, low count 31
VLOG[1] (build-tree[5.5.294-06484]:main():build-tree.cc:143) For pdf-id 1091, low count 11
VLOG[1] (build-tree[5.5.294-06484]:main():build-tree.cc:143) For pdf-id 1100, low count 13
VLOG[1] (build-tree[5.5.294-06484]:main():build-tree.cc:143) For pdf-id 1101, low count 68
VLOG[1] (build-tree[5.5.294-06484]:main():build-tree.cc:143) For pdf-id 1106, low count 64
VLOG[1] (build-tree[5.5.294-06484]:main():build-tree.cc:143) For pdf-id 1107, low count 98
VLOG[1] (build-tree[5.5.294-06484]:main():build-tree.cc:143) For pdf-id 1109, low count 11
VLOG[1] (build-tree[5.5.294-06484]:main():build-tree.cc:143) For pdf-id 1112, low count 70
VLOG[1] (build-tree[5.5.294-06484]:main():build-tree.cc:143) For pdf-id 1113, low count 81
VLOG[1] (build-tree[5.5.294-06484]:main():build-tree.cc:143) For pdf-id 1126, low count 23
VLOG[1] (build-tree[5.5.294-06484]:main():build-tree.cc:143) For pdf-id 1132, low count 65
VLOG[1] (build-tree[5.5.294-06484]:main():build-tree.cc:143) For pdf-id 1135, low count 59
VLOG[1] (build-tree[5.5.294-06484]:main():build-tree.cc:143) For pdf-id 1141, low count 79
VLOG[1] (build-tree[5.5.294-06484]:main():build-tree.cc:143) For pdf-id 1145, low count 62
VLOG[1] (build-tree[5.5.294-06484]:main():build-tree.cc:143) For pdf-id 1147, low count 72
VLOG[1] (build-tree[5.5.294-06484]:main():build-tree.cc:143) For pdf-id 1150, low count 86
VLOG[1] (build-tree[5.5.294-06484]:main():build-tree.cc:143) For pdf-id 1151, low count 57
VLOG[1] (build-tree[5.5.294-06484]:main():build-tree.cc:143) For pdf-id 1152, low count 67
VLOG[1] (build-tree[5.5.294-06484]:main():build-tree.cc:143) For pdf-id 1159, low count 52
VLOG[1] (build-tree[5.5.294-06484]:main():build-tree.cc:143) For pdf-id 1161, low count 10
VLOG[1] (build-tree[5.5.294-06484]:main():build-tree.cc:143) For pdf-id 1162, low count 11
VLOG[1] (build-tree[5.5.294-06484]:main():build-tree.cc:143) For pdf-id 1164, low count 73
VLOG[1] (build-tree[5.5.294-06484]:main():build-tree.cc:143) For pdf-id 1169, low count 61
VLOG[1] (build-tree[5.5.294-06484]:main():build-tree.cc:143) For pdf-id 1175, low count 13
VLOG[1] (build-tree[5.5.294-06484]:main():build-tree.cc:143) For pdf-id 1180, low count 94
VLOG[1] (build-tree[5.5.294-06484]:main():build-tree.cc:143) For pdf-id 1181, low count 88
VLOG[1] (build-tree[5.5.294-06484]:main():build-tree.cc:143) For pdf-id 1183, low count 89
VLOG[1] (build-tree[5.5.294-06484]:main():build-tree.cc:143) For pdf-id 1187, low count 20
VLOG[1] (build-tree[5.5.294-06484]:main():build-tree.cc:143) For pdf-id 1190, low count 37
VLOG[1] (build-tree[5.5.294-06484]:main():build-tree.cc:143) For pdf-id 1208, low count 69
VLOG[1] (build-tree[5.5.294-06484]:main():build-tree.cc:143) For pdf-id 1216, low count 40
VLOG[1] (build-tree[5.5.294-06484]:main():build-tree.cc:143) For pdf-id 1219, low count 95
VLOG[1] (build-tree[5.5.294-06484]:main():build-tree.cc:143) For pdf-id 1224, low count 60
VLOG[1] (build-tree[5.5.294-06484]:main():build-tree.cc:143) For pdf-id 1227, low count 27
VLOG[1] (build-tree[5.5.294-06484]:main():build-tree.cc:143) For pdf-id 1232, low count 31
VLOG[1] (build-tree[5.5.294-06484]:main():build-tree.cc:143) For pdf-id 1234, low count 31
VLOG[1] (build-tree[5.5.294-06484]:main():build-tree.cc:143) For pdf-id 1236, low count 90
VLOG[1] (build-tree[5.5.294-06484]:main():build-tree.cc:143) For pdf-id 1245, low count 34
VLOG[1] (build-tree[5.5.294-06484]:main():build-tree.cc:143) For pdf-id 1246, low count 75
VLOG[1] (build-tree[5.5.294-06484]:main():build-tree.cc:143) For pdf-id 1251, low count 36
VLOG[1] (build-tree[5.5.294-06484]:main():build-tree.cc:143) For pdf-id 1255, low count 91
VLOG[1] (build-tree[5.5.294-06484]:main():build-tree.cc:143) For pdf-id 1257, low count 78
VLOG[1] (build-tree[5.5.294-06484]:main():build-tree.cc:143) For pdf-id 1263, low count 81
VLOG[1] (build-tree[5.5.294-06484]:main():build-tree.cc:143) For pdf-id 1265, low count 97
VLOG[1] (build-tree[5.5.294-06484]:main():build-tree.cc:143) For pdf-id 1266, low count 18
VLOG[1] (build-tree[5.5.294-06484]:main():build-tree.cc:143) For pdf-id 1267, low count 92
VLOG[1] (build-tree[5.5.294-06484]:main():build-tree.cc:143) For pdf-id 1273, low count 12
VLOG[1] (build-tree[5.5.294-06484]:main():build-tree.cc:143) For pdf-id 1278, low count 16
VLOG[1] (build-tree[5.5.294-06484]:main():build-tree.cc:143) For pdf-id 1289, low count 85
VLOG[1] (build-tree[5.5.294-06484]:main():build-tree.cc:143) For pdf-id 1294, low count 59
VLOG[1] (build-tree[5.5.294-06484]:main():build-tree.cc:143) For pdf-id 1297, low count 63
VLOG[1] (build-tree[5.5.294-06484]:main():build-tree.cc:143) For pdf-id 1303, low count 69
VLOG[1] (build-tree[5.5.294-06484]:main():build-tree.cc:143) For pdf-id 1307, low count 45
VLOG[1] (build-tree[5.5.294-06484]:main():build-tree.cc:143) For pdf-id 1311, low count 29
VLOG[1] (build-tree[5.5.294-06484]:main():build-tree.cc:143) For pdf-id 1313, low count 93
VLOG[1] (build-tree[5.5.294-06484]:main():build-tree.cc:143) For pdf-id 1320, low count 21
VLOG[1] (build-tree[5.5.294-06484]:main():build-tree.cc:143) For pdf-id 1322, low count 26
VLOG[1] (build-tree[5.5.294-06484]:main():build-tree.cc:143) For pdf-id 1331, low count 47
VLOG[1] (build-tree[5.5.294-06484]:main():build-tree.cc:143) For pdf-id 1332, low count 13
VLOG[1] (build-tree[5.5.294-06484]:main():build-tree.cc:143) For pdf-id 1333, low count 69
VLOG[1] (build-tree[5.5.294-06484]:main():build-tree.cc:143) For pdf-id 1341, low count 58
VLOG[1] (build-tree[5.5.294-06484]:main():build-tree.cc:143) For pdf-id 1345, low count 31
VLOG[1] (build-tree[5.5.294-06484]:main():build-tree.cc:143) For pdf-id 1360, low count 69
VLOG[1] (build-tree[5.5.294-06484]:main():build-tree.cc:143) For pdf-id 1362, low count 59
VLOG[1] (build-tree[5.5.294-06484]:main():build-tree.cc:143) For pdf-id 1363, low count 45
VLOG[1] (build-tree[5.5.294-06484]:main():build-tree.cc:143) For pdf-id 1364, low count 16
VLOG[1] (build-tree[5.5.294-06484]:main():build-tree.cc:143) For pdf-id 1365, low count 90
VLOG[1] (build-tree[5.5.294-06484]:main():build-tree.cc:143) For pdf-id 1375, low count 31
VLOG[1] (build-tree[5.5.294-06484]:main():build-tree.cc:143) For pdf-id 1378, low count 17
VLOG[1] (build-tree[5.5.294-06484]:main():build-tree.cc:143) For pdf-id 1391, low count 90
VLOG[1] (build-tree[5.5.294-06484]:main():build-tree.cc:143) For pdf-id 1394, low count 70
VLOG[1] (build-tree[5.5.294-06484]:main():build-tree.cc:143) For pdf-id 1396, low count 77
VLOG[1] (build-tree[5.5.294-06484]:main():build-tree.cc:143) For pdf-id 1397, low count 77
VLOG[1] (build-tree[5.5.294-06484]:main():build-tree.cc:143) For pdf-id 1398, low count 37
VLOG[1] (build-tree[5.5.294-06484]:main():build-tree.cc:143) For pdf-id 1401, low count 11
VLOG[1] (build-tree[5.5.294-06484]:main():build-tree.cc:143) For pdf-id 1404, low count 43
VLOG[1] (build-tree[5.5.294-06484]:main():build-tree.cc:143) For pdf-id 1406, low count 80
VLOG[1] (build-tree[5.5.294-06484]:main():build-tree.cc:143) For pdf-id 1417, low count 70
VLOG[1] (build-tree[5.5.294-06484]:main():build-tree.cc:143) For pdf-id 1420, low count 26
VLOG[1] (build-tree[5.5.294-06484]:main():build-tree.cc:143) For pdf-id 1421, low count 41
VLOG[1] (build-tree[5.5.294-06484]:main():build-tree.cc:143) For pdf-id 1426, low count 33
VLOG[1] (build-tree[5.5.294-06484]:main():build-tree.cc:143) For pdf-id 1432, low count 49
VLOG[1] (build-tree[5.5.294-06484]:main():build-tree.cc:143) For pdf-id 1448, low count 98
VLOG[1] (build-tree[5.5.294-06484]:main():build-tree.cc:143) For pdf-id 1449, low count 91
VLOG[1] (build-tree[5.5.294-06484]:main():build-tree.cc:143) For pdf-id 1450, low count 32
VLOG[1] (build-tree[5.5.294-06484]:main():build-tree.cc:143) For pdf-id 1454, low count 85
VLOG[1] (build-tree[5.5.294-06484]:main():build-tree.cc:143) For pdf-id 1458, low count 62
VLOG[1] (build-tree[5.5.294-06484]:main():build-tree.cc:143) For pdf-id 1459, low count 99
VLOG[1] (build-tree[5.5.294-06484]:main():build-tree.cc:143) For pdf-id 1460, low count 81
VLOG[1] (build-tree[5.5.294-06484]:main():build-tree.cc:143) For pdf-id 1463, low count 39
VLOG[1] (build-tree[5.5.294-06484]:main():build-tree.cc:143) For pdf-id 1478, low count 70
VLOG[1] (build-tree[5.5.294-06484]:main():build-tree.cc:143) For pdf-id 1479, low count 67
VLOG[1] (build-tree[5.5.294-06484]:main():build-tree.cc:143) For pdf-id 1480, low count 76
VLOG[1] (build-tree[5.5.294-06484]:main():build-tree.cc:143) For pdf-id 1481, low count 13
VLOG[1] (build-tree[5.5.294-06484]:main():build-tree.cc:143) For pdf-id 1483, low count 77
VLOG[1] (build-tree[5.5.294-06484]:main():build-tree.cc:143) For pdf-id 1485, low count 81
VLOG[1] (build-tree[5.5.294-06484]:main():build-tree.cc:143) For pdf-id 1490, low count 84
VLOG[1] (build-tree[5.5.294-06484]:main():build-tree.cc:143) For pdf-id 1496, low count 33
VLOG[1] (build-tree[5.5.294-06484]:main():build-tree.cc:143) For pdf-id 1500, low count 99
VLOG[1] (build-tree[5.5.294-06484]:main():build-tree.cc:143) For pdf-id 1511, low count 43
VLOG[1] (build-tree[5.5.294-06484]:main():build-tree.cc:143) For pdf-id 1519, low count 58
VLOG[1] (build-tree[5.5.294-06484]:main():build-tree.cc:143) For pdf-id 1529, low count 69
VLOG[1] (build-tree[5.5.294-06484]:main():build-tree.cc:143) For pdf-id 1532, low count 85
VLOG[1] (build-tree[5.5.294-06484]:main():build-tree.cc:143) For pdf-id 1533, low count 76
VLOG[1] (build-tree[5.5.294-06484]:main():build-tree.cc:143) For pdf-id 1534, low count 81
VLOG[1] (build-tree[5.5.294-06484]:main():build-tree.cc:143) For pdf-id 1537, low count 58
LOG (build-tree[5.5.294-06484]:main():build-tree.cc:189) Wrote tree
# Accounting: time=1 threads=1
# Ended (code 0) at Mon Apr 29 16:38:18 AEST 2019, elapsed time 1 seconds
