# ali-to-post "ark:gunzip -c exp/tri3/ali.1.gz|" ark:- | weight-silence-post 0.0 1 exp/tri3/4.mdl ark:- ark:- | gmm-est-fmllr --fmllr-update-type=full --spk2utt=ark:data/train/split10/1/spk2utt exp/tri3/4.mdl "ark,s,cs:apply-cmvn  --utt2spk=ark:data/train/split10/1/utt2spk scp:data/train/split10/1/cmvn.scp scp:data/train/split10/1/feats.scp ark:- | splice-feats --left-context=3 --right-context=3 ark:- ark:- | transform-feats exp/tri2_ali/final.mat ark:- ark:- | transform-feats --utt2spk=ark:data/train/split10/1/utt2spk ark:exp/tri3/trans.1 ark:- ark:- |" ark:- ark:exp/tri3/tmp_trans.1 
# Started at Mon Apr 29 16:38:21 AEST 2019
#
ali-to-post 'ark:gunzip -c exp/tri3/ali.1.gz|' ark:- 
gmm-est-fmllr --fmllr-update-type=full --spk2utt=ark:data/train/split10/1/spk2utt exp/tri3/4.mdl 'ark,s,cs:apply-cmvn  --utt2spk=ark:data/train/split10/1/utt2spk scp:data/train/split10/1/cmvn.scp scp:data/train/split10/1/feats.scp ark:- | splice-feats --left-context=3 --right-context=3 ark:- ark:- | transform-feats exp/tri2_ali/final.mat ark:- ark:- | transform-feats --utt2spk=ark:data/train/split10/1/utt2spk ark:exp/tri3/trans.1 ark:- ark:- |' ark:- ark:exp/tri3/tmp_trans.1 
weight-silence-post 0.0 1 exp/tri3/4.mdl ark:- ark:- 
transform-feats exp/tri2_ali/final.mat ark:- ark:- 
splice-feats --left-context=3 --right-context=3 ark:- ark:- 
apply-cmvn --utt2spk=ark:data/train/split10/1/utt2spk scp:data/train/split10/1/cmvn.scp scp:data/train/split10/1/feats.scp ark:- 
transform-feats --utt2spk=ark:data/train/split10/1/utt2spk ark:exp/tri3/trans.1 ark:- ark:- 
LOG (gmm-est-fmllr[5.5.294-06484]:ComputeFmllrMatrixDiagGmmFull():fmllr-diag-gmm.cc:262) fMLLR objf improvement is 0.0699805 per frame over 2159 frames.
LOG (gmm-est-fmllr[5.5.294-06484]:main():gmm-est-fmllr.cc:143) For speaker FAEM0, auxf-impr from fMLLR is 0.0699805, over 2159 frames.
LOG (gmm-est-fmllr[5.5.294-06484]:ComputeFmllrMatrixDiagGmmFull():fmllr-diag-gmm.cc:262) fMLLR objf improvement is 0.149637 per frame over 2293 frames.
LOG (gmm-est-fmllr[5.5.294-06484]:main():gmm-est-fmllr.cc:143) For speaker FAJW0, auxf-impr from fMLLR is 0.149637, over 2293 frames.
LOG (gmm-est-fmllr[5.5.294-06484]:ComputeFmllrMatrixDiagGmmFull():fmllr-diag-gmm.cc:262) fMLLR objf improvement is 0.108445 per frame over 1710 frames.
LOG (gmm-est-fmllr[5.5.294-06484]:main():gmm-est-fmllr.cc:143) For speaker FCJF0, auxf-impr from fMLLR is 0.108445, over 1710 frames.
LOG (gmm-est-fmllr[5.5.294-06484]:ComputeFmllrMatrixDiagGmmFull():fmllr-diag-gmm.cc:262) fMLLR objf improvement is 0.137619 per frame over 2105 frames.
LOG (gmm-est-fmllr[5.5.294-06484]:main():gmm-est-fmllr.cc:143) For speaker FJKL0, auxf-impr from fMLLR is 0.137619, over 2105 frames.
LOG (gmm-est-fmllr[5.5.294-06484]:ComputeFmllrMatrixDiagGmmFull():fmllr-diag-gmm.cc:262) fMLLR objf improvement is 0.145859 per frame over 2241 frames.
LOG (gmm-est-fmllr[5.5.294-06484]:main():gmm-est-fmllr.cc:143) For speaker FKAA0, auxf-impr from fMLLR is 0.145859, over 2241 frames.
LOG (gmm-est-fmllr[5.5.294-06484]:ComputeFmllrMatrixDiagGmmFull():fmllr-diag-gmm.cc:262) fMLLR objf improvement is 0.121353 per frame over 2029 frames.
LOG (gmm-est-fmllr[5.5.294-06484]:main():gmm-est-fmllr.cc:143) For speaker FLHD0, auxf-impr from fMLLR is 0.121353, over 2029 frames.
LOG (gmm-est-fmllr[5.5.294-06484]:ComputeFmllrMatrixDiagGmmFull():fmllr-diag-gmm.cc:262) fMLLR objf improvement is 0.119488 per frame over 2521 frames.
LOG (gmm-est-fmllr[5.5.294-06484]:main():gmm-est-fmllr.cc:143) For speaker FLKM0, auxf-impr from fMLLR is 0.119488, over 2521 frames.
LOG (gmm-est-fmllr[5.5.294-06484]:ComputeFmllrMatrixDiagGmmFull():fmllr-diag-gmm.cc:262) fMLLR objf improvement is 0.0925043 per frame over 1916 frames.
LOG (gmm-est-fmllr[5.5.294-06484]:main():gmm-est-fmllr.cc:143) For speaker FLMA0, auxf-impr from fMLLR is 0.0925043, over 1916 frames.
LOG (gmm-est-fmllr[5.5.294-06484]:ComputeFmllrMatrixDiagGmmFull():fmllr-diag-gmm.cc:262) fMLLR objf improvement is 0.146094 per frame over 2157 frames.
LOG (gmm-est-fmllr[5.5.294-06484]:main():gmm-est-fmllr.cc:143) For speaker FMBG0, auxf-impr from fMLLR is 0.146094, over 2157 frames.
LOG (gmm-est-fmllr[5.5.294-06484]:ComputeFmllrMatrixDiagGmmFull():fmllr-diag-gmm.cc:262) fMLLR objf improvement is 0.235907 per frame over 2311 frames.
LOG (gmm-est-fmllr[5.5.294-06484]:main():gmm-est-fmllr.cc:143) For speaker FMJF0, auxf-impr from fMLLR is 0.235907, over 2311 frames.
LOG (gmm-est-fmllr[5.5.294-06484]:ComputeFmllrMatrixDiagGmmFull():fmllr-diag-gmm.cc:262) fMLLR objf improvement is 0.0966824 per frame over 2191 frames.
LOG (gmm-est-fmllr[5.5.294-06484]:main():gmm-est-fmllr.cc:143) For speaker FMKC0, auxf-impr from fMLLR is 0.0966824, over 2191 frames.
LOG (gmm-est-fmllr[5.5.294-06484]:ComputeFmllrMatrixDiagGmmFull():fmllr-diag-gmm.cc:262) fMLLR objf improvement is 0.103219 per frame over 2134 frames.
LOG (gmm-est-fmllr[5.5.294-06484]:main():gmm-est-fmllr.cc:143) For speaker FNKL0, auxf-impr from fMLLR is 0.103219, over 2134 frames.
LOG (ali-to-post[5.5.294-06484]:main():ali-to-post.cc:73) Converted 128 alignments.
LOG (gmm-est-fmllr[5.5.294-06484]:ComputeFmllrMatrixDiagGmmFull():fmllr-diag-gmm.cc:262) fMLLR objf improvement is 0.0824436 per frame over 2046 frames.
LOG (gmm-est-fmllr[5.5.294-06484]:main():gmm-est-fmllr.cc:143) For speaker FNTB0, auxf-impr from fMLLR is 0.0824436, over 2046 frames.
LOG (gmm-est-fmllr[5.5.294-06484]:ComputeFmllrMatrixDiagGmmFull():fmllr-diag-gmm.cc:262) fMLLR objf improvement is 0.243036 per frame over 2459 frames.
LOG (gmm-est-fmllr[5.5.294-06484]:main():gmm-est-fmllr.cc:143) For speaker FPAB1, auxf-impr from fMLLR is 0.243036, over 2459 frames.
LOG (weight-silence-post[5.5.294-06484]:main():weight-silence-post.cc:95) Done 128 posteriors.
LOG (apply-cmvn[5.5.294-06484]:main():apply-cmvn.cc:162) Applied cepstral mean normalization to 128 utterances, errors on 0
LOG (gmm-est-fmllr[5.5.294-06484]:ComputeFmllrMatrixDiagGmmFull():fmllr-diag-gmm.cc:262) fMLLR objf improvement is 0.151947 per frame over 2384 frames.
LOG (gmm-est-fmllr[5.5.294-06484]:main():gmm-est-fmllr.cc:143) For speaker FPAC0, auxf-impr from fMLLR is 0.151947, over 2384 frames.
LOG (transform-feats[5.5.294-06484]:main():transform-feats.cc:158) Overall average [pseudo-]logdet is -89.0921 over 38996 frames.
LOG (transform-feats[5.5.294-06484]:main():transform-feats.cc:161) Applied transform to 128 utterances; 0 had errors.
LOG (transform-feats[5.5.294-06484]:main():transform-feats.cc:158) Overall average logdet is 2.04578 over 38996 frames.
LOG (transform-feats[5.5.294-06484]:main():transform-feats.cc:161) Applied transform to 128 utterances; 0 had errors.
LOG (gmm-est-fmllr[5.5.294-06484]:ComputeFmllrMatrixDiagGmmFull():fmllr-diag-gmm.cc:262) fMLLR objf improvement is 0.130757 per frame over 2085 frames.
LOG (gmm-est-fmllr[5.5.294-06484]:main():gmm-est-fmllr.cc:143) For speaker FPAF0, auxf-impr from fMLLR is 0.130757, over 2085 frames.
LOG (gmm-est-fmllr[5.5.294-06484]:main():gmm-est-fmllr.cc:188) Done 128 files, 0 with no posts, 0 with other errors.
LOG (gmm-est-fmllr[5.5.294-06484]:main():gmm-est-fmllr.cc:190) Overall fMLLR auxf impr per frame is 0.135704 over 34741 frames.
# Accounting: time=1 threads=1
# Ended (code 0) at Mon Apr 29 16:38:22 AEST 2019, elapsed time 1 seconds
