# ali-to-post "ark:gunzip -c exp/tri2_ali/ali.2.gz|" ark:- | weight-silence-post 0.0 1 exp/tri2_ali/final.mdl ark:- ark:- | gmm-est-fmllr --fmllr-update-type=full --spk2utt=ark:data/train/split10/2/spk2utt exp/tri2_ali/final.mdl "ark,s,cs:apply-cmvn  --utt2spk=ark:data/train/split10/2/utt2spk scp:data/train/split10/2/cmvn.scp scp:data/train/split10/2/feats.scp ark:- | splice-feats --left-context=3 --right-context=3 ark:- ark:- | transform-feats exp/tri2_ali/final.mat ark:- ark:- |" ark:- ark:exp/tri3/trans.2 
# Started at Mon Apr 29 16:38:16 AEST 2019
#
ali-to-post 'ark:gunzip -c exp/tri2_ali/ali.2.gz|' ark:- 
gmm-est-fmllr --fmllr-update-type=full --spk2utt=ark:data/train/split10/2/spk2utt exp/tri2_ali/final.mdl 'ark,s,cs:apply-cmvn  --utt2spk=ark:data/train/split10/2/utt2spk scp:data/train/split10/2/cmvn.scp scp:data/train/split10/2/feats.scp ark:- | splice-feats --left-context=3 --right-context=3 ark:- ark:- | transform-feats exp/tri2_ali/final.mat ark:- ark:- |' ark:- ark:exp/tri3/trans.2 
weight-silence-post 0.0 1 exp/tri2_ali/final.mdl ark:- ark:- 
transform-feats exp/tri2_ali/final.mat ark:- ark:- 
splice-feats --left-context=3 --right-context=3 ark:- ark:- 
apply-cmvn --utt2spk=ark:data/train/split10/2/utt2spk scp:data/train/split10/2/cmvn.scp scp:data/train/split10/2/feats.scp ark:- 
LOG (gmm-est-fmllr[5.5.294-06484]:ComputeFmllrMatrixDiagGmmFull():fmllr-diag-gmm.cc:262) fMLLR objf improvement is 1.90563 per frame over 2284 frames.
LOG (gmm-est-fmllr[5.5.294-06484]:main():gmm-est-fmllr.cc:143) For speaker FPAZ0, auxf-impr from fMLLR is 1.90563, over 2284 frames.
LOG (gmm-est-fmllr[5.5.294-06484]:ComputeFmllrMatrixDiagGmmFull():fmllr-diag-gmm.cc:262) fMLLR objf improvement is 2.54321 per frame over 2035 frames.
LOG (gmm-est-fmllr[5.5.294-06484]:main():gmm-est-fmllr.cc:143) For speaker FPLS0, auxf-impr from fMLLR is 2.54321, over 2035 frames.
LOG (gmm-est-fmllr[5.5.294-06484]:ComputeFmllrMatrixDiagGmmFull():fmllr-diag-gmm.cc:262) fMLLR objf improvement is 2.39465 per frame over 1920 frames.
LOG (gmm-est-fmllr[5.5.294-06484]:main():gmm-est-fmllr.cc:143) For speaker FREH0, auxf-impr from fMLLR is 2.39465, over 1920 frames.
LOG (gmm-est-fmllr[5.5.294-06484]:ComputeFmllrMatrixDiagGmmFull():fmllr-diag-gmm.cc:262) fMLLR objf improvement is 1.77177 per frame over 2552 frames.
LOG (gmm-est-fmllr[5.5.294-06484]:main():gmm-est-fmllr.cc:143) For speaker FSAG0, auxf-impr from fMLLR is 1.77177, over 2552 frames.
LOG (gmm-est-fmllr[5.5.294-06484]:ComputeFmllrMatrixDiagGmmFull():fmllr-diag-gmm.cc:262) fMLLR objf improvement is 2.03743 per frame over 2067 frames.
LOG (gmm-est-fmllr[5.5.294-06484]:main():gmm-est-fmllr.cc:143) For speaker FSAK0, auxf-impr from fMLLR is 2.03743, over 2067 frames.
LOG (gmm-est-fmllr[5.5.294-06484]:ComputeFmllrMatrixDiagGmmFull():fmllr-diag-gmm.cc:262) fMLLR objf improvement is 2.45042 per frame over 2357 frames.
LOG (gmm-est-fmllr[5.5.294-06484]:main():gmm-est-fmllr.cc:143) For speaker FSBK0, auxf-impr from fMLLR is 2.45042, over 2357 frames.
LOG (gmm-est-fmllr[5.5.294-06484]:ComputeFmllrMatrixDiagGmmFull():fmllr-diag-gmm.cc:262) fMLLR objf improvement is 2.26521 per frame over 2069 frames.
LOG (gmm-est-fmllr[5.5.294-06484]:main():gmm-est-fmllr.cc:143) For speaker FSDC0, auxf-impr from fMLLR is 2.26521, over 2069 frames.
LOG (gmm-est-fmllr[5.5.294-06484]:ComputeFmllrMatrixDiagGmmFull():fmllr-diag-gmm.cc:262) fMLLR objf improvement is 1.83378 per frame over 1891 frames.
LOG (gmm-est-fmllr[5.5.294-06484]:main():gmm-est-fmllr.cc:143) For speaker FSDJ0, auxf-impr from fMLLR is 1.83378, over 1891 frames.
LOG (gmm-est-fmllr[5.5.294-06484]:ComputeFmllrMatrixDiagGmmFull():fmllr-diag-gmm.cc:262) fMLLR objf improvement is 2.59668 per frame over 2091 frames.
LOG (gmm-est-fmllr[5.5.294-06484]:main():gmm-est-fmllr.cc:143) For speaker FSGF0, auxf-impr from fMLLR is 2.59668, over 2091 frames.
LOG (gmm-est-fmllr[5.5.294-06484]:ComputeFmllrMatrixDiagGmmFull():fmllr-diag-gmm.cc:262) fMLLR objf improvement is 1.52573 per frame over 3070 frames.
LOG (gmm-est-fmllr[5.5.294-06484]:main():gmm-est-fmllr.cc:143) For speaker FSJG0, auxf-impr from fMLLR is 1.52573, over 3070 frames.
LOG (gmm-est-fmllr[5.5.294-06484]:ComputeFmllrMatrixDiagGmmFull():fmllr-diag-gmm.cc:262) fMLLR objf improvement is 1.80523 per frame over 2309 frames.
LOG (gmm-est-fmllr[5.5.294-06484]:main():gmm-est-fmllr.cc:143) For speaker FSJS0, auxf-impr from fMLLR is 1.80523, over 2309 frames.
LOG (ali-to-post[5.5.294-06484]:main():ali-to-post.cc:73) Converted 120 alignments.
LOG (gmm-est-fmllr[5.5.294-06484]:ComputeFmllrMatrixDiagGmmFull():fmllr-diag-gmm.cc:262) fMLLR objf improvement is 2.18456 per frame over 2233 frames.
LOG (gmm-est-fmllr[5.5.294-06484]:main():gmm-est-fmllr.cc:143) For speaker FSJW0, auxf-impr from fMLLR is 2.18456, over 2233 frames.
LOG (gmm-est-fmllr[5.5.294-06484]:ComputeFmllrMatrixDiagGmmFull():fmllr-diag-gmm.cc:262) fMLLR objf improvement is 1.9959 per frame over 2058 frames.
LOG (gmm-est-fmllr[5.5.294-06484]:main():gmm-est-fmllr.cc:143) For speaker FSKC0, auxf-impr from fMLLR is 1.9959, over 2058 frames.
LOG (weight-silence-post[5.5.294-06484]:main():weight-silence-post.cc:95) Done 120 posteriors.
LOG (gmm-est-fmllr[5.5.294-06484]:ComputeFmllrMatrixDiagGmmFull():fmllr-diag-gmm.cc:262) fMLLR objf improvement is 2.4605 per frame over 2077 frames.
LOG (gmm-est-fmllr[5.5.294-06484]:main():gmm-est-fmllr.cc:143) For speaker FSKL0, auxf-impr from fMLLR is 2.4605, over 2077 frames.
LOG (apply-cmvn[5.5.294-06484]:main():apply-cmvn.cc:162) Applied cepstral mean normalization to 120 utterances, errors on 0
LOG (transform-feats[5.5.294-06484]:main():transform-feats.cc:158) Overall average [pseudo-]logdet is -89.0921 over 36868 frames.
LOG (transform-feats[5.5.294-06484]:main():transform-feats.cc:161) Applied transform to 120 utterances; 0 had errors.
LOG (gmm-est-fmllr[5.5.294-06484]:ComputeFmllrMatrixDiagGmmFull():fmllr-diag-gmm.cc:262) fMLLR objf improvement is 2.52635 per frame over 1982 frames.
LOG (gmm-est-fmllr[5.5.294-06484]:main():gmm-est-fmllr.cc:143) For speaker FSKP0, auxf-impr from fMLLR is 2.52635, over 1982 frames.
LOG (gmm-est-fmllr[5.5.294-06484]:main():gmm-est-fmllr.cc:188) Done 120 files, 0 with no posts, 0 with other errors.
LOG (gmm-est-fmllr[5.5.294-06484]:main():gmm-est-fmllr.cc:190) Overall fMLLR auxf impr per frame is 2.1268 over 32995 frames.
# Accounting: time=0 threads=1
# Ended (code 0) at Mon Apr 29 16:38:16 AEST 2019, elapsed time 0 seconds
