# ali-to-post "ark:gunzip -c exp/tri3/ali.6.gz|" ark:- | weight-silence-post 0.0 1 exp/tri3/2.mdl ark:- ark:- | gmm-est-fmllr --fmllr-update-type=full --spk2utt=ark:data/train/split10/6/spk2utt exp/tri3/2.mdl "ark,s,cs:apply-cmvn  --utt2spk=ark:data/train/split10/6/utt2spk scp:data/train/split10/6/cmvn.scp scp:data/train/split10/6/feats.scp ark:- | splice-feats --left-context=3 --right-context=3 ark:- ark:- | transform-feats exp/tri2_ali/final.mat ark:- ark:- | transform-feats --utt2spk=ark:data/train/split10/6/utt2spk ark,s,cs:exp/tri3/trans.6 ark:- ark:- |" ark:- ark:exp/tri3/tmp_trans.6 
# Started at Mon Apr 29 16:38:19 AEST 2019
#
gmm-est-fmllr --fmllr-update-type=full --spk2utt=ark:data/train/split10/6/spk2utt exp/tri3/2.mdl 'ark,s,cs:apply-cmvn  --utt2spk=ark:data/train/split10/6/utt2spk scp:data/train/split10/6/cmvn.scp scp:data/train/split10/6/feats.scp ark:- | splice-feats --left-context=3 --right-context=3 ark:- ark:- | transform-feats exp/tri2_ali/final.mat ark:- ark:- | transform-feats --utt2spk=ark:data/train/split10/6/utt2spk ark,s,cs:exp/tri3/trans.6 ark:- ark:- |' ark:- ark:exp/tri3/tmp_trans.6 
ali-to-post 'ark:gunzip -c exp/tri3/ali.6.gz|' ark:- 
weight-silence-post 0.0 1 exp/tri3/2.mdl ark:- ark:- 
transform-feats --utt2spk=ark:data/train/split10/6/utt2spk ark,s,cs:exp/tri3/trans.6 ark:- ark:- 
transform-feats exp/tri2_ali/final.mat ark:- ark:- 
splice-feats --left-context=3 --right-context=3 ark:- ark:- 
apply-cmvn --utt2spk=ark:data/train/split10/6/utt2spk scp:data/train/split10/6/cmvn.scp scp:data/train/split10/6/feats.scp ark:- 
LOG (gmm-est-fmllr[5.5.294-06484]:ComputeFmllrMatrixDiagGmmFull():fmllr-diag-gmm.cc:262) fMLLR objf improvement is 1.51001 per frame over 2192 frames.
LOG (gmm-est-fmllr[5.5.294-06484]:main():gmm-est-fmllr.cc:143) For speaker MHIT0, auxf-impr from fMLLR is 1.51001, over 2192 frames.
LOG (gmm-est-fmllr[5.5.294-06484]:ComputeFmllrMatrixDiagGmmFull():fmllr-diag-gmm.cc:262) fMLLR objf improvement is 1.30193 per frame over 2014 frames.
LOG (gmm-est-fmllr[5.5.294-06484]:main():gmm-est-fmllr.cc:143) For speaker MHMG0, auxf-impr from fMLLR is 1.30193, over 2014 frames.
LOG (gmm-est-fmllr[5.5.294-06484]:ComputeFmllrMatrixDiagGmmFull():fmllr-diag-gmm.cc:262) fMLLR objf improvement is 1.49096 per frame over 2403 frames.
LOG (gmm-est-fmllr[5.5.294-06484]:main():gmm-est-fmllr.cc:143) For speaker MJDM0, auxf-impr from fMLLR is 1.49096, over 2403 frames.
LOG (gmm-est-fmllr[5.5.294-06484]:ComputeFmllrMatrixDiagGmmFull():fmllr-diag-gmm.cc:262) fMLLR objf improvement is 1.15005 per frame over 1905 frames.
LOG (gmm-est-fmllr[5.5.294-06484]:main():gmm-est-fmllr.cc:143) For speaker MJMD0, auxf-impr from fMLLR is 1.15005, over 1905 frames.
LOG (gmm-est-fmllr[5.5.294-06484]:ComputeFmllrMatrixDiagGmmFull():fmllr-diag-gmm.cc:262) fMLLR objf improvement is 1.33396 per frame over 2046 frames.
LOG (gmm-est-fmllr[5.5.294-06484]:main():gmm-est-fmllr.cc:143) For speaker MJPM0, auxf-impr from fMLLR is 1.33396, over 2046 frames.
LOG (gmm-est-fmllr[5.5.294-06484]:ComputeFmllrMatrixDiagGmmFull():fmllr-diag-gmm.cc:262) fMLLR objf improvement is 1.27446 per frame over 1946 frames.
LOG (gmm-est-fmllr[5.5.294-06484]:main():gmm-est-fmllr.cc:143) For speaker MJRP0, auxf-impr from fMLLR is 1.27446, over 1946 frames.
LOG (gmm-est-fmllr[5.5.294-06484]:ComputeFmllrMatrixDiagGmmFull():fmllr-diag-gmm.cc:262) fMLLR objf improvement is 1.23252 per frame over 2155 frames.
LOG (gmm-est-fmllr[5.5.294-06484]:main():gmm-est-fmllr.cc:143) For speaker MKAH0, auxf-impr from fMLLR is 1.23252, over 2155 frames.
LOG (gmm-est-fmllr[5.5.294-06484]:ComputeFmllrMatrixDiagGmmFull():fmllr-diag-gmm.cc:262) fMLLR objf improvement is 1.00161 per frame over 1764 frames.
LOG (gmm-est-fmllr[5.5.294-06484]:main():gmm-est-fmllr.cc:143) For speaker MKAJ0, auxf-impr from fMLLR is 1.00161, over 1764 frames.
LOG (gmm-est-fmllr[5.5.294-06484]:ComputeFmllrMatrixDiagGmmFull():fmllr-diag-gmm.cc:262) fMLLR objf improvement is 0.939703 per frame over 2298 frames.
LOG (gmm-est-fmllr[5.5.294-06484]:main():gmm-est-fmllr.cc:143) For speaker MKDT0, auxf-impr from fMLLR is 0.939703, over 2298 frames.
LOG (gmm-est-fmllr[5.5.294-06484]:ComputeFmllrMatrixDiagGmmFull():fmllr-diag-gmm.cc:262) fMLLR objf improvement is 1.27385 per frame over 1897 frames.
LOG (gmm-est-fmllr[5.5.294-06484]:main():gmm-est-fmllr.cc:143) For speaker MKJO0, auxf-impr from fMLLR is 1.27385, over 1897 frames.
LOG (gmm-est-fmllr[5.5.294-06484]:ComputeFmllrMatrixDiagGmmFull():fmllr-diag-gmm.cc:262) fMLLR objf improvement is 1.01098 per frame over 2246 frames.
LOG (gmm-est-fmllr[5.5.294-06484]:main():gmm-est-fmllr.cc:143) For speaker MMAA0, auxf-impr from fMLLR is 1.01098, over 2246 frames.
LOG (gmm-est-fmllr[5.5.294-06484]:ComputeFmllrMatrixDiagGmmFull():fmllr-diag-gmm.cc:262) fMLLR objf improvement is 1.08325 per frame over 2471 frames.
LOG (gmm-est-fmllr[5.5.294-06484]:main():gmm-est-fmllr.cc:143) For speaker MMAG0, auxf-impr from fMLLR is 1.08325, over 2471 frames.
LOG (ali-to-post[5.5.294-06484]:main():ali-to-post.cc:73) Converted 128 alignments.
LOG (gmm-est-fmllr[5.5.294-06484]:ComputeFmllrMatrixDiagGmmFull():fmllr-diag-gmm.cc:262) fMLLR objf improvement is 1.58722 per frame over 1942 frames.
LOG (gmm-est-fmllr[5.5.294-06484]:main():gmm-est-fmllr.cc:143) For speaker MMGC0, auxf-impr from fMLLR is 1.58722, over 1942 frames.
LOG (gmm-est-fmllr[5.5.294-06484]:ComputeFmllrMatrixDiagGmmFull():fmllr-diag-gmm.cc:262) fMLLR objf improvement is 1.18379 per frame over 2076 frames.
LOG (gmm-est-fmllr[5.5.294-06484]:main():gmm-est-fmllr.cc:143) For speaker MMRP0, auxf-impr from fMLLR is 1.18379, over 2076 frames.
LOG (weight-silence-post[5.5.294-06484]:main():weight-silence-post.cc:95) Done 128 posteriors.
LOG (apply-cmvn[5.5.294-06484]:main():apply-cmvn.cc:162) Applied cepstral mean normalization to 128 utterances, errors on 0
LOG (gmm-est-fmllr[5.5.294-06484]:ComputeFmllrMatrixDiagGmmFull():fmllr-diag-gmm.cc:262) fMLLR objf improvement is 1.80707 per frame over 1895 frames.
LOG (gmm-est-fmllr[5.5.294-06484]:main():gmm-est-fmllr.cc:143) For speaker MNET0, auxf-impr from fMLLR is 1.80707, over 1895 frames.
LOG (transform-feats[5.5.294-06484]:main():transform-feats.cc:158) Overall average [pseudo-]logdet is -89.0921 over 37590 frames.
LOG (transform-feats[5.5.294-06484]:main():transform-feats.cc:161) Applied transform to 128 utterances; 0 had errors.
LOG (transform-feats[5.5.294-06484]:main():transform-feats.cc:158) Overall average logdet is 1.58532 over 37590 frames.
LOG (transform-feats[5.5.294-06484]:main():transform-feats.cc:161) Applied transform to 128 utterances; 0 had errors.
LOG (gmm-est-fmllr[5.5.294-06484]:ComputeFmllrMatrixDiagGmmFull():fmllr-diag-gmm.cc:262) fMLLR objf improvement is 1.10464 per frame over 1978 frames.
LOG (gmm-est-fmllr[5.5.294-06484]:main():gmm-est-fmllr.cc:143) For speaker MPEB0, auxf-impr from fMLLR is 1.10464, over 1978 frames.
LOG (gmm-est-fmllr[5.5.294-06484]:main():gmm-est-fmllr.cc:188) Done 128 files, 0 with no posts, 0 with other errors.
LOG (gmm-est-fmllr[5.5.294-06484]:main():gmm-est-fmllr.cc:190) Overall fMLLR auxf impr per frame is 1.26431 over 33228 frames.
# Accounting: time=1 threads=1
# Ended (code 0) at Mon Apr 29 16:38:20 AEST 2019, elapsed time 1 seconds
