# build-tree --verbose=1 --max-leaves=2500 --cluster-thresh=-1 exp/tri1/treeacc data/lang/phones/roots.int exp/tri1/questions.qst data/lang/topo exp/tri1/tree 
# Started at Mon Apr 29 15:18:57 AEST 2019
#
build-tree --verbose=1 --max-leaves=2500 --cluster-thresh=-1 exp/tri1/treeacc data/lang/phones/roots.int exp/tri1/questions.qst data/lang/topo exp/tri1/tree 
LOG (build-tree[5.5.294-06484]:main():build-tree.cc:104) Number of separate statistics is 30426
LOG (build-tree[5.5.294-06484]:BuildTree():build-tree.cc:161) BuildTree: before building trees, map has 48 leaves.
LOG (build-tree[5.5.294-06484]:SplitDecisionTree():build-tree-utils.cc:577) DoDecisionTreeSplit: split 1344 times, #leaves now 1392
LOG (build-tree[5.5.294-06484]:BuildTree():build-tree.cc:187) Setting clustering threshold to smallest split 300.518
VLOG[1] (build-tree[5.5.294-06484]:BuildTree():build-tree.cc:196) After decision tree split, num-leaves = 1392, like-impr = 5.3392 per frame over 380733 frames.
VLOG[1] (build-tree[5.5.294-06484]:BuildTree():build-tree.cc:200) Including just phones that were split, improvement is 5.3392 per frame over 380733 frames.
LOG (build-tree[5.5.294-06484]:BuildTree():build-tree.cc:215) BuildTree: removed 349 leaves.
VLOG[1] (build-tree[5.5.294-06484]:ClusterEventMapToNClustersRestrictedByMap():build-tree-utils.cc:914) Number of non-empty clusters in map = 48
VLOG[1] (build-tree[5.5.294-06484]:ClusterEventMapToNClustersRestrictedByMap():build-tree-utils.cc:915) Number of non-empty clusters = 1043
LOG (build-tree[5.5.294-06484]:BuildTree():build-tree.cc:231) BuildTree: Rounded num leaves to multiple of 8 by removing 3 leaves.
VLOG[1] (build-tree[5.5.294-06484]:BuildTree():build-tree.cc:256) Objf change due to clustering -0.202504 per frame.
VLOG[1] (build-tree[5.5.294-06484]:BuildTree():build-tree.cc:259) Normalizing over only split phones, this is: -0.202504 per frame.
VLOG[1] (build-tree[5.5.294-06484]:BuildTree():build-tree.cc:262) Num-leaves is now 1040
VLOG[1] (build-tree[5.5.294-06484]:main():build-tree.cc:143) For pdf-id 4, low count 74
VLOG[1] (build-tree[5.5.294-06484]:main():build-tree.cc:143) For pdf-id 7, low count 93
VLOG[1] (build-tree[5.5.294-06484]:main():build-tree.cc:143) For pdf-id 19, low count 55
VLOG[1] (build-tree[5.5.294-06484]:main():build-tree.cc:143) For pdf-id 21, low count 65
VLOG[1] (build-tree[5.5.294-06484]:main():build-tree.cc:143) For pdf-id 33, low count 99
VLOG[1] (build-tree[5.5.294-06484]:main():build-tree.cc:143) For pdf-id 39, low count 67
VLOG[1] (build-tree[5.5.294-06484]:main():build-tree.cc:143) For pdf-id 40, low count 35
VLOG[1] (build-tree[5.5.294-06484]:main():build-tree.cc:143) For pdf-id 69, low count 65
VLOG[1] (build-tree[5.5.294-06484]:main():build-tree.cc:143) For pdf-id 93, low count 94
VLOG[1] (build-tree[5.5.294-06484]:main():build-tree.cc:143) For pdf-id 95, low count 78
VLOG[1] (build-tree[5.5.294-06484]:main():build-tree.cc:143) For pdf-id 100, low count 73
VLOG[1] (build-tree[5.5.294-06484]:main():build-tree.cc:143) For pdf-id 103, low count 22
VLOG[1] (build-tree[5.5.294-06484]:main():build-tree.cc:143) For pdf-id 124, low count 64
VLOG[1] (build-tree[5.5.294-06484]:main():build-tree.cc:143) For pdf-id 129, low count 7
VLOG[1] (build-tree[5.5.294-06484]:main():build-tree.cc:143) For pdf-id 132, low count 12
VLOG[1] (build-tree[5.5.294-06484]:main():build-tree.cc:143) For pdf-id 138, low count 49
VLOG[1] (build-tree[5.5.294-06484]:main():build-tree.cc:143) For pdf-id 139, low count 77
VLOG[1] (build-tree[5.5.294-06484]:main():build-tree.cc:143) For pdf-id 142, low count 73
VLOG[1] (build-tree[5.5.294-06484]:main():build-tree.cc:143) For pdf-id 162, low count 90
VLOG[1] (build-tree[5.5.294-06484]:main():build-tree.cc:143) For pdf-id 163, low count 93
VLOG[1] (build-tree[5.5.294-06484]:main():build-tree.cc:143) For pdf-id 165, low count 15
VLOG[1] (build-tree[5.5.294-06484]:main():build-tree.cc:143) For pdf-id 168, low count 86
VLOG[1] (build-tree[5.5.294-06484]:main():build-tree.cc:143) For pdf-id 173, low count 97
VLOG[1] (build-tree[5.5.294-06484]:main():build-tree.cc:143) For pdf-id 191, low count 81
VLOG[1] (build-tree[5.5.294-06484]:main():build-tree.cc:143) For pdf-id 195, low count 63
VLOG[1] (build-tree[5.5.294-06484]:main():build-tree.cc:143) For pdf-id 214, low count 46
VLOG[1] (build-tree[5.5.294-06484]:main():build-tree.cc:143) For pdf-id 226, low count 66
VLOG[1] (build-tree[5.5.294-06484]:main():build-tree.cc:143) For pdf-id 228, low count 63
VLOG[1] (build-tree[5.5.294-06484]:main():build-tree.cc:143) For pdf-id 232, low count 55
VLOG[1] (build-tree[5.5.294-06484]:main():build-tree.cc:143) For pdf-id 241, low count 82
VLOG[1] (build-tree[5.5.294-06484]:main():build-tree.cc:143) For pdf-id 247, low count 69
VLOG[1] (build-tree[5.5.294-06484]:main():build-tree.cc:143) For pdf-id 251, low count 85
VLOG[1] (build-tree[5.5.294-06484]:main():build-tree.cc:143) For pdf-id 267, low count 62
VLOG[1] (build-tree[5.5.294-06484]:main():build-tree.cc:143) For pdf-id 279, low count 11
VLOG[1] (build-tree[5.5.294-06484]:main():build-tree.cc:143) For pdf-id 282, low count 78
VLOG[1] (build-tree[5.5.294-06484]:main():build-tree.cc:143) For pdf-id 284, low count 78
VLOG[1] (build-tree[5.5.294-06484]:main():build-tree.cc:143) For pdf-id 291, low count 84
VLOG[1] (build-tree[5.5.294-06484]:main():build-tree.cc:143) For pdf-id 298, low count 28
VLOG[1] (build-tree[5.5.294-06484]:main():build-tree.cc:143) For pdf-id 303, low count 19
VLOG[1] (build-tree[5.5.294-06484]:main():build-tree.cc:143) For pdf-id 306, low count 33
VLOG[1] (build-tree[5.5.294-06484]:main():build-tree.cc:143) For pdf-id 319, low count 75
VLOG[1] (build-tree[5.5.294-06484]:main():build-tree.cc:143) For pdf-id 321, low count 65
VLOG[1] (build-tree[5.5.294-06484]:main():build-tree.cc:143) For pdf-id 329, low count 44
VLOG[1] (build-tree[5.5.294-06484]:main():build-tree.cc:143) For pdf-id 339, low count 19
VLOG[1] (build-tree[5.5.294-06484]:main():build-tree.cc:143) For pdf-id 340, low count 10
VLOG[1] (build-tree[5.5.294-06484]:main():build-tree.cc:143) For pdf-id 348, low count 23
VLOG[1] (build-tree[5.5.294-06484]:main():build-tree.cc:143) For pdf-id 369, low count 72
VLOG[1] (build-tree[5.5.294-06484]:main():build-tree.cc:143) For pdf-id 374, low count 21
VLOG[1] (build-tree[5.5.294-06484]:main():build-tree.cc:143) For pdf-id 382, low count 75
VLOG[1] (build-tree[5.5.294-06484]:main():build-tree.cc:143) For pdf-id 391, low count 75
VLOG[1] (build-tree[5.5.294-06484]:main():build-tree.cc:143) For pdf-id 399, low count 96
VLOG[1] (build-tree[5.5.294-06484]:main():build-tree.cc:143) For pdf-id 402, low count 90
VLOG[1] (build-tree[5.5.294-06484]:main():build-tree.cc:143) For pdf-id 405, low count 75
VLOG[1] (build-tree[5.5.294-06484]:main():build-tree.cc:143) For pdf-id 418, low count 81
VLOG[1] (build-tree[5.5.294-06484]:main():build-tree.cc:143) For pdf-id 427, low count 66
VLOG[1] (build-tree[5.5.294-06484]:main():build-tree.cc:143) For pdf-id 430, low count 92
VLOG[1] (build-tree[5.5.294-06484]:main():build-tree.cc:143) For pdf-id 431, low count 8
VLOG[1] (build-tree[5.5.294-06484]:main():build-tree.cc:143) For pdf-id 446, low count 14
VLOG[1] (build-tree[5.5.294-06484]:main():build-tree.cc:143) For pdf-id 448, low count 17
VLOG[1] (build-tree[5.5.294-06484]:main():build-tree.cc:143) For pdf-id 454, low count 21
VLOG[1] (build-tree[5.5.294-06484]:main():build-tree.cc:143) For pdf-id 456, low count 17
VLOG[1] (build-tree[5.5.294-06484]:main():build-tree.cc:143) For pdf-id 457, low count 46
VLOG[1] (build-tree[5.5.294-06484]:main():build-tree.cc:143) For pdf-id 459, low count 76
VLOG[1] (build-tree[5.5.294-06484]:main():build-tree.cc:143) For pdf-id 473, low count 74
VLOG[1] (build-tree[5.5.294-06484]:main():build-tree.cc:143) For pdf-id 474, low count 30
VLOG[1] (build-tree[5.5.294-06484]:main():build-tree.cc:143) For pdf-id 483, low count 70
VLOG[1] (build-tree[5.5.294-06484]:main():build-tree.cc:143) For pdf-id 499, low count 42
VLOG[1] (build-tree[5.5.294-06484]:main():build-tree.cc:143) For pdf-id 508, low count 70
VLOG[1] (build-tree[5.5.294-06484]:main():build-tree.cc:143) For pdf-id 515, low count 23
VLOG[1] (build-tree[5.5.294-06484]:main():build-tree.cc:143) For pdf-id 519, low count 10
VLOG[1] (build-tree[5.5.294-06484]:main():build-tree.cc:143) For pdf-id 534, low count 16
VLOG[1] (build-tree[5.5.294-06484]:main():build-tree.cc:143) For pdf-id 540, low count 62
VLOG[1] (build-tree[5.5.294-06484]:main():build-tree.cc:143) For pdf-id 550, low count 68
VLOG[1] (build-tree[5.5.294-06484]:main():build-tree.cc:143) For pdf-id 556, low count 23
VLOG[1] (build-tree[5.5.294-06484]:main():build-tree.cc:143) For pdf-id 558, low count 73
VLOG[1] (build-tree[5.5.294-06484]:main():build-tree.cc:143) For pdf-id 561, low count 71
VLOG[1] (build-tree[5.5.294-06484]:main():build-tree.cc:143) For pdf-id 564, low count 95
VLOG[1] (build-tree[5.5.294-06484]:main():build-tree.cc:143) For pdf-id 576, low count 17
VLOG[1] (build-tree[5.5.294-06484]:main():build-tree.cc:143) For pdf-id 577, low count 9
VLOG[1] (build-tree[5.5.294-06484]:main():build-tree.cc:143) For pdf-id 578, low count 91
VLOG[1] (build-tree[5.5.294-06484]:main():build-tree.cc:143) For pdf-id 586, low count 57
VLOG[1] (build-tree[5.5.294-06484]:main():build-tree.cc:143) For pdf-id 594, low count 65
VLOG[1] (build-tree[5.5.294-06484]:main():build-tree.cc:143) For pdf-id 610, low count 55
VLOG[1] (build-tree[5.5.294-06484]:main():build-tree.cc:143) For pdf-id 612, low count 74
VLOG[1] (build-tree[5.5.294-06484]:main():build-tree.cc:143) For pdf-id 614, low count 59
VLOG[1] (build-tree[5.5.294-06484]:main():build-tree.cc:143) For pdf-id 618, low count 68
VLOG[1] (build-tree[5.5.294-06484]:main():build-tree.cc:143) For pdf-id 623, low count 60
VLOG[1] (build-tree[5.5.294-06484]:main():build-tree.cc:143) For pdf-id 642, low count 19
VLOG[1] (build-tree[5.5.294-06484]:main():build-tree.cc:143) For pdf-id 643, low count 46
VLOG[1] (build-tree[5.5.294-06484]:main():build-tree.cc:143) For pdf-id 648, low count 36
VLOG[1] (build-tree[5.5.294-06484]:main():build-tree.cc:143) For pdf-id 656, low count 24
VLOG[1] (build-tree[5.5.294-06484]:main():build-tree.cc:143) For pdf-id 664, low count 19
VLOG[1] (build-tree[5.5.294-06484]:main():build-tree.cc:143) For pdf-id 665, low count 59
VLOG[1] (build-tree[5.5.294-06484]:main():build-tree.cc:143) For pdf-id 684, low count 37
VLOG[1] (build-tree[5.5.294-06484]:main():build-tree.cc:143) For pdf-id 687, low count 41
VLOG[1] (build-tree[5.5.294-06484]:main():build-tree.cc:143) For pdf-id 695, low count 19
VLOG[1] (build-tree[5.5.294-06484]:main():build-tree.cc:143) For pdf-id 696, low count 12
VLOG[1] (build-tree[5.5.294-06484]:main():build-tree.cc:143) For pdf-id 698, low count 99
VLOG[1] (build-tree[5.5.294-06484]:main():build-tree.cc:143) For pdf-id 712, low count 84
VLOG[1] (build-tree[5.5.294-06484]:main():build-tree.cc:143) For pdf-id 715, low count 80
VLOG[1] (build-tree[5.5.294-06484]:main():build-tree.cc:143) For pdf-id 719, low count 36
VLOG[1] (build-tree[5.5.294-06484]:main():build-tree.cc:143) For pdf-id 741, low count 83
VLOG[1] (build-tree[5.5.294-06484]:main():build-tree.cc:143) For pdf-id 742, low count 14
VLOG[1] (build-tree[5.5.294-06484]:main():build-tree.cc:143) For pdf-id 759, low count 81
VLOG[1] (build-tree[5.5.294-06484]:main():build-tree.cc:143) For pdf-id 784, low count 95
VLOG[1] (build-tree[5.5.294-06484]:main():build-tree.cc:143) For pdf-id 786, low count 98
VLOG[1] (build-tree[5.5.294-06484]:main():build-tree.cc:143) For pdf-id 804, low count 15
VLOG[1] (build-tree[5.5.294-06484]:main():build-tree.cc:143) For pdf-id 819, low count 80
VLOG[1] (build-tree[5.5.294-06484]:main():build-tree.cc:143) For pdf-id 836, low count 32
VLOG[1] (build-tree[5.5.294-06484]:main():build-tree.cc:143) For pdf-id 840, low count 87
VLOG[1] (build-tree[5.5.294-06484]:main():build-tree.cc:143) For pdf-id 841, low count 80
VLOG[1] (build-tree[5.5.294-06484]:main():build-tree.cc:143) For pdf-id 842, low count 11
VLOG[1] (build-tree[5.5.294-06484]:main():build-tree.cc:143) For pdf-id 847, low count 18
VLOG[1] (build-tree[5.5.294-06484]:main():build-tree.cc:143) For pdf-id 864, low count 18
VLOG[1] (build-tree[5.5.294-06484]:main():build-tree.cc:143) For pdf-id 867, low count 91
VLOG[1] (build-tree[5.5.294-06484]:main():build-tree.cc:143) For pdf-id 869, low count 20
VLOG[1] (build-tree[5.5.294-06484]:main():build-tree.cc:143) For pdf-id 872, low count 91
VLOG[1] (build-tree[5.5.294-06484]:main():build-tree.cc:143) For pdf-id 916, low count 65
VLOG[1] (build-tree[5.5.294-06484]:main():build-tree.cc:143) For pdf-id 926, low count 12
VLOG[1] (build-tree[5.5.294-06484]:main():build-tree.cc:143) For pdf-id 934, low count 19
VLOG[1] (build-tree[5.5.294-06484]:main():build-tree.cc:143) For pdf-id 937, low count 11
VLOG[1] (build-tree[5.5.294-06484]:main():build-tree.cc:143) For pdf-id 951, low count 62
VLOG[1] (build-tree[5.5.294-06484]:main():build-tree.cc:143) For pdf-id 957, low count 92
VLOG[1] (build-tree[5.5.294-06484]:main():build-tree.cc:143) For pdf-id 966, low count 20
VLOG[1] (build-tree[5.5.294-06484]:main():build-tree.cc:143) For pdf-id 968, low count 32
VLOG[1] (build-tree[5.5.294-06484]:main():build-tree.cc:143) For pdf-id 979, low count 52
VLOG[1] (build-tree[5.5.294-06484]:main():build-tree.cc:143) For pdf-id 999, low count 66
VLOG[1] (build-tree[5.5.294-06484]:main():build-tree.cc:143) For pdf-id 1021, low count 98
VLOG[1] (build-tree[5.5.294-06484]:main():build-tree.cc:143) For pdf-id 1039, low count 66
LOG (build-tree[5.5.294-06484]:main():build-tree.cc:189) Wrote tree
# Accounting: time=1 threads=1
# Ended (code 0) at Mon Apr 29 15:18:58 AEST 2019, elapsed time 1 seconds
