# gmm-align-compiled --transition-scale=1.0 --acoustic-scale=0.1 --self-loop-scale=0.1 --beam=10 --retry-beam=40 --careful=false "gmm-boost-silence --boost=1.0 1 exp/tri3/final.alimdl - |" "ark:gunzip -c exp/tri3_ali/fsts.3.gz|" "ark,s,cs:apply-cmvn  --utt2spk=ark:data/train/split10/3/utt2spk scp:data/train/split10/3/cmvn.scp scp:data/train/split10/3/feats.scp ark:- | splice-feats --left-context=3 --right-context=3 ark:- ark:- | transform-feats exp/tri3/final.mat ark:- ark:- |" "ark:|gzip -c >exp/tri3_ali/pre_ali.3.gz" 
# Started at Mon Apr 29 12:59:06 AEST 2019
#
gmm-align-compiled --transition-scale=1.0 --acoustic-scale=0.1 --self-loop-scale=0.1 --beam=10 --retry-beam=40 --careful=false 'gmm-boost-silence --boost=1.0 1 exp/tri3/final.alimdl - |' 'ark:gunzip -c exp/tri3_ali/fsts.3.gz|' 'ark,s,cs:apply-cmvn  --utt2spk=ark:data/train/split10/3/utt2spk scp:data/train/split10/3/cmvn.scp scp:data/train/split10/3/feats.scp ark:- | splice-feats --left-context=3 --right-context=3 ark:- ark:- | transform-feats exp/tri3/final.mat ark:- ark:- |' 'ark:|gzip -c >exp/tri3_ali/pre_ali.3.gz' 
gmm-boost-silence --boost=1.0 1 exp/tri3/final.alimdl - 
LOG (gmm-boost-silence[5.5.294-06484]:main():gmm-boost-silence.cc:93) Boosted weights for 3 pdfs, by factor of 1
LOG (gmm-boost-silence[5.5.294-06484]:main():gmm-boost-silence.cc:103) Wrote model to -
transform-feats exp/tri3/final.mat ark:- ark:- 
apply-cmvn --utt2spk=ark:data/train/split10/3/utt2spk scp:data/train/split10/3/cmvn.scp scp:data/train/split10/3/feats.scp ark:- 
splice-feats --left-context=3 --right-context=3 ark:- ark:- 
LOG (gmm-align-compiled[5.5.294-06484]:main():gmm-align-compiled.cc:127) FEAR0_SI1252
LOG (gmm-align-compiled[5.5.294-06484]:main():gmm-align-compiled.cc:127) FEAR0_SI1882
LOG (gmm-align-compiled[5.5.294-06484]:main():gmm-align-compiled.cc:127) FEAR0_SI622
LOG (gmm-align-compiled[5.5.294-06484]:main():gmm-align-compiled.cc:127) FEAR0_SX172
LOG (gmm-align-compiled[5.5.294-06484]:main():gmm-align-compiled.cc:127) FEAR0_SX262
LOG (gmm-align-compiled[5.5.294-06484]:main():gmm-align-compiled.cc:127) FEAR0_SX352
LOG (gmm-align-compiled[5.5.294-06484]:main():gmm-align-compiled.cc:127) FEAR0_SX442
LOG (gmm-align-compiled[5.5.294-06484]:main():gmm-align-compiled.cc:127) FEAR0_SX82
LOG (gmm-align-compiled[5.5.294-06484]:main():gmm-align-compiled.cc:127) FECD0_SI1418
LOG (gmm-align-compiled[5.5.294-06484]:main():gmm-align-compiled.cc:127) FECD0_SI2048
LOG (gmm-align-compiled[5.5.294-06484]:main():gmm-align-compiled.cc:127) FECD0_SI788
LOG (gmm-align-compiled[5.5.294-06484]:main():gmm-align-compiled.cc:127) FECD0_SX158
LOG (gmm-align-compiled[5.5.294-06484]:main():gmm-align-compiled.cc:127) FECD0_SX248
LOG (gmm-align-compiled[5.5.294-06484]:main():gmm-align-compiled.cc:127) FECD0_SX338
LOG (gmm-align-compiled[5.5.294-06484]:main():gmm-align-compiled.cc:127) FECD0_SX428
LOG (gmm-align-compiled[5.5.294-06484]:main():gmm-align-compiled.cc:127) FECD0_SX68
LOG (gmm-align-compiled[5.5.294-06484]:main():gmm-align-compiled.cc:127) FEME0_SI1505
LOG (gmm-align-compiled[5.5.294-06484]:main():gmm-align-compiled.cc:127) FEME0_SI2135
LOG (gmm-align-compiled[5.5.294-06484]:main():gmm-align-compiled.cc:127) FEME0_SI875
LOG (gmm-align-compiled[5.5.294-06484]:main():gmm-align-compiled.cc:127) FEME0_SX155
LOG (gmm-align-compiled[5.5.294-06484]:main():gmm-align-compiled.cc:127) FEME0_SX245
LOG (gmm-align-compiled[5.5.294-06484]:main():gmm-align-compiled.cc:127) FEME0_SX335
LOG (gmm-align-compiled[5.5.294-06484]:main():gmm-align-compiled.cc:127) FEME0_SX425
LOG (gmm-align-compiled[5.5.294-06484]:main():gmm-align-compiled.cc:127) FEME0_SX65
LOG (gmm-align-compiled[5.5.294-06484]:main():gmm-align-compiled.cc:127) FETB0_SI1148
LOG (gmm-align-compiled[5.5.294-06484]:main():gmm-align-compiled.cc:127) FETB0_SI1778
LOG (gmm-align-compiled[5.5.294-06484]:main():gmm-align-compiled.cc:127) FETB0_SI518
LOG (gmm-align-compiled[5.5.294-06484]:main():gmm-align-compiled.cc:127) FETB0_SX158
LOG (gmm-align-compiled[5.5.294-06484]:main():gmm-align-compiled.cc:127) FETB0_SX248
LOG (gmm-align-compiled[5.5.294-06484]:main():gmm-align-compiled.cc:127) FETB0_SX338
LOG (gmm-align-compiled[5.5.294-06484]:main():gmm-align-compiled.cc:127) FETB0_SX428
LOG (gmm-align-compiled[5.5.294-06484]:main():gmm-align-compiled.cc:127) FETB0_SX68
LOG (gmm-align-compiled[5.5.294-06484]:main():gmm-align-compiled.cc:127) FEXM0_SI1101
LOG (gmm-align-compiled[5.5.294-06484]:main():gmm-align-compiled.cc:127) FEXM0_SI1731
LOG (gmm-align-compiled[5.5.294-06484]:main():gmm-align-compiled.cc:127) FEXM0_SI482
LOG (gmm-align-compiled[5.5.294-06484]:main():gmm-align-compiled.cc:127) FEXM0_SX111
LOG (gmm-align-compiled[5.5.294-06484]:main():gmm-align-compiled.cc:127) FEXM0_SX201
LOG (gmm-align-compiled[5.5.294-06484]:main():gmm-align-compiled.cc:127) FEXM0_SX291
LOG (gmm-align-compiled[5.5.294-06484]:main():gmm-align-compiled.cc:127) FEXM0_SX366
LOG (gmm-align-compiled[5.5.294-06484]:main():gmm-align-compiled.cc:127) FEXM0_SX381
LOG (gmm-align-compiled[5.5.294-06484]:main():gmm-align-compiled.cc:127) FGDP0_SI1618
LOG (gmm-align-compiled[5.5.294-06484]:main():gmm-align-compiled.cc:127) FGDP0_SI2248
LOG (gmm-align-compiled[5.5.294-06484]:main():gmm-align-compiled.cc:127) FGDP0_SI988
LOG (gmm-align-compiled[5.5.294-06484]:main():gmm-align-compiled.cc:127) FGDP0_SX178
LOG (gmm-align-compiled[5.5.294-06484]:main():gmm-align-compiled.cc:127) FGDP0_SX268
LOG (gmm-align-compiled[5.5.294-06484]:main():gmm-align-compiled.cc:127) FGDP0_SX358
LOG (gmm-align-compiled[5.5.294-06484]:main():gmm-align-compiled.cc:127) FGDP0_SX448
LOG (gmm-align-compiled[5.5.294-06484]:main():gmm-align-compiled.cc:127) FGDP0_SX88
LOG (gmm-align-compiled[5.5.294-06484]:main():gmm-align-compiled.cc:127) FGMB0_SI1145
LOG (gmm-align-compiled[5.5.294-06484]:main():gmm-align-compiled.cc:127) FGMB0_SI1775
LOG (gmm-align-compiled[5.5.294-06484]:main():gmm-align-compiled.cc:127) FGMB0_SI515
LOG (gmm-align-compiled[5.5.294-06484]:main():gmm-align-compiled.cc:127) FGMB0_SX155
LOG (gmm-align-compiled[5.5.294-06484]:main():gmm-align-compiled.cc:127) FGMB0_SX245
LOG (gmm-align-compiled[5.5.294-06484]:main():gmm-align-compiled.cc:127) FGMB0_SX335
LOG (gmm-align-compiled[5.5.294-06484]:main():gmm-align-compiled.cc:127) FGMB0_SX425
LOG (gmm-align-compiled[5.5.294-06484]:main():gmm-align-compiled.cc:127) FGMB0_SX65
LOG (gmm-align-compiled[5.5.294-06484]:main():gmm-align-compiled.cc:127) FHLM0_SI1560
LOG (gmm-align-compiled[5.5.294-06484]:main():gmm-align-compiled.cc:127) FHLM0_SI2190
LOG (gmm-align-compiled[5.5.294-06484]:main():gmm-align-compiled.cc:127) FHLM0_SI930
LOG (gmm-align-compiled[5.5.294-06484]:main():gmm-align-compiled.cc:127) FHLM0_SX120
LOG (gmm-align-compiled[5.5.294-06484]:main():gmm-align-compiled.cc:127) FHLM0_SX210
LOG (gmm-align-compiled[5.5.294-06484]:main():gmm-align-compiled.cc:127) FHLM0_SX300
LOG (gmm-align-compiled[5.5.294-06484]:main():gmm-align-compiled.cc:127) FHLM0_SX349
LOG (gmm-align-compiled[5.5.294-06484]:main():gmm-align-compiled.cc:127) FHLM0_SX390
LOG (gmm-align-compiled[5.5.294-06484]:main():gmm-align-compiled.cc:127) FHXS0_SI1075
LOG (gmm-align-compiled[5.5.294-06484]:main():gmm-align-compiled.cc:127) FHXS0_SI2302
LOG (gmm-align-compiled[5.5.294-06484]:main():gmm-align-compiled.cc:127) FHXS0_SI2335
LOG (gmm-align-compiled[5.5.294-06484]:main():gmm-align-compiled.cc:127) FHXS0_SX175
LOG (gmm-align-compiled[5.5.294-06484]:main():gmm-align-compiled.cc:127) FHXS0_SX265
LOG (gmm-align-compiled[5.5.294-06484]:main():gmm-align-compiled.cc:127) FHXS0_SX355
LOG (gmm-align-compiled[5.5.294-06484]:main():gmm-align-compiled.cc:127) FHXS0_SX445
LOG (gmm-align-compiled[5.5.294-06484]:main():gmm-align-compiled.cc:127) FHXS0_SX85
LOG (gmm-align-compiled[5.5.294-06484]:main():gmm-align-compiled.cc:127) FJDM2_SI1582
LOG (gmm-align-compiled[5.5.294-06484]:main():gmm-align-compiled.cc:127) FJDM2_SI1964
LOG (gmm-align-compiled[5.5.294-06484]:main():gmm-align-compiled.cc:127) FJDM2_SI2212
LOG (gmm-align-compiled[5.5.294-06484]:main():gmm-align-compiled.cc:127) FJDM2_SX142
LOG (gmm-align-compiled[5.5.294-06484]:main():gmm-align-compiled.cc:127) FJDM2_SX232
LOG (gmm-align-compiled[5.5.294-06484]:main():gmm-align-compiled.cc:127) FJDM2_SX322
LOG (gmm-align-compiled[5.5.294-06484]:main():gmm-align-compiled.cc:127) FJDM2_SX412
LOG (gmm-align-compiled[5.5.294-06484]:main():gmm-align-compiled.cc:127) FJDM2_SX52
LOG (gmm-align-compiled[5.5.294-06484]:main():gmm-align-compiled.cc:127) FJEN0_SI1047
LOG (gmm-align-compiled[5.5.294-06484]:main():gmm-align-compiled.cc:127) FJEN0_SI1677
LOG (gmm-align-compiled[5.5.294-06484]:main():gmm-align-compiled.cc:127) FJEN0_SI2307
LOG (gmm-align-compiled[5.5.294-06484]:main():gmm-align-compiled.cc:127) FJEN0_SX147
LOG (gmm-align-compiled[5.5.294-06484]:main():gmm-align-compiled.cc:127) FJEN0_SX237
LOG (gmm-align-compiled[5.5.294-06484]:main():gmm-align-compiled.cc:127) FJEN0_SX327
LOG (gmm-align-compiled[5.5.294-06484]:main():gmm-align-compiled.cc:127) FJEN0_SX417
LOG (gmm-align-compiled[5.5.294-06484]:main():gmm-align-compiled.cc:127) FJEN0_SX57
LOG (gmm-align-compiled[5.5.294-06484]:main():gmm-align-compiled.cc:127) FJHK0_SI1022
LOG (gmm-align-compiled[5.5.294-06484]:main():gmm-align-compiled.cc:127) FJHK0_SI1652
LOG (gmm-align-compiled[5.5.294-06484]:main():gmm-align-compiled.cc:127) FJHK0_SI2282
LOG (gmm-align-compiled[5.5.294-06484]:main():gmm-align-compiled.cc:127) FJHK0_SX122
LOG (gmm-align-compiled[5.5.294-06484]:main():gmm-align-compiled.cc:127) FJHK0_SX212
LOG (gmm-align-compiled[5.5.294-06484]:main():gmm-align-compiled.cc:127) FJHK0_SX302
LOG (gmm-align-compiled[5.5.294-06484]:main():gmm-align-compiled.cc:127) FJHK0_SX32
LOG (gmm-align-compiled[5.5.294-06484]:main():gmm-align-compiled.cc:127) FJHK0_SX392
LOG (gmm-align-compiled[5.5.294-06484]:main():gmm-align-compiled.cc:127) FJRP1_SI1432
LOG (gmm-align-compiled[5.5.294-06484]:main():gmm-align-compiled.cc:127) FJRP1_SI2062
LOG (gmm-align-compiled[5.5.294-06484]:main():gmm-align-compiled.cc:127) FJRP1_SI802
LOG (gmm-align-compiled[5.5.294-06484]:main():gmm-align-compiled.cc:127) FJRP1_SX172
LOG (gmm-align-compiled[5.5.294-06484]:main():gmm-align-compiled.cc:127) FJRP1_SX262
LOG (gmm-align-compiled[5.5.294-06484]:main():gmm-align-compiled.cc:127) FJRP1_SX352
LOG (gmm-align-compiled[5.5.294-06484]:main():gmm-align-compiled.cc:127) FJRP1_SX442
LOG (gmm-align-compiled[5.5.294-06484]:main():gmm-align-compiled.cc:127) FJRP1_SX82
LOG (gmm-align-compiled[5.5.294-06484]:main():gmm-align-compiled.cc:127) MADD0_SI1295
LOG (gmm-align-compiled[5.5.294-06484]:main():gmm-align-compiled.cc:127) MADD0_SI1798
LOG (gmm-align-compiled[5.5.294-06484]:main():gmm-align-compiled.cc:127) MADD0_SI538
LOG (gmm-align-compiled[5.5.294-06484]:main():gmm-align-compiled.cc:127) MADD0_SX178
LOG (gmm-align-compiled[5.5.294-06484]:main():gmm-align-compiled.cc:127) MADD0_SX268
LOG (gmm-align-compiled[5.5.294-06484]:main():gmm-align-compiled.cc:127) MADD0_SX358
LOG (gmm-align-compiled[5.5.294-06484]:main():gmm-align-compiled.cc:127) MADD0_SX448
LOG (gmm-align-compiled[5.5.294-06484]:main():gmm-align-compiled.cc:127) MADD0_SX88
LOG (gmm-align-compiled[5.5.294-06484]:main():gmm-align-compiled.cc:127) MAEB0_SI1411
LOG (gmm-align-compiled[5.5.294-06484]:main():gmm-align-compiled.cc:127) MAEB0_SI2250
LOG (gmm-align-compiled[5.5.294-06484]:main():gmm-align-compiled.cc:127) MAEB0_SI990
LOG (gmm-align-compiled[5.5.294-06484]:main():gmm-align-compiled.cc:127) MAEB0_SX180
LOG (gmm-align-compiled[5.5.294-06484]:main():gmm-align-compiled.cc:127) MAEB0_SX270
LOG (gmm-align-compiled[5.5.294-06484]:main():gmm-align-compiled.cc:127) MAEB0_SX360
LOG (gmm-align-compiled[5.5.294-06484]:main():gmm-align-compiled.cc:127) MAEB0_SX450
LOG (gmm-align-compiled[5.5.294-06484]:main():gmm-align-compiled.cc:127) MAEB0_SX90
LOG (gmm-align-compiled[5.5.294-06484]:main():gmm-align-compiled.cc:127) MAEO0_SI1326
LOG (apply-cmvn[5.5.294-06484]:main():apply-cmvn.cc:162) Applied cepstral mean normalization to 128 utterances, errors on 0
LOG (gmm-align-compiled[5.5.294-06484]:main():gmm-align-compiled.cc:127) MAEO0_SI1655
LOG (gmm-align-compiled[5.5.294-06484]:main():gmm-align-compiled.cc:127) MAEO0_SI1956
LOG (gmm-align-compiled[5.5.294-06484]:main():gmm-align-compiled.cc:127) MAEO0_SX156
LOG (gmm-align-compiled[5.5.294-06484]:main():gmm-align-compiled.cc:127) MAEO0_SX246
LOG (gmm-align-compiled[5.5.294-06484]:main():gmm-align-compiled.cc:127) MAEO0_SX336
LOG (gmm-align-compiled[5.5.294-06484]:main():gmm-align-compiled.cc:127) MAEO0_SX426
LOG (transform-feats[5.5.294-06484]:main():transform-feats.cc:158) Overall average [pseudo-]logdet is -88.9877 over 42213 frames.
LOG (transform-feats[5.5.294-06484]:main():transform-feats.cc:161) Applied transform to 128 utterances; 0 had errors.
LOG (gmm-align-compiled[5.5.294-06484]:main():gmm-align-compiled.cc:127) MAEO0_SX66
LOG (gmm-align-compiled[5.5.294-06484]:main():gmm-align-compiled.cc:135) Overall log-likelihood per frame is -47.9758 over 42213 frames.
LOG (gmm-align-compiled[5.5.294-06484]:main():gmm-align-compiled.cc:137) Retried 0 out of 128 utterances.
LOG (gmm-align-compiled[5.5.294-06484]:main():gmm-align-compiled.cc:139) Done 128, errors on 0
# Accounting: time=0 threads=1
# Ended (code 0) at Mon Apr 29 12:59:06 AEST 2019, elapsed time 0 seconds
