# ali-to-post "ark:gunzip -c exp/tri3_ali/pre_ali.4.gz|" ark:- | weight-silence-post 0.0 1 exp/tri3/final.alimdl ark:- ark:- | gmm-post-to-gpost exp/tri3/final.alimdl "ark,s,cs:apply-cmvn  --utt2spk=ark:data/train/split10/4/utt2spk scp:data/train/split10/4/cmvn.scp scp:data/train/split10/4/feats.scp ark:- | splice-feats --left-context=3 --right-context=3 ark:- ark:- | transform-feats exp/tri3/final.mat ark:- ark:- |" ark:- ark:- | gmm-est-fmllr-gpost --fmllr-update-type=full --spk2utt=ark:data/train/split10/4/spk2utt exp/tri3/final.mdl "ark,s,cs:apply-cmvn  --utt2spk=ark:data/train/split10/4/utt2spk scp:data/train/split10/4/cmvn.scp scp:data/train/split10/4/feats.scp ark:- | splice-feats --left-context=3 --right-context=3 ark:- ark:- | transform-feats exp/tri3/final.mat ark:- ark:- |" ark,s,cs:- ark:exp/tri3_ali/trans.4 
# Started at Mon Apr 29 12:59:06 AEST 2019
#
ali-to-post 'ark:gunzip -c exp/tri3_ali/pre_ali.4.gz|' ark:- 
weight-silence-post 0.0 1 exp/tri3/final.alimdl ark:- ark:- 
gmm-est-fmllr-gpost --fmllr-update-type=full --spk2utt=ark:data/train/split10/4/spk2utt exp/tri3/final.mdl 'ark,s,cs:apply-cmvn  --utt2spk=ark:data/train/split10/4/utt2spk scp:data/train/split10/4/cmvn.scp scp:data/train/split10/4/feats.scp ark:- | splice-feats --left-context=3 --right-context=3 ark:- ark:- | transform-feats exp/tri3/final.mat ark:- ark:- |' ark,s,cs:- ark:exp/tri3_ali/trans.4 
gmm-post-to-gpost exp/tri3/final.alimdl 'ark,s,cs:apply-cmvn  --utt2spk=ark:data/train/split10/4/utt2spk scp:data/train/split10/4/cmvn.scp scp:data/train/split10/4/feats.scp ark:- | splice-feats --left-context=3 --right-context=3 ark:- ark:- | transform-feats exp/tri3/final.mat ark:- ark:- |' ark:- ark:- 
splice-feats --left-context=3 --right-context=3 ark:- ark:- 
transform-feats exp/tri3/final.mat ark:- ark:- 
apply-cmvn --utt2spk=ark:data/train/split10/4/utt2spk scp:data/train/split10/4/cmvn.scp scp:data/train/split10/4/feats.scp ark:- 
transform-feats exp/tri3/final.mat ark:- ark:- 
apply-cmvn --utt2spk=ark:data/train/split10/4/utt2spk scp:data/train/split10/4/cmvn.scp scp:data/train/split10/4/feats.scp ark:- 
splice-feats --left-context=3 --right-context=3 ark:- ark:- 
LOG (gmm-est-fmllr-gpost[5.5.294-06484]:ComputeFmllrMatrixDiagGmmFull():fmllr-diag-gmm.cc:262) fMLLR objf improvement is 10.2898 per frame over 1767 frames.
LOG (gmm-est-fmllr-gpost[5.5.294-06484]:main():gmm-est-fmllr-gpost.cc:141) For speaker MAFM0, auxf-impr from fMLLR is 10.2898, over 1767 frames.

LOG (gmm-est-fmllr-gpost[5.5.294-06484]:ComputeFmllrMatrixDiagGmmFull():fmllr-diag-gmm.cc:262) fMLLR objf improvement is 9.01639 per frame over 2085 frames.
LOG (gmm-est-fmllr-gpost[5.5.294-06484]:main():gmm-est-fmllr-gpost.cc:141) For speaker MAJP0, auxf-impr from fMLLR is 9.01639, over 2085 frames.

LOG (gmm-est-fmllr-gpost[5.5.294-06484]:ComputeFmllrMatrixDiagGmmFull():fmllr-diag-gmm.cc:262) fMLLR objf improvement is 7.65941 per frame over 1769 frames.
LOG (gmm-est-fmllr-gpost[5.5.294-06484]:main():gmm-est-fmllr-gpost.cc:141) For speaker MARC0, auxf-impr from fMLLR is 7.65941, over 1769 frames.

LOG (gmm-est-fmllr-gpost[5.5.294-06484]:ComputeFmllrMatrixDiagGmmFull():fmllr-diag-gmm.cc:262) fMLLR objf improvement is 9.62376 per frame over 2214 frames.
LOG (gmm-est-fmllr-gpost[5.5.294-06484]:main():gmm-est-fmllr-gpost.cc:141) For speaker MARW0, auxf-impr from fMLLR is 9.62376, over 2214 frames.

LOG (gmm-est-fmllr-gpost[5.5.294-06484]:ComputeFmllrMatrixDiagGmmFull():fmllr-diag-gmm.cc:262) fMLLR objf improvement is 12.0928 per frame over 2186 frames.
LOG (gmm-est-fmllr-gpost[5.5.294-06484]:main():gmm-est-fmllr-gpost.cc:141) For speaker MBAR0, auxf-impr from fMLLR is 12.0928, over 2186 frames.

LOG (gmm-est-fmllr-gpost[5.5.294-06484]:ComputeFmllrMatrixDiagGmmFull():fmllr-diag-gmm.cc:262) fMLLR objf improvement is 8.03757 per frame over 2056 frames.
LOG (gmm-est-fmllr-gpost[5.5.294-06484]:main():gmm-est-fmllr-gpost.cc:141) For speaker MBBR0, auxf-impr from fMLLR is 8.03757, over 2056 frames.

LOG (gmm-est-fmllr-gpost[5.5.294-06484]:ComputeFmllrMatrixDiagGmmFull():fmllr-diag-gmm.cc:262) fMLLR objf improvement is 7.53451 per frame over 2077 frames.
LOG (gmm-est-fmllr-gpost[5.5.294-06484]:main():gmm-est-fmllr-gpost.cc:141) For speaker MBCG0, auxf-impr from fMLLR is 7.53451, over 2077 frames.

LOG (gmm-est-fmllr-gpost[5.5.294-06484]:ComputeFmllrMatrixDiagGmmFull():fmllr-diag-gmm.cc:262) fMLLR objf improvement is 11.3647 per frame over 1972 frames.
LOG (gmm-est-fmllr-gpost[5.5.294-06484]:main():gmm-est-fmllr-gpost.cc:141) For speaker MBJV0, auxf-impr from fMLLR is 11.3647, over 1972 frames.

LOG (gmm-est-fmllr-gpost[5.5.294-06484]:ComputeFmllrMatrixDiagGmmFull():fmllr-diag-gmm.cc:262) fMLLR objf improvement is 13.9211 per frame over 2153 frames.
LOG (gmm-est-fmllr-gpost[5.5.294-06484]:main():gmm-est-fmllr-gpost.cc:141) For speaker MBMA0, auxf-impr from fMLLR is 13.9211, over 2153 frames.

LOG (gmm-est-fmllr-gpost[5.5.294-06484]:ComputeFmllrMatrixDiagGmmFull():fmllr-diag-gmm.cc:262) fMLLR objf improvement is 11.0123 per frame over 2126 frames.
LOG (gmm-est-fmllr-gpost[5.5.294-06484]:main():gmm-est-fmllr-gpost.cc:141) For speaker MBMA1, auxf-impr from fMLLR is 11.0123, over 2126 frames.

LOG (ali-to-post[5.5.294-06484]:main():ali-to-post.cc:73) Converted 120 alignments.
LOG (gmm-est-fmllr-gpost[5.5.294-06484]:ComputeFmllrMatrixDiagGmmFull():fmllr-diag-gmm.cc:262) fMLLR objf improvement is 12.2317 per frame over 1958 frames.
LOG (gmm-est-fmllr-gpost[5.5.294-06484]:main():gmm-est-fmllr-gpost.cc:141) For speaker MBML0, auxf-impr from fMLLR is 12.2317, over 1958 frames.

LOG (gmm-est-fmllr-gpost[5.5.294-06484]:ComputeFmllrMatrixDiagGmmFull():fmllr-diag-gmm.cc:262) fMLLR objf improvement is 7.39952 per frame over 1903 frames.
LOG (gmm-est-fmllr-gpost[5.5.294-06484]:main():gmm-est-fmllr-gpost.cc:141) For speaker MBOM0, auxf-impr from fMLLR is 7.39952, over 1903 frames.

LOG (gmm-est-fmllr-gpost[5.5.294-06484]:ComputeFmllrMatrixDiagGmmFull():fmllr-diag-gmm.cc:262) fMLLR objf improvement is 8.59142 per frame over 1447 frames.
LOG (gmm-est-fmllr-gpost[5.5.294-06484]:main():gmm-est-fmllr-gpost.cc:141) For speaker MBSB0, auxf-impr from fMLLR is 8.59142, over 1447 frames.

LOG (weight-silence-post[5.5.294-06484]:main():weight-silence-post.cc:95) Done 120 posteriors.
LOG (apply-cmvn[5.5.294-06484]:main():apply-cmvn.cc:162) Applied cepstral mean normalization to 120 utterances, errors on 0
LOG (gmm-est-fmllr-gpost[5.5.294-06484]:ComputeFmllrMatrixDiagGmmFull():fmllr-diag-gmm.cc:262) fMLLR objf improvement is 9.09935 per frame over 2362 frames.
LOG (gmm-est-fmllr-gpost[5.5.294-06484]:main():gmm-est-fmllr-gpost.cc:141) For speaker MBTH0, auxf-impr from fMLLR is 9.09935, over 2362 frames.

LOG (apply-cmvn[5.5.294-06484]:main():apply-cmvn.cc:162) Applied cepstral mean normalization to 120 utterances, errors on 0
LOG (transform-feats[5.5.294-06484]:main():transform-feats.cc:158) Overall average [pseudo-]logdet is -88.9877 over 34178 frames.
LOG (transform-feats[5.5.294-06484]:main():transform-feats.cc:161) Applied transform to 120 utterances; 0 had errors.
LOG (gmm-post-to-gpost[5.5.294-06484]:main():gmm-post-to-gpost.cc:124) Done 120 files, 0 with no posteriors, 0 with other errors.
LOG (gmm-post-to-gpost[5.5.294-06484]:main():gmm-post-to-gpost.cc:128) Overall avg like per frame (Gaussian only) = -46.181 over 30270 frames.
LOG (gmm-post-to-gpost[5.5.294-06484]:main():gmm-post-to-gpost.cc:131) Done converting post to gpost
LOG (transform-feats[5.5.294-06484]:main():transform-feats.cc:158) Overall average [pseudo-]logdet is -88.9877 over 34178 frames.
LOG (transform-feats[5.5.294-06484]:main():transform-feats.cc:161) Applied transform to 120 utterances; 0 had errors.
LOG (gmm-est-fmllr-gpost[5.5.294-06484]:ComputeFmllrMatrixDiagGmmFull():fmllr-diag-gmm.cc:262) fMLLR objf improvement is 8.22838 per frame over 2195 frames.
LOG (gmm-est-fmllr-gpost[5.5.294-06484]:main():gmm-est-fmllr-gpost.cc:141) For speaker MBWP0, auxf-impr from fMLLR is 8.22838, over 2195 frames.

LOG (gmm-est-fmllr-gpost[5.5.294-06484]:main():gmm-est-fmllr-gpost.cc:186) Done 120 files, 0 with no gposts, 0 with other errors.
LOG (gmm-est-fmllr-gpost[5.5.294-06484]:main():gmm-est-fmllr-gpost.cc:188) Overall fMLLR auxf impr per frame is 9.78722 over 30270 frames.
# Accounting: time=0 threads=1
# Ended (code 0) at Mon Apr 29 12:59:07 AEST 2019, elapsed time 0 seconds
