# ali-to-post "ark:gunzip -c exp/tri3_ali/pre_ali.8.gz|" ark:- | weight-silence-post 0.0 1 exp/tri3/final.alimdl ark:- ark:- | gmm-post-to-gpost exp/tri3/final.alimdl "ark,s,cs:apply-cmvn  --utt2spk=ark:data/train/split10/8/utt2spk scp:data/train/split10/8/cmvn.scp scp:data/train/split10/8/feats.scp ark:- | splice-feats --left-context=3 --right-context=3 ark:- ark:- | transform-feats exp/tri3/final.mat ark:- ark:- |" ark:- ark:- | gmm-est-fmllr-gpost --fmllr-update-type=full --spk2utt=ark:data/train/split10/8/spk2utt exp/tri3/final.mdl "ark,s,cs:apply-cmvn  --utt2spk=ark:data/train/split10/8/utt2spk scp:data/train/split10/8/cmvn.scp scp:data/train/split10/8/feats.scp ark:- | splice-feats --left-context=3 --right-context=3 ark:- ark:- | transform-feats exp/tri3/final.mat ark:- ark:- |" ark,s,cs:- ark:exp/tri3_ali/trans.8 
# Started at Mon Apr 29 12:59:06 AEST 2019
#
gmm-est-fmllr-gpost --fmllr-update-type=full --spk2utt=ark:data/train/split10/8/spk2utt exp/tri3/final.mdl 'ark,s,cs:apply-cmvn  --utt2spk=ark:data/train/split10/8/utt2spk scp:data/train/split10/8/cmvn.scp scp:data/train/split10/8/feats.scp ark:- | splice-feats --left-context=3 --right-context=3 ark:- ark:- | transform-feats exp/tri3/final.mat ark:- ark:- |' ark,s,cs:- ark:exp/tri3_ali/trans.8 
ali-to-post 'ark:gunzip -c exp/tri3_ali/pre_ali.8.gz|' ark:- 
gmm-post-to-gpost exp/tri3/final.alimdl 'ark,s,cs:apply-cmvn  --utt2spk=ark:data/train/split10/8/utt2spk scp:data/train/split10/8/cmvn.scp scp:data/train/split10/8/feats.scp ark:- | splice-feats --left-context=3 --right-context=3 ark:- ark:- | transform-feats exp/tri3/final.mat ark:- ark:- |' ark:- ark:- 
weight-silence-post 0.0 1 exp/tri3/final.alimdl ark:- ark:- 
transform-feats exp/tri3/final.mat ark:- ark:- 
splice-feats --left-context=3 --right-context=3 ark:- ark:- 
apply-cmvn --utt2spk=ark:data/train/split10/8/utt2spk scp:data/train/split10/8/cmvn.scp scp:data/train/split10/8/feats.scp ark:- 
transform-feats exp/tri3/final.mat ark:- ark:- 
apply-cmvn --utt2spk=ark:data/train/split10/8/utt2spk scp:data/train/split10/8/cmvn.scp scp:data/train/split10/8/feats.scp ark:- 
splice-feats --left-context=3 --right-context=3 ark:- ark:- 
LOG (gmm-est-fmllr-gpost[5.5.294-06484]:ComputeFmllrMatrixDiagGmmFull():fmllr-diag-gmm.cc:262) fMLLR objf improvement is 8.25408 per frame over 1686 frames.
LOG (gmm-est-fmllr-gpost[5.5.294-06484]:main():gmm-est-fmllr-gpost.cc:141) For speaker MHJB0, auxf-impr from fMLLR is 8.25408, over 1686 frames.

LOG (gmm-est-fmllr-gpost[5.5.294-06484]:ComputeFmllrMatrixDiagGmmFull():fmllr-diag-gmm.cc:262) fMLLR objf improvement is 7.70841 per frame over 2251 frames.
LOG (gmm-est-fmllr-gpost[5.5.294-06484]:main():gmm-est-fmllr-gpost.cc:141) For speaker MHMR0, auxf-impr from fMLLR is 7.70841, over 2251 frames.

LOG (gmm-est-fmllr-gpost[5.5.294-06484]:ComputeFmllrMatrixDiagGmmFull():fmllr-diag-gmm.cc:262) fMLLR objf improvement is 8.03651 per frame over 1858 frames.
LOG (gmm-est-fmllr-gpost[5.5.294-06484]:main():gmm-est-fmllr-gpost.cc:141) For speaker MILB0, auxf-impr from fMLLR is 8.03651, over 1858 frames.

LOG (gmm-est-fmllr-gpost[5.5.294-06484]:ComputeFmllrMatrixDiagGmmFull():fmllr-diag-gmm.cc:262) fMLLR objf improvement is 9.83574 per frame over 2134 frames.
LOG (gmm-est-fmllr-gpost[5.5.294-06484]:main():gmm-est-fmllr-gpost.cc:141) For speaker MJAC0, auxf-impr from fMLLR is 9.83574, over 2134 frames.

LOG (gmm-est-fmllr-gpost[5.5.294-06484]:ComputeFmllrMatrixDiagGmmFull():fmllr-diag-gmm.cc:262) fMLLR objf improvement is 10.9452 per frame over 1651 frames.
LOG (gmm-est-fmllr-gpost[5.5.294-06484]:main():gmm-est-fmllr-gpost.cc:141) For speaker MJDA0, auxf-impr from fMLLR is 10.9452, over 1651 frames.

LOG (gmm-est-fmllr-gpost[5.5.294-06484]:ComputeFmllrMatrixDiagGmmFull():fmllr-diag-gmm.cc:262) fMLLR objf improvement is 9.01138 per frame over 1847 frames.
LOG (gmm-est-fmllr-gpost[5.5.294-06484]:main():gmm-est-fmllr-gpost.cc:141) For speaker MJDC0, auxf-impr from fMLLR is 9.01138, over 1847 frames.

LOG (gmm-est-fmllr-gpost[5.5.294-06484]:ComputeFmllrMatrixDiagGmmFull():fmllr-diag-gmm.cc:262) fMLLR objf improvement is 9.1337 per frame over 2229 frames.
LOG (gmm-est-fmllr-gpost[5.5.294-06484]:main():gmm-est-fmllr-gpost.cc:141) For speaker MJJB0, auxf-impr from fMLLR is 9.1337, over 2229 frames.

LOG (gmm-est-fmllr-gpost[5.5.294-06484]:ComputeFmllrMatrixDiagGmmFull():fmllr-diag-gmm.cc:262) fMLLR objf improvement is 14.7556 per frame over 2251 frames.
LOG (gmm-est-fmllr-gpost[5.5.294-06484]:main():gmm-est-fmllr-gpost.cc:141) For speaker MJKR0, auxf-impr from fMLLR is 14.7556, over 2251 frames.

LOG (gmm-est-fmllr-gpost[5.5.294-06484]:ComputeFmllrMatrixDiagGmmFull():fmllr-diag-gmm.cc:262) fMLLR objf improvement is 6.24738 per frame over 1931 frames.
LOG (gmm-est-fmllr-gpost[5.5.294-06484]:main():gmm-est-fmllr-gpost.cc:141) For speaker MJLG1, auxf-impr from fMLLR is 6.24738, over 1931 frames.

LOG (gmm-est-fmllr-gpost[5.5.294-06484]:ComputeFmllrMatrixDiagGmmFull():fmllr-diag-gmm.cc:262) fMLLR objf improvement is 10.004 per frame over 2241 frames.
LOG (gmm-est-fmllr-gpost[5.5.294-06484]:main():gmm-est-fmllr-gpost.cc:141) For speaker MJRH1, auxf-impr from fMLLR is 10.004, over 2241 frames.

LOG (gmm-est-fmllr-gpost[5.5.294-06484]:ComputeFmllrMatrixDiagGmmFull():fmllr-diag-gmm.cc:262) fMLLR objf improvement is 7.66211 per frame over 2230 frames.
LOG (gmm-est-fmllr-gpost[5.5.294-06484]:main():gmm-est-fmllr-gpost.cc:141) For speaker MKDD0, auxf-impr from fMLLR is 7.66211, over 2230 frames.

LOG (ali-to-post[5.5.294-06484]:main():ali-to-post.cc:73) Converted 128 alignments.
LOG (gmm-est-fmllr-gpost[5.5.294-06484]:ComputeFmllrMatrixDiagGmmFull():fmllr-diag-gmm.cc:262) fMLLR objf improvement is 11.2713 per frame over 2123 frames.
LOG (gmm-est-fmllr-gpost[5.5.294-06484]:main():gmm-est-fmllr-gpost.cc:141) For speaker MKLS1, auxf-impr from fMLLR is 11.2713, over 2123 frames.

LOG (gmm-est-fmllr-gpost[5.5.294-06484]:ComputeFmllrMatrixDiagGmmFull():fmllr-diag-gmm.cc:262) fMLLR objf improvement is 7.51383 per frame over 2090 frames.
LOG (gmm-est-fmllr-gpost[5.5.294-06484]:main():gmm-est-fmllr-gpost.cc:141) For speaker MKRG0, auxf-impr from fMLLR is 7.51383, over 2090 frames.

LOG (weight-silence-post[5.5.294-06484]:main():weight-silence-post.cc:95) Done 128 posteriors.
LOG (gmm-est-fmllr-gpost[5.5.294-06484]:ComputeFmllrMatrixDiagGmmFull():fmllr-diag-gmm.cc:262) fMLLR objf improvement is 6.4153 per frame over 2170 frames.
LOG (gmm-est-fmllr-gpost[5.5.294-06484]:main():gmm-est-fmllr-gpost.cc:141) For speaker MKXL0, auxf-impr from fMLLR is 6.4153, over 2170 frames.

LOG (apply-cmvn[5.5.294-06484]:main():apply-cmvn.cc:162) Applied cepstral mean normalization to 128 utterances, errors on 0
LOG (apply-cmvn[5.5.294-06484]:main():apply-cmvn.cc:162) Applied cepstral mean normalization to 128 utterances, errors on 0
LOG (gmm-est-fmllr-gpost[5.5.294-06484]:ComputeFmllrMatrixDiagGmmFull():fmllr-diag-gmm.cc:262) fMLLR objf improvement is 8.59705 per frame over 1967 frames.
LOG (gmm-est-fmllr-gpost[5.5.294-06484]:main():gmm-est-fmllr-gpost.cc:141) For speaker MLNS0, auxf-impr from fMLLR is 8.59705, over 1967 frames.

LOG (transform-feats[5.5.294-06484]:main():transform-feats.cc:158) Overall average [pseudo-]logdet is -88.9877 over 36362 frames.
LOG (transform-feats[5.5.294-06484]:main():transform-feats.cc:161) Applied transform to 128 utterances; 0 had errors.
LOG (gmm-post-to-gpost[5.5.294-06484]:main():gmm-post-to-gpost.cc:124) Done 128 files, 0 with no posteriors, 0 with other errors.
LOG (gmm-post-to-gpost[5.5.294-06484]:main():gmm-post-to-gpost.cc:128) Overall avg like per frame (Gaussian only) = -46.222 over 32508 frames.
LOG (gmm-post-to-gpost[5.5.294-06484]:main():gmm-post-to-gpost.cc:131) Done converting post to gpost
LOG (transform-feats[5.5.294-06484]:main():transform-feats.cc:158) Overall average [pseudo-]logdet is -88.9877 over 36362 frames.
LOG (transform-feats[5.5.294-06484]:main():transform-feats.cc:161) Applied transform to 128 utterances; 0 had errors.
LOG (gmm-est-fmllr-gpost[5.5.294-06484]:ComputeFmllrMatrixDiagGmmFull():fmllr-diag-gmm.cc:262) fMLLR objf improvement is 8.45109 per frame over 1849 frames.
LOG (gmm-est-fmllr-gpost[5.5.294-06484]:main():gmm-est-fmllr-gpost.cc:141) For speaker MMAM0, auxf-impr from fMLLR is 8.45109, over 1849 frames.

LOG (gmm-est-fmllr-gpost[5.5.294-06484]:main():gmm-est-fmllr-gpost.cc:186) Done 128 files, 0 with no gposts, 0 with other errors.
LOG (gmm-est-fmllr-gpost[5.5.294-06484]:main():gmm-est-fmllr-gpost.cc:188) Overall fMLLR auxf impr per frame is 9.01739 over 32508 frames.
# Accounting: time=0 threads=1
# Ended (code 0) at Mon Apr 29 12:59:07 AEST 2019, elapsed time 0 seconds
