# ali-to-post "ark:gunzip -c exp/tri3_ali/pre_ali.3.gz|" ark:- | weight-silence-post 0.0 1 exp/tri3/final.alimdl ark:- ark:- | gmm-post-to-gpost exp/tri3/final.alimdl "ark,s,cs:apply-cmvn  --utt2spk=ark:data/train/split10/3/utt2spk scp:data/train/split10/3/cmvn.scp scp:data/train/split10/3/feats.scp ark:- | splice-feats --left-context=3 --right-context=3 ark:- ark:- | transform-feats exp/tri3/final.mat ark:- ark:- |" ark:- ark:- | gmm-est-fmllr-gpost --fmllr-update-type=full --spk2utt=ark:data/train/split10/3/spk2utt exp/tri3/final.mdl "ark,s,cs:apply-cmvn  --utt2spk=ark:data/train/split10/3/utt2spk scp:data/train/split10/3/cmvn.scp scp:data/train/split10/3/feats.scp ark:- | splice-feats --left-context=3 --right-context=3 ark:- ark:- | transform-feats exp/tri3/final.mat ark:- ark:- |" ark,s,cs:- ark:exp/tri3_ali/trans.3 
# Started at Mon Apr 29 12:59:06 AEST 2019
#
ali-to-post 'ark:gunzip -c exp/tri3_ali/pre_ali.3.gz|' ark:- 
weight-silence-post 0.0 1 exp/tri3/final.alimdl ark:- ark:- 
gmm-post-to-gpost exp/tri3/final.alimdl 'ark,s,cs:apply-cmvn  --utt2spk=ark:data/train/split10/3/utt2spk scp:data/train/split10/3/cmvn.scp scp:data/train/split10/3/feats.scp ark:- | splice-feats --left-context=3 --right-context=3 ark:- ark:- | transform-feats exp/tri3/final.mat ark:- ark:- |' ark:- ark:- 
gmm-est-fmllr-gpost --fmllr-update-type=full --spk2utt=ark:data/train/split10/3/spk2utt exp/tri3/final.mdl 'ark,s,cs:apply-cmvn  --utt2spk=ark:data/train/split10/3/utt2spk scp:data/train/split10/3/cmvn.scp scp:data/train/split10/3/feats.scp ark:- | splice-feats --left-context=3 --right-context=3 ark:- ark:- | transform-feats exp/tri3/final.mat ark:- ark:- |' ark,s,cs:- ark:exp/tri3_ali/trans.3 
transform-feats exp/tri3/final.mat ark:- ark:- 
splice-feats --left-context=3 --right-context=3 ark:- ark:- 
apply-cmvn --utt2spk=ark:data/train/split10/3/utt2spk scp:data/train/split10/3/cmvn.scp scp:data/train/split10/3/feats.scp ark:- 
transform-feats exp/tri3/final.mat ark:- ark:- 
splice-feats --left-context=3 --right-context=3 ark:- ark:- 
apply-cmvn --utt2spk=ark:data/train/split10/3/utt2spk scp:data/train/split10/3/cmvn.scp scp:data/train/split10/3/feats.scp ark:- 
LOG (gmm-est-fmllr-gpost[5.5.294-06484]:ComputeFmllrMatrixDiagGmmFull():fmllr-diag-gmm.cc:262) fMLLR objf improvement is 9.24847 per frame over 2283 frames.
LOG (gmm-est-fmllr-gpost[5.5.294-06484]:main():gmm-est-fmllr-gpost.cc:141) For speaker FEAR0, auxf-impr from fMLLR is 9.24847, over 2283 frames.

LOG (gmm-est-fmllr-gpost[5.5.294-06484]:ComputeFmllrMatrixDiagGmmFull():fmllr-diag-gmm.cc:262) fMLLR objf improvement is 22.4152 per frame over 2511 frames.
LOG (gmm-est-fmllr-gpost[5.5.294-06484]:main():gmm-est-fmllr-gpost.cc:141) For speaker FECD0, auxf-impr from fMLLR is 22.4152, over 2511 frames.

LOG (gmm-est-fmllr-gpost[5.5.294-06484]:ComputeFmllrMatrixDiagGmmFull():fmllr-diag-gmm.cc:262) fMLLR objf improvement is 12.8179 per frame over 2211 frames.
LOG (gmm-est-fmllr-gpost[5.5.294-06484]:main():gmm-est-fmllr-gpost.cc:141) For speaker FEME0, auxf-impr from fMLLR is 12.8179, over 2211 frames.

LOG (gmm-est-fmllr-gpost[5.5.294-06484]:ComputeFmllrMatrixDiagGmmFull():fmllr-diag-gmm.cc:262) fMLLR objf improvement is 24.8679 per frame over 2198 frames.
LOG (gmm-est-fmllr-gpost[5.5.294-06484]:main():gmm-est-fmllr-gpost.cc:141) For speaker FETB0, auxf-impr from fMLLR is 24.8679, over 2198 frames.

LOG (gmm-est-fmllr-gpost[5.5.294-06484]:ComputeFmllrMatrixDiagGmmFull():fmllr-diag-gmm.cc:262) fMLLR objf improvement is 13.8572 per frame over 2552 frames.
LOG (gmm-est-fmllr-gpost[5.5.294-06484]:main():gmm-est-fmllr-gpost.cc:141) For speaker FEXM0, auxf-impr from fMLLR is 13.8572, over 2552 frames.

LOG (gmm-est-fmllr-gpost[5.5.294-06484]:ComputeFmllrMatrixDiagGmmFull():fmllr-diag-gmm.cc:262) fMLLR objf improvement is 22.7452 per frame over 2408 frames.
LOG (gmm-est-fmllr-gpost[5.5.294-06484]:main():gmm-est-fmllr-gpost.cc:141) For speaker FGDP0, auxf-impr from fMLLR is 22.7452, over 2408 frames.

LOG (gmm-est-fmllr-gpost[5.5.294-06484]:ComputeFmllrMatrixDiagGmmFull():fmllr-diag-gmm.cc:262) fMLLR objf improvement is 13.6208 per frame over 2576 frames.
LOG (gmm-est-fmllr-gpost[5.5.294-06484]:main():gmm-est-fmllr-gpost.cc:141) For speaker FGMB0, auxf-impr from fMLLR is 13.6208, over 2576 frames.

LOG (gmm-est-fmllr-gpost[5.5.294-06484]:ComputeFmllrMatrixDiagGmmFull():fmllr-diag-gmm.cc:262) fMLLR objf improvement is 15.8537 per frame over 2186 frames.
LOG (gmm-est-fmllr-gpost[5.5.294-06484]:main():gmm-est-fmllr-gpost.cc:141) For speaker FHLM0, auxf-impr from fMLLR is 15.8537, over 2186 frames.

LOG (gmm-est-fmllr-gpost[5.5.294-06484]:ComputeFmllrMatrixDiagGmmFull():fmllr-diag-gmm.cc:262) fMLLR objf improvement is 22.9367 per frame over 2382 frames.
LOG (gmm-est-fmllr-gpost[5.5.294-06484]:main():gmm-est-fmllr-gpost.cc:141) For speaker FHXS0, auxf-impr from fMLLR is 22.9367, over 2382 frames.

LOG (gmm-est-fmllr-gpost[5.5.294-06484]:ComputeFmllrMatrixDiagGmmFull():fmllr-diag-gmm.cc:262) fMLLR objf improvement is 28.7145 per frame over 2190 frames.
LOG (gmm-est-fmllr-gpost[5.5.294-06484]:main():gmm-est-fmllr-gpost.cc:141) For speaker FJDM2, auxf-impr from fMLLR is 28.7145, over 2190 frames.

LOG (gmm-est-fmllr-gpost[5.5.294-06484]:ComputeFmllrMatrixDiagGmmFull():fmllr-diag-gmm.cc:262) fMLLR objf improvement is 18.8974 per frame over 2557 frames.
LOG (gmm-est-fmllr-gpost[5.5.294-06484]:main():gmm-est-fmllr-gpost.cc:141) For speaker FJEN0, auxf-impr from fMLLR is 18.8974, over 2557 frames.

LOG (gmm-est-fmllr-gpost[5.5.294-06484]:ComputeFmllrMatrixDiagGmmFull():fmllr-diag-gmm.cc:262) fMLLR objf improvement is 10.3389 per frame over 2183 frames.
LOG (gmm-est-fmllr-gpost[5.5.294-06484]:main():gmm-est-fmllr-gpost.cc:141) For speaker FJHK0, auxf-impr from fMLLR is 10.3389, over 2183 frames.

LOG (ali-to-post[5.5.294-06484]:main():ali-to-post.cc:73) Converted 128 alignments.
LOG (gmm-est-fmllr-gpost[5.5.294-06484]:ComputeFmllrMatrixDiagGmmFull():fmllr-diag-gmm.cc:262) fMLLR objf improvement is 19.9136 per frame over 2541 frames.
LOG (gmm-est-fmllr-gpost[5.5.294-06484]:main():gmm-est-fmllr-gpost.cc:141) For speaker FJRP1, auxf-impr from fMLLR is 19.9136, over 2541 frames.

LOG (weight-silence-post[5.5.294-06484]:main():weight-silence-post.cc:95) Done 128 posteriors.
LOG (gmm-est-fmllr-gpost[5.5.294-06484]:ComputeFmllrMatrixDiagGmmFull():fmllr-diag-gmm.cc:262) fMLLR objf improvement is 6.19616 per frame over 2179 frames.
LOG (gmm-est-fmllr-gpost[5.5.294-06484]:main():gmm-est-fmllr-gpost.cc:141) For speaker MADD0, auxf-impr from fMLLR is 6.19616, over 2179 frames.

LOG (apply-cmvn[5.5.294-06484]:main():apply-cmvn.cc:162) Applied cepstral mean normalization to 128 utterances, errors on 0
LOG (gmm-est-fmllr-gpost[5.5.294-06484]:ComputeFmllrMatrixDiagGmmFull():fmllr-diag-gmm.cc:262) fMLLR objf improvement is 16.4485 per frame over 2095 frames.
LOG (gmm-est-fmllr-gpost[5.5.294-06484]:main():gmm-est-fmllr-gpost.cc:141) For speaker MAEB0, auxf-impr from fMLLR is 16.4485, over 2095 frames.

LOG (apply-cmvn[5.5.294-06484]:main():apply-cmvn.cc:162) Applied cepstral mean normalization to 128 utterances, errors on 0
LOG (transform-feats[5.5.294-06484]:main():transform-feats.cc:158) Overall average [pseudo-]logdet is -88.9877 over 42213 frames.
LOG (transform-feats[5.5.294-06484]:main():transform-feats.cc:161) Applied transform to 128 utterances; 0 had errors.
LOG (gmm-post-to-gpost[5.5.294-06484]:main():gmm-post-to-gpost.cc:124) Done 128 files, 0 with no posteriors, 0 with other errors.
LOG (gmm-post-to-gpost[5.5.294-06484]:main():gmm-post-to-gpost.cc:128) Overall avg like per frame (Gaussian only) = -47.7275 over 37084 frames.
LOG (gmm-post-to-gpost[5.5.294-06484]:main():gmm-post-to-gpost.cc:131) Done converting post to gpost
LOG (transform-feats[5.5.294-06484]:main():transform-feats.cc:158) Overall average [pseudo-]logdet is -88.9877 over 42213 frames.
LOG (transform-feats[5.5.294-06484]:main():transform-feats.cc:161) Applied transform to 128 utterances; 0 had errors.
LOG (gmm-est-fmllr-gpost[5.5.294-06484]:ComputeFmllrMatrixDiagGmmFull():fmllr-diag-gmm.cc:262) fMLLR objf improvement is 8.241 per frame over 2032 frames.
LOG (gmm-est-fmllr-gpost[5.5.294-06484]:main():gmm-est-fmllr-gpost.cc:141) For speaker MAEO0, auxf-impr from fMLLR is 8.241, over 2032 frames.

LOG (gmm-est-fmllr-gpost[5.5.294-06484]:main():gmm-est-fmllr-gpost.cc:186) Done 128 files, 0 with no gposts, 0 with other errors.
LOG (gmm-est-fmllr-gpost[5.5.294-06484]:main():gmm-est-fmllr-gpost.cc:188) Overall fMLLR auxf impr per frame is 16.8265 over 37084 frames.
# Accounting: time=0 threads=1
# Ended (code 0) at Mon Apr 29 12:59:07 AEST 2019, elapsed time 0 seconds
