# build-tree --verbose=1 --max-leaves=2500 --cluster-thresh=-1 exp/tri2/treeacc data/lang/phones/roots.int exp/tri2/questions.qst data/lang/topo exp/tri2/tree 
# Started at Mon Apr 29 16:37:12 AEST 2019
#
build-tree --verbose=1 --max-leaves=2500 --cluster-thresh=-1 exp/tri2/treeacc data/lang/phones/roots.int exp/tri2/questions.qst data/lang/topo exp/tri2/tree 
LOG (build-tree[5.5.294-06484]:main():build-tree.cc:104) Number of separate statistics is 29877
LOG (build-tree[5.5.294-06484]:BuildTree():build-tree.cc:161) BuildTree: before building trees, map has 48 leaves.
LOG (build-tree[5.5.294-06484]:SplitDecisionTree():build-tree-utils.cc:577) DoDecisionTreeSplit: split 1655 times, #leaves now 1703
LOG (build-tree[5.5.294-06484]:BuildTree():build-tree.cc:187) Setting clustering threshold to smallest split 300.059
VLOG[1] (build-tree[5.5.294-06484]:BuildTree():build-tree.cc:196) After decision tree split, num-leaves = 1703, like-impr = 5.37015 per frame over 367922 frames.
VLOG[1] (build-tree[5.5.294-06484]:BuildTree():build-tree.cc:200) Including just phones that were split, improvement is 5.37015 per frame over 367922 frames.
LOG (build-tree[5.5.294-06484]:BuildTree():build-tree.cc:215) BuildTree: removed 402 leaves.
VLOG[1] (build-tree[5.5.294-06484]:ClusterEventMapToNClustersRestrictedByMap():build-tree-utils.cc:914) Number of non-empty clusters in map = 48
VLOG[1] (build-tree[5.5.294-06484]:ClusterEventMapToNClustersRestrictedByMap():build-tree-utils.cc:915) Number of non-empty clusters = 1301
LOG (build-tree[5.5.294-06484]:BuildTree():build-tree.cc:231) BuildTree: Rounded num leaves to multiple of 8 by removing 5 leaves.
VLOG[1] (build-tree[5.5.294-06484]:BuildTree():build-tree.cc:256) Objf change due to clustering -0.243552 per frame.
VLOG[1] (build-tree[5.5.294-06484]:BuildTree():build-tree.cc:259) Normalizing over only split phones, this is: -0.243552 per frame.
VLOG[1] (build-tree[5.5.294-06484]:BuildTree():build-tree.cc:262) Num-leaves is now 1296
VLOG[1] (build-tree[5.5.294-06484]:main():build-tree.cc:143) For pdf-id 1, low count 22
VLOG[1] (build-tree[5.5.294-06484]:main():build-tree.cc:143) For pdf-id 18, low count 11
VLOG[1] (build-tree[5.5.294-06484]:main():build-tree.cc:143) For pdf-id 23, low count 58
VLOG[1] (build-tree[5.5.294-06484]:main():build-tree.cc:143) For pdf-id 25, low count 89
VLOG[1] (build-tree[5.5.294-06484]:main():build-tree.cc:143) For pdf-id 31, low count 71
VLOG[1] (build-tree[5.5.294-06484]:main():build-tree.cc:143) For pdf-id 33, low count 30
VLOG[1] (build-tree[5.5.294-06484]:main():build-tree.cc:143) For pdf-id 35, low count 72
VLOG[1] (build-tree[5.5.294-06484]:main():build-tree.cc:143) For pdf-id 40, low count 17
VLOG[1] (build-tree[5.5.294-06484]:main():build-tree.cc:143) For pdf-id 57, low count 56
VLOG[1] (build-tree[5.5.294-06484]:main():build-tree.cc:143) For pdf-id 68, low count 74
VLOG[1] (build-tree[5.5.294-06484]:main():build-tree.cc:143) For pdf-id 69, low count 46
VLOG[1] (build-tree[5.5.294-06484]:main():build-tree.cc:143) For pdf-id 82, low count 12
VLOG[1] (build-tree[5.5.294-06484]:main():build-tree.cc:143) For pdf-id 83, low count 14
VLOG[1] (build-tree[5.5.294-06484]:main():build-tree.cc:143) For pdf-id 84, low count 47
VLOG[1] (build-tree[5.5.294-06484]:main():build-tree.cc:143) For pdf-id 90, low count 57
VLOG[1] (build-tree[5.5.294-06484]:main():build-tree.cc:143) For pdf-id 92, low count 22
VLOG[1] (build-tree[5.5.294-06484]:main():build-tree.cc:143) For pdf-id 93, low count 83
VLOG[1] (build-tree[5.5.294-06484]:main():build-tree.cc:143) For pdf-id 94, low count 33
VLOG[1] (build-tree[5.5.294-06484]:main():build-tree.cc:143) For pdf-id 96, low count 18
VLOG[1] (build-tree[5.5.294-06484]:main():build-tree.cc:143) For pdf-id 100, low count 93
VLOG[1] (build-tree[5.5.294-06484]:main():build-tree.cc:143) For pdf-id 108, low count 98
VLOG[1] (build-tree[5.5.294-06484]:main():build-tree.cc:143) For pdf-id 121, low count 83
VLOG[1] (build-tree[5.5.294-06484]:main():build-tree.cc:143) For pdf-id 124, low count 67
VLOG[1] (build-tree[5.5.294-06484]:main():build-tree.cc:143) For pdf-id 128, low count 92
VLOG[1] (build-tree[5.5.294-06484]:main():build-tree.cc:143) For pdf-id 135, low count 15
VLOG[1] (build-tree[5.5.294-06484]:main():build-tree.cc:143) For pdf-id 146, low count 42
VLOG[1] (build-tree[5.5.294-06484]:main():build-tree.cc:143) For pdf-id 148, low count 34
VLOG[1] (build-tree[5.5.294-06484]:main():build-tree.cc:143) For pdf-id 149, low count 25
VLOG[1] (build-tree[5.5.294-06484]:main():build-tree.cc:143) For pdf-id 151, low count 80
VLOG[1] (build-tree[5.5.294-06484]:main():build-tree.cc:143) For pdf-id 157, low count 27
VLOG[1] (build-tree[5.5.294-06484]:main():build-tree.cc:143) For pdf-id 162, low count 90
VLOG[1] (build-tree[5.5.294-06484]:main():build-tree.cc:143) For pdf-id 166, low count 30
VLOG[1] (build-tree[5.5.294-06484]:main():build-tree.cc:143) For pdf-id 176, low count 74
VLOG[1] (build-tree[5.5.294-06484]:main():build-tree.cc:143) For pdf-id 180, low count 97
VLOG[1] (build-tree[5.5.294-06484]:main():build-tree.cc:143) For pdf-id 186, low count 89
VLOG[1] (build-tree[5.5.294-06484]:main():build-tree.cc:143) For pdf-id 202, low count 44
VLOG[1] (build-tree[5.5.294-06484]:main():build-tree.cc:143) For pdf-id 209, low count 94
VLOG[1] (build-tree[5.5.294-06484]:main():build-tree.cc:143) For pdf-id 211, low count 80
VLOG[1] (build-tree[5.5.294-06484]:main():build-tree.cc:143) For pdf-id 215, low count 81
VLOG[1] (build-tree[5.5.294-06484]:main():build-tree.cc:143) For pdf-id 222, low count 97
VLOG[1] (build-tree[5.5.294-06484]:main():build-tree.cc:143) For pdf-id 225, low count 10
VLOG[1] (build-tree[5.5.294-06484]:main():build-tree.cc:143) For pdf-id 228, low count 34
VLOG[1] (build-tree[5.5.294-06484]:main():build-tree.cc:143) For pdf-id 232, low count 76
VLOG[1] (build-tree[5.5.294-06484]:main():build-tree.cc:143) For pdf-id 233, low count 94
VLOG[1] (build-tree[5.5.294-06484]:main():build-tree.cc:143) For pdf-id 240, low count 9
VLOG[1] (build-tree[5.5.294-06484]:main():build-tree.cc:143) For pdf-id 248, low count 6
VLOG[1] (build-tree[5.5.294-06484]:main():build-tree.cc:143) For pdf-id 249, low count 64
VLOG[1] (build-tree[5.5.294-06484]:main():build-tree.cc:143) For pdf-id 260, low count 14
VLOG[1] (build-tree[5.5.294-06484]:main():build-tree.cc:143) For pdf-id 262, low count 71
VLOG[1] (build-tree[5.5.294-06484]:main():build-tree.cc:143) For pdf-id 264, low count 75
VLOG[1] (build-tree[5.5.294-06484]:main():build-tree.cc:143) For pdf-id 266, low count 6
VLOG[1] (build-tree[5.5.294-06484]:main():build-tree.cc:143) For pdf-id 276, low count 93
VLOG[1] (build-tree[5.5.294-06484]:main():build-tree.cc:143) For pdf-id 279, low count 84
VLOG[1] (build-tree[5.5.294-06484]:main():build-tree.cc:143) For pdf-id 282, low count 18
VLOG[1] (build-tree[5.5.294-06484]:main():build-tree.cc:143) For pdf-id 283, low count 54
VLOG[1] (build-tree[5.5.294-06484]:main():build-tree.cc:143) For pdf-id 286, low count 88
VLOG[1] (build-tree[5.5.294-06484]:main():build-tree.cc:143) For pdf-id 289, low count 80
VLOG[1] (build-tree[5.5.294-06484]:main():build-tree.cc:143) For pdf-id 291, low count 15
VLOG[1] (build-tree[5.5.294-06484]:main():build-tree.cc:143) For pdf-id 294, low count 52
VLOG[1] (build-tree[5.5.294-06484]:main():build-tree.cc:143) For pdf-id 295, low count 12
VLOG[1] (build-tree[5.5.294-06484]:main():build-tree.cc:143) For pdf-id 302, low count 65
VLOG[1] (build-tree[5.5.294-06484]:main():build-tree.cc:143) For pdf-id 310, low count 55
VLOG[1] (build-tree[5.5.294-06484]:main():build-tree.cc:143) For pdf-id 313, low count 26
VLOG[1] (build-tree[5.5.294-06484]:main():build-tree.cc:143) For pdf-id 321, low count 16
VLOG[1] (build-tree[5.5.294-06484]:main():build-tree.cc:143) For pdf-id 322, low count 14
VLOG[1] (build-tree[5.5.294-06484]:main():build-tree.cc:143) For pdf-id 331, low count 20
VLOG[1] (build-tree[5.5.294-06484]:main():build-tree.cc:143) For pdf-id 335, low count 20
VLOG[1] (build-tree[5.5.294-06484]:main():build-tree.cc:143) For pdf-id 341, low count 15
VLOG[1] (build-tree[5.5.294-06484]:main():build-tree.cc:143) For pdf-id 351, low count 29
VLOG[1] (build-tree[5.5.294-06484]:main():build-tree.cc:143) For pdf-id 352, low count 19
VLOG[1] (build-tree[5.5.294-06484]:main():build-tree.cc:143) For pdf-id 357, low count 59
VLOG[1] (build-tree[5.5.294-06484]:main():build-tree.cc:143) For pdf-id 362, low count 9
VLOG[1] (build-tree[5.5.294-06484]:main():build-tree.cc:143) For pdf-id 366, low count 55
VLOG[1] (build-tree[5.5.294-06484]:main():build-tree.cc:143) For pdf-id 371, low count 91
VLOG[1] (build-tree[5.5.294-06484]:main():build-tree.cc:143) For pdf-id 374, low count 6
VLOG[1] (build-tree[5.5.294-06484]:main():build-tree.cc:143) For pdf-id 377, low count 9
VLOG[1] (build-tree[5.5.294-06484]:main():build-tree.cc:143) For pdf-id 378, low count 74
VLOG[1] (build-tree[5.5.294-06484]:main():build-tree.cc:143) For pdf-id 387, low count 63
VLOG[1] (build-tree[5.5.294-06484]:main():build-tree.cc:143) For pdf-id 397, low count 88
VLOG[1] (build-tree[5.5.294-06484]:main():build-tree.cc:143) For pdf-id 403, low count 8
VLOG[1] (build-tree[5.5.294-06484]:main():build-tree.cc:143) For pdf-id 406, low count 77
VLOG[1] (build-tree[5.5.294-06484]:main():build-tree.cc:143) For pdf-id 407, low count 74
VLOG[1] (build-tree[5.5.294-06484]:main():build-tree.cc:143) For pdf-id 410, low count 75
VLOG[1] (build-tree[5.5.294-06484]:main():build-tree.cc:143) For pdf-id 418, low count 24
VLOG[1] (build-tree[5.5.294-06484]:main():build-tree.cc:143) For pdf-id 432, low count 81
VLOG[1] (build-tree[5.5.294-06484]:main():build-tree.cc:143) For pdf-id 435, low count 17
VLOG[1] (build-tree[5.5.294-06484]:main():build-tree.cc:143) For pdf-id 438, low count 40
VLOG[1] (build-tree[5.5.294-06484]:main():build-tree.cc:143) For pdf-id 440, low count 9
VLOG[1] (build-tree[5.5.294-06484]:main():build-tree.cc:143) For pdf-id 450, low count 40
VLOG[1] (build-tree[5.5.294-06484]:main():build-tree.cc:143) For pdf-id 451, low count 94
VLOG[1] (build-tree[5.5.294-06484]:main():build-tree.cc:143) For pdf-id 452, low count 98
VLOG[1] (build-tree[5.5.294-06484]:main():build-tree.cc:143) For pdf-id 462, low count 58
VLOG[1] (build-tree[5.5.294-06484]:main():build-tree.cc:143) For pdf-id 476, low count 84
VLOG[1] (build-tree[5.5.294-06484]:main():build-tree.cc:143) For pdf-id 477, low count 85
VLOG[1] (build-tree[5.5.294-06484]:main():build-tree.cc:143) For pdf-id 483, low count 20
VLOG[1] (build-tree[5.5.294-06484]:main():build-tree.cc:143) For pdf-id 484, low count 50
VLOG[1] (build-tree[5.5.294-06484]:main():build-tree.cc:143) For pdf-id 485, low count 30
VLOG[1] (build-tree[5.5.294-06484]:main():build-tree.cc:143) For pdf-id 486, low count 8
VLOG[1] (build-tree[5.5.294-06484]:main():build-tree.cc:143) For pdf-id 499, low count 12
VLOG[1] (build-tree[5.5.294-06484]:main():build-tree.cc:143) For pdf-id 500, low count 40
VLOG[1] (build-tree[5.5.294-06484]:main():build-tree.cc:143) For pdf-id 503, low count 13
VLOG[1] (build-tree[5.5.294-06484]:main():build-tree.cc:143) For pdf-id 504, low count 14
VLOG[1] (build-tree[5.5.294-06484]:main():build-tree.cc:143) For pdf-id 509, low count 82
VLOG[1] (build-tree[5.5.294-06484]:main():build-tree.cc:143) For pdf-id 515, low count 9
VLOG[1] (build-tree[5.5.294-06484]:main():build-tree.cc:143) For pdf-id 516, low count 15
VLOG[1] (build-tree[5.5.294-06484]:main():build-tree.cc:143) For pdf-id 518, low count 25
VLOG[1] (build-tree[5.5.294-06484]:main():build-tree.cc:143) For pdf-id 519, low count 15
VLOG[1] (build-tree[5.5.294-06484]:main():build-tree.cc:143) For pdf-id 525, low count 95
VLOG[1] (build-tree[5.5.294-06484]:main():build-tree.cc:143) For pdf-id 529, low count 12
VLOG[1] (build-tree[5.5.294-06484]:main():build-tree.cc:143) For pdf-id 530, low count 87
VLOG[1] (build-tree[5.5.294-06484]:main():build-tree.cc:143) For pdf-id 531, low count 79
VLOG[1] (build-tree[5.5.294-06484]:main():build-tree.cc:143) For pdf-id 534, low count 80
VLOG[1] (build-tree[5.5.294-06484]:main():build-tree.cc:143) For pdf-id 539, low count 15
VLOG[1] (build-tree[5.5.294-06484]:main():build-tree.cc:143) For pdf-id 547, low count 43
VLOG[1] (build-tree[5.5.294-06484]:main():build-tree.cc:143) For pdf-id 548, low count 68
VLOG[1] (build-tree[5.5.294-06484]:main():build-tree.cc:143) For pdf-id 553, low count 29
VLOG[1] (build-tree[5.5.294-06484]:main():build-tree.cc:143) For pdf-id 554, low count 9
VLOG[1] (build-tree[5.5.294-06484]:main():build-tree.cc:143) For pdf-id 556, low count 18
VLOG[1] (build-tree[5.5.294-06484]:main():build-tree.cc:143) For pdf-id 568, low count 14
VLOG[1] (build-tree[5.5.294-06484]:main():build-tree.cc:143) For pdf-id 569, low count 6
VLOG[1] (build-tree[5.5.294-06484]:main():build-tree.cc:143) For pdf-id 572, low count 25
VLOG[1] (build-tree[5.5.294-06484]:main():build-tree.cc:143) For pdf-id 573, low count 15
VLOG[1] (build-tree[5.5.294-06484]:main():build-tree.cc:143) For pdf-id 575, low count 73
VLOG[1] (build-tree[5.5.294-06484]:main():build-tree.cc:143) For pdf-id 576, low count 11
VLOG[1] (build-tree[5.5.294-06484]:main():build-tree.cc:143) For pdf-id 578, low count 18
VLOG[1] (build-tree[5.5.294-06484]:main():build-tree.cc:143) For pdf-id 587, low count 85
VLOG[1] (build-tree[5.5.294-06484]:main():build-tree.cc:143) For pdf-id 589, low count 88
VLOG[1] (build-tree[5.5.294-06484]:main():build-tree.cc:143) For pdf-id 602, low count 27
VLOG[1] (build-tree[5.5.294-06484]:main():build-tree.cc:143) For pdf-id 616, low count 77
VLOG[1] (build-tree[5.5.294-06484]:main():build-tree.cc:143) For pdf-id 618, low count 83
VLOG[1] (build-tree[5.5.294-06484]:main():build-tree.cc:143) For pdf-id 620, low count 56
VLOG[1] (build-tree[5.5.294-06484]:main():build-tree.cc:143) For pdf-id 621, low count 26
VLOG[1] (build-tree[5.5.294-06484]:main():build-tree.cc:143) For pdf-id 622, low count 8
VLOG[1] (build-tree[5.5.294-06484]:main():build-tree.cc:143) For pdf-id 623, low count 46
VLOG[1] (build-tree[5.5.294-06484]:main():build-tree.cc:143) For pdf-id 624, low count 8
VLOG[1] (build-tree[5.5.294-06484]:main():build-tree.cc:143) For pdf-id 627, low count 87
VLOG[1] (build-tree[5.5.294-06484]:main():build-tree.cc:143) For pdf-id 635, low count 24
VLOG[1] (build-tree[5.5.294-06484]:main():build-tree.cc:143) For pdf-id 643, low count 82
VLOG[1] (build-tree[5.5.294-06484]:main():build-tree.cc:143) For pdf-id 646, low count 16
VLOG[1] (build-tree[5.5.294-06484]:main():build-tree.cc:143) For pdf-id 647, low count 13
VLOG[1] (build-tree[5.5.294-06484]:main():build-tree.cc:143) For pdf-id 651, low count 76
VLOG[1] (build-tree[5.5.294-06484]:main():build-tree.cc:143) For pdf-id 653, low count 78
VLOG[1] (build-tree[5.5.294-06484]:main():build-tree.cc:143) For pdf-id 660, low count 13
VLOG[1] (build-tree[5.5.294-06484]:main():build-tree.cc:143) For pdf-id 667, low count 30
VLOG[1] (build-tree[5.5.294-06484]:main():build-tree.cc:143) For pdf-id 668, low count 14
VLOG[1] (build-tree[5.5.294-06484]:main():build-tree.cc:143) For pdf-id 669, low count 21
VLOG[1] (build-tree[5.5.294-06484]:main():build-tree.cc:143) For pdf-id 670, low count 97
VLOG[1] (build-tree[5.5.294-06484]:main():build-tree.cc:143) For pdf-id 671, low count 30
VLOG[1] (build-tree[5.5.294-06484]:main():build-tree.cc:143) For pdf-id 687, low count 18
VLOG[1] (build-tree[5.5.294-06484]:main():build-tree.cc:143) For pdf-id 688, low count 44
VLOG[1] (build-tree[5.5.294-06484]:main():build-tree.cc:143) For pdf-id 689, low count 15
VLOG[1] (build-tree[5.5.294-06484]:main():build-tree.cc:143) For pdf-id 691, low count 85
VLOG[1] (build-tree[5.5.294-06484]:main():build-tree.cc:143) For pdf-id 693, low count 91
VLOG[1] (build-tree[5.5.294-06484]:main():build-tree.cc:143) For pdf-id 696, low count 17
VLOG[1] (build-tree[5.5.294-06484]:main():build-tree.cc:143) For pdf-id 697, low count 44
VLOG[1] (build-tree[5.5.294-06484]:main():build-tree.cc:143) For pdf-id 698, low count 9
VLOG[1] (build-tree[5.5.294-06484]:main():build-tree.cc:143) For pdf-id 704, low count 97
VLOG[1] (build-tree[5.5.294-06484]:main():build-tree.cc:143) For pdf-id 708, low count 12
VLOG[1] (build-tree[5.5.294-06484]:main():build-tree.cc:143) For pdf-id 711, low count 66
VLOG[1] (build-tree[5.5.294-06484]:main():build-tree.cc:143) For pdf-id 714, low count 38
VLOG[1] (build-tree[5.5.294-06484]:main():build-tree.cc:143) For pdf-id 715, low count 21
VLOG[1] (build-tree[5.5.294-06484]:main():build-tree.cc:143) For pdf-id 723, low count 16
VLOG[1] (build-tree[5.5.294-06484]:main():build-tree.cc:143) For pdf-id 729, low count 37
VLOG[1] (build-tree[5.5.294-06484]:main():build-tree.cc:143) For pdf-id 733, low count 19
VLOG[1] (build-tree[5.5.294-06484]:main():build-tree.cc:143) For pdf-id 734, low count 26
VLOG[1] (build-tree[5.5.294-06484]:main():build-tree.cc:143) For pdf-id 735, low count 30
VLOG[1] (build-tree[5.5.294-06484]:main():build-tree.cc:143) For pdf-id 737, low count 50
VLOG[1] (build-tree[5.5.294-06484]:main():build-tree.cc:143) For pdf-id 739, low count 57
VLOG[1] (build-tree[5.5.294-06484]:main():build-tree.cc:143) For pdf-id 740, low count 12
VLOG[1] (build-tree[5.5.294-06484]:main():build-tree.cc:143) For pdf-id 742, low count 72
VLOG[1] (build-tree[5.5.294-06484]:main():build-tree.cc:143) For pdf-id 743, low count 28
VLOG[1] (build-tree[5.5.294-06484]:main():build-tree.cc:143) For pdf-id 745, low count 9
VLOG[1] (build-tree[5.5.294-06484]:main():build-tree.cc:143) For pdf-id 746, low count 14
VLOG[1] (build-tree[5.5.294-06484]:main():build-tree.cc:143) For pdf-id 750, low count 33
VLOG[1] (build-tree[5.5.294-06484]:main():build-tree.cc:143) For pdf-id 754, low count 38
VLOG[1] (build-tree[5.5.294-06484]:main():build-tree.cc:143) For pdf-id 765, low count 12
VLOG[1] (build-tree[5.5.294-06484]:main():build-tree.cc:143) For pdf-id 768, low count 17
VLOG[1] (build-tree[5.5.294-06484]:main():build-tree.cc:143) For pdf-id 769, low count 15
VLOG[1] (build-tree[5.5.294-06484]:main():build-tree.cc:143) For pdf-id 770, low count 59
VLOG[1] (build-tree[5.5.294-06484]:main():build-tree.cc:143) For pdf-id 771, low count 83
VLOG[1] (build-tree[5.5.294-06484]:main():build-tree.cc:143) For pdf-id 777, low count 29
VLOG[1] (build-tree[5.5.294-06484]:main():build-tree.cc:143) For pdf-id 779, low count 10
VLOG[1] (build-tree[5.5.294-06484]:main():build-tree.cc:143) For pdf-id 780, low count 80
VLOG[1] (build-tree[5.5.294-06484]:main():build-tree.cc:143) For pdf-id 789, low count 8
VLOG[1] (build-tree[5.5.294-06484]:main():build-tree.cc:143) For pdf-id 798, low count 64
VLOG[1] (build-tree[5.5.294-06484]:main():build-tree.cc:143) For pdf-id 802, low count 85
VLOG[1] (build-tree[5.5.294-06484]:main():build-tree.cc:143) For pdf-id 804, low count 94
VLOG[1] (build-tree[5.5.294-06484]:main():build-tree.cc:143) For pdf-id 807, low count 20
VLOG[1] (build-tree[5.5.294-06484]:main():build-tree.cc:143) For pdf-id 809, low count 90
VLOG[1] (build-tree[5.5.294-06484]:main():build-tree.cc:143) For pdf-id 811, low count 40
VLOG[1] (build-tree[5.5.294-06484]:main():build-tree.cc:143) For pdf-id 814, low count 82
VLOG[1] (build-tree[5.5.294-06484]:main():build-tree.cc:143) For pdf-id 817, low count 94
VLOG[1] (build-tree[5.5.294-06484]:main():build-tree.cc:143) For pdf-id 818, low count 67
VLOG[1] (build-tree[5.5.294-06484]:main():build-tree.cc:143) For pdf-id 821, low count 17
VLOG[1] (build-tree[5.5.294-06484]:main():build-tree.cc:143) For pdf-id 823, low count 30
VLOG[1] (build-tree[5.5.294-06484]:main():build-tree.cc:143) For pdf-id 829, low count 7
VLOG[1] (build-tree[5.5.294-06484]:main():build-tree.cc:143) For pdf-id 836, low count 56
VLOG[1] (build-tree[5.5.294-06484]:main():build-tree.cc:143) For pdf-id 837, low count 10
VLOG[1] (build-tree[5.5.294-06484]:main():build-tree.cc:143) For pdf-id 838, low count 57
VLOG[1] (build-tree[5.5.294-06484]:main():build-tree.cc:143) For pdf-id 839, low count 72
VLOG[1] (build-tree[5.5.294-06484]:main():build-tree.cc:143) For pdf-id 843, low count 21
VLOG[1] (build-tree[5.5.294-06484]:main():build-tree.cc:143) For pdf-id 846, low count 11
VLOG[1] (build-tree[5.5.294-06484]:main():build-tree.cc:143) For pdf-id 853, low count 23
VLOG[1] (build-tree[5.5.294-06484]:main():build-tree.cc:143) For pdf-id 857, low count 16
VLOG[1] (build-tree[5.5.294-06484]:main():build-tree.cc:143) For pdf-id 861, low count 76
VLOG[1] (build-tree[5.5.294-06484]:main():build-tree.cc:143) For pdf-id 868, low count 9
VLOG[1] (build-tree[5.5.294-06484]:main():build-tree.cc:143) For pdf-id 872, low count 94
VLOG[1] (build-tree[5.5.294-06484]:main():build-tree.cc:143) For pdf-id 873, low count 93
VLOG[1] (build-tree[5.5.294-06484]:main():build-tree.cc:143) For pdf-id 875, low count 43
VLOG[1] (build-tree[5.5.294-06484]:main():build-tree.cc:143) For pdf-id 881, low count 85
VLOG[1] (build-tree[5.5.294-06484]:main():build-tree.cc:143) For pdf-id 883, low count 43
VLOG[1] (build-tree[5.5.294-06484]:main():build-tree.cc:143) For pdf-id 886, low count 85
VLOG[1] (build-tree[5.5.294-06484]:main():build-tree.cc:143) For pdf-id 889, low count 33
VLOG[1] (build-tree[5.5.294-06484]:main():build-tree.cc:143) For pdf-id 892, low count 14
VLOG[1] (build-tree[5.5.294-06484]:main():build-tree.cc:143) For pdf-id 912, low count 13
VLOG[1] (build-tree[5.5.294-06484]:main():build-tree.cc:143) For pdf-id 914, low count 17
VLOG[1] (build-tree[5.5.294-06484]:main():build-tree.cc:143) For pdf-id 923, low count 69
VLOG[1] (build-tree[5.5.294-06484]:main():build-tree.cc:143) For pdf-id 926, low count 59
VLOG[1] (build-tree[5.5.294-06484]:main():build-tree.cc:143) For pdf-id 929, low count 72
VLOG[1] (build-tree[5.5.294-06484]:main():build-tree.cc:143) For pdf-id 930, low count 59
VLOG[1] (build-tree[5.5.294-06484]:main():build-tree.cc:143) For pdf-id 932, low count 51
VLOG[1] (build-tree[5.5.294-06484]:main():build-tree.cc:143) For pdf-id 933, low count 20
VLOG[1] (build-tree[5.5.294-06484]:main():build-tree.cc:143) For pdf-id 936, low count 7
VLOG[1] (build-tree[5.5.294-06484]:main():build-tree.cc:143) For pdf-id 939, low count 36
VLOG[1] (build-tree[5.5.294-06484]:main():build-tree.cc:143) For pdf-id 941, low count 72
VLOG[1] (build-tree[5.5.294-06484]:main():build-tree.cc:143) For pdf-id 944, low count 64
VLOG[1] (build-tree[5.5.294-06484]:main():build-tree.cc:143) For pdf-id 946, low count 7
VLOG[1] (build-tree[5.5.294-06484]:main():build-tree.cc:143) For pdf-id 955, low count 73
VLOG[1] (build-tree[5.5.294-06484]:main():build-tree.cc:143) For pdf-id 973, low count 25
VLOG[1] (build-tree[5.5.294-06484]:main():build-tree.cc:143) For pdf-id 976, low count 40
VLOG[1] (build-tree[5.5.294-06484]:main():build-tree.cc:143) For pdf-id 980, low count 86
VLOG[1] (build-tree[5.5.294-06484]:main():build-tree.cc:143) For pdf-id 982, low count 97
VLOG[1] (build-tree[5.5.294-06484]:main():build-tree.cc:143) For pdf-id 984, low count 31
VLOG[1] (build-tree[5.5.294-06484]:main():build-tree.cc:143) For pdf-id 986, low count 65
VLOG[1] (build-tree[5.5.294-06484]:main():build-tree.cc:143) For pdf-id 988, low count 81
VLOG[1] (build-tree[5.5.294-06484]:main():build-tree.cc:143) For pdf-id 992, low count 11
VLOG[1] (build-tree[5.5.294-06484]:main():build-tree.cc:143) For pdf-id 996, low count 14
VLOG[1] (build-tree[5.5.294-06484]:main():build-tree.cc:143) For pdf-id 1001, low count 75
VLOG[1] (build-tree[5.5.294-06484]:main():build-tree.cc:143) For pdf-id 1010, low count 21
VLOG[1] (build-tree[5.5.294-06484]:main():build-tree.cc:143) For pdf-id 1012, low count 93
VLOG[1] (build-tree[5.5.294-06484]:main():build-tree.cc:143) For pdf-id 1014, low count 55
VLOG[1] (build-tree[5.5.294-06484]:main():build-tree.cc:143) For pdf-id 1015, low count 82
VLOG[1] (build-tree[5.5.294-06484]:main():build-tree.cc:143) For pdf-id 1016, low count 94
VLOG[1] (build-tree[5.5.294-06484]:main():build-tree.cc:143) For pdf-id 1019, low count 13
VLOG[1] (build-tree[5.5.294-06484]:main():build-tree.cc:143) For pdf-id 1021, low count 25
VLOG[1] (build-tree[5.5.294-06484]:main():build-tree.cc:143) For pdf-id 1022, low count 88
VLOG[1] (build-tree[5.5.294-06484]:main():build-tree.cc:143) For pdf-id 1035, low count 37
VLOG[1] (build-tree[5.5.294-06484]:main():build-tree.cc:143) For pdf-id 1046, low count 67
VLOG[1] (build-tree[5.5.294-06484]:main():build-tree.cc:143) For pdf-id 1052, low count 45
VLOG[1] (build-tree[5.5.294-06484]:main():build-tree.cc:143) For pdf-id 1062, low count 98
VLOG[1] (build-tree[5.5.294-06484]:main():build-tree.cc:143) For pdf-id 1065, low count 66
VLOG[1] (build-tree[5.5.294-06484]:main():build-tree.cc:143) For pdf-id 1066, low count 44
VLOG[1] (build-tree[5.5.294-06484]:main():build-tree.cc:143) For pdf-id 1071, low count 95
VLOG[1] (build-tree[5.5.294-06484]:main():build-tree.cc:143) For pdf-id 1075, low count 34
VLOG[1] (build-tree[5.5.294-06484]:main():build-tree.cc:143) For pdf-id 1077, low count 76
VLOG[1] (build-tree[5.5.294-06484]:main():build-tree.cc:143) For pdf-id 1081, low count 80
VLOG[1] (build-tree[5.5.294-06484]:main():build-tree.cc:143) For pdf-id 1082, low count 6
VLOG[1] (build-tree[5.5.294-06484]:main():build-tree.cc:143) For pdf-id 1085, low count 29
VLOG[1] (build-tree[5.5.294-06484]:main():build-tree.cc:143) For pdf-id 1086, low count 62
VLOG[1] (build-tree[5.5.294-06484]:main():build-tree.cc:143) For pdf-id 1093, low count 40
VLOG[1] (build-tree[5.5.294-06484]:main():build-tree.cc:143) For pdf-id 1097, low count 96
VLOG[1] (build-tree[5.5.294-06484]:main():build-tree.cc:143) For pdf-id 1104, low count 32
VLOG[1] (build-tree[5.5.294-06484]:main():build-tree.cc:143) For pdf-id 1109, low count 86
VLOG[1] (build-tree[5.5.294-06484]:main():build-tree.cc:143) For pdf-id 1112, low count 8
VLOG[1] (build-tree[5.5.294-06484]:main():build-tree.cc:143) For pdf-id 1115, low count 18
VLOG[1] (build-tree[5.5.294-06484]:main():build-tree.cc:143) For pdf-id 1125, low count 80
VLOG[1] (build-tree[5.5.294-06484]:main():build-tree.cc:143) For pdf-id 1139, low count 53
VLOG[1] (build-tree[5.5.294-06484]:main():build-tree.cc:143) For pdf-id 1140, low count 51
VLOG[1] (build-tree[5.5.294-06484]:main():build-tree.cc:143) For pdf-id 1142, low count 35
VLOG[1] (build-tree[5.5.294-06484]:main():build-tree.cc:143) For pdf-id 1143, low count 57
VLOG[1] (build-tree[5.5.294-06484]:main():build-tree.cc:143) For pdf-id 1146, low count 80
VLOG[1] (build-tree[5.5.294-06484]:main():build-tree.cc:143) For pdf-id 1147, low count 60
VLOG[1] (build-tree[5.5.294-06484]:main():build-tree.cc:143) For pdf-id 1161, low count 48
VLOG[1] (build-tree[5.5.294-06484]:main():build-tree.cc:143) For pdf-id 1163, low count 52
VLOG[1] (build-tree[5.5.294-06484]:main():build-tree.cc:143) For pdf-id 1165, low count 62
VLOG[1] (build-tree[5.5.294-06484]:main():build-tree.cc:143) For pdf-id 1168, low count 7
VLOG[1] (build-tree[5.5.294-06484]:main():build-tree.cc:143) For pdf-id 1169, low count 49
VLOG[1] (build-tree[5.5.294-06484]:main():build-tree.cc:143) For pdf-id 1170, low count 10
VLOG[1] (build-tree[5.5.294-06484]:main():build-tree.cc:143) For pdf-id 1176, low count 75
VLOG[1] (build-tree[5.5.294-06484]:main():build-tree.cc:143) For pdf-id 1177, low count 98
VLOG[1] (build-tree[5.5.294-06484]:main():build-tree.cc:143) For pdf-id 1179, low count 85
VLOG[1] (build-tree[5.5.294-06484]:main():build-tree.cc:143) For pdf-id 1184, low count 89
VLOG[1] (build-tree[5.5.294-06484]:main():build-tree.cc:143) For pdf-id 1194, low count 99
VLOG[1] (build-tree[5.5.294-06484]:main():build-tree.cc:143) For pdf-id 1196, low count 46
VLOG[1] (build-tree[5.5.294-06484]:main():build-tree.cc:143) For pdf-id 1198, low count 27
VLOG[1] (build-tree[5.5.294-06484]:main():build-tree.cc:143) For pdf-id 1199, low count 26
VLOG[1] (build-tree[5.5.294-06484]:main():build-tree.cc:143) For pdf-id 1201, low count 15
VLOG[1] (build-tree[5.5.294-06484]:main():build-tree.cc:143) For pdf-id 1212, low count 62
VLOG[1] (build-tree[5.5.294-06484]:main():build-tree.cc:143) For pdf-id 1213, low count 83
VLOG[1] (build-tree[5.5.294-06484]:main():build-tree.cc:143) For pdf-id 1220, low count 21
VLOG[1] (build-tree[5.5.294-06484]:main():build-tree.cc:143) For pdf-id 1221, low count 87
VLOG[1] (build-tree[5.5.294-06484]:main():build-tree.cc:143) For pdf-id 1249, low count 98
VLOG[1] (build-tree[5.5.294-06484]:main():build-tree.cc:143) For pdf-id 1251, low count 52
VLOG[1] (build-tree[5.5.294-06484]:main():build-tree.cc:143) For pdf-id 1260, low count 11
VLOG[1] (build-tree[5.5.294-06484]:main():build-tree.cc:143) For pdf-id 1264, low count 94
VLOG[1] (build-tree[5.5.294-06484]:main():build-tree.cc:143) For pdf-id 1279, low count 87
VLOG[1] (build-tree[5.5.294-06484]:main():build-tree.cc:143) For pdf-id 1287, low count 14
VLOG[1] (build-tree[5.5.294-06484]:main():build-tree.cc:143) For pdf-id 1291, low count 23
VLOG[1] (build-tree[5.5.294-06484]:main():build-tree.cc:143) For pdf-id 1295, low count 57
LOG (build-tree[5.5.294-06484]:main():build-tree.cc:189) Wrote tree
# Accounting: time=1 threads=1
# Ended (code 0) at Mon Apr 29 16:37:13 AEST 2019, elapsed time 1 seconds
