# ali-to-post "ark:gunzip -c exp/tri2/ali.7.gz|" ark:- | weight-silence-post 0.0 1 exp/tri2/6.mdl ark:- ark:- | gmm-acc-mllt --rand-prune=4.0 exp/tri2/6.mdl "ark,s,cs:apply-cmvn  --utt2spk=ark:data/train/split10/7/utt2spk scp:data/train/split10/7/cmvn.scp scp:data/train/split10/7/feats.scp ark:- | splice-feats --left-context=3 --right-context=3 ark:- ark:- | transform-feats exp/tri2/4.mat ark:- ark:- |" ark:- exp/tri2/6.7.macc 
# Started at Mon Apr 29 16:37:16 AEST 2019
#
ali-to-post 'ark:gunzip -c exp/tri2/ali.7.gz|' ark:- 
weight-silence-post 0.0 1 exp/tri2/6.mdl ark:- ark:- 
gmm-acc-mllt --rand-prune=4.0 exp/tri2/6.mdl 'ark,s,cs:apply-cmvn  --utt2spk=ark:data/train/split10/7/utt2spk scp:data/train/split10/7/cmvn.scp scp:data/train/split10/7/feats.scp ark:- | splice-feats --left-context=3 --right-context=3 ark:- ark:- | transform-feats exp/tri2/4.mat ark:- ark:- |' ark:- exp/tri2/6.7.macc 
splice-feats --left-context=3 --right-context=3 ark:- ark:- 
transform-feats exp/tri2/4.mat ark:- ark:- 
apply-cmvn --utt2spk=ark:data/train/split10/7/utt2spk scp:data/train/split10/7/cmvn.scp scp:data/train/split10/7/feats.scp ark:- 
LOG (gmm-acc-mllt[5.5.294-06484]:main():gmm-acc-mllt.cc:108) Average like for this file is -53.4227 over 451 frames.
LOG (gmm-acc-mllt[5.5.294-06484]:main():gmm-acc-mllt.cc:108) Average like for this file is -48.8555 over 126 frames.
LOG (gmm-acc-mllt[5.5.294-06484]:main():gmm-acc-mllt.cc:108) Average like for this file is -52.5615 over 214 frames.
LOG (gmm-acc-mllt[5.5.294-06484]:main():gmm-acc-mllt.cc:108) Average like for this file is -53.0601 over 325 frames.
LOG (gmm-acc-mllt[5.5.294-06484]:main():gmm-acc-mllt.cc:108) Average like for this file is -50.367 over 302 frames.
LOG (gmm-acc-mllt[5.5.294-06484]:main():gmm-acc-mllt.cc:108) Average like for this file is -52.2463 over 226 frames.
LOG (gmm-acc-mllt[5.5.294-06484]:main():gmm-acc-mllt.cc:108) Average like for this file is -51.3163 over 230 frames.
LOG (gmm-acc-mllt[5.5.294-06484]:main():gmm-acc-mllt.cc:108) Average like for this file is -52.577 over 302 frames.
LOG (gmm-acc-mllt[5.5.294-06484]:main():gmm-acc-mllt.cc:108) Average like for this file is -49.5857 over 341 frames.
LOG (gmm-acc-mllt[5.5.294-06484]:main():gmm-acc-mllt.cc:108) Average like for this file is -50.1596 over 359 frames.
LOG (gmm-acc-mllt[5.5.294-06484]:main():gmm-acc-mllt.cc:114) Avg like per frame so far is -51.5847
LOG (gmm-acc-mllt[5.5.294-06484]:main():gmm-acc-mllt.cc:108) Average like for this file is -48.0005 over 206 frames.
LOG (gmm-acc-mllt[5.5.294-06484]:main():gmm-acc-mllt.cc:108) Average like for this file is -52.1858 over 214 frames.
LOG (gmm-acc-mllt[5.5.294-06484]:main():gmm-acc-mllt.cc:108) Average like for this file is -50.9905 over 188 frames.
LOG (gmm-acc-mllt[5.5.294-06484]:main():gmm-acc-mllt.cc:108) Average like for this file is -45.3275 over 139 frames.
LOG (gmm-acc-mllt[5.5.294-06484]:main():gmm-acc-mllt.cc:108) Average like for this file is -48.3458 over 181 frames.
LOG (gmm-acc-mllt[5.5.294-06484]:main():gmm-acc-mllt.cc:108) Average like for this file is -47.4588 over 159 frames.
LOG (gmm-acc-mllt[5.5.294-06484]:main():gmm-acc-mllt.cc:108) Average like for this file is -48.2969 over 381 frames.
LOG (gmm-acc-mllt[5.5.294-06484]:main():gmm-acc-mllt.cc:108) Average like for this file is -49.1387 over 120 frames.
LOG (gmm-acc-mllt[5.5.294-06484]:main():gmm-acc-mllt.cc:108) Average like for this file is -46.6033 over 175 frames.
LOG (gmm-acc-mllt[5.5.294-06484]:main():gmm-acc-mllt.cc:108) Average like for this file is -52.9053 over 152 frames.
LOG (gmm-acc-mllt[5.5.294-06484]:main():gmm-acc-mllt.cc:114) Avg like per frame so far is -50.5305
LOG (gmm-acc-mllt[5.5.294-06484]:main():gmm-acc-mllt.cc:108) Average like for this file is -50.0083 over 230 frames.
LOG (gmm-acc-mllt[5.5.294-06484]:main():gmm-acc-mllt.cc:108) Average like for this file is -49.6501 over 265 frames.
LOG (gmm-acc-mllt[5.5.294-06484]:main():gmm-acc-mllt.cc:108) Average like for this file is -51.6092 over 308 frames.
LOG (gmm-acc-mllt[5.5.294-06484]:main():gmm-acc-mllt.cc:108) Average like for this file is -51.2749 over 266 frames.
LOG (gmm-acc-mllt[5.5.294-06484]:main():gmm-acc-mllt.cc:108) Average like for this file is -49.3944 over 522 frames.
LOG (gmm-acc-mllt[5.5.294-06484]:main():gmm-acc-mllt.cc:108) Average like for this file is -51.6741 over 184 frames.
LOG (gmm-acc-mllt[5.5.294-06484]:main():gmm-acc-mllt.cc:108) Average like for this file is -48.8444 over 386 frames.
LOG (gmm-acc-mllt[5.5.294-06484]:main():gmm-acc-mllt.cc:108) Average like for this file is -52.7893 over 275 frames.
LOG (gmm-acc-mllt[5.5.294-06484]:main():gmm-acc-mllt.cc:108) Average like for this file is -46.3953 over 193 frames.
LOG (gmm-acc-mllt[5.5.294-06484]:main():gmm-acc-mllt.cc:108) Average like for this file is -48.8328 over 240 frames.
LOG (gmm-acc-mllt[5.5.294-06484]:main():gmm-acc-mllt.cc:114) Avg like per frame so far is -50.3424
LOG (gmm-acc-mllt[5.5.294-06484]:main():gmm-acc-mllt.cc:108) Average like for this file is -49.4109 over 310 frames.
LOG (gmm-acc-mllt[5.5.294-06484]:main():gmm-acc-mllt.cc:108) Average like for this file is -49.7364 over 316 frames.
LOG (gmm-acc-mllt[5.5.294-06484]:main():gmm-acc-mllt.cc:108) Average like for this file is -48.4579 over 361 frames.
LOG (gmm-acc-mllt[5.5.294-06484]:main():gmm-acc-mllt.cc:108) Average like for this file is -52.4237 over 138 frames.
LOG (gmm-acc-mllt[5.5.294-06484]:main():gmm-acc-mllt.cc:108) Average like for this file is -45.6404 over 257 frames.
LOG (gmm-acc-mllt[5.5.294-06484]:main():gmm-acc-mllt.cc:108) Average like for this file is -55.2999 over 191 frames.
LOG (gmm-acc-mllt[5.5.294-06484]:main():gmm-acc-mllt.cc:108) Average like for this file is -52.283 over 310 frames.
LOG (gmm-acc-mllt[5.5.294-06484]:main():gmm-acc-mllt.cc:108) Average like for this file is -52.4113 over 214 frames.
LOG (gmm-acc-mllt[5.5.294-06484]:main():gmm-acc-mllt.cc:108) Average like for this file is -53.1905 over 251 frames.
LOG (gmm-acc-mllt[5.5.294-06484]:main():gmm-acc-mllt.cc:108) Average like for this file is -51.0253 over 217 frames.
LOG (gmm-acc-mllt[5.5.294-06484]:main():gmm-acc-mllt.cc:114) Avg like per frame so far is -50.4179
LOG (gmm-acc-mllt[5.5.294-06484]:main():gmm-acc-mllt.cc:108) Average like for this file is -50.6053 over 207 frames.
LOG (gmm-acc-mllt[5.5.294-06484]:main():gmm-acc-mllt.cc:108) Average like for this file is -50.6741 over 221 frames.
LOG (gmm-acc-mllt[5.5.294-06484]:main():gmm-acc-mllt.cc:108) Average like for this file is -51.9782 over 183 frames.
LOG (gmm-acc-mllt[5.5.294-06484]:main():gmm-acc-mllt.cc:108) Average like for this file is -50.7661 over 269 frames.
LOG (gmm-acc-mllt[5.5.294-06484]:main():gmm-acc-mllt.cc:108) Average like for this file is -47.1224 over 153 frames.
LOG (gmm-acc-mllt[5.5.294-06484]:main():gmm-acc-mllt.cc:108) Average like for this file is -44.3864 over 126 frames.
LOG (gmm-acc-mllt[5.5.294-06484]:main():gmm-acc-mllt.cc:108) Average like for this file is -51.866 over 279 frames.
LOG (gmm-acc-mllt[5.5.294-06484]:main():gmm-acc-mllt.cc:108) Average like for this file is -51.5945 over 224 frames.
LOG (gmm-acc-mllt[5.5.294-06484]:main():gmm-acc-mllt.cc:108) Average like for this file is -49.0571 over 281 frames.
LOG (gmm-acc-mllt[5.5.294-06484]:main():gmm-acc-mllt.cc:108) Average like for this file is -54.6858 over 227 frames.
LOG (gmm-acc-mllt[5.5.294-06484]:main():gmm-acc-mllt.cc:114) Avg like per frame so far is -50.4554
LOG (gmm-acc-mllt[5.5.294-06484]:main():gmm-acc-mllt.cc:108) Average like for this file is -51.5552 over 372 frames.
LOG (gmm-acc-mllt[5.5.294-06484]:main():gmm-acc-mllt.cc:108) Average like for this file is -49.6009 over 220 frames.
LOG (gmm-acc-mllt[5.5.294-06484]:main():gmm-acc-mllt.cc:108) Average like for this file is -52.8461 over 274 frames.
LOG (gmm-acc-mllt[5.5.294-06484]:main():gmm-acc-mllt.cc:108) Average like for this file is -50.506 over 296 frames.
LOG (gmm-acc-mllt[5.5.294-06484]:main():gmm-acc-mllt.cc:108) Average like for this file is -51.2649 over 279 frames.
LOG (gmm-acc-mllt[5.5.294-06484]:main():gmm-acc-mllt.cc:108) Average like for this file is -53.1729 over 286 frames.
LOG (gmm-acc-mllt[5.5.294-06484]:main():gmm-acc-mllt.cc:108) Average like for this file is -48.5575 over 110 frames.
LOG (gmm-acc-mllt[5.5.294-06484]:main():gmm-acc-mllt.cc:108) Average like for this file is -49.8024 over 418 frames.
LOG (gmm-acc-mllt[5.5.294-06484]:main():gmm-acc-mllt.cc:108) Average like for this file is -49.5464 over 423 frames.
LOG (gmm-acc-mllt[5.5.294-06484]:main():gmm-acc-mllt.cc:108) Average like for this file is -47.5839 over 273 frames.
LOG (gmm-acc-mllt[5.5.294-06484]:main():gmm-acc-mllt.cc:114) Avg like per frame so far is -50.4713
LOG (gmm-acc-mllt[5.5.294-06484]:main():gmm-acc-mllt.cc:108) Average like for this file is -52.9487 over 228 frames.
LOG (gmm-acc-mllt[5.5.294-06484]:main():gmm-acc-mllt.cc:108) Average like for this file is -49.1363 over 303 frames.
LOG (gmm-acc-mllt[5.5.294-06484]:main():gmm-acc-mllt.cc:108) Average like for this file is -50.3229 over 392 frames.
LOG (gmm-acc-mllt[5.5.294-06484]:main():gmm-acc-mllt.cc:108) Average like for this file is -49.3155 over 186 frames.
LOG (gmm-acc-mllt[5.5.294-06484]:main():gmm-acc-mllt.cc:108) Average like for this file is -52.5836 over 386 frames.
LOG (gmm-acc-mllt[5.5.294-06484]:main():gmm-acc-mllt.cc:108) Average like for this file is -51.0971 over 224 frames.
LOG (gmm-acc-mllt[5.5.294-06484]:main():gmm-acc-mllt.cc:108) Average like for this file is -48.4503 over 239 frames.
LOG (gmm-acc-mllt[5.5.294-06484]:main():gmm-acc-mllt.cc:108) Average like for this file is -51.0032 over 297 frames.
LOG (gmm-acc-mllt[5.5.294-06484]:main():gmm-acc-mllt.cc:108) Average like for this file is -49.7412 over 229 frames.
LOG (gmm-acc-mllt[5.5.294-06484]:main():gmm-acc-mllt.cc:108) Average like for this file is -51.7328 over 419 frames.
LOG (gmm-acc-mllt[5.5.294-06484]:main():gmm-acc-mllt.cc:114) Avg like per frame so far is -50.5195
LOG (gmm-acc-mllt[5.5.294-06484]:main():gmm-acc-mllt.cc:108) Average like for this file is -49.0828 over 161 frames.
LOG (gmm-acc-mllt[5.5.294-06484]:main():gmm-acc-mllt.cc:108) Average like for this file is -50.343 over 184 frames.
LOG (gmm-acc-mllt[5.5.294-06484]:main():gmm-acc-mllt.cc:108) Average like for this file is -57.0024 over 233 frames.
LOG (gmm-acc-mllt[5.5.294-06484]:main():gmm-acc-mllt.cc:108) Average like for this file is -53.9054 over 417 frames.
LOG (gmm-acc-mllt[5.5.294-06484]:main():gmm-acc-mllt.cc:108) Average like for this file is -54.4567 over 219 frames.
LOG (gmm-acc-mllt[5.5.294-06484]:main():gmm-acc-mllt.cc:108) Average like for this file is -54.4024 over 279 frames.
LOG (gmm-acc-mllt[5.5.294-06484]:main():gmm-acc-mllt.cc:108) Average like for this file is -53.5619 over 219 frames.
LOG (gmm-acc-mllt[5.5.294-06484]:main():gmm-acc-mllt.cc:108) Average like for this file is -51.6479 over 260 frames.
LOG (gmm-acc-mllt[5.5.294-06484]:main():gmm-acc-mllt.cc:108) Average like for this file is -52.5889 over 254 frames.
LOG (gmm-acc-mllt[5.5.294-06484]:main():gmm-acc-mllt.cc:108) Average like for this file is -54.6841 over 281 frames.
LOG (gmm-acc-mllt[5.5.294-06484]:main():gmm-acc-mllt.cc:114) Avg like per frame so far is -50.8692
LOG (gmm-acc-mllt[5.5.294-06484]:main():gmm-acc-mllt.cc:108) Average like for this file is -51.3615 over 443 frames.
LOG (gmm-acc-mllt[5.5.294-06484]:main():gmm-acc-mllt.cc:108) Average like for this file is -48.4207 over 168 frames.
LOG (gmm-acc-mllt[5.5.294-06484]:main():gmm-acc-mllt.cc:108) Average like for this file is -55.3243 over 385 frames.
LOG (gmm-acc-mllt[5.5.294-06484]:main():gmm-acc-mllt.cc:108) Average like for this file is -52.5156 over 399 frames.
LOG (gmm-acc-mllt[5.5.294-06484]:main():gmm-acc-mllt.cc:108) Average like for this file is -53.0641 over 265 frames.
LOG (gmm-acc-mllt[5.5.294-06484]:main():gmm-acc-mllt.cc:108) Average like for this file is -51.3772 over 353 frames.
LOG (gmm-acc-mllt[5.5.294-06484]:main():gmm-acc-mllt.cc:108) Average like for this file is -49.6581 over 205 frames.
LOG (gmm-acc-mllt[5.5.294-06484]:main():gmm-acc-mllt.cc:108) Average like for this file is -53.4349 over 292 frames.
LOG (gmm-acc-mllt[5.5.294-06484]:main():gmm-acc-mllt.cc:108) Average like for this file is -49.732 over 291 frames.
LOG (gmm-acc-mllt[5.5.294-06484]:main():gmm-acc-mllt.cc:108) Average like for this file is -50.3821 over 310 frames.
LOG (gmm-acc-mllt[5.5.294-06484]:main():gmm-acc-mllt.cc:114) Avg like per frame so far is -50.9932
LOG (gmm-acc-mllt[5.5.294-06484]:main():gmm-acc-mllt.cc:108) Average like for this file is -50.6664 over 455 frames.
LOG (ali-to-post[5.5.294-06484]:main():ali-to-post.cc:73) Converted 120 alignments.
LOG (gmm-acc-mllt[5.5.294-06484]:main():gmm-acc-mllt.cc:108) Average like for this file is -41.9446 over 374 frames.
LOG (gmm-acc-mllt[5.5.294-06484]:main():gmm-acc-mllt.cc:108) Average like for this file is -52.4758 over 272 frames.
LOG (gmm-acc-mllt[5.5.294-06484]:main():gmm-acc-mllt.cc:108) Average like for this file is -45.5627 over 252 frames.
LOG (gmm-acc-mllt[5.5.294-06484]:main():gmm-acc-mllt.cc:108) Average like for this file is -48.7309 over 365 frames.
LOG (gmm-acc-mllt[5.5.294-06484]:main():gmm-acc-mllt.cc:108) Average like for this file is -49.9629 over 269 frames.
LOG (gmm-acc-mllt[5.5.294-06484]:main():gmm-acc-mllt.cc:108) Average like for this file is -49.16 over 264 frames.
LOG (gmm-acc-mllt[5.5.294-06484]:main():gmm-acc-mllt.cc:108) Average like for this file is -50.9286 over 377 frames.
LOG (gmm-acc-mllt[5.5.294-06484]:main():gmm-acc-mllt.cc:108) Average like for this file is -51.3144 over 123 frames.
LOG (gmm-acc-mllt[5.5.294-06484]:main():gmm-acc-mllt.cc:108) Average like for this file is -50.4634 over 283 frames.
LOG (gmm-acc-mllt[5.5.294-06484]:main():gmm-acc-mllt.cc:114) Avg like per frame so far is -50.762
LOG (gmm-acc-mllt[5.5.294-06484]:main():gmm-acc-mllt.cc:108) Average like for this file is -48.4115 over 79 frames.
LOG (gmm-acc-mllt[5.5.294-06484]:main():gmm-acc-mllt.cc:108) Average like for this file is -50.6285 over 296 frames.
LOG (gmm-acc-mllt[5.5.294-06484]:main():gmm-acc-mllt.cc:108) Average like for this file is -51.7967 over 243 frames.
LOG (gmm-acc-mllt[5.5.294-06484]:main():gmm-acc-mllt.cc:108) Average like for this file is -54.4483 over 206 frames.
LOG (gmm-acc-mllt[5.5.294-06484]:main():gmm-acc-mllt.cc:108) Average like for this file is -50.2576 over 364 frames.
LOG (gmm-acc-mllt[5.5.294-06484]:main():gmm-acc-mllt.cc:108) Average like for this file is -50.4795 over 336 frames.
LOG (weight-silence-post[5.5.294-06484]:main():weight-silence-post.cc:95) Done 120 posteriors.
LOG (gmm-acc-mllt[5.5.294-06484]:main():gmm-acc-mllt.cc:108) Average like for this file is -46.8875 over 227 frames.
LOG (gmm-acc-mllt[5.5.294-06484]:main():gmm-acc-mllt.cc:108) Average like for this file is -49.1078 over 250 frames.
LOG (gmm-acc-mllt[5.5.294-06484]:main():gmm-acc-mllt.cc:108) Average like for this file is -47.8728 over 190 frames.
LOG (gmm-acc-mllt[5.5.294-06484]:main():gmm-acc-mllt.cc:108) Average like for this file is -49.353 over 171 frames.
LOG (gmm-acc-mllt[5.5.294-06484]:main():gmm-acc-mllt.cc:114) Avg like per frame so far is -50.7082
LOG (gmm-acc-mllt[5.5.294-06484]:main():gmm-acc-mllt.cc:108) Average like for this file is -50.285 over 188 frames.
LOG (gmm-acc-mllt[5.5.294-06484]:main():gmm-acc-mllt.cc:108) Average like for this file is -50.9858 over 212 frames.
LOG (apply-cmvn[5.5.294-06484]:main():apply-cmvn.cc:162) Applied cepstral mean normalization to 120 utterances, errors on 0
LOG (gmm-acc-mllt[5.5.294-06484]:main():gmm-acc-mllt.cc:108) Average like for this file is -50.2931 over 268 frames.
LOG (gmm-acc-mllt[5.5.294-06484]:main():gmm-acc-mllt.cc:108) Average like for this file is -47.842 over 234 frames.
LOG (gmm-acc-mllt[5.5.294-06484]:main():gmm-acc-mllt.cc:108) Average like for this file is -53.03 over 303 frames.
LOG (gmm-acc-mllt[5.5.294-06484]:main():gmm-acc-mllt.cc:108) Average like for this file is -50.1008 over 263 frames.
LOG (gmm-acc-mllt[5.5.294-06484]:main():gmm-acc-mllt.cc:108) Average like for this file is -47.6698 over 234 frames.
LOG (gmm-acc-mllt[5.5.294-06484]:main():gmm-acc-mllt.cc:108) Average like for this file is -48.119 over 266 frames.
LOG (transform-feats[5.5.294-06484]:main():transform-feats.cc:158) Overall average [pseudo-]logdet is -90.0849 over 36206 frames.
LOG (transform-feats[5.5.294-06484]:main():transform-feats.cc:161) Applied transform to 120 utterances; 0 had errors.
LOG (gmm-acc-mllt[5.5.294-06484]:main():gmm-acc-mllt.cc:108) Average like for this file is -48.8149 over 356 frames.
LOG (gmm-acc-mllt[5.5.294-06484]:main():gmm-acc-mllt.cc:108) Average like for this file is -53.4154 over 200 frames.
LOG (gmm-acc-mllt[5.5.294-06484]:main():gmm-acc-mllt.cc:114) Avg like per frame so far is -50.6518
LOG (gmm-acc-mllt[5.5.294-06484]:main():gmm-acc-mllt.cc:119) Done 120 files, 0 with no posteriors, 0 with other errors.
LOG (gmm-acc-mllt[5.5.294-06484]:main():gmm-acc-mllt.cc:123) Overall avg like per frame (Gaussian only) = -50.6518 over 31787 frames.
LOG (gmm-acc-mllt[5.5.294-06484]:main():gmm-acc-mllt.cc:127) Written accs.
# Accounting: time=0 threads=1
# Ended (code 0) at Mon Apr 29 16:37:16 AEST 2019, elapsed time 0 seconds
