# gmm-est --write-occs=exp/tri2/30.occs --mix-up=15000 --power=0.25 exp/tri2/29.mdl "gmm-sum-accs - exp/tri2/29.*.acc |" exp/tri2/30.mdl 
# Started at Mon Apr 29 16:37:29 AEST 2019
#
gmm-est --write-occs=exp/tri2/30.occs --mix-up=15000 --power=0.25 exp/tri2/29.mdl 'gmm-sum-accs - exp/tri2/29.*.acc |' exp/tri2/30.mdl 
gmm-sum-accs - exp/tri2/29.1.acc exp/tri2/29.10.acc exp/tri2/29.2.acc exp/tri2/29.3.acc exp/tri2/29.4.acc exp/tri2/29.5.acc exp/tri2/29.6.acc exp/tri2/29.7.acc exp/tri2/29.8.acc exp/tri2/29.9.acc 
LOG (gmm-sum-accs[5.5.294-06484]:main():gmm-sum-accs.cc:63) Summed 10 stats, total count 367922, avg like/frame -45.3114
LOG (gmm-sum-accs[5.5.294-06484]:main():gmm-sum-accs.cc:66) Total count of stats is 367922
LOG (gmm-sum-accs[5.5.294-06484]:main():gmm-sum-accs.cc:67) Written stats to -
LOG (gmm-est[5.5.294-06484]:MleUpdate():transition-model.cc:528) TransitionModel::Update, objf change is 0 per frame over 367922 frames. 
LOG (gmm-est[5.5.294-06484]:MleUpdate():transition-model.cc:531) 63 probabilities floored, 17 out of 1415 transition-states skipped due to insuffient data (it is normal to have some skipped.)
LOG (gmm-est[5.5.294-06484]:main():gmm-est.cc:102) Transition model update: Overall 0 log-like improvement per frame over 367922 frames.
WARNING (gmm-est[5.5.294-06484]:MleDiagGmmUpdate():mle-diag-gmm.cc:359) Too little data - removing Gaussian (weight 0.028818, occupation count 9.999962, vector size 40)
WARNING (gmm-est[5.5.294-06484]:MleDiagGmmUpdate():mle-diag-gmm.cc:359) Too little data - removing Gaussian (weight 0.026346, occupation count 9.985260, vector size 40)
WARNING (gmm-est[5.5.294-06484]:MleDiagGmmUpdate():mle-diag-gmm.cc:359) Too little data - removing Gaussian (weight 0.046728, occupation count 9.999806, vector size 40)
WARNING (gmm-est[5.5.294-06484]:MleDiagGmmUpdate():mle-diag-gmm.cc:359) Too little data - removing Gaussian (weight 0.030351, occupation count 9.712478, vector size 40)
WARNING (gmm-est[5.5.294-06484]:MleDiagGmmUpdate():mle-diag-gmm.cc:365) Gaussian has too little data but not removing it because it is the last Gaussian: i = 0, occ = 9, weight = 1
WARNING (gmm-est[5.5.294-06484]:MleDiagGmmUpdate():mle-diag-gmm.cc:365) Gaussian has too little data but not removing it because it is the last Gaussian: i = 0, occ = 8, weight = 1
WARNING (gmm-est[5.5.294-06484]:MleDiagGmmUpdate():mle-diag-gmm.cc:365) Gaussian has too little data but not removing it because it is the last Gaussian: i = 0, occ = 5, weight = 1
WARNING (gmm-est[5.5.294-06484]:MleDiagGmmUpdate():mle-diag-gmm.cc:365) Gaussian has too little data but not removing it because it is the last Gaussian: i = 0, occ = 6, weight = 1
WARNING (gmm-est[5.5.294-06484]:MleDiagGmmUpdate():mle-diag-gmm.cc:359) Too little data - removing Gaussian (weight 0.047170, occupation count 9.999970, vector size 40)
WARNING (gmm-est[5.5.294-06484]:MleDiagGmmUpdate():mle-diag-gmm.cc:359) Too little data - removing Gaussian (weight 0.021678, occupation count 9.993735, vector size 40)
WARNING (gmm-est[5.5.294-06484]:MleDiagGmmUpdate():mle-diag-gmm.cc:365) Gaussian has too little data but not removing it because it is the last Gaussian: i = 0, occ = 8, weight = 1
WARNING (gmm-est[5.5.294-06484]:MleDiagGmmUpdate():mle-diag-gmm.cc:365) Gaussian has too little data but not removing it because it is the last Gaussian: i = 0, occ = 4, weight = 1
WARNING (gmm-est[5.5.294-06484]:MleDiagGmmUpdate():mle-diag-gmm.cc:365) Gaussian has too little data but not removing it because it is the last Gaussian: i = 0, occ = 9, weight = 1
WARNING (gmm-est[5.5.294-06484]:MleDiagGmmUpdate():mle-diag-gmm.cc:365) Gaussian has too little data but not removing it because it is the last Gaussian: i = 0, occ = 7, weight = 1
WARNING (gmm-est[5.5.294-06484]:MleDiagGmmUpdate():mle-diag-gmm.cc:365) Gaussian has too little data but not removing it because it is the last Gaussian: i = 0, occ = 6, weight = 1
WARNING (gmm-est[5.5.294-06484]:MleDiagGmmUpdate():mle-diag-gmm.cc:365) Gaussian has too little data but not removing it because it is the last Gaussian: i = 0, occ = 8, weight = 1
WARNING (gmm-est[5.5.294-06484]:MleDiagGmmUpdate():mle-diag-gmm.cc:365) Gaussian has too little data but not removing it because it is the last Gaussian: i = 0, occ = 7, weight = 1
WARNING (gmm-est[5.5.294-06484]:MleDiagGmmUpdate():mle-diag-gmm.cc:365) Gaussian has too little data but not removing it because it is the last Gaussian: i = 0, occ = 6, weight = 1
WARNING (gmm-est[5.5.294-06484]:MleDiagGmmUpdate():mle-diag-gmm.cc:365) Gaussian has too little data but not removing it because it is the last Gaussian: i = 0, occ = 5, weight = 1
WARNING (gmm-est[5.5.294-06484]:MleDiagGmmUpdate():mle-diag-gmm.cc:359) Too little data - removing Gaussian (weight 0.049261, occupation count 9.999990, vector size 40)
WARNING (gmm-est[5.5.294-06484]:MleDiagGmmUpdate():mle-diag-gmm.cc:365) Gaussian has too little data but not removing it because it is the last Gaussian: i = 0, occ = 7, weight = 1
WARNING (gmm-est[5.5.294-06484]:MleDiagGmmUpdate():mle-diag-gmm.cc:365) Gaussian has too little data but not removing it because it is the last Gaussian: i = 0, occ = 6, weight = 1
WARNING (gmm-est[5.5.294-06484]:MleDiagGmmUpdate():mle-diag-gmm.cc:365) Gaussian has too little data but not removing it because it is the last Gaussian: i = 0, occ = 10, weight = 1
WARNING (gmm-est[5.5.294-06484]:MleDiagGmmUpdate():mle-diag-gmm.cc:365) Gaussian has too little data but not removing it because it is the last Gaussian: i = 0, occ = 7, weight = 1
WARNING (gmm-est[5.5.294-06484]:MleDiagGmmUpdate():mle-diag-gmm.cc:359) Too little data - removing Gaussian (weight 0.023580, occupation count 9.974463, vector size 40)
WARNING (gmm-est[5.5.294-06484]:MleDiagGmmUpdate():mle-diag-gmm.cc:365) Gaussian has too little data but not removing it because it is the last Gaussian: i = 0, occ = 7, weight = 1
WARNING (gmm-est[5.5.294-06484]:MleDiagGmmUpdate():mle-diag-gmm.cc:365) Gaussian has too little data but not removing it because it is the last Gaussian: i = 0, occ = 6, weight = 1
WARNING (gmm-est[5.5.294-06484]:MleDiagGmmUpdate():mle-diag-gmm.cc:365) Gaussian has too little data but not removing it because it is the last Gaussian: i = 0, occ = 7, weight = 1
WARNING (gmm-est[5.5.294-06484]:MleDiagGmmUpdate():mle-diag-gmm.cc:359) Too little data - removing Gaussian (weight 0.046948, occupation count 9.999999, vector size 40)
WARNING (gmm-est[5.5.294-06484]:MleDiagGmmUpdate():mle-diag-gmm.cc:365) Gaussian has too little data but not removing it because it is the last Gaussian: i = 0, occ = 10, weight = 1
WARNING (gmm-est[5.5.294-06484]:MleDiagGmmUpdate():mle-diag-gmm.cc:359) Too little data - removing Gaussian (weight 0.029567, occupation count 9.993535, vector size 40)
WARNING (gmm-est[5.5.294-06484]:MleDiagGmmUpdate():mle-diag-gmm.cc:365) Gaussian has too little data but not removing it because it is the last Gaussian: i = 0, occ = 7, weight = 1
WARNING (gmm-est[5.5.294-06484]:MleDiagGmmUpdate():mle-diag-gmm.cc:359) Too little data - removing Gaussian (weight 0.023075, occupation count 9.876133, vector size 40)
WARNING (gmm-est[5.5.294-06484]:MleDiagGmmUpdate():mle-diag-gmm.cc:365) Gaussian has too little data but not removing it because it is the last Gaussian: i = 0, occ = 5, weight = 1
WARNING (gmm-est[5.5.294-06484]:MleDiagGmmUpdate():mle-diag-gmm.cc:365) Gaussian has too little data but not removing it because it is the last Gaussian: i = 0, occ = 6, weight = 1
WARNING (gmm-est[5.5.294-06484]:MleDiagGmmUpdate():mle-diag-gmm.cc:359) Too little data - removing Gaussian (weight 0.022448, occupation count 9.809590, vector size 40)
WARNING (gmm-est[5.5.294-06484]:MleDiagGmmUpdate():mle-diag-gmm.cc:359) Too little data - removing Gaussian (weight 0.037464, occupation count 9.778196, vector size 40)
WARNING (gmm-est[5.5.294-06484]:MleDiagGmmUpdate():mle-diag-gmm.cc:365) Gaussian has too little data but not removing it because it is the last Gaussian: i = 0, occ = 6, weight = 1
WARNING (gmm-est[5.5.294-06484]:MleDiagGmmUpdate():mle-diag-gmm.cc:365) Gaussian has too little data but not removing it because it is the last Gaussian: i = 0, occ = 8, weight = 1
WARNING (gmm-est[5.5.294-06484]:MleDiagGmmUpdate():mle-diag-gmm.cc:365) Gaussian has too little data but not removing it because it is the last Gaussian: i = 0, occ = 6, weight = 1
WARNING (gmm-est[5.5.294-06484]:MleDiagGmmUpdate():mle-diag-gmm.cc:365) Gaussian has too little data but not removing it because it is the last Gaussian: i = 0, occ = 6, weight = 1
LOG (gmm-est[5.5.294-06484]:MleAmDiagGmmUpdate():mle-am-diag-gmm.cc:225) 1 variance elements floored in 1 Gaussians, out of 15013
LOG (gmm-est[5.5.294-06484]:MleAmDiagGmmUpdate():mle-am-diag-gmm.cc:229) Removed 13 Gaussians due to counts < --min-gaussian-occupancy=10 and --remove-low-count-gaussians=true
LOG (gmm-est[5.5.294-06484]:main():gmm-est.cc:113) GMM update: Overall 0.0823325 objective function improvement per frame over 367922 frames
LOG (gmm-est[5.5.294-06484]:main():gmm-est.cc:116) GMM update: Overall avg like per frame = -45.3114 over 367922 frames.
LOG (gmm-est[5.5.294-06484]:SplitByCount():am-diag-gmm.cc:116) Split 1296 states with target = 15000, power = 0.25, perturb_factor = 0.01 and min_count = 20, split #Gauss from 15013 to 15026
LOG (gmm-est[5.5.294-06484]:main():gmm-est.cc:146) Written model to exp/tri2/30.mdl
# Accounting: time=0 threads=1
# Ended (code 0) at Mon Apr 29 16:37:29 AEST 2019, elapsed time 0 seconds
