analyze-counts --verbose=1 --binary=false --counts-dim=1544 'ark:ali-to-pdf exp/tri3_ali/final.mdl "ark:gunzip -c exp/tri3_ali/ali.*.gz |" ark:- |' exp/dnn4_pretrain-dbn_dnn/ali_train_pdf.counts 
ali-to-pdf exp/tri3_ali/final.mdl 'ark:gunzip -c exp/tri3_ali/ali.*.gz |' ark:- 
LOG (ali-to-pdf[5.5.294-06484]:main():ali-to-pdf.cc:68) Converted 1232 alignments to pdf sequences.
LOG (analyze-counts[5.5.294-06484]:main():analyze-counts.cc:191) Printing...
### The sorted count table,
count	(norm),	id	(symbol):
4	(1.08719e-05),	856	
5	(1.35898e-05),	700	
7	(1.90258e-05),	281	
7	(1.90258e-05),	708	
7	(1.90258e-05),	743	
8	(2.17437e-05),	263	
8	(2.17437e-05),	706	
9	(2.44617e-05),	877	
10	(2.71797e-05),	738	
10	(2.71797e-05),	1161	
11	(2.98976e-05),	1091	
11	(2.98976e-05),	1162	
11	(2.98976e-05),	1401	
12	(3.26156e-05),	190	
12	(3.26156e-05),	748	
12	(3.26156e-05),	893	
12	(3.26156e-05),	929	
12	(3.26156e-05),	1109	
12	(3.26156e-05),	1175	
12	(3.26156e-05),	1273	
12	(3.26156e-05),	1481	
13	(3.53336e-05),	245	
13	(3.53336e-05),	543	
13	(3.53336e-05),	624	
13	(3.53336e-05),	1100	
13	(3.53336e-05),	1332	
14	(3.80515e-05),	7	
14	(3.80515e-05),	302	
14	(3.80515e-05),	806	
14	(3.80515e-05),	873	
14	(3.80515e-05),	910	
15	(4.07695e-05),	3	
15	(4.07695e-05),	52	
15	(4.07695e-05),	133	
15	(4.07695e-05),	356	
15	(4.07695e-05),	628	
15	(4.07695e-05),	777	
15	(4.07695e-05),	914	
15	(4.07695e-05),	1278	
16	(4.34875e-05),	489	
16	(4.34875e-05),	940	
16	(4.34875e-05),	1364	
17	(4.62054e-05),	246	
17	(4.62054e-05),	352	
17	(4.62054e-05),	390	
17	(4.62054e-05),	754	
17	(4.62054e-05),	1266	
18	(4.89234e-05),	224	
18	(4.89234e-05),	257	
18	(4.89234e-05),	276	
18	(4.89234e-05),	805	
18	(4.89234e-05),	1378	
19	(5.16414e-05),	1421	
20	(5.43593e-05),	401	
20	(5.43593e-05),	407	
20	(5.43593e-05),	448	
20	(5.43593e-05),	618	
20	(5.43593e-05),	714	
20	(5.43593e-05),	1039	
20	(5.43593e-05),	1320	
21	(5.70773e-05),	135	
21	(5.70773e-05),	136	
21	(5.70773e-05),	404	
21	(5.70773e-05),	820	
21	(5.70773e-05),	826	
22	(5.97953e-05),	470	
22	(5.97953e-05),	492	
22	(5.97953e-05),	599	
22	(5.97953e-05),	1187	
23	(6.25133e-05),	66	
23	(6.25133e-05),	641	
23	(6.25133e-05),	687	
23	(6.25133e-05),	1126	
24	(6.52312e-05),	417	
24	(6.52312e-05),	447	
24	(6.52312e-05),	728	
24	(6.52312e-05),	798	
25	(6.79492e-05),	455	
25	(6.79492e-05),	529	
25	(6.79492e-05),	817	
25	(6.79492e-05),	957	
25	(6.79492e-05),	1035	
25	(6.79492e-05),	1420	
26	(7.06672e-05),	117	
26	(7.06672e-05),	119	
26	(7.06672e-05),	215	
26	(7.06672e-05),	314	
26	(7.06672e-05),	469	
26	(7.06672e-05),	871	
26	(7.06672e-05),	1227	
26	(7.06672e-05),	1322	
27	(7.33851e-05),	649	
27	(7.33851e-05),	1375	
28	(7.61031e-05),	65	
28	(7.61031e-05),	460	
28	(7.61031e-05),	653	
28	(7.61031e-05),	818	
28	(7.61031e-05),	834	
28	(7.61031e-05),	899	
28	(7.61031e-05),	1090	
29	(7.88211e-05),	163	
29	(7.88211e-05),	542	
29	(7.88211e-05),	564	
29	(7.88211e-05),	780	
29	(7.88211e-05),	888	
30	(8.1539e-05),	270	
30	(8.1539e-05),	525	
30	(8.1539e-05),	655	
30	(8.1539e-05),	1232	
30	(8.1539e-05),	1311	
30	(8.1539e-05),	1345	
30	(8.1539e-05),	1450	
31	(8.4257e-05),	58	
31	(8.4257e-05),	81	
32	(8.6975e-05),	843	
32	(8.6975e-05),	1234	
32	(8.6975e-05),	1496	
33	(8.96929e-05),	347	
33	(8.96929e-05),	384	
33	(8.96929e-05),	680	
33	(8.96929e-05),	1251	
34	(9.24109e-05),	458	
35	(9.51289e-05),	74	
35	(9.51289e-05),	118	
35	(9.51289e-05),	309	
35	(9.51289e-05),	697	
36	(9.78468e-05),	750	
36	(9.78468e-05),	1216	
36	(9.78468e-05),	1426	
37	(0.000100565),	769	
37	(0.000100565),	990	
37	(0.000100565),	1398	
37	(0.000100565),	1463	
38	(0.000103283),	882	
38	(0.000103283),	933	
38	(0.000103283),	967	
38	(0.000103283),	1190	
39	(0.000106001),	488	
40	(0.000108719),	579	
40	(0.000108719),	674	
42	(0.000114155),	32	
42	(0.000114155),	368	
42	(0.000114155),	1404	
44	(0.000119591),	40	
44	(0.000119591),	451	
45	(0.000122309),	1307	
45	(0.000122309),	1363	
45	(0.000122309),	1511	
46	(0.000125027),	904	
46	(0.000125027),	1245	
46	(0.000125027),	1331	
47	(0.000127744),	177	
47	(0.000127744),	482	
47	(0.000127744),	814	
47	(0.000127744),	815	
47	(0.000127744),	1432	
48	(0.000130462),	947	
49	(0.00013318),	328	
49	(0.00013318),	479	
49	(0.00013318),	615	
49	(0.00013318),	926	
50	(0.000135898),	147	
50	(0.000135898),	228	
50	(0.000135898),	567	
50	(0.000135898),	666	
50	(0.000135898),	1159	
51	(0.000138616),	887	
51	(0.000138616),	1014	
51	(0.000138616),	1029	
52	(0.000141334),	94	
52	(0.000141334),	134	
52	(0.000141334),	192	
52	(0.000141334),	387	
52	(0.000141334),	681	
53	(0.000144052),	480	
54	(0.00014677),	1169	
55	(0.000149488),	33	
55	(0.000149488),	864	
55	(0.000149488),	918	
55	(0.000149488),	1341	
56	(0.000152206),	141	
56	(0.000152206),	612	
57	(0.000154924),	128	
57	(0.000154924),	184	
57	(0.000154924),	426	
57	(0.000154924),	776	
57	(0.000154924),	960	
57	(0.000154924),	1001	
57	(0.000154924),	1294	
58	(0.000157642),	613	
59	(0.00016036),	200	
59	(0.00016036),	516	
59	(0.00016036),	619	
60	(0.000163078),	60	
60	(0.000163078),	747	
60	(0.000163078),	1362	
61	(0.000165796),	125	
61	(0.000165796),	442	
61	(0.000165796),	490	
61	(0.000165796),	527	
61	(0.000165796),	1151	
62	(0.000168514),	23	
62	(0.000168514),	855	
62	(0.000168514),	919	
62	(0.000168514),	989	
62	(0.000168514),	1145	
63	(0.000171232),	244	
63	(0.000171232),	552	
63	(0.000171232),	1049	
63	(0.000171232),	1297	
63	(0.000171232),	1537	
64	(0.00017395),	405	
65	(0.000176668),	581	
65	(0.000176668),	730	
66	(0.000179386),	330	
66	(0.000179386),	361	
66	(0.000179386),	378	
66	(0.000179386),	463	
66	(0.000179386),	481	
66	(0.000179386),	789	
66	(0.000179386),	984	
67	(0.000182104),	226	
67	(0.000182104),	329	
67	(0.000182104),	625	
67	(0.000182104),	1208	
67	(0.000182104),	1458	
67	(0.000182104),	1479	
68	(0.000184822),	278	
68	(0.000184822),	670	
68	(0.000184822),	704	
68	(0.000184822),	790	
68	(0.000184822),	1101	
68	(0.000184822),	1135	
68	(0.000184822),	1152	
68	(0.000184822),	1164	
68	(0.000184822),	1224	
68	(0.000184822),	1360	
69	(0.00018754),	31	
69	(0.00018754),	162	
69	(0.00018754),	713	
69	(0.00018754),	1106	
69	(0.00018754),	1417	
70	(0.000190258),	429	
70	(0.000190258),	702	
70	(0.000190258),	1246	
70	(0.000190258),	1394	
70	(0.000190258),	1519	
70	(0.000190258),	1529	
71	(0.000192976),	1333	
72	(0.000195694),	285	
72	(0.000195694),	785	
72	(0.000195694),	847	
73	(0.000198412),	138	
73	(0.000198412),	717	
73	(0.000198412),	1460	
73	(0.000198412),	1478	
74	(0.00020113),	640	
74	(0.00020113),	862	
74	(0.00020113),	1007	
74	(0.00020113),	1112	
74	(0.00020113),	1132	
75	(0.000203848),	363	
75	(0.000203848),	452	
75	(0.000203848),	572	
75	(0.000203848),	1082	
75	(0.000203848),	1257	
76	(0.000206566),	558	
76	(0.000206566),	1147	
77	(0.000209283),	62	
77	(0.000209283),	411	
77	(0.000209283),	531	
77	(0.000209283),	630	
78	(0.000212001),	385	
78	(0.000212001),	433	
78	(0.000212001),	1056	
78	(0.000212001),	1289	
78	(0.000212001),	1397	
79	(0.000214719),	280	
79	(0.000214719),	400	
79	(0.000214719),	971	
79	(0.000214719),	1038	
79	(0.000214719),	1303	
80	(0.000217437),	880	
81	(0.000220155),	1396	
82	(0.000222873),	1	
82	(0.000222873),	526	
82	(0.000222873),	791	
82	(0.000222873),	813	
82	(0.000222873),	1263	
82	(0.000222873),	1406	
82	(0.000222873),	1490	
82	(0.000222873),	1534	
83	(0.000225591),	315	
83	(0.000225591),	1113	
83	(0.000225591),	1141	
83	(0.000225591),	1183	
83	(0.000225591),	1485	
84	(0.000228309),	35	
84	(0.000228309),	377	
84	(0.000228309),	545	
84	(0.000228309),	656	
84	(0.000228309),	663	
84	(0.000228309),	682	
84	(0.000228309),	688	
84	(0.000228309),	1449	
84	(0.000228309),	1480	
85	(0.000231027),	264	
85	(0.000231027),	379	
85	(0.000231027),	574	
85	(0.000231027),	588	
85	(0.000231027),	741	
86	(0.000233745),	341	
86	(0.000233745),	565	
86	(0.000233745),	696	
86	(0.000233745),	775	
87	(0.000236463),	25	
87	(0.000236463),	515	
87	(0.000236463),	686	
87	(0.000236463),	1022	
87	(0.000236463),	1150	
88	(0.000239181),	30	
88	(0.000239181),	155	
88	(0.000239181),	173	
88	(0.000239181),	214	
88	(0.000239181),	501	
88	(0.000239181),	548	
88	(0.000239181),	584	
88	(0.000239181),	647	
88	(0.000239181),	755	
88	(0.000239181),	969	
88	(0.000239181),	1255	
88	(0.000239181),	1533	
89	(0.000241899),	327	
89	(0.000241899),	523	
89	(0.000241899),	587	
89	(0.000241899),	1107	
90	(0.000244617),	301	
90	(0.000244617),	395	
90	(0.000244617),	662	
90	(0.000244617),	761	
91	(0.000247335),	961	
91	(0.000247335),	1069	
91	(0.000247335),	1267	
91	(0.000247335),	1448	
92	(0.000250053),	4	
92	(0.000250053),	514	
92	(0.000250053),	772	
92	(0.000250053),	825	
92	(0.000250053),	1005	
92	(0.000250053),	1181	
92	(0.000250053),	1454	
92	(0.000250053),	1483	
93	(0.000252771),	1057	
93	(0.000252771),	1180	
93	(0.000252771),	1265	
93	(0.000252771),	1446	
93	(0.000252771),	1476	
94	(0.000255489),	143	
94	(0.000255489),	313	
94	(0.000255489),	554	
94	(0.000255489),	937	
94	(0.000255489),	1068	
94	(0.000255489),	1391	
95	(0.000258207),	150	
95	(0.000258207),	189	
95	(0.000258207),	513	
95	(0.000258207),	539	
95	(0.000258207),	722	
95	(0.000258207),	1219	
95	(0.000258207),	1532	
96	(0.000260925),	211	
96	(0.000260925),	343	
96	(0.000260925),	388	
96	(0.000260925),	471	
96	(0.000260925),	537	
96	(0.000260925),	835	
96	(0.000260925),	878	
96	(0.000260925),	1053	
97	(0.000263643),	80	
97	(0.000263643),	692	
97	(0.000263643),	810	
97	(0.000263643),	1256	
97	(0.000263643),	1365	
98	(0.000266361),	103	
98	(0.000266361),	123	
98	(0.000266361),	137	
98	(0.000266361),	366	
98	(0.000266361),	497	
98	(0.000266361),	753	
98	(0.000266361),	833	
98	(0.000266361),	1351	
98	(0.000266361),	1459	
98	(0.000266361),	1500	
99	(0.000269079),	505	
99	(0.000269079),	1236	
99	(0.000269079),	1486	
100	(0.000271797),	232	
100	(0.000271797),	288	
100	(0.000271797),	334	
101	(0.000274515),	261	
101	(0.000274515),	391	
101	(0.000274515),	1373	
102	(0.000277233),	39	
102	(0.000277233),	1016	
102	(0.000277233),	1531	
103	(0.000279951),	229	
103	(0.000279951),	269	
103	(0.000279951),	336	
103	(0.000279951),	522	
103	(0.000279951),	591	
103	(0.000279951),	598	
103	(0.000279951),	802	
103	(0.000279951),	991	
103	(0.000279951),	1412	
104	(0.000282669),	100	
104	(0.000282669),	231	
104	(0.000282669),	389	
104	(0.000282669),	424	
104	(0.000282669),	443	
104	(0.000282669),	819	
104	(0.000282669),	841	
104	(0.000282669),	950	
104	(0.000282669),	994	
104	(0.000282669),	1436	
105	(0.000285387),	175	
105	(0.000285387),	1457	
106	(0.000288105),	5	
106	(0.000288105),	121	
106	(0.000288105),	218	
106	(0.000288105),	279	
107	(0.000290823),	1435	
108	(0.00029354),	225	
108	(0.00029354),	399	
108	(0.00029354),	534	
108	(0.00029354),	942	
108	(0.00029354),	982	
109	(0.000296258),	88	
109	(0.000296258),	112	
109	(0.000296258),	216	
109	(0.000296258),	316	
109	(0.000296258),	461	
109	(0.000296258),	796	
109	(0.000296258),	850	
109	(0.000296258),	851	
109	(0.000296258),	1088	
109	(0.000296258),	1405	
109	(0.000296258),	1425	
109	(0.000296258),	1467	
110	(0.000298976),	43	
110	(0.000298976),	160	
110	(0.000298976),	193	
110	(0.000298976),	883	
110	(0.000298976),	983	
110	(0.000298976),	1184	
111	(0.000301694),	186	
111	(0.000301694),	235	
111	(0.000301694),	293	
111	(0.000301694),	431	
112	(0.000304412),	571	
112	(0.000304412),	1464	
113	(0.00030713),	142	
113	(0.00030713),	164	
113	(0.00030713),	223	
113	(0.00030713),	621	
113	(0.00030713),	948	
114	(0.000309848),	196	
114	(0.000309848),	485	
114	(0.000309848),	532	
114	(0.000309848),	573	
114	(0.000309848),	636	
114	(0.000309848),	1099	
115	(0.000312566),	260	
115	(0.000312566),	286	
115	(0.000312566),	326	
115	(0.000312566),	439	
115	(0.000312566),	831	
116	(0.000315284),	521	
116	(0.000315284),	821	
116	(0.000315284),	1089	
117	(0.000318002),	73	
117	(0.000318002),	172	
117	(0.000318002),	267	
117	(0.000318002),	409	
117	(0.000318002),	466	
117	(0.000318002),	675	
117	(0.000318002),	763	
117	(0.000318002),	1020	
117	(0.000318002),	1061	
117	(0.000318002),	1540	
118	(0.00032072),	154	
118	(0.00032072),	332	
118	(0.00032072),	701	
118	(0.00032072),	981	
118	(0.00032072),	1119	
118	(0.00032072),	1138	
118	(0.00032072),	1177	
119	(0.000323438),	593	
119	(0.000323438),	1259	
120	(0.000326156),	607	
120	(0.000326156),	923	
120	(0.000326156),	1487	
121	(0.000328874),	410	
121	(0.000328874),	787	
121	(0.000328874),	891	
121	(0.000328874),	1400	
122	(0.000331592),	63	
122	(0.000331592),	358	
122	(0.000331592),	931	
122	(0.000331592),	1389	
122	(0.000331592),	1510	
123	(0.00033431),	402	
123	(0.00033431),	457	
123	(0.00033431),	735	
123	(0.00033431),	1258	
123	(0.00033431),	1538	
124	(0.000337028),	98	
124	(0.000337028),	271	
124	(0.000337028),	351	
124	(0.000337028),	434	
124	(0.000337028),	751	
124	(0.000337028),	766	
124	(0.000337028),	1009	
124	(0.000337028),	1116	
124	(0.000337028),	1335	
125	(0.000339746),	375	
125	(0.000339746),	906	
125	(0.000339746),	911	
125	(0.000339746),	956	
125	(0.000339746),	1094	
125	(0.000339746),	1243	
125	(0.000339746),	1354	
125	(0.000339746),	1455	
126	(0.000342464),	129	
126	(0.000342464),	464	
126	(0.000342464),	576	
126	(0.000342464),	900	
126	(0.000342464),	1313	
127	(0.000345182),	106	
127	(0.000345182),	132	
127	(0.000345182),	354	
127	(0.000345182),	446	
127	(0.000345182),	538	
127	(0.000345182),	1055	
127	(0.000345182),	1200	
127	(0.000345182),	1452	
127	(0.000345182),	1522	
128	(0.0003479),	54	
128	(0.0003479),	239	
128	(0.0003479),	427	
128	(0.0003479),	1017	
128	(0.0003479),	1515	
129	(0.000350618),	13	
129	(0.000350618),	167	
129	(0.000350618),	1380	
129	(0.000350618),	1497	
130	(0.000353336),	178	
130	(0.000353336),	251	
130	(0.000353336),	254	
130	(0.000353336),	432	
130	(0.000353336),	779	
130	(0.000353336),	945	
130	(0.000353336),	1071	
130	(0.000353336),	1085	
130	(0.000353336),	1379	
130	(0.000353336),	1414	
131	(0.000356054),	381	
131	(0.000356054),	425	
131	(0.000356054),	603	
131	(0.000356054),	679	
131	(0.000356054),	744	
131	(0.000356054),	836	
131	(0.000356054),	953	
131	(0.000356054),	980	
131	(0.000356054),	1046	
132	(0.000358772),	198	
132	(0.000358772),	493	
132	(0.000358772),	590	
132	(0.000358772),	610	
132	(0.000358772),	1075	
132	(0.000358772),	1084	
133	(0.00036149),	76	
133	(0.00036149),	96	
133	(0.00036149),	219	
133	(0.00036149),	562	
133	(0.00036149),	1235	
134	(0.000364208),	1093	
134	(0.000364208),	1103	
134	(0.000364208),	1111	
134	(0.000364208),	1376	
134	(0.000364208),	1388	
135	(0.000366926),	299	
135	(0.000366926),	367	
135	(0.000366926),	781	
135	(0.000366926),	930	
135	(0.000366926),	1528	
136	(0.000369644),	47	
136	(0.000369644),	204	
136	(0.000369644),	406	
136	(0.000369644),	504	
136	(0.000369644),	840	
136	(0.000369644),	941	
137	(0.000372362),	130	
137	(0.000372362),	212	
137	(0.000372362),	508	
137	(0.000372362),	595	
137	(0.000372362),	927	
137	(0.000372362),	1054	
137	(0.000372362),	1160	
138	(0.00037508),	290	
138	(0.00037508),	725	
138	(0.00037508),	970	
138	(0.00037508),	1395	
139	(0.000377797),	6	
139	(0.000377797),	233	
139	(0.000377797),	296	
139	(0.000377797),	346	
139	(0.000377797),	415	
139	(0.000377797),	1189	
139	(0.000377797),	1212	
139	(0.000377797),	1283	
139	(0.000377797),	1316	
140	(0.000380515),	659	
140	(0.000380515),	1277	
140	(0.000380515),	1387	
141	(0.000383233),	284	
141	(0.000383233),	705	
141	(0.000383233),	1004	
141	(0.000383233),	1309	
142	(0.000385951),	319	
142	(0.000385951),	376	
142	(0.000385951),	693	
142	(0.000385951),	792	
142	(0.000385951),	1473	
143	(0.000388669),	248	
143	(0.000388669),	546	
143	(0.000388669),	633	
143	(0.000388669),	804	
143	(0.000388669),	823	
143	(0.000388669),	1115	
143	(0.000388669),	1525	
144	(0.000391387),	631	
144	(0.000391387),	678	
144	(0.000391387),	801	
144	(0.000391387),	1000	
144	(0.000391387),	1104	
144	(0.000391387),	1419	
144	(0.000391387),	1437	
145	(0.000394105),	905	
146	(0.000396823),	171	
146	(0.000396823),	511	
146	(0.000396823),	661	
146	(0.000396823),	827	
146	(0.000396823),	832	
146	(0.000396823),	895	
146	(0.000396823),	972	
146	(0.000396823),	1506	
147	(0.000399541),	157	
147	(0.000399541),	317	
147	(0.000399541),	507	
147	(0.000399541),	671	
147	(0.000399541),	1165	
147	(0.000399541),	1296	
147	(0.000399541),	1410	
147	(0.000399541),	1512	
148	(0.000402259),	152	
148	(0.000402259),	654	
148	(0.000402259),	1377	
149	(0.000404977),	308	
149	(0.000404977),	311	
149	(0.000404977),	456	
149	(0.000404977),	626	
149	(0.000404977),	648	
149	(0.000404977),	786	
149	(0.000404977),	861	
149	(0.000404977),	1003	
149	(0.000404977),	1247	
149	(0.000404977),	1451	
150	(0.000407695),	676	
150	(0.000407695),	897	
150	(0.000407695),	1024	
150	(0.000407695),	1097	
151	(0.000410413),	503	
151	(0.000410413),	566	
151	(0.000410413),	928	
151	(0.000410413),	944	
151	(0.000410413),	996	
151	(0.000410413),	1023	
151	(0.000410413),	1027	
151	(0.000410413),	1072	
151	(0.000410413),	1197	
152	(0.000413131),	107	
152	(0.000413131),	113	
152	(0.000413131),	188	
152	(0.000413131),	1468	
153	(0.000415849),	161	
153	(0.000415849),	582	
153	(0.000415849),	770	
153	(0.000415849),	853	
153	(0.000415849),	1352	
153	(0.000415849),	1361	
153	(0.000415849),	1444	
154	(0.000418567),	262	
154	(0.000418567),	627	
154	(0.000418567),	668	
154	(0.000418567),	903	
154	(0.000418567),	1507	
155	(0.000421285),	487	
155	(0.000421285),	510	
155	(0.000421285),	966	
155	(0.000421285),	992	
155	(0.000421285),	1018	
155	(0.000421285),	1081	
156	(0.000424003),	849	
156	(0.000424003),	1527	
157	(0.000426721),	318	
157	(0.000426721),	459	
158	(0.000429439),	321	
158	(0.000429439),	644	
158	(0.000429439),	651	
158	(0.000429439),	829	
158	(0.000429439),	881	
158	(0.000429439),	1006	
158	(0.000429439),	1021	
158	(0.000429439),	1092	
158	(0.000429439),	1264	
158	(0.000429439),	1285	
159	(0.000432157),	454	
159	(0.000432157),	1222	
159	(0.000432157),	1268	
160	(0.000434875),	139	
160	(0.000434875),	320	
160	(0.000434875),	620	
160	(0.000434875),	1188	
160	(0.000434875),	1434	
160	(0.000434875),	1445	
161	(0.000437593),	348	
161	(0.000437593),	371	
161	(0.000437593),	807	
161	(0.000437593),	1076	
162	(0.000440311),	194	
162	(0.000440311),	209	
162	(0.000440311),	822	
162	(0.000440311),	889	
162	(0.000440311),	1443	
163	(0.000443029),	71	
163	(0.000443029),	237	
163	(0.000443029),	435	
163	(0.000443029),	498	
163	(0.000443029),	1292	
164	(0.000445747),	597	
164	(0.000445747),	1065	
164	(0.000445747),	1125	
164	(0.000445747),	1327	
165	(0.000448465),	46	
165	(0.000448465),	465	
165	(0.000448465),	1060	
165	(0.000448465),	1218	
165	(0.000448465),	1228	
165	(0.000448465),	1384	
166	(0.000451183),	372	
166	(0.000451183),	398	
166	(0.000451183),	860	
166	(0.000451183),	1324	
167	(0.000453901),	203	
167	(0.000453901),	1214	
168	(0.000456619),	111	
168	(0.000456619),	259	
168	(0.000456619),	605	
168	(0.000456619),	723	
168	(0.000456619),	938	
168	(0.000456619),	1154	
168	(0.000456619),	1276	
168	(0.000456619),	1290	
169	(0.000459336),	182	
169	(0.000459336),	596	
169	(0.000459336),	637	
169	(0.000459336),	716	
169	(0.000459336),	1499	
169	(0.000459336),	1526	
170	(0.000462054),	1168	
171	(0.000464772),	436	
171	(0.000464772),	650	
171	(0.000464772),	736	
171	(0.000464772),	946	
171	(0.000464772),	1096	
171	(0.000464772),	1493	
172	(0.00046749),	494	
172	(0.00046749),	845	
172	(0.00046749),	1011	
173	(0.000470208),	170	
173	(0.000470208),	283	
173	(0.000470208),	430	
173	(0.000470208),	749	
173	(0.000470208),	1508	
174	(0.000472926),	149	
174	(0.000472926),	274	
174	(0.000472926),	951	
174	(0.000472926),	999	
174	(0.000472926),	1328	
175	(0.000475644),	45	
175	(0.000475644),	241	
175	(0.000475644),	512	
175	(0.000475644),	724	
175	(0.000475644),	949	
175	(0.000475644),	1330	
176	(0.000478362),	669	
177	(0.00048108),	297	
177	(0.00048108),	393	
177	(0.00048108),	968	
177	(0.00048108),	1174	
178	(0.000483798),	2	
178	(0.000483798),	1120	
179	(0.000486516),	362	
180	(0.000489234),	707	
180	(0.000489234),	884	
180	(0.000489234),	1118	
180	(0.000489234),	1502	
181	(0.000491952),	21	
181	(0.000491952),	657	
181	(0.000491952),	963	
181	(0.000491952),	1079	
182	(0.00049467),	795	
182	(0.00049467),	934	
182	(0.00049467),	998	
182	(0.00049467),	1064	
182	(0.00049467),	1462	
183	(0.000497388),	205	
183	(0.000497388),	569	
183	(0.000497388),	1185	
184	(0.000500106),	11	
184	(0.000500106),	79	
184	(0.000500106),	249	
184	(0.000500106),	445	
184	(0.000500106),	484	
184	(0.000500106),	642	
184	(0.000500106),	689	
184	(0.000500106),	844	
185	(0.000502824),	438	
185	(0.000502824),	1013	
185	(0.000502824),	1488	
186	(0.000505542),	50	
186	(0.000505542),	108	
186	(0.000505542),	116	
186	(0.000505542),	151	
186	(0.000505542),	156	
186	(0.000505542),	423	
186	(0.000505542),	541	
186	(0.000505542),	1210	
186	(0.000505542),	1430	
187	(0.00050826),	169	
187	(0.00050826),	453	
187	(0.00050826),	683	
187	(0.00050826),	1329	
187	(0.00050826),	1440	
189	(0.000513696),	201	
189	(0.000513696),	568	
189	(0.000513696),	1271	
190	(0.000516414),	153	
190	(0.000516414),	1453	
190	(0.000516414),	1472	
191	(0.000519132),	8	
191	(0.000519132),	158	
191	(0.000519132),	811	
191	(0.000519132),	1223	
191	(0.000519132),	1542	
192	(0.00052185),	958	
192	(0.00052185),	1244	
192	(0.00052185),	1498	
193	(0.000524568),	468	
193	(0.000524568),	502	
193	(0.000524568),	660	
193	(0.000524568),	757	
193	(0.000524568),	954	
193	(0.000524568),	1102	
193	(0.000524568),	1239	
194	(0.000527286),	104	
194	(0.000527286),	364	
194	(0.000527286),	1226	
195	(0.000530004),	413	
196	(0.000532722),	59	
196	(0.000532722),	462	
196	(0.000532722),	559	
196	(0.000532722),	623	
196	(0.000532722),	646	
196	(0.000532722),	768	
196	(0.000532722),	1130	
197	(0.00053544),	440	
197	(0.00053544),	886	
197	(0.00053544),	1192	
197	(0.00053544),	1385	
198	(0.000538158),	180	
198	(0.000538158),	227	
198	(0.000538158),	357	
198	(0.000538158),	912	
199	(0.000540876),	124	
199	(0.000540876),	255	
199	(0.000540876),	1146	
199	(0.000540876),	1323	
200	(0.000543593),	102	
200	(0.000543593),	478	
200	(0.000543593),	608	
200	(0.000543593),	830	
200	(0.000543593),	898	
200	(0.000543593),	1393	
201	(0.000546311),	127	
201	(0.000546311),	291	
201	(0.000546311),	767	
201	(0.000546311),	1350	
202	(0.000549029),	331	
202	(0.000549029),	344	
202	(0.000549029),	360	
202	(0.000549029),	614	
202	(0.000549029),	794	
202	(0.000549029),	1067	
203	(0.000551747),	392	
203	(0.000551747),	1523	
203	(0.000551747),	1539	
204	(0.000554465),	394	
204	(0.000554465),	414	
204	(0.000554465),	1052	
204	(0.000554465),	1353	
205	(0.000557183),	374	
205	(0.000557183),	473	
205	(0.000557183),	589	
205	(0.000557183),	809	
205	(0.000557183),	1025	
205	(0.000557183),	1295	
205	(0.000557183),	1461	
206	(0.000559901),	353	
207	(0.000562619),	110	
207	(0.000562619),	444	
207	(0.000562619),	500	
207	(0.000562619),	1098	
207	(0.000562619),	1306	
208	(0.000565337),	266	
208	(0.000565337),	324	
208	(0.000565337),	964	
209	(0.000568055),	921	
209	(0.000568055),	1019	
209	(0.000568055),	1140	
210	(0.000570773),	82	
210	(0.000570773),	146	
210	(0.000570773),	803	
210	(0.000570773),	1044	
210	(0.000570773),	1178	
210	(0.000570773),	1301	
211	(0.000573491),	528	
211	(0.000573491),	739	
211	(0.000573491),	1182	
212	(0.000576209),	15	
212	(0.000576209),	312	
212	(0.000576209),	570	
212	(0.000576209),	731	
212	(0.000576209),	816	
212	(0.000576209),	863	
212	(0.000576209),	1337	
212	(0.000576209),	1517	
213	(0.000578927),	1242	
214	(0.000581645),	75	
214	(0.000581645),	985	
214	(0.000581645),	1241	
214	(0.000581645),	1441	
215	(0.000584363),	634	
215	(0.000584363),	710	
215	(0.000584363),	973	
215	(0.000584363),	1108	
215	(0.000584363),	1205	
215	(0.000584363),	1336	
215	(0.000584363),	1465	
216	(0.000587081),	208	
216	(0.000587081),	691	
216	(0.000587081),	760	
216	(0.000587081),	1310	
216	(0.000587081),	1338	
216	(0.000587081),	1501	
217	(0.000589799),	145	
218	(0.000592517),	322	
218	(0.000592517),	859	
219	(0.000595235),	18	
219	(0.000595235),	101	
219	(0.000595235),	300	
219	(0.000595235),	602	
219	(0.000595235),	629	
219	(0.000595235),	799	
219	(0.000595235),	876	
219	(0.000595235),	1509	
219	(0.000595235),	1524	
220	(0.000597953),	17	
220	(0.000597953),	1077	
221	(0.000600671),	85	
221	(0.000600671),	1008	
222	(0.000603389),	140	
222	(0.000603389),	1036	
223	(0.000606107),	420	
223	(0.000606107),	1066	
223	(0.000606107),	1211	
223	(0.000606107),	1240	
223	(0.000606107),	1334	
223	(0.000606107),	1424	
223	(0.000606107),	1513	
224	(0.000608825),	421	
224	(0.000608825),	965	
225	(0.000611543),	207	
225	(0.000611543),	243	
225	(0.000611543),	664	
225	(0.000611543),	685	
225	(0.000611543),	894	
225	(0.000611543),	1262	
226	(0.000614261),	665	
226	(0.000614261),	977	
227	(0.000616979),	333	
227	(0.000616979),	449	
227	(0.000616979),	1078	
227	(0.000616979),	1095	
228	(0.000619697),	16	
228	(0.000619697),	187	
228	(0.000619697),	337	
228	(0.000619697),	609	
228	(0.000619697),	639	
229	(0.000622415),	783	
230	(0.000625133),	70	
230	(0.000625133),	89	
230	(0.000625133),	91	
230	(0.000625133),	303	
231	(0.00062785),	166	
231	(0.00062785),	975	
231	(0.00062785),	1037	
231	(0.00062785),	1215	
231	(0.00062785),	1415	
232	(0.000630568),	29	
232	(0.000630568),	305	
232	(0.000630568),	752	
232	(0.000630568),	1059	
232	(0.000630568),	1304	
233	(0.000633286),	797	
233	(0.000633286),	1248	
234	(0.000636004),	698	
234	(0.000636004),	917	
234	(0.000636004),	1074	
235	(0.000638722),	230	
235	(0.000638722),	952	
236	(0.00064144),	69	
236	(0.00064144),	185	
236	(0.00064144),	268	
236	(0.00064144),	544	
236	(0.00064144),	601	
236	(0.00064144),	715	
237	(0.000644158),	114	
237	(0.000644158),	252	
237	(0.000644158),	673	
237	(0.000644158),	720	
237	(0.000644158),	771	
238	(0.000646876),	294	
238	(0.000646876),	1220	
238	(0.000646876),	1358	
239	(0.000649594),	509	
239	(0.000649594),	518	
239	(0.000649594),	1381	
240	(0.000652312),	273	
240	(0.000652312),	1157	
240	(0.000652312),	1413	
241	(0.00065503),	896	
241	(0.00065503),	1233	
242	(0.000657748),	854	
242	(0.000657748),	935	
243	(0.000660466),	1117	
243	(0.000660466),	1134	
243	(0.000660466),	1374	
244	(0.000663184),	42	
244	(0.000663184),	575	
244	(0.000663184),	635	
244	(0.000663184),	729	
244	(0.000663184),	1382	
244	(0.000663184),	1504	
245	(0.000665902),	287	
245	(0.000665902),	1470	
246	(0.00066862),	144	
246	(0.00066862),	386	
246	(0.00066862),	495	
247	(0.000671338),	197	
247	(0.000671338),	250	
247	(0.000671338),	879	
247	(0.000671338),	1110	
247	(0.000671338),	1284	
249	(0.000676774),	549	
249	(0.000676774),	1195	
249	(0.000676774),	1298	
249	(0.000676774),	1433	
250	(0.000679492),	1026	
250	(0.000679492),	1287	
251	(0.00068221),	370	
251	(0.00068221),	403	
251	(0.00068221),	550	
251	(0.00068221),	745	
251	(0.00068221),	1050	
251	(0.00068221),	1231	
251	(0.00068221),	1456	
252	(0.000684928),	920	
253	(0.000687646),	213	
253	(0.000687646),	1105	
254	(0.000690364),	306	
254	(0.000690364),	1156	
255	(0.000693082),	148	
255	(0.000693082),	342	
255	(0.000693082),	1002	
255	(0.000693082),	1040	
255	(0.000693082),	1344	
255	(0.000693082),	1536	
256	(0.0006958),	37	
256	(0.0006958),	396	
256	(0.0006958),	1484	
258	(0.000701236),	87	
258	(0.000701236),	519	
259	(0.000703954),	272	
259	(0.000703954),	307	
259	(0.000703954),	563	
259	(0.000703954),	773	
259	(0.000703954),	839	
259	(0.000703954),	1286	
260	(0.000706672),	557	
261	(0.000709389),	242	
261	(0.000709389),	551	
261	(0.000709389),	788	
261	(0.000709389),	1503	
262	(0.000712107),	865	
262	(0.000712107),	1163	
262	(0.000712107),	1371	
263	(0.000714825),	397	
263	(0.000714825),	1172	
263	(0.000714825),	1282	
264	(0.000717543),	191	
264	(0.000717543),	222	
264	(0.000717543),	323	
264	(0.000717543),	746	
264	(0.000717543),	1319	
265	(0.000720261),	84	
265	(0.000720261),	289	
265	(0.000720261),	1047	
266	(0.000722979),	1491	
267	(0.000725697),	1469	
269	(0.000731133),	1230	
269	(0.000731133),	1254	
270	(0.000733851),	380	
270	(0.000733851),	902	
270	(0.000733851),	1042	
271	(0.000736569),	247	
271	(0.000736569),	556	
271	(0.000736569),	867	
271	(0.000736569),	1166	
272	(0.000739287),	1058	
275	(0.000747441),	846	
276	(0.000750159),	1302	
276	(0.000750159),	1369	
277	(0.000752877),	22	
277	(0.000752877),	199	
277	(0.000752877),	959	
278	(0.000755595),	195	
278	(0.000755595),	210	
278	(0.000755595),	604	
278	(0.000755595),	1137	
279	(0.000758313),	711	
279	(0.000758313),	962	
280	(0.000761031),	265	
281	(0.000763749),	122	
281	(0.000763749),	373	
281	(0.000763749),	428	
282	(0.000766467),	99	
282	(0.000766467),	1347	
283	(0.000769185),	784	
283	(0.000769185),	1317	
284	(0.000771903),	1408	
285	(0.000774621),	555	
285	(0.000774621),	782	
285	(0.000774621),	1356	
285	(0.000774621),	1535	
286	(0.000777339),	712	
286	(0.000777339),	732	
286	(0.000777339),	1155	
287	(0.000780057),	24	
287	(0.000780057),	159	
287	(0.000780057),	848	
288	(0.000782775),	258	
289	(0.000785493),	540	
289	(0.000785493),	986	
289	(0.000785493),	1325	
289	(0.000785493),	1390	
290	(0.000788211),	517	
290	(0.000788211),	870	
290	(0.000788211),	1015	
290	(0.000788211),	1196	
291	(0.000790929),	131	
291	(0.000790929),	690	
291	(0.000790929),	925	
292	(0.000793646),	1171	
292	(0.000793646),	1349	
293	(0.000796364),	1070	
293	(0.000796364),	1270	
294	(0.000799082),	600	
294	(0.000799082),	1274	
295	(0.0008018),	828	
297	(0.000807236),	474	
297	(0.000807236),	718	
297	(0.000807236),	1031	
297	(0.000807236),	1127	
297	(0.000807236),	1136	
298	(0.000809954),	165	
298	(0.000809954),	939	
298	(0.000809954),	1032	
299	(0.000812672),	583	
299	(0.000812672),	1318	
299	(0.000812672),	1366	
300	(0.00081539),	901	
301	(0.000818108),	764	
301	(0.000818108),	907	
301	(0.000818108),	1173	
302	(0.000820826),	345	
302	(0.000820826),	1158	
302	(0.000820826),	1217	
302	(0.000820826),	1312	
303	(0.000823544),	1315	
304	(0.000826262),	535	
304	(0.000826262),	1260	
304	(0.000826262),	1321	
304	(0.000826262),	1386	
305	(0.00082898),	1342	
306	(0.000831698),	53	
306	(0.000831698),	234	
306	(0.000831698),	491	
307	(0.000834416),	240	
308	(0.000837134),	734	
308	(0.000837134),	1194	
309	(0.000839852),	72	
309	(0.000839852),	95	
309	(0.000839852),	304	
310	(0.00084257),	174	
310	(0.00084257),	616	
310	(0.00084257),	1359	
312	(0.000848006),	179	
312	(0.000848006),	932	
312	(0.000848006),	1080	
313	(0.000850724),	450	
313	(0.000850724),	1012	
314	(0.000853442),	1083	
314	(0.000853442),	1202	
315	(0.00085616),	292	
316	(0.000858878),	416	
316	(0.000858878),	838	
317	(0.000861596),	695	
317	(0.000861596),	1275	
317	(0.000861596),	1541	
318	(0.000864314),	295	
318	(0.000864314),	1086	
318	(0.000864314),	1442	
319	(0.000867032),	422	
319	(0.000867032),	506	
319	(0.000867032),	1343	
321	(0.000872468),	890	
321	(0.000872468),	1407	
322	(0.000875186),	1403	
324	(0.000880621),	909	
324	(0.000880621),	1272	
325	(0.000883339),	28	
325	(0.000883339),	477	
325	(0.000883339),	733	
325	(0.000883339),	1041	
325	(0.000883339),	1252	
325	(0.000883339),	1370	
326	(0.000886057),	236	
326	(0.000886057),	1179	
326	(0.000886057),	1261	
327	(0.000888775),	57	
327	(0.000888775),	83	
327	(0.000888775),	837	
328	(0.000891493),	126	
329	(0.000894211),	27	
329	(0.000894211),	220	
329	(0.000894211),	955	
329	(0.000894211),	1201	
330	(0.000896929),	168	
330	(0.000896929),	586	
330	(0.000896929),	892	
330	(0.000896929),	1516	
331	(0.000899647),	92	
332	(0.000902365),	437	
332	(0.000902365),	553	
332	(0.000902365),	924	
332	(0.000902365),	988	
332	(0.000902365),	997	
333	(0.000905083),	1206	
334	(0.000907801),	1357	
336	(0.000913237),	1043	
338	(0.000918673),	41	
338	(0.000918673),	611	
338	(0.000918673),	1348	
339	(0.000921391),	418	
339	(0.000921391),	1149	
340	(0.000924109),	115	
342	(0.000929545),	866	
344	(0.000934981),	638	
344	(0.000934981),	1422	
344	(0.000934981),	1475	
345	(0.000937699),	740	
345	(0.000937699),	922	
346	(0.000940417),	658	
346	(0.000940417),	672	
346	(0.000940417),	1128	
347	(0.000943135),	1186	
348	(0.000945853),	1229	
349	(0.000948571),	20	
350	(0.000951289),	800	
350	(0.000951289),	1207	
351	(0.000954007),	632	
351	(0.000954007),	759	
352	(0.000956725),	10	
352	(0.000956725),	667	
353	(0.000959442),	1034	
356	(0.000967596),	176	
356	(0.000967596),	995	
359	(0.00097575),	1073	
359	(0.00097575),	1142	
359	(0.00097575),	1372	
360	(0.000978468),	1471	
361	(0.000981186),	594	
362	(0.000983904),	277	
362	(0.000983904),	412	
362	(0.000983904),	1427	
362	(0.000983904),	1429	
363	(0.000986622),	1250	
364	(0.00098934),	349	
364	(0.00098934),	1514	
365	(0.000992058),	1176	
366	(0.000994776),	56	
366	(0.000994776),	875	
366	(0.000994776),	1139	
367	(0.000997494),	577	
368	(0.00100021),	1495	
369	(0.00100293),	340	
369	(0.00100293),	943	
370	(0.00100565),	183	
370	(0.00100565),	335	
370	(0.00100565),	1237	
371	(0.00100837),	1530	
372	(0.00101108),	1399	
373	(0.0010138),	38	
373	(0.0010138),	97	
373	(0.0010138),	1279	
374	(0.00101652),	217	
374	(0.00101652),	1411	
375	(0.00101924),	486	
375	(0.00101924),	1033	
375	(0.00101924),	1225	
376	(0.00102196),	765	
377	(0.00102467),	325	
378	(0.00102739),	369	
378	(0.00102739),	852	
380	(0.00103283),	530	
381	(0.00103555),	339	
383	(0.00104098),	383	
385	(0.00104642),	703	
386	(0.00104914),	55	
386	(0.00104914),	1339	
389	(0.00105729),	1346	
390	(0.00106001),	1520	
392	(0.00106544),	643	
392	(0.00106544),	719	
392	(0.00106544),	1518	
393	(0.00106816),	1291	
394	(0.00107088),	533	
394	(0.00107088),	580	
394	(0.00107088),	1308	
395	(0.0010736),	483	
398	(0.00108175),	709	
398	(0.00108175),	1191	
398	(0.00108175),	1438	
400	(0.00108719),	467	
401	(0.0010899),	872	
406	(0.00110349),	78	
408	(0.00110893),	221	
409	(0.00111165),	1402	
410	(0.00111437),	181	
410	(0.00111437),	774	
411	(0.00111708),	90	
412	(0.0011198),	915	
413	(0.00112252),	913	
413	(0.00112252),	1238	
414	(0.00112524),	987	
417	(0.00113339),	1477	
419	(0.00113883),	1288	
419	(0.00113883),	1416	
420	(0.00114155),	1051	
422	(0.00114698),	64	
422	(0.00114698),	338	
422	(0.00114698),	1204	
423	(0.0011497),	1198	
424	(0.00115242),	105	
425	(0.00115514),	1148	
425	(0.00115514),	1213	
425	(0.00115514),	1428	
427	(0.00116057),	694	
429	(0.00116601),	606	
429	(0.00116601),	793	
430	(0.00116873),	721	
430	(0.00116873),	1123	
430	(0.00116873),	1505	
438	(0.00119047),	1045	
440	(0.00119591),	1492	
441	(0.00119862),	256	
443	(0.00120406),	253	
444	(0.00120678),	1482	
445	(0.0012095),	1249	
446	(0.00121221),	350	
450	(0.00122309),	858	
454	(0.00123396),	1193	
456	(0.00123939),	652	
456	(0.00123939),	1269	
458	(0.00124483),	298	
461	(0.00125298),	592	
461	(0.00125298),	645	
465	(0.00126385),	524	
467	(0.00126929),	476	
467	(0.00126929),	812	
468	(0.00127201),	1253	
469	(0.00127473),	1133	
470	(0.00127744),	67	
470	(0.00127744),	1300	
471	(0.00128016),	1129	
473	(0.0012856),	677	
480	(0.00130462),	993	
483	(0.00131278),	1124	
484	(0.0013155),	1010	
484	(0.0013155),	1423	
490	(0.0013318),	202	
491	(0.00133452),	275	
494	(0.00134268),	561	
495	(0.00134539),	1521	
496	(0.00134811),	885	
497	(0.00135083),	808	
499	(0.00135627),	1466	
501	(0.0013617),	824	
501	(0.0013617),	869	
505	(0.00137257),	238	
507	(0.00137801),	857	
509	(0.00138345),	536	
513	(0.00139432),	475	
513	(0.00139432),	1326	
514	(0.00139704),	14	
514	(0.00139704),	496	
514	(0.00139704),	1203	
515	(0.00139975),	1293	
522	(0.00141878),	310	
522	(0.00141878),	1418	
523	(0.0014215),	44	
525	(0.00142693),	34	
525	(0.00142693),	1431	
526	(0.00142965),	26	
526	(0.00142965),	520	
527	(0.00143237),	1143	
528	(0.00143509),	560	
532	(0.00144596),	908	
533	(0.00144868),	978	
534	(0.00145139),	1122	
536	(0.00145683),	1367	
540	(0.0014677),	1355	
542	(0.00147314),	756	
543	(0.00147586),	726	
544	(0.00147857),	1114	
546	(0.00148401),	1153	
546	(0.00148401),	1305	
547	(0.00148673),	1028	
548	(0.00148945),	419	
549	(0.00149216),	1131	
555	(0.00150847),	1281	
559	(0.00151934),	441	
559	(0.00151934),	979	
560	(0.00152206),	359	
560	(0.00152206),	382	
561	(0.00152478),	1474	
564	(0.00153293),	1494	
565	(0.00153565),	1087	
569	(0.00154652),	547	
575	(0.00156283),	936	
576	(0.00156555),	1199	
578	(0.00157099),	1030	
581	(0.00157914),	355	
582	(0.00158186),	86	
586	(0.00159273),	622	
587	(0.00159545),	1489	
588	(0.00159816),	472	
594	(0.00161447),	842	
601	(0.0016335),	1167	
604	(0.00164165),	737	
606	(0.00164709),	282	
616	(0.00167427),	36	
616	(0.00167427),	727	
618	(0.0016797),	1062	
621	(0.00168786),	1170	
621	(0.00168786),	1314	
622	(0.00169058),	868	
622	(0.00169058),	1048	
625	(0.00169873),	365	
629	(0.0017096),	19	
631	(0.00171504),	976	
634	(0.00172319),	684	
651	(0.0017694),	206	
654	(0.00177755),	1368	
663	(0.00180201),	1144	
665	(0.00180745),	699	
671	(0.00182376),	1392	
683	(0.00185637),	1063	
685	(0.00186181),	1409	
730	(0.00198412),	12	
730	(0.00198412),	93	
738	(0.00200586),	617	
742	(0.00201673),	578	
764	(0.00207653),	1209	
765	(0.00207925),	1383	
779	(0.0021173),	499	
779	(0.0021173),	1340	
782	(0.00212545),	974	
817	(0.00222058),	109	
836	(0.00227222),	874	
860	(0.00233745),	585	
864	(0.00234832),	742	
875	(0.00237822),	762	
878	(0.00238638),	1280	
897	(0.00243802),	77	
918	(0.00249509),	1299	
921	(0.00250325),	1121	
1022	(0.00277776),	49	
1028	(0.00279407),	408	
1031	(0.00280222),	9	
1108	(0.00301151),	916	
1138	(0.00309305),	758	
1154	(0.00313653),	61	
1154	(0.00313653),	1447	
1225	(0.00332951),	68	
1253	(0.00340561),	1439	
1461	(0.00397095),	120	
1568	(0.00426177),	778	
1589	(0.00431885),	1543	
2033	(0.00552563),	1221	
6526	(0.0177375),	48	
13727	(0.0373095),	0	
19108	(0.0519349),	51	

#total 367922 (1.02201h)

LOG (analyze-counts[5.5.294-06484]:main():analyze-counts.cc:194) Summed 1232 int32 vectors to counts, skipped 0 vectors.
LOG (analyze-counts[5.5.294-06484]:main():analyze-counts.cc:196) Counts written to exp/dnn4_pretrain-dbn_dnn/ali_train_pdf.counts
