nsclab-gpu
nnet-train-frmshuff --cross-validate=false --randomize=true --verbose=0 --minibatch-size=256 --randomizer-size=32768 --randomizer-seed=777 --learn-rate=0.001 --momentum=0 --l1-penalty=0 --l2-penalty=0 --feature-transform=exp/dnn4_pretrain-dbn_dnn/final.feature_transform 'ark:copy-feats scp:exp/dnn4_pretrain-dbn_dnn/train.scp ark:- |' 'ark:ali-to-pdf exp/tri3_ali/final.mdl "ark:gunzip -c exp/tri3_ali/ali.*.gz |" ark:- | ali-to-post ark:- ark:- |' exp/dnn4_pretrain-dbn_dnn/nnet/nnet_dbn_dnn_iter06_learnrate0.002_tr0.8066_cv1.9536 exp/dnn4_pretrain-dbn_dnn/nnet/nnet_dbn_dnn_iter07 
WARNING (nnet-train-frmshuff[5.5.294-06484]:SelectGpuId():cu-device.cc:221) Not in compute-exclusive mode.  Suggestion: use 'nvidia-smi -c 3' to set compute exclusive mode
LOG (nnet-train-frmshuff[5.5.294-06484]:SelectGpuIdAuto():cu-device.cc:349) Selecting from 2 GPUs
LOG (nnet-train-frmshuff[5.5.294-06484]:SelectGpuIdAuto():cu-device.cc:364) cudaSetDevice(0): TITAN Xp	free:12023M, used:173M, total:12196M, free/total:0.985815
LOG (nnet-train-frmshuff[5.5.294-06484]:SelectGpuIdAuto():cu-device.cc:364) cudaSetDevice(1): TITAN Xp	free:11888M, used:304M, total:12192M, free/total:0.975016
LOG (nnet-train-frmshuff[5.5.294-06484]:SelectGpuIdAuto():cu-device.cc:411) Trying to select device: 0 (automatically), mem_ratio: 0.985815
LOG (nnet-train-frmshuff[5.5.294-06484]:SelectGpuIdAuto():cu-device.cc:430) Success selecting device 0 free mem ratio: 0.985815
LOG (nnet-train-frmshuff[5.5.294-06484]:FinalizeActiveGpu():cu-device.cc:284) The active GPU is [0]: TITAN Xp	free:11957M, used:239M, total:12196M, free/total:0.980403 version 6.1
copy-feats scp:exp/dnn4_pretrain-dbn_dnn/train.scp ark:- 
LOG (nnet-train-frmshuff[5.5.294-06484]:Init():nnet-randomizer.cc:32) Seeding by srand with : 777
LOG (nnet-train-frmshuff[5.5.294-06484]:main():nnet-train-frmshuff.cc:163) TRAINING STARTED
ali-to-post ark:- ark:- 
ali-to-pdf exp/tri3_ali/final.mdl 'ark:gunzip -c exp/tri3_ali/ali.*.gz |' ark:- 
LOG (ali-to-pdf[5.5.294-06484]:main():ali-to-pdf.cc:68) Converted 1232 alignments to pdf sequences.
LOG (nnet-train-frmshuff[5.5.294-06484]:main():nnet-train-frmshuff.cc:354) ### After 0 frames,
LOG (nnet-train-frmshuff[5.5.294-06484]:main():nnet-train-frmshuff.cc:355) 
### FORWARD PROPAGATION BUFFER CONTENT :
[0] output of <Input>  ( min -7.86424, max 7.06273, mean -0.000964877, stddev 0.993005, skewness 0.0133901, kurtosis 2.03207 ) 
[1] output of <AffineTransform> ( min -29.303, max 22.1064, mean -3.31716, stddev 4.0724, skewness 0.122011, kurtosis 1.33509 ) 
[2] output of <Sigmoid> ( min 1.87871e-13, max 1, mean 0.208119, stddev 0.315816, skewness 1.48039, kurtosis 0.719751 ) 
[3] output of <AffineTransform> ( min -28.6954, max 19.5576, mean -4.05805, stddev 2.82529, skewness -0.021135, kurtosis 2.68946 ) 
[4] output of <Sigmoid> ( min 3.4493e-13, max 1, mean 0.0984721, stddev 0.195695, skewness 2.89765, kurtosis 8.22731 ) 
[5] output of <AffineTransform> ( min -15.1221, max 13.3743, mean -3.14061, stddev 2.01569, skewness 0.54298, kurtosis 2.31919 ) 
[6] output of <Sigmoid> ( min 2.7074e-07, max 0.999998, mean 0.114095, stddev 0.189943, skewness 2.71733, kurtosis 7.46871 ) 
[7] output of <AffineTransform> ( min -22.1751, max 14.7709, mean -2.76431, stddev 2.29044, skewness 0.512661, kurtosis 2.60831 ) 
[8] output of <Sigmoid> ( min 2.34145e-10, max 1, mean 0.157053, stddev 0.235518, skewness 2.03782, kurtosis 3.40462 ) 
[9] output of <AffineTransform> ( min -17.1493, max 16.2984, mean -2.84899, stddev 2.90038, skewness 1.29192, kurtosis 2.50278 ) 
[10] output of <Sigmoid> ( min 3.5659e-08, max 1, mean 0.179986, stddev 0.294336, skewness 1.74207, kurtosis 1.6527 ) 
[11] output of <AffineTransform> ( min -28.3943, max 18.2504, mean -3.69458, stddev 3.6664, skewness 0.976944, kurtosis 3.17094 ) 
[12] output of <Sigmoid> ( min 4.66123e-13, max 1, mean 0.15004, stddev 0.29658, skewness 2.03542, kurtosis 2.60568 ) 
[13] output of <AffineTransform> ( min -14.9234, max 22.5538, mean -0.00379733, stddev 3.62077, skewness 0.52606, kurtosis 0.940182 ) 
[14] output of <Softmax> ( min 2.02643e-15, max 0.999682, mean 0.000647604, stddev 0.0186336, skewness 40.18, kurtosis 1760.98 ) 
### END FORWARD

LOG (nnet-train-frmshuff[5.5.294-06484]:main():nnet-train-frmshuff.cc:357) 
### BACKWARD PROPAGATION BUFFER CONTENT :
[0] diff of <Input>  ( min -1.31036, max 1.08376, mean 0.00036927, stddev 0.0541422, skewness 0.0414437, kurtosis 24.8512 ) 
[1] diff-output of <AffineTransform> ( min -0.301336, max 0.319903, mean -4.07312e-05, stddev 0.010036, skewness -0.297793, kurtosis 60.8469 ) 
[2] diff-output of <Sigmoid> ( min -1.71926, max 2.08374, mean -1.84999e-05, stddev 0.091651, skewness 0.00298553, kurtosis 18.2116 ) 
[3] diff-output of <AffineTransform> ( min -0.396925, max 0.50152, mean -3.76469e-05, stddev 0.0113374, skewness 0.180943, kurtosis 99.5343 ) 
[4] diff-output of <Sigmoid> ( min -1.8265, max 2.84609, mean -3.64687e-05, stddev 0.119911, skewness 0.0215691, kurtosis 12.9646 ) 
[5] diff-output of <AffineTransform> ( min -0.346242, max 0.347647, mean 1.89486e-05, stddev 0.0116678, skewness 0.0852161, kurtosis 68.6271 ) 
[6] diff-output of <Sigmoid> ( min -1.46301, max 1.8364, mean 0.000157039, stddev 0.098717, skewness 0.0875869, kurtosis 12.6573 ) 
[7] diff-output of <AffineTransform> ( min -0.225706, max 0.353538, mean 1.55916e-05, stddev 0.00941501, skewness 0.151702, kurtosis 52.2595 ) 
[8] diff-output of <Sigmoid> ( min -1.14324, max 1.48488, mean 0.000123169, stddev 0.0692136, skewness 0.00606384, kurtosis 13.0362 ) 
[9] diff-output of <AffineTransform> ( min -0.170273, max 0.194603, mean 8.49541e-06, stddev 0.00694271, skewness -0.103183, kurtosis 49.3171 ) 
[10] diff-output of <Sigmoid> ( min -0.80129, max 0.838827, mean -9.96431e-06, stddev 0.0528485, skewness -0.0975316, kurtosis 14.4875 ) 
[11] diff-output of <AffineTransform> ( min -0.200699, max 0.25825, mean 3.5845e-05, stddev 0.00771682, skewness 0.283211, kurtosis 65.3672 ) 
[12] diff-output of <Sigmoid> ( min -1.15, max 2.50461, mean 0.000309482, stddev 0.0814543, skewness 0.186706, kurtosis 12.1155 ) 
[13] diff-output of <AffineTransform> ( min -0.99901, max 0.940256, mean -1.02252e-08, stddev 0.0159497, skewness -25.2341, kurtosis 2195.57 ) 
[14] diff-output of <Softmax> ( min -0.99901, max 0.940256, mean -1.02252e-08, stddev 0.0159497, skewness -25.2341, kurtosis 2195.57 ) 
### END BACKWARD


LOG (nnet-train-frmshuff[5.5.294-06484]:main():nnet-train-frmshuff.cc:358) 
### GRADIENT STATS :
Component 1 : <AffineTransform>, 
  linearity_grad ( min -1.72102, max 1.60051, mean 5.29875e-05, stddev 0.160665, skewness 0.0186439, kurtosis 1.86138 ) , lr-coef 1, max-norm 0
  bias_grad ( min -0.568448, max 0.65423, mean -0.0104272, stddev 0.154628, skewness 0.072304, kurtosis 0.63389 ) , lr-coef 1
Component 2 : <Sigmoid>, 
Component 3 : <AffineTransform>, 
  linearity_grad ( min -0.751779, max 0.913594, mean -0.0014854, stddev 0.0706475, skewness 0.0291466, kurtosis 5.94503 ) , lr-coef 1, max-norm 0
  bias_grad ( min -0.912683, max 0.825606, mean -0.00963758, stddev 0.187294, skewness 0.0886411, kurtosis 2.01706 ) , lr-coef 1
Component 4 : <Sigmoid>, 
Component 5 : <AffineTransform>, 
  linearity_grad ( min -0.652228, max 0.646736, mean 0.000678538, stddev 0.0414541, skewness 0.251365, kurtosis 12.0865 ) , lr-coef 1, max-norm 0
  bias_grad ( min -0.670206, max 0.807229, mean 0.00485084, stddev 0.184401, skewness 0.310045, kurtosis 2.122 ) , lr-coef 1
Component 6 : <Sigmoid>, 
Component 7 : <AffineTransform>, 
  linearity_grad ( min -0.517764, max 0.628209, mean 0.000528457, stddev 0.0342973, skewness 0.215539, kurtosis 9.96629 ) , lr-coef 1, max-norm 0
  bias_grad ( min -0.680402, max 0.66421, mean 0.00399147, stddev 0.153054, skewness 0.21983, kurtosis 1.89196 ) , lr-coef 1
Component 8 : <Sigmoid>, 
Component 9 : <AffineTransform>, 
  linearity_grad ( min -0.414597, max 0.421147, mean 0.000445555, stddev 0.031381, skewness 0.178205, kurtosis 6.90444 ) , lr-coef 1, max-norm 0
  bias_grad ( min -0.428641, max 0.605682, mean 0.0021748, stddev 0.106798, skewness 0.312428, kurtosis 2.74576 ) , lr-coef 1
Component 10 : <Sigmoid>, 
Component 11 : <AffineTransform>, 
  linearity_grad ( min -0.434538, max 0.476463, mean 0.00177985, stddev 0.0433465, skewness 0.235036, kurtosis 7.48671 ) , lr-coef 1, max-norm 0
  bias_grad ( min -0.571717, max 0.494673, mean 0.00917634, stddev 0.124846, skewness 0.0520776, kurtosis 1.90649 ) , lr-coef 1
Component 12 : <Sigmoid>, 
Component 13 : <AffineTransform>, 
  linearity_grad ( min -1.47054, max 1.81093, mean -3.697e-08, stddev 0.0866446, skewness -3.02773, kurtosis 70.6217 ) , lr-coef 1, max-norm 0
  bias_grad ( min -1.47001, max 1.81728, mean -9.26497e-09, stddev 0.256577, skewness -0.884942, kurtosis 9.29646 ) , lr-coef 1
Component 14 : <Softmax>, 
### END GRADIENT

LOG (ali-to-post[5.5.294-06484]:main():ali-to-post.cc:73) Converted 1232 alignments.
LOG (copy-feats[5.5.294-06484]:main():copy-feats.cc:143) Copied 1112 feature matrices.
LOG (nnet-train-frmshuff[5.5.294-06484]:main():nnet-train-frmshuff.cc:384) ### After 331520 frames,
LOG (nnet-train-frmshuff[5.5.294-06484]:main():nnet-train-frmshuff.cc:385) 
### FORWARD PROPAGATION BUFFER CONTENT :
[0] output of <Input>  ( min -7.8171, max 6.44093, mean -0.00429144, stddev 1.00295, skewness -0.0631885, kurtosis 1.97814 ) 
[1] output of <AffineTransform> ( min -29.3252, max 21.8774, mean -3.32855, stddev 4.12067, skewness 0.116775, kurtosis 1.27129 ) 
[2] output of <Sigmoid> ( min 1.83755e-13, max 1, mean 0.209914, stddev 0.317349, skewness 1.46596, kurtosis 0.672182 ) 
[3] output of <AffineTransform> ( min -26.602, max 17.3462, mean -4.03774, stddev 2.8243, skewness -0.00361489, kurtosis 2.50543 ) 
[4] output of <Sigmoid> ( min 2.79832e-12, max 1, mean 0.0999672, stddev 0.197072, skewness 2.8611, kurtosis 7.99877 ) 
[5] output of <AffineTransform> ( min -14.1669, max 14.9606, mean -3.12905, stddev 2.03127, skewness 0.552055, kurtosis 2.36686 ) 
[6] output of <Sigmoid> ( min 7.03699e-07, max 1, mean 0.115595, stddev 0.191664, skewness 2.6898, kurtosis 7.27905 ) 
[7] output of <AffineTransform> ( min -23.6705, max 14.3483, mean -2.74165, stddev 2.31056, skewness 0.517244, kurtosis 2.54603 ) 
[8] output of <Sigmoid> ( min 5.24828e-11, max 0.999999, mean 0.159972, stddev 0.238097, skewness 2.00489, kurtosis 3.2447 ) 
[9] output of <AffineTransform> ( min -16.0885, max 17.7379, mean -2.83059, stddev 2.93272, skewness 1.30304, kurtosis 2.54014 ) 
[10] output of <Sigmoid> ( min 1.03006e-07, max 1, mean 0.182299, stddev 0.296297, skewness 1.71893, kurtosis 1.5643 ) 
[11] output of <AffineTransform> ( min -28.4612, max 19.913, mean -3.6909, stddev 3.68971, skewness 0.973194, kurtosis 3.12653 ) 
[12] output of <Sigmoid> ( min 4.35964e-13, max 1, mean 0.151161, stddev 0.297905, skewness 2.02172, kurtosis 2.54283 ) 
[13] output of <AffineTransform> ( min -16.2994, max 22.8866, mean -0.00387181, stddev 3.64013, skewness 0.515147, kurtosis 0.945945 ) 
[14] output of <Softmax> ( min 9.50555e-16, max 0.999456, mean 0.000647605, stddev 0.0189038, skewness 40.213, kurtosis 1752.32 ) 
### END FORWARD

LOG (nnet-train-frmshuff[5.5.294-06484]:main():nnet-train-frmshuff.cc:387) 
### BACKWARD PROPAGATION BUFFER CONTENT :
[0] diff of <Input>  ( min -0.623056, max 0.689975, mean 0.000303884, stddev 0.0439957, skewness 0.209398, kurtosis 16.8723 ) 
[1] diff-output of <AffineTransform> ( min -0.202167, max 0.286315, mean 6.09016e-05, stddev 0.00850249, skewness 0.493812, kurtosis 62.2345 ) 
[2] diff-output of <Sigmoid> ( min -1.37034, max 1.75079, mean 0.00027767, stddev 0.0765744, skewness 0.176029, kurtosis 17.4481 ) 
[3] diff-output of <AffineTransform> ( min -0.268577, max 0.385917, mean 4.41316e-05, stddev 0.00949963, skewness 0.00173002, kurtosis 91.1864 ) 
[4] diff-output of <Sigmoid> ( min -1.70612, max 1.746, mean 3.72143e-05, stddev 0.101692, skewness -0.027639, kurtosis 12.0704 ) 
[5] diff-output of <AffineTransform> ( min -0.273435, max 0.412014, mean 5.67767e-05, stddev 0.00993429, skewness 0.501654, kurtosis 72.9035 ) 
[6] diff-output of <Sigmoid> ( min -1.30653, max 1.65195, mean 0.000193463, stddev 0.0856843, skewness 0.0545627, kurtosis 13.0569 ) 
[7] diff-output of <AffineTransform> ( min -0.176442, max 0.22701, mean 2.23335e-05, stddev 0.00810121, skewness 0.315892, kurtosis 44.3812 ) 
[8] diff-output of <Sigmoid> ( min -0.816495, max 0.95677, mean 0.000174443, stddev 0.06007, skewness 0.0361188, kurtosis 12.8582 ) 
[9] diff-output of <AffineTransform> ( min -0.138743, max 0.142317, mean 9.80965e-06, stddev 0.00602327, skewness -0.019275, kurtosis 46.0493 ) 
[10] diff-output of <Sigmoid> ( min -0.721869, max 0.608532, mean -5.56675e-05, stddev 0.0460606, skewness -0.100335, kurtosis 15.7393 ) 
[11] diff-output of <AffineTransform> ( min -0.188176, max 0.176795, mean -5.02685e-06, stddev 0.00670187, skewness -0.298463, kurtosis 67.944 ) 
[12] diff-output of <Sigmoid> ( min -0.913369, max 1.36149, mean 0.000125773, stddev 0.0713352, skewness -0.150199, kurtosis 10.4471 ) 
[13] diff-output of <AffineTransform> ( min -0.999988, max 0.780754, mean -7.83662e-09, stddev 0.013692, skewness -29.6698, kurtosis 2419.68 ) 
[14] diff-output of <Softmax> ( min -0.999988, max 0.780754, mean -7.83662e-09, stddev 0.013692, skewness -29.6698, kurtosis 2419.68 ) 
### END BACKWARD


LOG (nnet-train-frmshuff[5.5.294-06484]:main():nnet-train-frmshuff.cc:388) 
### GRADIENT STATS :
Component 1 : <AffineTransform>, 
  linearity_grad ( min -1.13354, max 1.09447, mean 0.00197205, stddev 0.136023, skewness 0.0207991, kurtosis 1.4808 ) , lr-coef 1, max-norm 0
  bias_grad ( min -0.471953, max 0.533802, mean 0.0155908, stddev 0.143325, skewness 0.0595311, kurtosis 0.373893 ) , lr-coef 1
Component 2 : <Sigmoid>, 
Component 3 : <AffineTransform>, 
  linearity_grad ( min -0.625206, max 0.865087, mean 0.00207244, stddev 0.0599589, skewness 0.0890925, kurtosis 5.78508 ) , lr-coef 1, max-norm 0
  bias_grad ( min -0.653178, max 0.683263, mean 0.0112976, stddev 0.164209, skewness 0.101766, kurtosis 1.02881 ) , lr-coef 1
Component 4 : <Sigmoid>, 
Component 5 : <AffineTransform>, 
  linearity_grad ( min -0.904278, max 1.32593, mean 0.00122697, stddev 0.0367154, skewness 0.540098, kurtosis 21.5243 ) , lr-coef 1, max-norm 0
  bias_grad ( min -0.849855, max 1.15622, mean 0.0145348, stddev 0.171288, skewness 0.426908, kurtosis 4.87636 ) , lr-coef 1
Component 6 : <Sigmoid>, 
Component 7 : <AffineTransform>, 
  linearity_grad ( min -0.341978, max 0.758579, mean 0.00043627, stddev 0.0295761, skewness 0.259461, kurtosis 10.3866 ) , lr-coef 1, max-norm 0
  bias_grad ( min -0.462404, max 0.615028, mean 0.00571738, stddev 0.13262, skewness 0.182371, kurtosis 1.60021 ) , lr-coef 1
Component 8 : <Sigmoid>, 
Component 9 : <AffineTransform>, 
  linearity_grad ( min -0.301777, max 0.518712, mean 0.00014715, stddev 0.028494, skewness 0.131808, kurtosis 7.56164 ) , lr-coef 1, max-norm 0
  bias_grad ( min -0.355787, max 0.46416, mean 0.00251129, stddev 0.101714, skewness 0.23725, kurtosis 2.75382 ) , lr-coef 1
Component 10 : <Sigmoid>, 
Component 11 : <AffineTransform>, 
  linearity_grad ( min -0.471839, max 0.362734, mean -0.000375531, stddev 0.0377401, skewness -0.109698, kurtosis 7.89114 ) , lr-coef 1, max-norm 0
  bias_grad ( min -0.542373, max 0.453562, mean -0.00128689, stddev 0.110559, skewness -0.104595, kurtosis 2.47188 ) , lr-coef 1
Component 12 : <Sigmoid>, 
Component 13 : <AffineTransform>, 
  linearity_grad ( min -1.84165, max 1.4633, mean -1.89361e-08, stddev 0.0752391, skewness -5.22586, kurtosis 93.3971 ) , lr-coef 1, max-norm 0
  bias_grad ( min -1.82919, max 1.46459, mean -3.08832e-09, stddev 0.22295, skewness -2.05135, kurtosis 14.26 ) , lr-coef 1
Component 14 : <Softmax>, 
### END GRADIENT

LOG (nnet-train-frmshuff[5.5.294-06484]:main():nnet-train-frmshuff.cc:395) Done 1112 files, 0 with no tgt_mats, 0 with other errors. [TRAINING, RANDOMIZED, 0.0763195 min, processing 72397.4 frames per sec; i/o time 5.0208%]
LOG (nnet-train-frmshuff[5.5.294-06484]:main():nnet-train-frmshuff.cc:405) PER-CLASS PERFORMANCE:
@@@ Frames per-class: [ 12529 82 168 15 39 90 125 14 160 949 326 163 664 119 473 184 201 211 193 569 325 158 270 55 263 76 470 288 269 203 80 65 33 45 448 78 546 224 339 87 41 297 220 92 457 158 159 130 5856 862 179 17467 15 263 124 345 325 302 31 186 53 1047 72 114 389 21 23 419 1069 180 214 154 271 105 32 194 124 783 354 176 83 31 186 287 234 208 522 218 96 210 382 201 298 644 47 277 116 333 115 258 97 191 173 96 181 409 120 133 163 726 178 139 96 129 226 307 166 16 24 18 1329 98 244 90 176 53 288 200 54 100 123 272 117 15 41 21 21 91 60 126 197 51 96 82 224 194 191 50 223 160 89 169 118 146 105 70 169 132 174 243 95 138 65 27 97 248 159 113 303 171 151 133 105 77 297 99 319 34 122 282 178 379 148 336 54 208 100 220 133 84 0 247 47 103 145 242 114 216 104 255 48 166 433 153 128 171 581 195 185 145 265 92 119 238 74 15 103 342 96 132 301 367 241 102 18 97 54 169 50 92 213 98 90 124 291 101 304 146 431 115 261 157 246 195 51 13 17 244 135 169 227 123 218 412 126 192 391 18 262 155 102 86 146 8 84 265 167 112 230 95 30 117 236 201 158 427 18 339 60 93 79 7 556 136 131 62 108 182 86 236 115 179 279 93 212 288 133 159 416 105 190 73 14 212 282 219 234 242 140 32 460 138 190 86 26 79 90 133 144 126 140 151 182 229 202 329 98 70 41 56 66 175 96 203 78 340 96 213 364 337 325 81 226 93 176 268 122 33 145 322 416 116 17 201 122 526 15 186 115 516 185 57 164 61 172 568 94 119 42 316 216 137 148 261 176 117 134 69 63 77 237 114 511 347 33 67 214 40 90 96 17 96 188 154 191 78 226 224 143 56 66 20 116 235 10 59 112 20 925 112 101 64 330 173 189 119 264 24 289 498 201 200 288 170 100 111 51 116 255 69 154 98 113 61 112 148 150 296 169 111 187 529 47 97 193 170 112 19 19 198 265 44 73 167 148 25 129 100 34 156 24 99 180 54 118 142 115 354 173 25 22 70 541 199 244 461 412 310 188 49 50 53 42 349 163 110 334 142 37 16 58 279 22 113 151 223 463 86 147 708 197 88 176 144 118 78 283 134 124 217 134 136 164 82 86 87 59 265 197 244 476 106 97 76 428 30 80 60 182 25 346 68 102 346 99 294 462 91 115 92 282 167 22 13 218 76 128 496 74 214 223 237 61 292 81 254 250 237 71 176 480 458 121 230 29 67 142 49 178 161 191 106 62 106 85 203 120 293 684 40 382 61 138 263 77 746 294 86 85 192 116 95 405 107 330 128 134 151 98 16 275 229 196 131 254 150 387 109 172 188 121 314 56 46 176 49 272 684 10 53 150 105 527 176 13 56 136 138 15 203 67 121 317 127 199 225 89 151 283 188 68 23 181 366 147 424 193 84 127 27 157 150 384 28 128 25 70 176 306 125 178 127 77 84 206 199 46 321 126 161 65 130 315 216 31 106 136 438 132 119 33 47 84 167 570 193 84 23 80 162 274 207 95 133 408 298 83 33 214 590 5 107 61 368 62 130 8 166 7 331 177 265 261 63 20 208 156 71 281 350 223 399 79 147 167 122 501 519 24 221 65 212 266 290 284 114 166 555 0 197 293 81 799 7 124 220 234 54 12 165 33 91 209 98 17 81 480 178 1029 328 182 84 777 104 282 346 109 171 187 35 132 213 88 226 373 76 50 15 1407 121 29 82 258 203 262 69 149 103 244 58 68 77 122 372 192 157 96 225 24 194 317 140 92 200 122 18 14 131 429 169 92 176 412 72 47 39 185 6 2 100 21 100 153 121 450 92 21 119 261 149 152 112 131 91 28 78 119 300 289 229 134 97 534 32 172 152 261 70 244 148 87 89 345 141 217 58 4 469 407 196 138 141 72 190 55 228 321 238 558 473 261 26 370 14 772 305 191 0 87 240 80 132 38 97 159 476 170 46 29 147 294 121 307 12 196 119 224 139 174 28 112 256 242 131 46 117 110 266 491 265 0 123 173 382 15 363 1014 217 48 39 221 167 289 113 288 267 18 127 145 12 122 108 276 36 147 206 496 88 137 277 16 124 87 332 137 130 140 48 103 153 92 165 219 108 176 304 117 25 176 240 50 79 258 173 192 204 136 37 159 88 122 73 129 201 727 213 578 202 494 508 120 108 98 101 62 177 243 378 312 54 37 94 141 440 91 318 143 302 161 165 118 54 243 130 127 81 137 52 190 117 433 158 270 167 51 261 82 116 130 171 109 146 87 135 147 186 228 139 499 43 521 263 266 332 317 25 207 207 79 20 226 288 259 312 198 426 119 230 582 55 205 344 192 80 133 126 73 83 241 211 147 108 566 589 163 160 199 175 91 80 271 125 142 301 218 115 155 204 205 162 293 140 63 294 129 120 270 522 103 106 28 11 143 131 119 209 153 133 177 102 13 40 170 103 136 233 65 89 174 12 173 124 65 70 493 135 108 232 152 104 134 856 498 405 419 152 23 265 332 423 180 491 63 418 219 46 263 257 105 341 170 75 318 453 595 40 175 71 387 283 82 58 59 500 149 267 232 219 277 19 116 0 11 237 64 116 236 549 160 54 547 261 243 277 165 12 320 111 196 275 87 85 197 83 102 156 321 22 145 132 38 352 178 409 280 217 274 140 353 528 110 278 303 459 391 184 266 329 55 698 165 186 118 381 146 206 29 257 153 84 198 1839 150 182 52 338 190 18 149 310 251 217 30 198 32 118 98 310 397 155 203 200 194 117 185 30 54 142 216 418 307 24 310 404 261 80 86 75 110 107 267 270 210 75 145 72 17 79 146 426 254 173 297 0 266 293 146 127 15 350 792 493 238 123 210 143 211 231 401 70 142 356 154 467 53 190 145 53 249 853 435 197 236 79 218 507 193 37 354 137 162 30 239 118 564 275 121 253 272 250 20 277 14 167 136 256 458 143 149 177 162 35 13 64 201 104 168 192 199 350 685 54 302 286 244 24 337 239 332 277 180 79 131 169 105 488 264 274 214 278 59 136 46 42 16 94 267 496 588 255 297 248 339 100 228 27 119 137 18 130 118 232 213 701 153 185 276 129 123 110 271 84 569 175 70 130 71 69 37 334 114 11 371 284 42 101 82 308 262 561 147 349 94 213 117 213 383 44 497 95 25 15 310 439 202 94 32 317 393 337 159 467 35 238 143 86 85 120 347 1105 163 193 304 151 134 141 88 1025 80 82 30 140 112 165 87 123 228 102 55 87 73 180 169 37 85 193 460 98 137 241 214 338 149 142 511 327 81 345 73 43 70 0 414 85 226 75 96 112 170 534 77 223 400 137 510 324 32 115 174 153 89 196 149 237 225 389 131 139 154 202 113 45 140 205 332 128 299 193 357 66 364 450 118 171 200 126 154 143 124 68 334 83 85 81 68 253 210 53 109 186 113 286 166 1445 ]
@@@ Loss per-class: [ 0.345894 0.601676 0.611991 0.582762 1.07421 0.586674 0.880014 0.840329 0.73737 0.484151 0.259853 0.944987 0.323386 0.713019 1.09068 0.850447 0.749654 0.906312 0.653369 0.490778 0.330754 0.618025 0.21795 0.618487 0.73796 1.19198 0.469796 0.423459 0.6679 0.488985 1.58496 0.881125 0.465535 0.759376 0.399542 0.778563 0.433648 0.147338 0.485346 0.907791 0.658 0.723613 1.24258 0.90338 0.239765 0.374464 0.706632 0.882106 0.437933 0.648416 0.515488 0.2345 1.83649 0.435511 0.964427 0.399214 0.538724 0.381334 1.01048 1.14348 0.989352 0.840367 1.07601 0.39565 0.339393 0.581205 1.18639 0.569621 0.640612 0.488289 0.494167 0.650421 0.621631 1.68531 1.26748 0.904404 0.467117 0.206078 0.460641 0.386587 1.38493 0.813024 0.725133 1.17888 0.605315 0.88242 0.481378 0.558659 0.946818 1.26152 0.546354 0.839248 0.488839 0.638562 1.19742 0.324379 0.775371 0.805976 1.3919 0.673687 1.3283 0.751447 0.361064 0.608234 0.610455 0.45413 1.00973 0.808723 0.635157 0.308755 0.49745 1.47756 0.56821 0.596411 0.35965 1.18056 0.465263 0.969491 0.820039 1.77513 0.552315 0.920439 0.531531 1.71394 0.530595 1.69197 0.94917 0.545793 0.97204 0.730318 1.06657 0.631131 0.726811 0.461925 0.631595 0.846222 1.47638 0.571152 0.984081 0.903744 0.677233 0.786998 0.744122 1.35565 0.589898 1.32024 0.512591 0.954254 0.991016 0.742954 0.727296 1.0937 0.568455 1.02928 0.907398 0.531849 0.595465 0.682535 0.738831 0.394967 0.958184 0.505969 1.45793 2.06508 0.791365 0.681607 0.959661 1.42482 0.441093 0.758709 0.487087 0.91767 1.48111 0.47278 0.770965 0.560663 0.827582 1.19654 0.556095 0.435996 0.740402 0.721105 0.97821 1.14241 1.22308 1.34918 0.64856 0.602587 0.692561 0.865433 0 0.457391 1.45753 0.726083 1.529 0.89163 0.804585 0.433532 0.588781 0.903147 0.805341 0.919138 0.546369 0.431854 0.650946 0.38875 0.690709 0.643027 0.540422 1.5711 0.772598 0.655821 1.04822 1.05687 1.17186 1.4934 1.48252 0.756506 0.740364 0.579104 0.42919 0.67829 1.12351 0.725998 1.22123 1.48259 0.589619 0.888413 0.649284 1.69801 0.387128 1.15728 0.796772 0.913085 0.684971 0.907652 1.18198 0.707571 0.359773 0.646212 0.513896 0.951167 0.640386 0.375635 1.62912 1.29114 1.12816 1.09777 0.453109 0.477264 0.808866 0.499586 0.397225 0.433957 0.782962 1.04021 0.459557 0.433069 0.794355 1.28806 1.01665 0.512541 0.48132 2.58364 0.651979 0.318035 0.424796 0.871058 0.504944 1.15165 1.84027 0.820873 0.765358 0.370708 2.24434 0.558984 0.604074 1.45065 0.67625 1.08535 0.609699 1.11933 0.523155 0.719516 1.25002 0.676645 0.741471 0.775401 0.518262 0.520145 0.668906 1.22573 1.03855 1.47342 1.15052 0.398272 0.424806 1.11063 1.00372 0.867522 0.896268 2.26541 1.51787 0.811499 0.708798 0.929798 1.10501 0.575946 0.416196 0.9719 0.42447 1.43723 0.597086 0.468848 0.613561 0.441221 1.18313 1.81526 0.575966 0.663891 0.521329 0.828084 0.827143 1.03691 0.39067 1.53411 1.36438 0.84717 1.17542 1.90169 0.958433 0.56512 0.751342 0.870331 0.579231 0.561234 0.527965 1.5037 0.708654 0.778121 0.518575 0.731855 0.576557 0.808419 0.718968 0.350261 1.2786 1.07005 0.946714 1.01617 0.729268 1.32119 0.868976 0.811572 1.24108 0.590578 0.490648 0.720586 0.808992 0.611096 1.22557 1.0862 1.06804 0.680294 0.789564 0.297907 1.32589 1.03218 1.65891 0.630402 1.34874 0.605952 0.609477 0.401134 0.905532 0.841406 0.768508 1.09181 0.874992 0.907768 0.47403 1.57989 0.733209 0.815169 0.476606 0.409515 0.745144 0.926468 0.719915 0.996772 1.70397 0.748666 0.976828 0.41584 0.69561 0.867443 0.489726 0.35135 0.42977 2.06459 0.748586 0.573089 0.736871 0.50912 0.789962 1.00964 1.91872 0.848489 0.499413 0.865919 1.00069 0.915138 0.772408 0.629872 0.415803 0.572418 0.710313 1.36616 1.04778 0.93101 0.562571 0.780443 0.36134 1.05065 0.303306 1.45318 0.853138 0.878897 0.96533 1.50392 0.499072 0.688833 1.12302 0.656509 0.568231 1.25737 0.709765 1.22589 0.467268 0.760504 0.425545 0.634944 1.03865 1.25291 1.08296 1.19636 0.6749 1.24017 1.17187 0.439331 0.724137 0.448561 0.950928 0.840422 1.01725 2.26042 1.10251 1.04346 1.55819 0.387129 1.01384 0.652285 0.678149 0.465072 0.781488 1.46319 0.778169 0.240483 1.03836 1.03206 0.791736 0.489955 0.391731 1.06022 0.673933 0.773424 0.50819 1.12808 0.899639 1.01993 1.12604 0.545835 1.32569 0.844605 0.789063 0.779158 0.75371 1.5273 0.943072 1.27661 0.888796 0.982517 1.33093 1.73126 1.27644 0.672881 0.46675 0.571631 0.791239 0.429624 1.00245 1.3853 0.476426 0.723123 0.456427 1.4846 0.639384 0.594491 1.15447 0.505875 0.736009 1.00401 0.745418 0.495824 1.28253 0.61922 0.905505 0.997121 0.783989 0.921408 0.856596 1.17412 1.43518 1.04563 0.413913 0.761517 0.759712 1.54105 0.762651 0.981602 0.688771 0.467049 0.943227 0.441371 0.405332 1.47744 0.574593 0.643091 1.64364 1.08947 0.547639 0.945117 1.36816 1.56569 1.48441 0.755843 0.623469 0.598618 0.674623 0.909066 0.621472 0.654474 1.7534 0.65172 0.925824 1.01451 1.04839 0.680258 0.893057 0.70899 1.44555 0.529657 0.726533 0.78655 1.1359 1.24649 0.811227 1.57571 0.733892 0.569402 0.603239 0.67511 0.819969 1.88639 0.852218 0.962765 0.71749 0.923307 0.983808 1.20863 0.813073 2.41051 0.83687 0.894979 1.74092 0.379387 0.623515 1.07628 1.1508 0.637379 0.448017 1.3068 0.780463 1.09576 0.577937 1.19268 1.04878 1.25642 1.6308 2.67857 0.692406 1.1248 1.30542 0.573752 0.731797 0.774251 0.519815 1.13833 0.626015 0.633505 0.81653 0.992576 0.926453 0.621082 0.752502 1.59126 0.31527 0.530311 2.97683 0.527184 0.845794 0.950114 0.625908 0.890347 1.42704 0.756659 1.56969 0.40542 0.898133 0.939619 2.09515 0.780369 0.625455 1.1171 1.11227 1.47039 1.0825 0.616331 0.734673 0.782179 3.10795 1.24334 1.89811 0.830604 0.815593 0.614703 0.705272 0.950767 1.67363 1.28854 1.2146 0.612909 0.633606 0.963027 0.94034 0.995062 1.05357 0.810024 0.293599 0.877556 0.62564 1.70808 2.49927 1.2963 0.997793 0.539845 1.98492 0.791249 0.701394 0.64147 0.693074 0.990622 0.87882 0.306721 1.65 0.895271 0.844788 0.315662 0.76807 0.539089 0.803572 0.968183 0.538393 0.768881 0.478921 0.710247 0.621335 1.28508 0.737734 1.10503 0.758809 0.929157 1.95179 0.673347 0.668077 0.702483 1.21455 2.48437 1.32661 0.834357 1.22205 1.20241 0.741587 0.695336 1.50005 0.633758 2.02204 0.964675 0.721397 0.602873 1.05224 0.41833 0.957491 0.865665 0.437674 0.471537 1.12387 0.87162 1.17404 0.697198 0.644561 1.02776 0.943295 0.490789 0.781638 0.685111 0.374622 0.783822 0.774842 0.83827 0.995334 0.807445 1.09855 0.645857 0.871459 1.18631 0.656589 0.610227 0 0.516369 1.00737 0.842167 0.572989 1.64459 0.682452 0.699276 0.672126 1.38889 0.780509 0.658927 1.66419 1.34734 1.62194 0.701016 0.915497 0.810565 0.747118 1.05918 0.428778 0.986285 1.18385 1.04649 0.515265 0.814332 0.837375 1.18348 2.06743 0.462902 0.888369 0.88914 0.581521 0.540254 0.888352 0.73723 1.20323 0.722008 1.23984 1.0733 0.427947 1.57304 0.518871 0.898491 0.958831 0.687582 0.751841 1.00388 1.04476 0.717844 0.761254 1.08782 1.0365 1.02911 0.547155 0.838145 1.06467 0.822817 1.53159 1.03935 0.979699 0.556861 0.496638 0.798837 0.995346 0.820417 1.11538 0.730658 0.95958 1.31143 0.565637 1.47296 1.14262 1.20098 0.983805 0.946358 0.496172 1.11563 0.611228 5.32422 7.98639 0.785876 0.897014 1.17047 0.646832 0.527036 0.624784 0.801329 1.04606 1.66088 0.514763 0.614243 0.557787 1.1324 1.31084 0.941176 1.4878 1.8767 1.35582 0.496314 0.93312 0.699498 0.810301 0.808102 0.354594 1.23365 0.810156 0.73518 0.497559 0.897503 1.11572 0.68073 1.84171 0.549571 0.953981 0.742628 0.540077 0.646941 3.73827 0.593797 0.961733 0.689697 0.943283 1.28973 0.779747 0.865268 0.668766 1.42289 0.337054 0.736095 0.42276 0.723473 0.985039 1.70249 0.722308 1.0215 0.92922 0.520894 0.983463 0 0.972842 0.881858 0.715778 0.595602 0.622978 0.88679 0.72175 0.611899 1.16721 1.67199 0.635152 1.27625 1.12299 1.23785 1.31004 1.80458 0.990083 0.465167 1.2988 1.25598 1.25332 1.21173 1.32127 0.78592 1.93448 0.736355 1.39017 1.82836 2.3676 0.597137 0.927925 1.05474 0 0.682754 1.80101 1.02144 0.769673 0.502503 0.540892 1.25112 0.988861 1.47747 0.706941 1.09921 0.983337 0.695562 0.687694 0.557806 1.1864 0.711255 0.803519 1.3431 1.32601 1.07845 0.888218 1.35228 0.946204 0.721593 0.973786 0.854361 1.29784 0.568037 1.25113 1.00694 1.43861 0.278835 0.430599 0.531786 0.748714 0.958374 0.841428 0.893073 0.45769 0.686051 0.941783 0.934284 1.02967 0.7834 1.026 2.05504 0.925746 0.623675 1.46304 0.57036 0.851773 1.00761 0.949512 0.883588 0.944632 2.35665 0.908989 0.890295 1.08632 0.962412 1.70575 1.6039 0.935474 1.34822 0.397885 0.6977 0.545451 0.7287 0.751261 0.561376 1.20685 1.09583 1.24056 0.995675 0.459835 0.985224 0.779956 1.1525 0.849856 0.932885 0.692964 0.583926 1.22683 1.26904 1.17378 1.39188 0.497787 0.57526 1.07375 0.550368 0.865858 0.87177 1.47715 2.21498 1.62873 1.3039 0.964549 1.55441 0.432787 0.635948 0.550046 1.23046 0.781977 1.11966 1.32552 0.774932 0.629748 0.63081 0.734341 0.95033 0.8178 0.990837 0.673711 1.23799 0.660853 1.30715 0.645295 1.55393 0.532282 0.754502 0.644352 1.4652 1.41032 1.08053 1.04313 1.44702 0.60388 1.75221 0.441962 0.856208 0.705425 0.661977 1.14323 0.322217 1.19122 0.89607 0.82029 1.43245 0.515244 0.548713 1.35669 0.823315 0.534609 1.00016 1.02883 1.09539 0.568252 0.768235 0.603958 0.962415 0.644558 0.903004 1.12721 0.616755 0.825819 0.72388 0.918434 0.974118 1.39029 0.959675 1.58227 0.582932 0.938339 1.12128 1.40885 1.37502 1.79313 0.387625 1.26053 1.34811 0.882915 0.987229 0.841463 0.851974 1.42681 0.400926 0.910151 0.671944 2.97788 2.24983 0.890896 0.676212 0.810347 0.937526 0.863016 1.05497 0.639508 0.738103 1.79171 1.45956 0.94259 0.811012 1.07912 0.957053 0.999726 0.965952 1.51855 1.58712 1.01093 1.16621 1.96959 1.63352 0.88576 1.35883 1.58649 0.558904 0.910547 0.841021 1.07852 0.535835 1.02651 0.690647 0.476479 1.38943 0.645478 0.528735 0.497891 1.04963 0.643506 0.580009 0.638203 0.912746 0.808151 0.941785 1.03346 1.15718 0.517011 0.564589 0.581754 0.418619 0.965566 0.911187 1.09826 1.46245 0.574709 0.876879 0.778928 0.861146 0.6826 1.12728 0.940152 1.16601 1.02456 1.37177 0.940974 0.58834 0.823778 1.87481 0.796862 0 1.64851 0.524757 1.3442 0.793464 0.758279 0.762111 1.29416 1.17187 0.820992 1.48249 0.459775 0.822267 0.785562 0.534683 0.691128 2.38508 0.948005 0.721843 0.782994 1.14401 1.63627 1.0933 1.2528 1.30827 0.846312 1.28185 1.28012 1.26875 1.00304 1.13799 0.993992 0.715738 0.508765 0.471969 0.921231 1.09071 0.671137 0.698845 1.62624 0.566354 0.531571 0.606415 0.552996 0.408845 1.04099 0.968863 0.640177 0.78568 1.3168 0.930393 0.935276 0.937664 1.47183 0.653572 0.997869 0.664815 1.05771 1.12912 0.719086 0.625462 0.835231 0.521312 1.03453 0.420148 0.911742 0.98734 0.909434 0.802818 1.191 0.734305 1.30951 1.45113 2.64586 0.95405 1.02808 0.718401 0.881621 0.565173 0.422979 0.893069 0.617836 1.14024 0.589486 0.606652 1.10403 0.700907 0.935237 0.757102 1.2062 1.31745 1.02407 0.753191 0.603414 0.806385 2.11419 2.59904 0.785851 0.866209 0.348302 0.917222 1.45193 1.25284 1.41307 1.42685 0.441781 1.08689 1.02696 0.419562 1.14811 1.1923 0.503514 0 1.02037 0.724664 0.772865 2.18038 1.35565 0.770347 0.581644 0.864509 0.697151 1.13026 1.25938 0.738525 0.803562 0.928609 0.881606 0.993854 0.477023 0.387212 1.38851 0.540704 1.03209 0.962774 1.23909 0.35975 0.94141 0.528986 0.964049 2.46311 0.911671 0.621497 0.882063 1.04492 0.837235 1.16518 0.980961 1.23456 0.702316 1.44899 0.770472 1.18747 0.853998 0.514058 1.55763 0.827614 1.36291 0.630311 1.27464 0.608794 1.11026 0.859991 1.52272 1.11235 0.538774 0.873697 0.87865 1.2834 1.03682 0.935834 1.13299 1.19616 0.544641 1.21612 1.36989 0.953177 0.640578 0.843746 0.742842 1.01057 0.734006 1.37163 1.47013 1.30022 0.880665 0.77139 1.08245 1.1641 0.821058 1.35631 1.73494 0.715783 1.11674 0.616916 0.661412 0.785194 0.904913 1.04941 1.15287 1.42802 0.916715 1.57028 0.582624 0.904396 1.00893 0.609224 0.487753 1.28959 0.970586 0.982571 0.656867 0.909849 1.51231 1.21204 1.01316 0.719617 0.760896 1.28986 1.18359 1.16335 0.479497 0.843929 0.790953 0.94934 0.882915 0.710632 0.954087 1.01984 1.18698 0.979974 0.605955 0.910831 0.92453 1.88373 0.656919 0.812127 1.07349 1.62099 0.773878 1.53624 0.790829 1.6243 1.44707 0.819379 0.624779 0.787782 1.75575 0.816526 0.810587 0.783897 0.848868 0.319629 2.48509 1.07211 0.361858 2.41906 0.657289 1.34642 0.464411 1.87562 0.482651 0.730268 0.56819 0.979409 1.82468 1.56344 0.732198 1.14475 0.662107 1.18417 0.958435 0.816451 1.24947 0.903367 2.03102 0.688447 1.01755 0.568615 1.43346 0.819457 0.833112 0.967369 0.58586 0.699727 0.721805 0.473055 1.31965 1.60314 0.533902 0.767517 1.18998 1.16694 0.972806 0.606033 1.05495 1.11618 1.64074 1.03243 1.16639 0.806 1.46689 0.402409 1.10524 1.09131 0.584272 1.03365 0.793747 0.934634 0.965204 0.898506 0.897557 0.708673 0.603322 0.671734 1.11956 0.897815 0.839937 0.839231 1.12085 0 0.913182 1.00391 0.799337 1.50109 0.817445 1.69331 1.62883 0.606358 1.28333 0.809418 1.01219 1.07875 0.392988 0.678528 0.893931 0.668236 1.10245 0.420943 1.11336 1.15127 1.23766 1.06166 0.786626 0.677149 1.69611 1.03002 0.763271 1.39409 0.78684 1.60863 1.0506 0.869705 0.816759 0.767416 0.60252 1.17015 0.693611 1.32171 0.597541 0.676748 1.18617 0.46578 1.15883 0.894299 0.984692 0.576113 1.01352 0.746864 0.411755 1.88685 0.773026 0.91482 0.737502 0.879239 1.13993 1.55738 0.767337 1.8023 1.47144 0.590355 0.916814 0.215392 ]
@@@ Frame-accuracy per-class: [ 87.6092 86.0606 83.0861 90.3226 55.6962 80.663 77.2908 75.8621 77.8816 86.9932 93.1087 69.7248 91.0459 81.1715 68.6378 79.1328 74.4417 76.1229 84.7545 87.2695 91.5515 85.8044 95.3789 86.4865 78.9374 65.3595 85.2285 89.7747 83.859 86.9779 42.236 68.7023 89.5522 85.7143 91.4158 82.8025 88.0146 96.6592 85.4197 75.4286 77.1084 80 63.9456 70.2703 93.1148 94.6372 77.116 76.6284 86.5534 80 87.4652 92.5032 32.2581 89.9431 66.6667 91.1722 83.871 91.5702 76.1905 68.0965 72.8972 61.3842 73.1034 89.083 91.3992 88.3721 72.3404 85.1013 77.6064 85.3186 82.0513 80.2589 82.1363 54.0284 64.6154 74.5501 85.9438 92.9164 84.9083 90.085 64.6707 85.7143 78.8204 58.087 83.5821 70.9832 85.1675 85.5835 69.4301 63.658 84.7059 68.9826 87.7722 79.1311 77.8947 92.2523 83.2618 76.7616 58.0087 83.559 59.4872 84.5953 92.219 82.9016 82.0937 86.4469 73.8589 76.4045 82.5688 90.8465 89.0756 51.6129 86.0104 78.7645 92.7152 63.7398 87.0871 78.7879 81.6327 43.2432 84.3926 71.066 86.2986 45.3039 83.8527 52.3364 66.8977 85.7855 77.0642 77.6119 70.4453 79.633 80 96.7742 79.5181 69.7674 65.1163 81.9672 74.3802 73.5178 81.0127 73.7864 89.1192 63.0303 84.6325 44.2159 88.2507 59.4059 67.5615 77.8816 77.095 63.7168 85.2321 76.4505 73.9336 85.1064 87.3156 85.283 81.3754 90.3491 67.0157 85.9206 64.1221 25.4545 75.8974 80.4829 77.116 64.3172 88.3031 80.4665 86.4686 77.1536 50.237 87.7419 79.6639 80.402 75.1174 69.5652 90.6122 86.7257 81.2325 79.3149 71.3805 67.7563 64.2202 57.554 82.5871 84.8073 78.6517 78.1065 0 87.6768 65.2632 84.058 57.0447 73.8144 73.3624 90.9931 85.1675 73.1898 76.2887 73.8739 86.7359 87.9479 80.1556 90.379 83.7489 85.9335 88.4097 43.299 72.693 74.5946 72.8033 67.086 63.0872 64.5161 55.0725 80.8759 81.8653 86.0377 87.8939 79.7279 69.1511 81.9512 75.6757 74.8718 84.4037 73.7463 89.1089 47.5676 91.8033 73.0964 78.453 77.9116 79.2453 73.8916 66.0099 79.1809 90.1506 78.7879 88.3365 74.2857 81.5416 90.0256 58.2524 44.4444 74.2857 69.1207 87.8229 87.3156 77.3626 85.0202 90.1602 90.1818 79.0514 71.1688 87.1009 97.2973 78.8571 57.2347 71.2195 90.1734 88.0546 0 81.6568 91.9021 88.9552 76.4444 87.2017 67.0157 55.7377 74.8936 75.6871 92.804 37.8549 82.1053 91.8919 61.2666 82.6446 69.5187 88.0503 80 85.3549 79.1209 64.6388 81.6 75.576 82.1918 91.3295 86.2579 83.1169 66.2953 71.5564 49.1979 68.7059 90.1213 85.3933 65.8307 69.8679 70.1422 68.7664 25.8503 55.1724 84.7059 81.7699 67.8815 70.7889 85.3608 88.968 73.8462 89.6851 59.9278 78.2152 86.7052 86.7925 85.5346 68.5083 46.4419 85.8131 82.2134 81.8505 77.8878 75.6164 69.281 88.8889 54.3247 55.8376 75.1773 69.8795 51.3274 78.1955 80.3419 76.6839 79.6069 77.707 82.8194 87.0466 61.3583 80.6584 77.3333 86.6359 78.5276 79.9117 69.5187 83.2861 89.7579 57.9592 62.6866 73.5395 66.3566 80.1921 62.6609 85.7143 77.4194 59.5918 83.1909 96.7742 81.5013 74.4589 85.9632 67.3854 76.5217 69.9088 81.3008 80.5797 91.2929 61.3757 63.5983 65.8824 85.624 60.0462 80 80.8081 89.1013 69.1218 74.8936 78.8104 61.8705 67.7165 72.2581 87.1579 52.4017 76.2463 75.6835 92.5373 90.3704 81.1189 64.1975 77.3481 73.5751 57.1429 75.6477 72.679 88.6731 78.329 73.8854 86.9757 91.314 90.5923 46.0177 81.203 82.9268 78.1116 87.8981 95.2381 72.2689 48.8889 82.9268 85.8995 79.1111 75.8621 71.3178 76.5507 81.8444 88.6544 87.0293 82.0416 69.3878 73.2297 71.2136 82.3821 78.803 90.8146 70.9677 93.5323 60.9865 64.0777 74.6781 72.407 51.7986 82.2006 82.2335 61.674 78.0488 85.3333 60.6061 81.0631 66.7791 88.4956 78.0269 89.6 80.0755 67.3684 72.8205 69.2506 67.4487 80.8889 76.9231 71.7949 86.1461 80.6026 89.8876 77.551 75.8209 70.0337 39.2157 70.2703 66.6667 66.6667 90.7348 85.7143 79.397 79.2244 86.2385 75.9494 56.1404 78.7879 93.653 68.0115 66.6667 80 86.5248 90.8587 73.6842 80.9816 78.8732 86.7879 69.8873 63.13 68.6869 59.4059 85.9813 65.8824 80.9728 83.1804 80.543 73.5426 54.0351 77.3333 24.2424 70.0855 72.2719 66.6667 44.0529 60.7261 78.7472 87.3786 89.0173 74.5763 88.638 73.4177 63.2768 85.5524 81.6609 90.2954 53.5032 84.3034 80.2974 76.3052 87.3563 80.2974 76.9231 74.772 86.0606 57.8035 83.4286 84.0336 72.3164 77.9747 76.0736 75.9706 59.1549 56.4103 73.2026 90.7818 75.4098 83.2298 57.8512 81.0959 78.4314 80.8081 87.5912 70.2439 88.8889 93.4673 64.1766 84.5405 86.3388 54.5455 69.1892 85.3097 60.8955 44.4444 22.2222 55.3776 84.9673 86.3813 82.9809 84.5638 73.6597 83.2215 80.4211 48.7805 81.0256 77.3006 68.3694 67.8643 82.9474 78.3217 79.3201 51.1967 87.241 78.1893 79.8265 71.1864 48.8889 79.2982 60.6061 80.6723 83.5913 84.5953 80.7512 78.4 60.0939 72.5146 70.7617 81.3278 69.8467 61.2126 69.1358 80 43.9024 77.2563 72.8653 46.4516 92.1634 84.2105 75.1445 70.1754 85.1948 90.9871 62.8272 78.4217 74.4186 83.5098 62.2568 67.658 62.7063 49.7462 54.5455 80.9437 73.6383 65.1399 89.7338 79.3713 69.7674 86.7097 65.7534 82.8986 85.9416 77.3663 68.3625 65.4867 88.172 75.9207 64.6465 92.844 84.149 19.0476 89.7196 75.7475 73.9336 84.3602 75.3541 59.2593 86.7257 54.9451 89.5307 77.4194 72.7273 53.3333 80.6584 83.1496 64.3137 67.6692 57.2062 70.3911 83.8284 80.4233 78.5146 30.6569 80.8511 43.5262 75.307 78.6441 80.3298 82.6873 72.1893 48.6275 69.0909 62.2222 83.7209 84.2653 70.1754 76.2646 82.3529 73.7589 74.221 93.9641 76.494 79.5518 47.0588 36.129 65.0888 70.2179 87.218 45.1613 78.0715 82.2134 85.4489 77.8626 72.7969 74.168 90.9931 66.6667 74.1784 84.2491 92.8164 79.2453 88.7029 89.5522 73.6842 86.3905 75.8209 87.1166 82.6873 82.8402 72.3404 79.5031 65.2308 77.5956 75.1807 51.3089 82.397 80.7834 80.737 65.8683 41.791 53.1469 76.2066 72.7273 65.1163 82.9268 81.9539 56 83.5249 47.0588 69.6697 93.3333 81.7496 68.169 90.7721 74.1874 72.4409 97.561 89.2086 61.3419 74.1259 67.4956 77.0328 80.5369 71.5895 74.2138 85.4237 72.8358 81.6327 87.7368 78.7295 85.7143 77.6524 68.7023 76.7059 69.0432 81.9277 77.3286 63.7555 81.6817 84.7885 0 86.5823 69.1652 67.4847 82.8018 40 81.9277 81.1791 82.3028 64.2202 88 78.5498 35.8209 74.3169 52.0286 85.2792 68.5714 78.5276 81.3736 68.3473 88.1982 74.8858 68.4932 68.6391 85.2733 81.3397 68.3186 60.6061 41.0959 88.6297 79.4667 61.9718 82.2642 89.9297 71.1864 79.4702 69.0763 81.0458 67.3267 77.4194 88.952 51.8519 91.5254 70.303 71.5667 82.5553 77.7143 69.0647 62.8763 84.058 72.8016 75.2137 78.8321 70.9677 88.9796 77.3154 73.7662 76.1905 47.6684 70.9534 77.551 84.8329 89.4488 74.0214 72.4324 72.3192 66.9388 86.4865 62.069 61.597 86.8452 58.4071 59.4595 61.1898 71.0303 66.2069 94.7368 68.3544 81.9407 0 0 82.5871 79.0698 65.6716 84.0391 87.2428 82.131 74.5946 79.0698 58.5774 86.8069 84.2809 81.3115 66.6667 62.3574 75.4098 49.1228 45.8599 60.251 84.193 74.266 79.3028 75.0929 72.8205 92.0486 58.4615 84.6377 82.623 87.5717 69.5035 69.9387 80.8081 45.7143 84.9162 73.5166 79.1519 86.4368 78.6325 0 82.4281 71.1656 81.9338 63.5379 66.4311 75.8621 79.2651 82.8829 62.1444 91.4463 80.9224 89.8836 82.3654 72.2753 45.283 80.1619 75.8621 68.3495 89.689 73.6292 0 60.5714 78.5863 84.472 79.2453 85.7143 64.6154 76.489 81.8468 75.6598 51.6129 81.3559 61.6949 67.9117 69.1358 62.7642 32 71.7557 89.5397 57.0156 65.9498 59.5989 70.1754 56.8889 78.7524 49.0722 74.5247 64.5161 51.9149 42.5339 82.9268 75.4832 69.6798 0 84.2105 50.7205 71.3725 90.3226 85.282 85.658 65.2874 82.4742 63.2911 79.0068 75.2239 65.9758 76.652 82.4957 83.7383 54.0541 81.5686 76.2887 40 63.6735 73.7327 78.1193 60.274 67.1186 77.4818 71.7019 71.1864 67.6364 84.3243 60.6061 72.2892 61.7143 93.5338 93.0909 84.2912 81.1388 78.3505 79.2271 74.2671 89.7297 82.7795 72.8929 72.8111 74.221 81.1166 74.8936 35.2941 73.6544 86.0707 53.4653 86.7925 76.9826 76.0807 76.8831 70.4156 72.5275 32 70.2194 75.7062 63.6735 72.1088 49.4208 50.1241 74.6392 60.8899 91.2705 80.9877 85.9454 78.6627 78.8382 86.6359 61.9289 71.9212 65.6 63.662 91.9918 73.1836 76.48 60.5505 82.6667 78.3069 81.2721 82.8604 74.3169 62.7943 65.5052 65.7851 84.8297 82.1752 69.1983 88.0734 74.7433 77.3946 54.1176 39.2638 50.9091 68.5714 77.6903 51.0638 89.9654 80.7571 86.5065 64.4776 83.4951 68.8337 61.8182 79.8283 83.5249 82.2157 79.4521 75.0853 76.5714 70.1107 84.7458 66.4879 82.2757 63.7993 83.6837 43.6782 85.3308 78.9374 82.5516 59.2481 59.8425 74.5098 65.5422 51.0843 84.2767 48.7805 89.6247 76.9497 82.8516 84.48 64.4836 92.3798 60.251 74.1866 72.7897 36.036 87.5912 84.7605 61.2987 73.2919 86.8914 75.8893 74.8299 74.2515 83.2298 78.9598 84.0678 76.4977 78.1995 73.961 69.1131 81.6199 81.203 79.7721 83.0601 75.7764 53.0387 70.1195 49.8246 84.9088 75.0572 69.2641 57.8778 59.6577 54.5012 90.4615 66.4395 59.7865 77.1654 69.9491 79.5367 72.1992 58.4104 89.1866 69.5652 84.507 10.5263 34.7826 75.2613 84.4106 71.1297 68.7351 76.873 74.9064 79.4366 78.0488 51.8519 49.3827 78.5924 76.3285 68.8645 77.0878 67.1756 74.8603 53.8682 64 69.7406 73.0924 35.1145 39.7163 73.9615 55.3506 54.3779 86.4516 74.0984 78.4689 66.171 85.5809 70.01 84.8335 89.1538 48.5246 89.3617 88.1356 88.4211 70.366 83.6565 86.47 80.315 74.552 80.6378 64.5161 70.9677 70.2913 87.2038 83.7482 82.6979 87.4172 72.2135 73.8699 63.4761 59.2593 84.9003 71.3287 77.1613 75.485 84.8485 78.6325 72.2689 67.3327 69.5652 59.0654 72.6882 81.549 76.3964 56.4103 72.9614 0 43.4783 86.7368 69.7674 76.3948 84.1438 81.5287 57.9439 67.8899 77.9909 55.8317 88.2957 73.1532 83.9879 88 81.1232 32.287 73.2824 80.5808 85.7143 73.6842 46.0759 62.2754 62.439 65.1757 77.4495 62.2222 55.6701 67.9245 85.7143 62.9787 74.5098 78.3883 86.631 86.8966 71.7668 69.0391 85.7143 82.8761 61.5385 85.4578 87.6442 87.4864 84.5466 93.2249 76.1726 72.2307 82.8829 75.1611 59.2145 72.3861 75.9494 75.7536 52.5597 82.8087 77.9661 84.6602 66.4495 73.3728 83.1234 79.2063 83.0565 88.7671 68.5714 90.3988 76.6404 81.0811 74.9164 79.8712 62.8231 77.7011 65.5738 61.461 9.23077 71.73 71.066 80.1932 80.2516 88.746 89.9263 72.3192 86.8895 66.383 85.7143 85.2459 77.0642 81.4035 75.2887 82.4373 67.9675 61.2245 68.9211 82.3239 83.7476 80.7453 46.2428 21.1921 78.733 76.2791 91.215 73.9372 57.0071 59.6026 59.7938 59.3103 97.1429 74.2138 76.4505 88.3939 67.1906 63.4006 87.7311 0 76.5478 81.431 82.5939 48.6275 64.5161 80.4565 84.164 78.2168 85.9539 66.3968 67.4584 80.8362 79.9054 76.0259 74.7198 70.922 91.9298 90.3226 60.8414 82.139 80.3738 71.916 68.7285 95.3271 72.1443 87.0533 77.6119 26.8354 76.5328 85.5346 78.7185 70.5419 78.0362 74.6667 72.2144 61.0909 86.7692 59.0164 80.5846 67.5105 76.705 86.7514 59.2593 77.712 59.8165 80.2395 63.4146 79.6396 68.9655 80 65.2015 64.3275 87.8953 73.8676 76.2542 70.9859 69.5385 73.2394 51.8519 60.4651 85.8561 64.1148 59.9407 75.3247 82.7068 72.7532 80.0875 58.7156 79.6694 63.1763 61.3497 53.0612 76.1481 82.2547 66.7669 67.3874 78.6704 67.9245 50.9506 80.826 75.8294 82.7021 83.9319 77.2313 79.7203 66.7864 55.4622 46.1538 81.7204 51.7647 90.9091 75.1323 72.1495 82.9809 84.9618 63.7965 74.6218 73.2394 85.7143 81.592 63.895 50.9091 75.3138 70.5455 86.4865 68.1992 65.8228 70.9677 87.1194 77.263 82.0847 67.9245 77.7577 88.8031 71.2551 64.2534 67.035 68.6391 85.8648 71.7949 79.4326 44.4444 82.5175 82.0144 82.6667 52.3169 80.3493 60.8696 75.9085 50.6151 44.7059 70.936 81.2121 79.0924 52.5714 76.5806 81.3559 78.6838 82.5397 93.6768 34.8936 68.3841 90.2216 33.7079 83.8191 51.3089 94.1176 38.7097 87.6006 79.4084 84.9383 73.0159 43.0769 51.6535 77.5095 66.0741 80.2508 66.0963 76.0563 81.3417 62.7178 70.5202 30.4094 82.1577 73.0935 83.6725 56.8807 78.0362 75.2053 71.2871 81.0409 79.1519 80.226 87.7621 67.0807 60.6061 91.8033 80.427 60.4444 72.5076 75.4286 88.2591 72.6477 70.2439 59.4595 70.8571 61.2245 77.5623 60.767 96 73.6842 72.8682 80.9989 73.0964 79.2727 77.8468 72.2611 76.2186 76.2542 81.4035 84.0665 81.8321 69.9387 75.2533 81.6327 75.8621 66.6667 0 75.5127 66.6667 79.0287 49.0066 82.9016 48.8889 50.4399 80.0748 70.9677 74.7204 76.4045 67.6364 90.1077 80.1233 89.2308 86.5801 70.4871 89.9023 69.2737 65.1399 61.5385 72.8421 81.153 82.9268 48.6692 72.4014 80.9061 60.7407 82.8194 46.1538 69.0391 73.9659 75.188 77.0428 87.4791 60.4651 76.9231 57.1429 85.5967 81.0211 62.4473 88.0466 70.3242 73.5178 73.1392 82.9268 73.8956 81.7518 90.8819 46.7066 74.8538 74.8466 77.3723 71.4004 64.6081 57.9439 80.3653 44.504 55.5066 83.4206 80.4805 95.8838 ]

LOG (nnet-train-frmshuff[5.5.294-06484]:main():nnet-train-frmshuff.cc:406) AvgLoss: 0.760325 (Xent), [AvgXent: 0.760325, AvgTargetEnt: 0]
progress: []
FRAME_ACCURACY >> 78.7328% <<

