nsclab-gpu
nnet-train-frmshuff --cross-validate=false --randomize=true --verbose=0 --minibatch-size=256 --randomizer-size=32768 --randomizer-seed=777 --learn-rate=0.0005 --momentum=0 --l1-penalty=0 --l2-penalty=0 --feature-transform=exp/dnn4_pretrain-dbn_dnn/final.feature_transform 'ark:copy-feats scp:exp/dnn4_pretrain-dbn_dnn/train.scp ark:- |' 'ark:ali-to-pdf exp/tri3_ali/final.mdl "ark:gunzip -c exp/tri3_ali/ali.*.gz |" ark:- | ali-to-post ark:- ark:- |' exp/dnn4_pretrain-dbn_dnn/nnet/nnet_dbn_dnn_iter07_learnrate0.001_tr0.7603_cv1.9128 exp/dnn4_pretrain-dbn_dnn/nnet/nnet_dbn_dnn_iter08 
WARNING (nnet-train-frmshuff[5.5.294-06484]:SelectGpuId():cu-device.cc:221) Not in compute-exclusive mode.  Suggestion: use 'nvidia-smi -c 3' to set compute exclusive mode
LOG (nnet-train-frmshuff[5.5.294-06484]:SelectGpuIdAuto():cu-device.cc:349) Selecting from 2 GPUs
LOG (nnet-train-frmshuff[5.5.294-06484]:SelectGpuIdAuto():cu-device.cc:364) cudaSetDevice(0): TITAN Xp	free:12023M, used:173M, total:12196M, free/total:0.985815
LOG (nnet-train-frmshuff[5.5.294-06484]:SelectGpuIdAuto():cu-device.cc:364) cudaSetDevice(1): TITAN Xp	free:11888M, used:304M, total:12192M, free/total:0.975016
LOG (nnet-train-frmshuff[5.5.294-06484]:SelectGpuIdAuto():cu-device.cc:411) Trying to select device: 0 (automatically), mem_ratio: 0.985815
LOG (nnet-train-frmshuff[5.5.294-06484]:SelectGpuIdAuto():cu-device.cc:430) Success selecting device 0 free mem ratio: 0.985815
LOG (nnet-train-frmshuff[5.5.294-06484]:FinalizeActiveGpu():cu-device.cc:284) The active GPU is [0]: TITAN Xp	free:11957M, used:239M, total:12196M, free/total:0.980403 version 6.1
copy-feats scp:exp/dnn4_pretrain-dbn_dnn/train.scp ark:- 
LOG (nnet-train-frmshuff[5.5.294-06484]:Init():nnet-randomizer.cc:32) Seeding by srand with : 777
LOG (nnet-train-frmshuff[5.5.294-06484]:main():nnet-train-frmshuff.cc:163) TRAINING STARTED
ali-to-post ark:- ark:- 
ali-to-pdf exp/tri3_ali/final.mdl 'ark:gunzip -c exp/tri3_ali/ali.*.gz |' ark:- 
LOG (ali-to-pdf[5.5.294-06484]:main():ali-to-pdf.cc:68) Converted 1232 alignments to pdf sequences.
LOG (nnet-train-frmshuff[5.5.294-06484]:main():nnet-train-frmshuff.cc:354) ### After 0 frames,
LOG (nnet-train-frmshuff[5.5.294-06484]:main():nnet-train-frmshuff.cc:355) 
### FORWARD PROPAGATION BUFFER CONTENT :
[0] output of <Input>  ( min -7.86424, max 7.06273, mean -0.000964877, stddev 0.993005, skewness 0.0133901, kurtosis 2.03207 ) 
[1] output of <AffineTransform> ( min -29.2654, max 22.0288, mean -3.32045, stddev 4.08055, skewness 0.121172, kurtosis 1.31736 ) 
[2] output of <Sigmoid> ( min 1.95065e-13, max 1, mean 0.208462, stddev 0.316176, skewness 1.47725, kurtosis 0.708398 ) 
[3] output of <AffineTransform> ( min -28.39, max 19.1402, mean -4.03904, stddev 2.8107, skewness -0.0265284, kurtosis 2.6581 ) 
[4] output of <Sigmoid> ( min 4.68141e-13, max 1, mean 0.098803, stddev 0.195298, skewness 2.88959, kurtosis 8.19544 ) 
[5] output of <AffineTransform> ( min -15.1909, max 13.004, mean -3.12897, stddev 2.01413, skewness 0.529601, kurtosis 2.27496 ) 
[6] output of <Sigmoid> ( min 2.52735e-07, max 0.999998, mean 0.114861, stddev 0.190033, skewness 2.69922, kurtosis 7.37155 ) 
[7] output of <AffineTransform> ( min -22.0775, max 14.8062, mean -2.74545, stddev 2.29459, skewness 0.500005, kurtosis 2.56208 ) 
[8] output of <Sigmoid> ( min 2.58155e-10, max 1, mean 0.159033, stddev 0.236638, skewness 2.01146, kurtosis 3.2859 ) 
[9] output of <AffineTransform> ( min -17.3721, max 16.4824, mean -2.84003, stddev 2.91382, skewness 1.28612, kurtosis 2.47663 ) 
[10] output of <Sigmoid> ( min 2.85358e-08, max 1, mean 0.181394, stddev 0.295457, skewness 1.72744, kurtosis 1.59685 ) 
[11] output of <AffineTransform> ( min -28.5835, max 18.3402, mean -3.68582, stddev 3.68099, skewness 0.975497, kurtosis 3.15012 ) 
[12] output of <Sigmoid> ( min 3.85786e-13, max 1, mean 0.151104, stddev 0.297725, skewness 2.02214, kurtosis 2.54596 ) 
[13] output of <AffineTransform> ( min -14.8342, max 22.618, mean -0.00371007, stddev 3.65261, skewness 0.521895, kurtosis 0.927683 ) 
[14] output of <Softmax> ( min 1.70054e-15, max 0.999629, mean 0.000647605, stddev 0.0189014, skewness 40.2134, kurtosis 1750.88 ) 
### END FORWARD

LOG (nnet-train-frmshuff[5.5.294-06484]:main():nnet-train-frmshuff.cc:357) 
### BACKWARD PROPAGATION BUFFER CONTENT :
[0] diff of <Input>  ( min -1.26996, max 1.39477, mean 0.000398562, stddev 0.052732, skewness 0.0380346, kurtosis 27.4469 ) 
[1] diff-output of <AffineTransform> ( min -0.239733, max 0.42522, mean -3.7457e-05, stddev 0.0098847, skewness 0.106419, kurtosis 68.6962 ) 
[2] diff-output of <Sigmoid> ( min -1.57479, max 2.16076, mean -3.92831e-05, stddev 0.0901429, skewness 0.116117, kurtosis 17.3502 ) 
[3] diff-output of <AffineTransform> ( min -0.303553, max 0.521027, mean -3.54921e-05, stddev 0.0111715, skewness 0.419414, kurtosis 98.1034 ) 
[4] diff-output of <Sigmoid> ( min -1.99995, max 3.09741, mean -8.24706e-05, stddev 0.118556, skewness 0.0164658, kurtosis 13.8154 ) 
[5] diff-output of <AffineTransform> ( min -0.330085, max 0.357953, mean 2.08355e-05, stddev 0.0114975, skewness 0.283456, kurtosis 70.4664 ) 
[6] diff-output of <Sigmoid> ( min -1.59882, max 1.66953, mean 0.000121901, stddev 0.0971014, skewness 0.107664, kurtosis 13.0738 ) 
[7] diff-output of <AffineTransform> ( min -0.186493, max 0.371136, mean 8.46475e-06, stddev 0.00921648, skewness 0.19014, kurtosis 51.1816 ) 
[8] diff-output of <Sigmoid> ( min -1.14301, max 1.6192, mean 9.18579e-05, stddev 0.0675531, skewness -0.010974, kurtosis 13.6958 ) 
[9] diff-output of <AffineTransform> ( min -0.163184, max 0.224381, mean 3.65887e-06, stddev 0.00676553, skewness -0.062304, kurtosis 50.3351 ) 
[10] diff-output of <Sigmoid> ( min -0.739227, max 0.899853, mean -2.78648e-05, stddev 0.0515848, skewness -0.0643114, kurtosis 15.3158 ) 
[11] diff-output of <AffineTransform> ( min -0.184897, max 0.187083, mean 2.7207e-05, stddev 0.00749062, skewness 0.197194, kurtosis 61.587 ) 
[12] diff-output of <Sigmoid> ( min -1.08497, max 2.3228, mean 0.000221237, stddev 0.0790145, skewness 0.142677, kurtosis 11.4015 ) 
[13] diff-output of <AffineTransform> ( min -0.998608, max 0.954484, mean -8.80172e-09, stddev 0.0154514, skewness -25.6578, kurtosis 2318.32 ) 
[14] diff-output of <Softmax> ( min -0.998608, max 0.954484, mean -8.80172e-09, stddev 0.0154514, skewness -25.6578, kurtosis 2318.32 ) 
### END BACKWARD


LOG (nnet-train-frmshuff[5.5.294-06484]:main():nnet-train-frmshuff.cc:358) 
### GRADIENT STATS :
Component 1 : <AffineTransform>, 
  linearity_grad ( min -2.40656, max 1.54738, mean 0.000331755, stddev 0.158377, skewness 0.00771671, kurtosis 2.23838 ) , lr-coef 1, max-norm 0
  bias_grad ( min -0.594715, max 0.654781, mean -0.00958901, stddev 0.152576, skewness 0.0908772, kurtosis 0.659816 ) , lr-coef 1
Component 2 : <Sigmoid>, 
Component 3 : <AffineTransform>, 
  linearity_grad ( min -0.679782, max 0.86419, mean -0.00147627, stddev 0.0692889, skewness 0.0813648, kurtosis 5.63536 ) , lr-coef 1, max-norm 0
  bias_grad ( min -0.755951, max 0.826554, mean -0.009086, stddev 0.182466, skewness 0.0944753, kurtosis 1.97865 ) , lr-coef 1
Component 4 : <Sigmoid>, 
Component 5 : <AffineTransform>, 
  linearity_grad ( min -0.687306, max 0.690546, mean 0.00068532, stddev 0.0404402, skewness 0.27371, kurtosis 12.0702 ) , lr-coef 1, max-norm 0
  bias_grad ( min -0.82873, max 0.726675, mean 0.00533389, stddev 0.17862, skewness 0.253571, kurtosis 2.36307 ) , lr-coef 1
Component 6 : <Sigmoid>, 
Component 7 : <AffineTransform>, 
  linearity_grad ( min -0.475346, max 0.629863, mean 0.000294385, stddev 0.0332408, skewness 0.157878, kurtosis 9.72816 ) , lr-coef 1, max-norm 0
  bias_grad ( min -0.590553, max 0.566875, mean 0.00216694, stddev 0.146484, skewness 0.00584154, kurtosis 1.71753 ) , lr-coef 1
Component 8 : <Sigmoid>, 
Component 9 : <AffineTransform>, 
  linearity_grad ( min -0.355623, max 0.402951, mean 0.000237104, stddev 0.030602, skewness 0.151413, kurtosis 6.96616 ) , lr-coef 1, max-norm 0
  bias_grad ( min -0.43063, max 0.596356, mean 0.000936663, stddev 0.102933, skewness 0.321369, kurtosis 2.84545 ) , lr-coef 1
Component 10 : <Sigmoid>, 
Component 11 : <AffineTransform>, 
  linearity_grad ( min -0.399862, max 0.503836, mean 0.00135657, stddev 0.0419076, skewness 0.244479, kurtosis 7.26847 ) , lr-coef 1, max-norm 0
  bias_grad ( min -0.508122, max 0.534596, mean 0.00696498, stddev 0.119293, skewness 0.151342, kurtosis 1.97703 ) , lr-coef 1
Component 12 : <Sigmoid>, 
Component 13 : <AffineTransform>, 
  linearity_grad ( min -1.28156, max 1.72153, mean -6.61295e-08, stddev 0.0836367, skewness -3.19618, kurtosis 71.9183 ) , lr-coef 1, max-norm 0
  bias_grad ( min -1.27806, max 1.72947, mean -8.64731e-09, stddev 0.244827, skewness -0.975971, kurtosis 9.37022 ) , lr-coef 1
Component 14 : <Softmax>, 
### END GRADIENT

LOG (ali-to-post[5.5.294-06484]:main():ali-to-post.cc:73) Converted 1232 alignments.
LOG (copy-feats[5.5.294-06484]:main():copy-feats.cc:143) Copied 1112 feature matrices.
LOG (nnet-train-frmshuff[5.5.294-06484]:main():nnet-train-frmshuff.cc:384) ### After 331520 frames,
LOG (nnet-train-frmshuff[5.5.294-06484]:main():nnet-train-frmshuff.cc:385) 
### FORWARD PROPAGATION BUFFER CONTENT :
[0] output of <Input>  ( min -7.8171, max 6.44093, mean -0.00429144, stddev 1.00295, skewness -0.0631885, kurtosis 1.97814 ) 
[1] output of <AffineTransform> ( min -29.3426, max 21.7203, mean -3.33038, stddev 4.12412, skewness 0.11666, kurtosis 1.26153 ) 
[2] output of <Sigmoid> ( min 1.80583e-13, max 1, mean 0.210062, stddev 0.317509, skewness 1.46451, kurtosis 0.666951 ) 
[3] output of <AffineTransform> ( min -26.4699, max 17.2329, mean -4.02689, stddev 2.81616, skewness -0.00782018, kurtosis 2.49359 ) 
[4] output of <Sigmoid> ( min 3.1934e-12, max 1, mean 0.10015, stddev 0.196802, skewness 2.85623, kurtosis 7.97877 ) 
[5] output of <AffineTransform> ( min -14.2019, max 14.9459, mean -3.1224, stddev 2.02895, skewness 0.544889, kurtosis 2.33911 ) 
[6] output of <Sigmoid> ( min 6.79517e-07, max 1, mean 0.115964, stddev 0.191593, skewness 2.68106, kurtosis 7.23635 ) 
[7] output of <AffineTransform> ( min -23.684, max 14.2737, mean -2.73213, stddev 2.31151, skewness 0.5099, kurtosis 2.52339 ) 
[8] output of <Sigmoid> ( min 5.17832e-11, max 0.999999, mean 0.160939, stddev 0.238571, skewness 1.9918, kurtosis 3.18737 ) 
[9] output of <AffineTransform> ( min -16.1325, max 17.7565, mean -2.82628, stddev 2.9375, skewness 1.2996, kurtosis 2.51954 ) 
[10] output of <Sigmoid> ( min 9.8568e-08, max 1, mean 0.182952, stddev 0.2968, skewness 1.71203, kurtosis 1.53893 ) 
[11] output of <AffineTransform> ( min -28.5265, max 19.8875, mean -3.68833, stddev 3.69644, skewness 0.968799, kurtosis 3.11314 ) 
[12] output of <Sigmoid> ( min 4.08402e-13, max 1, mean 0.1516, stddev 0.298349, skewness 2.01651, kurtosis 2.51996 ) 
[13] output of <AffineTransform> ( min -16.1299, max 23.0202, mean -0.00341979, stddev 3.65413, skewness 0.512175, kurtosis 0.936917 ) 
[14] output of <Softmax> ( min 1.08228e-15, max 0.999526, mean 0.000647604, stddev 0.0188984, skewness 40.2747, kurtosis 1759.86 ) 
### END FORWARD

LOG (nnet-train-frmshuff[5.5.294-06484]:main():nnet-train-frmshuff.cc:387) 
### BACKWARD PROPAGATION BUFFER CONTENT :
[0] diff of <Input>  ( min -0.655751, max 0.828724, mean 0.000396888, stddev 0.0452493, skewness 0.32627, kurtosis 18.3469 ) 
[1] diff-output of <AffineTransform> ( min -0.212516, max 0.333965, mean 7.23685e-05, stddev 0.00880155, skewness 0.696614, kurtosis 67.7649 ) 
[2] diff-output of <Sigmoid> ( min -1.60608, max 1.92109, mean 0.000354216, stddev 0.0792744, skewness 0.273895, kurtosis 19.5329 ) 
[3] diff-output of <AffineTransform> ( min -0.311612, max 0.429079, mean 5.57766e-05, stddev 0.00983118, skewness 0.27978, kurtosis 97.5367 ) 
[4] diff-output of <Sigmoid> ( min -1.6934, max 1.90535, mean 6.95147e-05, stddev 0.105022, skewness -0.0107096, kurtosis 12.6749 ) 
[5] diff-output of <AffineTransform> ( min -0.275355, max 0.439924, mean 6.93402e-05, stddev 0.0102298, skewness 0.738793, kurtosis 78.3491 ) 
[6] diff-output of <Sigmoid> ( min -1.51056, max 1.764, mean 0.000278902, stddev 0.0878685, skewness 0.0775574, kurtosis 13.8724 ) 
[7] diff-output of <AffineTransform> ( min -0.181996, max 0.247551, mean 2.66e-05, stddev 0.00828405, skewness 0.396161, kurtosis 45.9096 ) 
[8] diff-output of <Sigmoid> ( min -1.0618, max 0.992, mean 0.000187884, stddev 0.061188, skewness 0.0272176, kurtosis 13.2388 ) 
[9] diff-output of <AffineTransform> ( min -0.139949, max 0.148128, mean 1.2745e-05, stddev 0.0061208, skewness -0.0252453, kurtosis 47.0078 ) 
[10] diff-output of <Sigmoid> ( min -0.678231, max 0.638874, mean -2.31507e-05, stddev 0.0466298, skewness -0.100897, kurtosis 15.6862 ) 
[11] diff-output of <AffineTransform> ( min -0.174182, max 0.182926, mean -8.06064e-06, stddev 0.00678218, skewness -0.389833, kurtosis 65.9721 ) 
[12] diff-output of <Sigmoid> ( min -1.36205, max 1.04199, mean 8.45579e-05, stddev 0.0719158, skewness -0.230446, kurtosis 10.0173 ) 
[13] diff-output of <AffineTransform> ( min -0.999978, max 0.754182, mean -7.8897e-09, stddev 0.0137715, skewness -29.8377, kurtosis 2387.89 ) 
[14] diff-output of <Softmax> ( min -0.999978, max 0.754182, mean -7.8897e-09, stddev 0.0137715, skewness -29.8377, kurtosis 2387.89 ) 
### END BACKWARD


LOG (nnet-train-frmshuff[5.5.294-06484]:main():nnet-train-frmshuff.cc:388) 
### GRADIENT STATS :
Component 1 : <AffineTransform>, 
  linearity_grad ( min -1.09618, max 1.19247, mean 0.00190917, stddev 0.141525, skewness 0.0130213, kurtosis 1.56784 ) , lr-coef 1, max-norm 0
  bias_grad ( min -0.476276, max 0.54449, mean 0.0185263, stddev 0.150722, skewness 0.030808, kurtosis 0.33918 ) , lr-coef 1
Component 2 : <Sigmoid>, 
Component 3 : <AffineTransform>, 
  linearity_grad ( min -0.657082, max 0.962171, mean 0.00268072, stddev 0.0628425, skewness 0.118542, kurtosis 5.97239 ) , lr-coef 1, max-norm 0
  bias_grad ( min -0.614761, max 0.626257, mean 0.0142788, stddev 0.172251, skewness 0.039663, kurtosis 0.868843 ) , lr-coef 1
Component 4 : <Sigmoid>, 
Component 5 : <AffineTransform>, 
  linearity_grad ( min -0.879521, max 1.37632, mean 0.00153332, stddev 0.0382503, skewness 0.56554, kurtosis 22.3801 ) , lr-coef 1, max-norm 0
  bias_grad ( min -0.800871, max 1.21191, mean 0.0177511, stddev 0.178008, skewness 0.339094, kurtosis 4.43587 ) , lr-coef 1
Component 6 : <Sigmoid>, 
Component 7 : <AffineTransform>, 
  linearity_grad ( min -0.372209, max 0.746326, mean 0.000563784, stddev 0.0308488, skewness 0.285305, kurtosis 10.8291 ) , lr-coef 1, max-norm 0
  bias_grad ( min -0.50917, max 0.636924, mean 0.00680961, stddev 0.138346, skewness 0.201756, kurtosis 1.49623 ) , lr-coef 1
Component 8 : <Sigmoid>, 
Component 9 : <AffineTransform>, 
  linearity_grad ( min -0.32006, max 0.526058, mean 0.000270612, stddev 0.0295647, skewness 0.0880403, kurtosis 7.68964 ) , lr-coef 1, max-norm 0
  bias_grad ( min -0.376855, max 0.485816, mean 0.00326277, stddev 0.10574, skewness 0.152015, kurtosis 2.55459 ) , lr-coef 1
Component 10 : <Sigmoid>, 
Component 11 : <AffineTransform>, 
  linearity_grad ( min -0.507575, max 0.39204, mean -0.000522584, stddev 0.0387085, skewness -0.170009, kurtosis 7.85347 ) , lr-coef 1, max-norm 0
  bias_grad ( min -0.550569, max 0.451559, mean -0.00206354, stddev 0.113667, skewness -0.155525, kurtosis 2.48852 ) , lr-coef 1
Component 12 : <Sigmoid>, 
Component 13 : <AffineTransform>, 
  linearity_grad ( min -1.84039, max 1.49806, mean -1.94272e-08, stddev 0.0762386, skewness -5.22512, kurtosis 92.688 ) , lr-coef 1, max-norm 0
  bias_grad ( min -1.82863, max 1.49924, mean -9.26497e-09, stddev 0.225901, skewness -2.01627, kurtosis 14.1048 ) , lr-coef 1
Component 14 : <Softmax>, 
### END GRADIENT

LOG (nnet-train-frmshuff[5.5.294-06484]:main():nnet-train-frmshuff.cc:395) Done 1112 files, 0 with no tgt_mats, 0 with other errors. [TRAINING, RANDOMIZED, 0.0762955 min, processing 72420.2 frames per sec; i/o time 5.02091%]
LOG (nnet-train-frmshuff[5.5.294-06484]:main():nnet-train-frmshuff.cc:405) PER-CLASS PERFORMANCE:
@@@ Frames per-class: [ 12529 82 168 15 39 90 125 14 160 949 326 163 664 119 473 184 201 211 193 569 325 158 270 55 263 76 470 288 269 203 80 65 33 45 448 78 546 224 339 87 41 297 220 92 457 158 159 130 5856 862 179 17467 15 263 124 345 325 302 31 186 53 1047 72 114 389 21 23 419 1069 180 214 154 271 105 32 194 124 783 354 176 83 31 186 287 234 208 522 218 96 210 382 201 298 644 47 277 116 333 115 258 97 191 173 96 181 409 120 133 163 726 178 139 96 129 226 307 166 16 24 18 1329 98 244 90 176 53 288 200 54 100 123 272 117 15 41 21 21 91 60 126 197 51 96 82 224 194 191 50 223 160 89 169 118 146 105 70 169 132 174 243 95 138 65 27 97 248 159 113 303 171 151 133 105 77 297 99 319 34 122 282 178 379 148 336 54 208 100 220 133 84 0 247 47 103 145 242 114 216 104 255 48 166 433 153 128 171 581 195 185 145 265 92 119 238 74 15 103 342 96 132 301 367 241 102 18 97 54 169 50 92 213 98 90 124 291 101 304 146 431 115 261 157 246 195 51 13 17 244 135 169 227 123 218 412 126 192 391 18 262 155 102 86 146 8 84 265 167 112 230 95 30 117 236 201 158 427 18 339 60 93 79 7 556 136 131 62 108 182 86 236 115 179 279 93 212 288 133 159 416 105 190 73 14 212 282 219 234 242 140 32 460 138 190 86 26 79 90 133 144 126 140 151 182 229 202 329 98 70 41 56 66 175 96 203 78 340 96 213 364 337 325 81 226 93 176 268 122 33 145 322 416 116 17 201 122 526 15 186 115 516 185 57 164 61 172 568 94 119 42 316 216 137 148 261 176 117 134 69 63 77 237 114 511 347 33 67 214 40 90 96 17 96 188 154 191 78 226 224 143 56 66 20 116 235 10 59 112 20 925 112 101 64 330 173 189 119 264 24 289 498 201 200 288 170 100 111 51 116 255 69 154 98 113 61 112 148 150 296 169 111 187 529 47 97 193 170 112 19 19 198 265 44 73 167 148 25 129 100 34 156 24 99 180 54 118 142 115 354 173 25 22 70 541 199 244 461 412 310 188 49 50 53 42 349 163 110 334 142 37 16 58 279 22 113 151 223 463 86 147 708 197 88 176 144 118 78 283 134 124 217 134 136 164 82 86 87 59 265 197 244 476 106 97 76 428 30 80 60 182 25 346 68 102 346 99 294 462 91 115 92 282 167 22 13 218 76 128 496 74 214 223 237 61 292 81 254 250 237 71 176 480 458 121 230 29 67 142 49 178 161 191 106 62 106 85 203 120 293 684 40 382 61 138 263 77 746 294 86 85 192 116 95 405 107 330 128 134 151 98 16 275 229 196 131 254 150 387 109 172 188 121 314 56 46 176 49 272 684 10 53 150 105 527 176 13 56 136 138 15 203 67 121 317 127 199 225 89 151 283 188 68 23 181 366 147 424 193 84 127 27 157 150 384 28 128 25 70 176 306 125 178 127 77 84 206 199 46 321 126 161 65 130 315 216 31 106 136 438 132 119 33 47 84 167 570 193 84 23 80 162 274 207 95 133 408 298 83 33 214 590 5 107 61 368 62 130 8 166 7 331 177 265 261 63 20 208 156 71 281 350 223 399 79 147 167 122 501 519 24 221 65 212 266 290 284 114 166 555 0 197 293 81 799 7 124 220 234 54 12 165 33 91 209 98 17 81 480 178 1029 328 182 84 777 104 282 346 109 171 187 35 132 213 88 226 373 76 50 15 1407 121 29 82 258 203 262 69 149 103 244 58 68 77 122 372 192 157 96 225 24 194 317 140 92 200 122 18 14 131 429 169 92 176 412 72 47 39 185 6 2 100 21 100 153 121 450 92 21 119 261 149 152 112 131 91 28 78 119 300 289 229 134 97 534 32 172 152 261 70 244 148 87 89 345 141 217 58 4 469 407 196 138 141 72 190 55 228 321 238 558 473 261 26 370 14 772 305 191 0 87 240 80 132 38 97 159 476 170 46 29 147 294 121 307 12 196 119 224 139 174 28 112 256 242 131 46 117 110 266 491 265 0 123 173 382 15 363 1014 217 48 39 221 167 289 113 288 267 18 127 145 12 122 108 276 36 147 206 496 88 137 277 16 124 87 332 137 130 140 48 103 153 92 165 219 108 176 304 117 25 176 240 50 79 258 173 192 204 136 37 159 88 122 73 129 201 727 213 578 202 494 508 120 108 98 101 62 177 243 378 312 54 37 94 141 440 91 318 143 302 161 165 118 54 243 130 127 81 137 52 190 117 433 158 270 167 51 261 82 116 130 171 109 146 87 135 147 186 228 139 499 43 521 263 266 332 317 25 207 207 79 20 226 288 259 312 198 426 119 230 582 55 205 344 192 80 133 126 73 83 241 211 147 108 566 589 163 160 199 175 91 80 271 125 142 301 218 115 155 204 205 162 293 140 63 294 129 120 270 522 103 106 28 11 143 131 119 209 153 133 177 102 13 40 170 103 136 233 65 89 174 12 173 124 65 70 493 135 108 232 152 104 134 856 498 405 419 152 23 265 332 423 180 491 63 418 219 46 263 257 105 341 170 75 318 453 595 40 175 71 387 283 82 58 59 500 149 267 232 219 277 19 116 0 11 237 64 116 236 549 160 54 547 261 243 277 165 12 320 111 196 275 87 85 197 83 102 156 321 22 145 132 38 352 178 409 280 217 274 140 353 528 110 278 303 459 391 184 266 329 55 698 165 186 118 381 146 206 29 257 153 84 198 1839 150 182 52 338 190 18 149 310 251 217 30 198 32 118 98 310 397 155 203 200 194 117 185 30 54 142 216 418 307 24 310 404 261 80 86 75 110 107 267 270 210 75 145 72 17 79 146 426 254 173 297 0 266 293 146 127 15 350 792 493 238 123 210 143 211 231 401 70 142 356 154 467 53 190 145 53 249 853 435 197 236 79 218 507 193 37 354 137 162 30 239 118 564 275 121 253 272 250 20 277 14 167 136 256 458 143 149 177 162 35 13 64 201 104 168 192 199 350 685 54 302 286 244 24 337 239 332 277 180 79 131 169 105 488 264 274 214 278 59 136 46 42 16 94 267 496 588 255 297 248 339 100 228 27 119 137 18 130 118 232 213 701 153 185 276 129 123 110 271 84 569 175 70 130 71 69 37 334 114 11 371 284 42 101 82 308 262 561 147 349 94 213 117 213 383 44 497 95 25 15 310 439 202 94 32 317 393 337 159 467 35 238 143 86 85 120 347 1105 163 193 304 151 134 141 88 1025 80 82 30 140 112 165 87 123 228 102 55 87 73 180 169 37 85 193 460 98 137 241 214 338 149 142 511 327 81 345 73 43 70 0 414 85 226 75 96 112 170 534 77 223 400 137 510 324 32 115 174 153 89 196 149 237 225 389 131 139 154 202 113 45 140 205 332 128 299 193 357 66 364 450 118 171 200 126 154 143 124 68 334 83 85 81 68 253 210 53 109 186 113 286 166 1445 ]
@@@ Loss per-class: [ 0.334299 0.585405 0.57305 0.595107 1.07304 0.566184 0.862064 0.797886 0.713648 0.468367 0.2454 0.907232 0.311325 0.687552 1.06045 0.826037 0.728518 0.888579 0.619474 0.461991 0.307915 0.596673 0.212587 0.606463 0.7266 1.14705 0.448296 0.406885 0.650212 0.470082 1.54539 0.859518 0.455598 0.703367 0.38914 0.753576 0.419355 0.144791 0.458663 0.866435 0.648093 0.691679 1.19106 0.867305 0.231853 0.35679 0.676227 0.872601 0.416647 0.629764 0.501171 0.226727 1.8356 0.420162 0.924239 0.388952 0.504978 0.371365 1.02223 1.11587 0.945398 0.824049 1.03534 0.378352 0.33447 0.555842 1.17177 0.549764 0.618211 0.453906 0.488986 0.619401 0.594893 1.62893 1.21496 0.874927 0.463215 0.199504 0.455671 0.387617 1.39044 0.819811 0.698333 1.14652 0.585204 0.843229 0.46546 0.535862 0.954765 1.23218 0.538065 0.816405 0.474051 0.630533 1.15659 0.310027 0.758908 0.778249 1.35923 0.652869 1.27794 0.724388 0.34675 0.588178 0.590395 0.458911 0.974091 0.766693 0.61594 0.293336 0.468499 1.4127 0.528865 0.596119 0.346636 1.13652 0.444947 0.975269 0.817954 1.75757 0.530166 0.88206 0.509585 1.67473 0.508589 1.619 0.922576 0.530225 0.934455 0.712363 1.02101 0.601824 0.698458 0.457532 0.602793 0.805081 1.43082 0.537554 0.95817 0.857732 0.670846 0.726916 0.72028 1.30915 0.575657 1.2869 0.493038 0.914786 0.959549 0.742612 0.691933 1.07447 0.548856 1.00802 0.908243 0.504668 0.577569 0.674646 0.716278 0.373229 0.922808 0.481353 1.45885 1.99503 0.755323 0.654799 0.956931 1.39678 0.423246 0.744419 0.475468 0.887051 1.44563 0.462654 0.7619 0.542012 0.797906 1.15212 0.539108 0.419042 0.701101 0.680071 0.958709 1.09532 1.21316 1.3085 0.662923 0.576656 0.661804 0.837596 0 0.435275 1.50091 0.708259 1.47716 0.873726 0.806853 0.431394 0.56693 0.880299 0.788265 0.887302 0.535945 0.425408 0.630851 0.371291 0.660467 0.621147 0.527315 1.50731 0.759626 0.621712 1.00613 1.01951 1.1367 1.43457 1.42949 0.719006 0.723311 0.559968 0.408159 0.662254 1.09874 0.699884 1.14869 1.46654 0.558905 0.856658 0.627667 1.64484 0.371656 1.10832 0.775857 0.885885 0.650097 0.878579 1.1437 0.710761 0.355676 0.634834 0.491135 0.95429 0.617282 0.365076 1.57541 1.26443 1.10091 1.05823 0.442184 0.459126 0.79007 0.480131 0.379588 0.419684 0.758915 1.0061 0.440193 0.429478 0.768986 1.25111 0.983578 0.502638 0.46067 2.39687 0.66743 0.312976 0.393129 0.851681 0.486647 1.12545 1.80442 0.808559 0.759862 0.352916 2.20977 0.543195 0.559742 1.39737 0.644418 1.10852 0.594276 1.14216 0.5057 0.689412 1.24221 0.649064 0.735585 0.754324 0.497061 0.494381 0.641259 1.17696 0.989542 1.45633 1.1181 0.378155 0.408568 1.07691 0.966769 0.852464 0.864848 2.2256 1.4588 0.790433 0.684895 0.895669 1.075 0.557935 0.400372 0.928902 0.409276 1.39194 0.575107 0.440445 0.609393 0.43023 1.15427 1.74473 0.56194 0.631974 0.503005 0.81358 0.81024 1.02132 0.376678 1.50299 1.28898 0.844699 1.17746 1.84629 0.956557 0.558864 0.737685 0.825641 0.566633 0.553628 0.502877 1.45689 0.689722 0.749956 0.493757 0.699588 0.541278 0.752865 0.689736 0.332822 1.26013 1.0707 0.917182 0.967772 0.700805 1.25276 0.85318 0.811409 1.19751 0.57088 0.468982 0.713711 0.78872 0.598419 1.19146 1.05628 1.04524 0.656553 0.778175 0.282995 1.28239 0.986608 1.62552 0.624207 1.30582 0.580495 0.585677 0.384564 0.855419 0.810958 0.741179 1.05133 0.83752 0.881139 0.45803 1.54403 0.704013 0.773833 0.450767 0.40631 0.727516 0.891331 0.695982 0.968434 1.67122 0.72938 0.939584 0.400148 0.669543 0.843096 0.4772 0.347961 0.407743 2.02478 0.696962 0.53162 0.72666 0.487357 0.741542 0.952697 1.86473 0.805988 0.482909 0.826748 0.992511 0.889176 0.758609 0.599734 0.400161 0.584002 0.687615 1.33794 1.02873 0.902816 0.540034 0.764454 0.34401 1.02741 0.294442 1.38752 0.824579 0.836947 0.934028 1.44673 0.494873 0.658126 1.10205 0.654888 0.555313 1.25246 0.705753 1.19823 0.444051 0.72371 0.422661 0.617394 0.973356 1.2294 1.03869 1.17685 0.634785 1.24511 1.10627 0.419127 0.712991 0.429005 0.92327 0.814463 0.970354 2.16641 1.0763 1.03101 1.48975 0.37306 0.981293 0.647166 0.644343 0.451307 0.763886 1.44424 0.762161 0.228008 1.00863 0.962733 0.805325 0.490301 0.375185 1.03019 0.670055 0.746059 0.489119 1.08459 0.855096 0.968752 1.076 0.533287 1.27887 0.808703 0.74345 0.745992 0.733811 1.49036 0.925286 1.25994 0.870727 0.946917 1.27447 1.6789 1.24756 0.640136 0.4527 0.567867 0.779152 0.41139 0.988541 1.36118 0.462629 0.7059 0.442109 1.44656 0.608594 0.570343 1.12341 0.482745 0.739719 0.98903 0.716384 0.461808 1.26309 0.605343 0.912401 0.96829 0.746794 0.902516 0.838153 1.12102 1.39245 1.01053 0.397671 0.769771 0.748654 1.4899 0.751342 0.922078 0.662973 0.471418 0.895985 0.422318 0.368598 1.4549 0.548588 0.628995 1.60062 1.04875 0.527272 0.907273 1.26311 1.53807 1.43967 0.712347 0.597003 0.582971 0.64326 0.851987 0.597346 0.621063 1.6846 0.617492 0.899067 0.97083 0.999285 0.654778 0.872241 0.690244 1.40427 0.517299 0.690188 0.757297 1.08246 1.25349 0.787114 1.49175 0.707334 0.549647 0.590249 0.658329 0.819129 1.84873 0.843953 0.927238 0.679748 0.888859 0.949871 1.26845 0.797768 2.34144 0.807545 0.874801 1.73183 0.371249 0.598561 1.10351 1.17655 0.616421 0.41697 1.27782 0.767971 1.05277 0.564884 1.13993 0.998998 1.23668 1.60688 2.60742 0.671934 1.09232 1.27952 0.597187 0.71122 0.735834 0.49659 1.09654 0.605182 0.607485 0.780438 0.984966 0.88 0.628754 0.717623 1.54286 0.299466 0.519744 2.9454 0.511747 0.825111 0.910925 0.597413 0.854477 1.31524 0.733582 1.50273 0.388085 0.876601 0.901728 2.02736 0.770203 0.59693 1.08095 1.07852 1.40872 1.04045 0.596792 0.706623 0.754395 3.01352 1.27862 1.85934 0.808052 0.779345 0.590903 0.664 0.905697 1.61269 1.24056 1.18018 0.610077 0.614058 1.0055 0.914829 0.962724 1.02822 0.803978 0.278305 0.871683 0.606108 1.66038 2.42597 1.29259 0.975798 0.512546 1.97405 0.765757 0.675441 0.615224 0.648557 0.942579 0.858896 0.290763 1.60009 0.856997 0.82066 0.304702 0.73764 0.510986 0.756245 0.948338 0.527238 0.747059 0.462639 0.665514 0.57849 1.25326 0.690752 1.05774 0.723379 0.889089 1.9343 0.665393 0.627033 0.690233 1.16007 2.43922 1.28866 0.812899 1.08563 1.1728 0.733046 0.675174 1.4193 0.605702 1.99658 0.944064 0.681544 0.592317 1.01752 0.425628 0.918116 0.857894 0.425252 0.438851 1.09103 0.828983 1.13104 0.674653 0.616245 0.979212 0.88796 0.456018 0.749398 0.662085 0.371653 0.768238 0.723457 0.826436 0.960469 0.792365 1.0694 0.627671 0.852494 1.15278 0.61649 0.587901 0 0.510371 0.970609 0.799674 0.560648 1.49228 0.6847 0.677205 0.649132 1.36102 0.7867 0.638662 1.63712 1.3041 1.56766 0.705464 0.904059 0.779023 0.71697 1.01834 0.411248 0.977229 1.16474 1.01259 0.507025 0.787473 0.805225 1.13419 2.00156 0.447575 0.852397 0.843215 0.554592 0.513187 0.986905 0.7043 1.16795 0.697614 1.24521 0.96391 0.408401 1.53074 0.48844 0.891707 0.930839 0.667076 0.727054 0.947798 1.01157 0.71959 0.755802 1.03613 1.08612 1.0554 0.534938 0.806383 1.05242 0.781537 1.48098 1.03148 1.00044 0.535678 0.469184 0.76531 0.949251 0.811791 1.06729 0.752333 1.00474 1.28496 0.557897 1.43647 1.10704 1.17231 0.937599 0.912257 0.506207 1.07707 0.611753 5.24327 7.89641 0.735934 0.873901 1.12832 0.614367 0.501329 0.610191 0.770993 0.936908 1.6071 0.480208 0.598138 0.537658 1.10975 1.26347 0.894532 1.50859 1.832 1.32149 0.467825 0.905642 0.673935 0.796154 0.792378 0.348364 1.27036 0.812848 0.692885 0.482098 0.86402 1.07599 0.657431 1.82196 0.519108 0.912663 0.728854 0.517844 0.598719 3.48949 0.578467 0.931651 0.660032 0.941965 1.24752 0.76048 0.832462 0.646646 1.38635 0.327687 0.707215 0.403537 0.709453 0.958834 1.60429 0.712575 0.988831 0.892421 0.516276 0.944859 0 0.946648 0.851243 0.706967 0.588949 0.591791 0.925012 0.69398 0.589222 1.14648 1.65249 0.657788 1.25806 1.08048 1.25449 1.27245 1.73158 0.954942 0.439727 1.26868 1.23065 1.22312 1.14935 1.27756 0.750577 1.87092 0.723998 1.35973 1.82601 2.32938 0.56786 0.892455 1.02566 0 0.654085 1.74451 0.996457 0.790007 0.479837 0.524967 1.22133 1.00664 1.41904 0.694174 1.09701 0.950022 0.686635 0.668999 0.546879 1.15606 0.680132 0.81899 1.33608 1.29012 1.07754 0.869766 1.30018 0.923171 0.691948 0.946558 0.83163 1.26328 0.548084 1.20327 0.97542 1.39406 0.271111 0.419643 0.58089 0.744353 0.92809 0.828666 0.874485 0.444194 0.66948 0.915857 0.918213 1.01717 0.758315 1.01626 1.96056 0.89804 0.605595 1.47654 0.563595 0.824513 0.984716 0.938886 0.860871 0.925279 2.37363 0.869781 0.83589 1.0543 0.970921 1.64674 1.55371 0.897969 1.32003 0.37918 0.689535 0.522981 0.703164 0.714485 0.547628 1.17669 1.07161 1.20921 0.992635 0.455579 0.957477 0.757994 1.08042 0.843237 0.891908 0.662042 0.566747 1.19027 1.23391 1.12517 1.35025 0.493628 0.563019 1.03169 0.538981 0.841789 0.861909 1.429 2.14336 1.55947 1.26543 0.967726 1.50285 0.417029 0.621272 0.535345 1.179 0.763977 1.07646 1.26152 0.74562 0.60977 0.589337 0.70228 0.911997 0.783393 0.934038 0.651306 1.20056 0.652215 1.30283 0.6278 1.51671 0.509629 0.740046 0.625134 1.40999 1.39455 1.05337 1.01466 1.40864 0.596494 1.76072 0.428065 0.858177 0.697295 0.637281 1.11011 0.325908 1.16093 0.869639 0.797496 1.45837 0.507303 0.53988 1.30996 0.78731 0.50906 0.961208 0.992368 1.04964 0.551792 0.741632 0.573692 0.942956 0.619834 0.878451 1.10112 0.595391 0.793213 0.710547 0.865187 0.966798 1.33317 0.904288 1.53771 0.580167 0.909918 1.08174 1.37987 1.35829 1.73351 0.369715 1.22751 1.29764 0.848566 0.956192 0.827302 0.838284 1.39189 0.383284 0.87569 0.65883 2.87835 2.16478 0.851541 0.661714 0.774288 0.901576 0.86224 1.03307 0.638079 0.718737 1.73165 1.45572 0.90603 0.773197 1.0471 0.931352 0.971873 0.939327 1.47053 1.48586 0.981891 1.14259 1.94299 1.55558 0.86037 1.31249 1.5403 0.570884 0.87403 0.845285 1.0449 0.5191 0.994552 0.678063 0.464573 1.36443 0.640946 0.511354 0.483501 1.01842 0.627956 0.556706 0.619413 0.879278 0.767893 0.895126 1.00121 1.12318 0.50987 0.547574 0.560974 0.407682 0.92792 0.885865 1.05684 1.40571 0.556233 0.853529 0.746777 0.855873 0.679638 1.09157 0.930694 1.13227 1.00908 1.32932 0.90926 0.580707 0.810196 1.84014 0.803048 0 1.56437 0.516571 1.27051 0.756946 0.73689 0.733781 1.25577 1.14796 0.798729 1.45076 0.445499 0.794573 0.765296 0.548451 0.66674 2.35154 0.925511 0.705869 0.770645 1.12059 1.57421 1.08528 1.21969 1.27585 0.814454 1.18334 1.21311 1.23106 0.974448 1.10283 0.973561 0.686423 0.489683 0.448349 0.897971 1.03551 0.654697 0.668385 1.58271 0.547207 0.516956 0.58767 0.528921 0.405232 1.01906 0.963339 0.624711 0.779923 1.28494 0.89631 0.931995 0.903592 1.4134 0.623122 0.95862 0.650097 1.01479 1.08903 0.688777 0.608356 0.81734 0.506501 0.989226 0.404364 0.867814 1.00009 0.897803 0.793807 1.16355 0.693126 1.31043 1.41211 2.58084 0.915016 0.974047 0.682581 0.862185 0.562834 0.410933 0.851907 0.603739 1.14389 0.595262 0.626256 1.08649 0.684825 0.909977 0.733521 1.17774 1.23443 1.00455 0.750309 0.588848 0.799215 2.05474 2.5352 0.757328 0.849436 0.333179 0.88697 1.42512 1.22586 1.35769 1.47317 0.446527 1.08616 1.00745 0.400754 1.12489 1.16648 0.504988 0 0.993696 0.731375 0.739631 2.12926 1.28651 0.764116 0.551815 0.835307 0.674011 1.1131 1.21683 0.702604 0.78935 0.893928 0.864854 0.954782 0.454817 0.379177 1.34733 0.521336 1.01258 0.915266 1.18566 0.351537 0.959443 0.517717 0.9455 2.43154 0.898456 0.627054 0.848338 1.00824 0.821829 1.141 0.961541 1.18415 0.709303 1.46253 0.736544 1.14605 0.83352 0.483327 1.49673 0.794153 1.31246 0.62604 1.25808 0.595283 1.06389 0.83032 1.46022 1.08058 0.51713 0.819149 0.851704 1.24918 1.00429 0.873312 1.1653 1.15011 0.530831 1.22711 1.32889 0.931121 0.617927 0.807295 0.706592 0.962697 0.724791 1.33963 1.413 1.28012 0.869248 0.756577 1.07254 1.13264 0.795401 1.3059 1.68534 0.678671 1.09345 0.584874 0.649027 0.749299 0.870913 1.04418 1.13743 1.4111 0.892715 1.51799 0.55953 0.866025 0.958362 0.576199 0.465009 1.25266 0.944573 0.972268 0.645619 0.888032 1.46986 1.24578 0.987042 0.708977 0.723337 1.31577 1.12042 1.15712 0.474895 0.817814 0.764791 0.929593 0.826729 0.706845 0.948644 0.991451 1.15161 0.961531 0.577371 0.896649 0.913636 1.83743 0.625631 0.787177 1.00369 1.57953 0.780771 1.48733 0.757566 1.58169 1.42135 0.782975 0.61405 0.750514 1.69436 0.801893 0.791819 0.774417 0.856525 0.305047 2.40639 1.02227 0.341965 2.38558 0.632193 1.32798 0.452115 1.81496 0.458766 0.703534 0.54616 0.958326 1.74715 1.52697 0.706594 1.1085 0.634648 1.1458 0.936335 0.781791 1.22905 0.900876 1.94416 0.672354 0.992073 0.550367 1.42926 0.795697 0.808302 0.926534 0.567777 0.681256 0.695666 0.456781 1.30131 1.60182 0.511813 0.739266 1.13711 1.13823 0.973304 0.600675 1.00925 1.07877 1.56366 0.984966 1.15894 0.762394 1.4305 0.397858 1.14278 1.06958 0.563737 1.00819 0.782108 0.904422 0.946513 0.8678 0.888236 0.690662 0.589354 0.653687 1.10022 0.887517 0.829849 0.819666 1.11026 0 0.888622 0.962246 0.765331 1.44488 0.834046 1.64519 1.58609 0.580311 1.25956 0.812441 0.98484 1.06015 0.380092 0.667891 0.892109 0.662667 1.07527 0.399592 1.06306 1.1113 1.25934 1.03777 0.770367 0.655839 1.63167 1.01872 0.760939 1.37464 0.777612 1.59297 1.03082 0.83192 0.781838 0.734437 0.59768 1.14271 0.677559 1.27718 0.586276 0.657846 1.17103 0.456737 1.12824 0.860663 1.01022 0.550674 0.964823 0.700202 0.388936 1.84568 0.738404 0.876823 0.692523 0.841659 1.08499 1.48396 0.754213 1.7393 1.3996 0.569306 0.892843 0.210193 ]
@@@ Frame-accuracy per-class: [ 88.136 83.6364 86.6469 90.3226 58.2278 83.9779 79.6813 82.7586 78.5047 87.8357 94.0276 73.3945 90.4439 82.8452 69.905 79.6748 77.4194 76.1229 86.3049 88.4987 92.7803 87.0662 94.2699 86.4865 77.7989 65.3595 86.5037 89.7747 84.6011 88.9435 43.4783 70.229 89.5522 85.7143 91.8618 81.5287 87.8317 95.3229 86.3034 77.7143 84.3373 80.3361 63.0385 72.4324 93.9891 94.6372 77.7429 78.1609 87.1852 80.4638 88.0223 92.7837 32.2581 91.4611 69.0763 90.8828 84.1782 91.5702 79.3651 69.7051 72.8972 61.0979 78.6207 88.2096 92.1694 88.3721 68.0851 86.77 78.7284 88.0886 82.5175 82.8479 82.8729 55.9242 64.6154 77.1208 87.5502 93.2993 84.3441 90.6516 61.0778 85.7143 79.8928 60.1739 84.0085 72.4221 85.5502 87.4142 71.5026 68.4086 85.2288 70.4715 87.7722 79.5966 82.1053 92.2523 87.5536 77.0615 60.6061 84.3327 60.5128 86.6841 91.6427 84.9741 82.0937 86.6911 73.029 79.4007 85.0153 91.3971 89.0756 55.1971 89.1192 79.5367 93.1567 64.7154 89.4895 78.7879 81.6327 37.8378 85.6713 70.0508 86.7076 40.884 86.119 59.8131 66.5511 85.2868 80.7339 79.602 72.8745 80.7339 80.8511 96.7742 79.5181 79.0698 60.4651 84.153 72.7273 74.3083 80.5063 73.7864 88.0829 64.2424 84.6325 46.7866 89.295 59.4059 68.4564 77.2586 80.4469 67.2566 85.2321 79.1809 72.9858 87.9433 86.1357 84.5283 80.2292 91.9918 70.1571 85.1986 62.5954 25.4545 77.9487 80.8853 77.116 66.0793 89.2916 81.6327 87.7888 76.4045 53.0806 89.0323 81.3445 82.4121 76.0563 69.5652 90.6122 88.1416 80.6723 80.8959 71.3805 69.2422 62.3853 58.5132 82.5871 86.1678 82.397 76.9231 0 88.8889 54.7368 85.0242 57.732 71.3402 73.3624 90.0693 84.2105 73.9726 78.3505 75.6757 86.9666 87.2964 80.9339 91.5452 84.6088 86.9565 89.4879 43.9863 73.823 77.8378 72.8033 68.3438 65.7718 64.5161 51.2077 82.0438 82.9016 85.283 89.2206 80.8163 72.0497 82.9268 75.6757 75.8974 80.7339 75.5162 89.1089 49.7297 91.8033 73.0964 79.558 78.7149 80.6175 72.9064 65.353 80.5461 89.6871 80.5195 89.1013 74.2857 81.5416 91.0486 58.2524 59.2593 74.2857 71.1656 88.5609 89.0855 79.1209 85.83 90.1602 89.9394 80.6324 72.2078 89.3997 97.2973 78.8571 57.8778 73.1707 90.1734 89.4198 11.7647 80.4734 92.6554 91.9403 76.4444 88.5033 65.9686 59.0164 74.8936 75.6871 93.3002 35.9621 83.0409 91.8919 61.8557 82.6446 64.1711 90.566 66.6667 86.2534 82.7839 64.6388 83.2 78.341 82.1918 93.6416 87.5264 82.2511 66.2953 71.5564 52.4064 69.1765 90.8146 85.3933 68.3386 70.8283 72.9858 70.3412 25.8503 62.069 84.7059 80.708 70.1595 72.4947 86.1856 90.3915 70.7692 89.0337 62.8159 80.315 87.8613 86.7925 88.0503 66.2983 48.6891 86.5052 83.7945 82.5623 80.5281 77.2603 68.4096 90.8642 54.6282 57.868 78.0142 69.8795 58.4071 78.1955 79.2023 75.6477 80.0983 76.4331 83.7004 89.1192 60.8899 81.7558 79.1111 87.8648 80.9816 79.9117 71.6578 84.4193 90.1304 59.5918 62.6866 74.9141 70.0775 80.6723 62.6609 85.7143 76.9231 59.5918 84.9003 96.7742 79.3566 76.1905 86.544 67.3854 80 69.3009 81.3008 81.7391 91.8206 61.3757 66.9456 63.5294 85.3081 60.5081 80.7273 82.1549 90.2486 71.3881 77.4468 81.7844 67.6259 70.8661 74.8387 88 58.5153 77.4194 78.5612 92.5373 90.3704 81.1189 66.6667 77.3481 70.4663 57.1429 75.6477 72.679 89.9676 78.8512 70.0637 86.0927 91.7595 90.5923 46.0177 84.2105 82.9268 79.8283 86.6242 95.2381 77.3109 52.4444 82.9268 86.6559 78.2222 75.8621 71.3178 77.4584 82.9971 91.2929 84.5188 82.4197 69.3878 74.6114 72.2166 82.3821 78.3042 90.8146 73.3138 93.5323 60.9865 67.9612 76.3948 73.1898 53.2374 82.2006 84.264 58.1498 78.0488 83.5556 61.2795 83.0565 67.4536 89.6755 77.13 90.1333 80.6421 67.3684 72.8205 69.2506 68.0352 85.3333 71.7949 82.0513 87.6574 81.3559 89.8876 74.8299 78.209 72.0539 39.2157 71.0425 69.6517 66.6667 90.7348 85.7143 79.397 81.4404 88.0734 77.6371 53.3333 77.9221 95.0635 68.0115 78.4314 80 89.3617 91.2281 72.6817 80.1636 79.0899 86.7879 72.1417 66.8435 70.7071 63.3663 89.7196 70.5882 81.2589 84.4037 81.448 74.4395 54.7368 72 24.2424 70.0855 74.7764 66.6667 46.696 62.7063 78.7472 86.7314 90.1734 75.9322 88.0734 72.4051 66.6667 85.5524 83.737 90.2954 59.8726 83.2451 80.2974 76.3052 87.8161 79.5539 76.1905 74.772 87.2727 57.8035 80 78.9916 71.5631 80 76.0736 76.3903 61.0329 57.4359 74.5098 91.0152 75.4098 83.2298 57.8512 81.6438 78.4314 80.8081 86.1314 73.1707 89.7547 95.4774 65.1952 86.2703 87.4317 55.4113 72.4324 86.0177 60.2985 53.3333 29.6296 54.9199 84.9673 85.6031 84.995 85.906 76.9231 84.1163 80.8421 56.9106 84.1026 80.9816 72.2986 69.0619 83.7895 79.7203 81.0198 53.6941 88.3315 79.0123 79.3926 74.5763 51.8519 81.4035 60.6061 80.6723 84.2105 85.6397 83.5681 78.4 60.0939 74.8538 69.2875 82.9876 71.891 62.0891 69.1358 80.2614 45.5285 78.7004 74.7628 45.1613 92.2974 84.5501 77.4566 66.6667 87.2727 92.7039 64.9215 78.4217 76.2791 83.5098 63.035 67.658 62.7063 48.731 54.5455 82.0327 74.5098 64.631 89.7338 81.336 71.0963 88.5161 67.5799 83.4783 84.8806 76.5432 68.9984 63.7168 83.871 79.8867 66.6667 93.578 85.4638 19.0476 89.7196 75.7475 76.7773 84.3602 78.187 74.0741 88.4956 57.1429 90.9747 70.9677 76.1671 53.3333 79.8354 83.1496 65.8824 66.6667 58.0931 71.5084 85.1485 81.1287 82.7586 33.5766 80.8511 43.5262 76.1255 79.322 80.5654 85.2713 76.9231 50.1961 72.7273 64.7619 85.0498 84.7854 66.6667 74.7082 82.3529 70.922 73.6544 94.2904 77.2908 80.6723 50.9804 30.9677 62.7219 72.6392 86.7168 45.1613 79.3157 82.2134 86.6873 80.916 75.8621 74.168 91.455 69.8413 75.1174 82.7839 93.2725 78.4906 89.5397 89.5522 69.4737 86.3905 76.4179 88.3436 84.2377 82.8402 72.3404 81.9876 68.3077 80.1457 77.1084 48.1675 82.397 81.7625 82.0771 67.0659 38.806 55.0117 76.0373 72.7273 66.9767 84.5528 81.4111 56 85.0575 47.0588 70.8709 93.3333 81.1463 70.9859 89.6422 74.5698 72.4409 97.561 89.2086 60.7029 76.9231 69.9822 76.1769 80.9843 72.5907 76.7296 86.7797 72.8358 82.449 88.9332 77.7671 89.7959 78.5553 73.2824 74.3529 69.4184 83.9931 78.7346 63.7555 82.8829 85.5086 0 85.5696 70.8688 66.2577 83.8024 53.3333 82.7309 80.7256 83.1557 62.3853 88 80.3625 38.806 73.224 54.4153 82.2335 68.5714 82.2086 82.4142 67.7871 88.6838 74.8858 70.137 69.8225 85.4019 81.3397 72.5664 60.6061 40.1826 88.0466 78.9333 73.2394 85.283 91.3349 68.9266 78.5872 70.415 81.0458 69.3069 83.871 89.4494 55.144 91.5254 70.303 72.3404 83.5381 78.4762 71.9424 68.2274 86.9565 71.1656 76.9231 77.3723 70.9677 88.9796 78.9262 75.3247 76.8254 47.6684 71.3969 81.6327 84.3188 91.0236 74.0214 72.4324 73.8155 68.5714 86.4865 68.9655 60.076 88.2421 60.767 59.4595 61.1898 72.7273 66.2069 92.6316 65.8228 80.8625 0 0 86.5672 79.0698 66.6667 84.6906 88.0658 82.5749 77.8378 88.3721 56.9038 89.1013 84.9498 82.623 67.5556 64.6388 76.5027 45.614 44.586 62.7615 86.5225 74.9568 81.4815 77.3234 75.8974 92.9841 64.6154 82.8986 86.5574 89.1013 69.5035 69.9387 83.5017 44.5714 88.2682 74.6744 80.5654 88.7356 78.6325 0 83.0671 71.9018 82.9517 61.3718 67.1378 77.2414 81.8898 82.8829 61.7068 91.4463 80.0839 90.2417 81.943 73.0402 56.6038 80.7018 82.7586 69.5146 89.0344 75.1958 0 65.1429 78.1705 84.472 81.5094 85.7143 62.5641 77.116 84.9948 75.6598 53.7634 81.3559 62.3729 70.9677 67.4897 62.7642 40 72.2646 89.5397 58.3519 65.9498 58.4527 73.6842 59.5556 81.4815 51.134 77.5665 64.5161 53.617 44.3439 83.6773 76.0936 69.3032 0 83.4008 51.8732 71.3725 90.3226 86.1073 86.1508 64.8276 76.2887 68.3544 80.3612 74.0299 68.0484 79.2952 83.1889 83.3645 48.6486 84.7059 77.6632 48 62.8571 71.8894 79.9277 60.274 71.8644 79.4189 71.7019 73.4463 66.1818 83.2432 60.6061 73.8956 65.1429 94.1353 93.0909 82.7586 80.427 76.2887 79.2271 73.6156 91.8919 85.1964 74.7153 74.6544 75.9207 82.1018 74.8936 43.1373 74.221 87.7339 53.4653 86.7925 76.2089 77.8098 78.4416 68.4597 73.9927 32 70.2194 74.5763 64.4898 72.1088 54.0541 52.1092 75.4639 65.1054 90.9248 80.9877 86.5521 80.236 78.0083 85.7143 63.9594 73.8916 65.6 64.2254 91.5811 74.2404 74.88 67.8899 82.6667 77.2487 81.2721 83.3144 72.1311 64.9922 66.899 67.438 86.6873 83.9879 70.0422 88.0734 75.154 75.8621 55.6863 40.4908 55.2727 70.4762 76.6404 53.617 90.4268 80.1262 85.7671 65.6716 83.4951 71.8929 65.4545 82.4034 86.59 83.965 80.3653 75.7679 78.8571 71.5867 84.7458 66.4879 83.151 62.3656 83.2833 45.977 86.0978 79.6964 82.9268 60.4511 59.8425 66.6667 66.988 52.5301 83.0189 39.0244 90.0662 77.9896 81.3102 84.16 62.9723 92.8488 61.9247 73.3189 73.8197 48.6486 86.618 84.7605 64.9351 75.7764 88.3895 79.0514 74.8299 73.0539 81.9876 79.9054 84.0678 77.4194 78.9056 74.4699 69.1131 82.243 78.6967 81.4815 85.2459 74.5342 56.7219 71.7131 49.8246 85.5721 75.5149 67.5325 57.2347 57.2127 54.5012 91.0769 65.7581 61.21 81.8898 70.9677 80.3089 72.1992 59.1497 90.7177 71.4976 84.507 14.0351 34.7826 76.6551 85.1711 72.8033 70.1671 78.1759 73.4082 80 76.0976 51.8519 51.8519 79.1789 76.3285 71.0623 74.5182 68.7023 75.9777 55.0143 56 72.0461 73.0924 38.1679 42.5532 77.001 54.6125 54.3779 85.5914 74.0984 76.555 72.8625 86.2814 70.6118 84.3403 87.2467 49.8361 89.3617 88.5122 88.7218 70.6021 83.6565 87.0804 81.8898 76.4636 81.0934 68.8172 73.6243 69.9029 89.0995 84.6266 82.6979 87.4172 73.4694 75.634 65.995 59.2593 84.3305 72.7273 77.6774 76.5432 84.8485 78.6325 72.2689 69.1309 68.8963 60.5607 72.2581 82.0046 78.1982 61.5385 74.6781 0 43.4783 86.7368 69.7674 78.1116 84.5666 82.0746 61.0592 69.7248 78.5388 55.8317 89.117 73.8739 84.5921 88 81.1232 34.9776 74.8092 81.6697 85.7143 71.345 48.6076 65.8683 61.4634 65.1757 78.3826 66.6667 58.4192 70.1887 85.7143 62.695 74.5098 79.1209 87.344 88.2759 71.4026 72.5979 86.5629 83.6329 64.2534 84.7397 87.6442 88.3569 86.8455 91.5989 76.5478 69.4992 84.6847 74.4452 59.2145 73.4584 75.1055 77.3263 54.6075 83.293 84.7458 85.0485 68.4039 75.7396 86.1461 79.8043 82.392 88.7671 70.4762 90.6942 77.6903 81.0811 74.9164 78.905 62.0278 80.4598 68.8525 63.4761 9.23077 71.73 75.1269 81.4815 80 88.1029 90.9091 75.3117 86.8895 67.234 86.2534 81.9672 77.0642 81.4035 76.6744 82.9152 69.2683 69.3878 71.4976 82.3239 85.2772 80.7453 46.2428 22.5166 79.638 77.2093 91.5888 75.4159 53.6817 59.6026 59.7938 56.5517 97.1429 75.4717 79.1809 88.8628 67.5835 65.1297 88.0672 0 78.0488 82.1124 83.959 46.2745 64.5161 80.4565 85.8044 80.0405 85.1153 71.2551 71.2589 81.5331 80.8511 75.594 74.7198 72.3404 93.3333 92.0056 60.1942 84.492 78.5047 73.4908 72.8522 93.4579 72.5451 87.6391 77.3823 28.8608 76.9556 86.7925 79.1762 71.9212 75.969 74.6667 72.2144 63.2727 83.6923 62.2951 80.5846 67.5105 77.0593 88.5662 59.2593 78.1065 59.4495 81.0379 68.2927 78.9189 68.9655 80 66.6667 65.4971 88.3315 74.5645 74.9164 70.9859 70.7692 78.8732 51.8519 62.0155 87.8412 61.244 59.3472 76.8831 83.7093 75.0357 79.9416 62.3853 80.6612 64.9215 62.1677 57.1429 74.963 82.2547 66.7669 68.8288 78.6704 70.4403 53.2319 80.826 75.8294 85.3634 85.0662 77.2313 79.7203 68.5817 53.7815 51.2821 81.7204 47.0588 90.9091 79.3651 75.1402 83.1823 85.9813 64.5793 75.6303 72.837 84.8306 79.602 64.3326 50.9091 76.1506 72.7273 81.0811 67.433 66.6667 69.2473 87.5878 78.4034 81.4332 71.159 78.481 87.2587 70.4453 66.0633 66.2983 73.3728 87.0939 74.0741 78.0142 46.7433 85.3147 83.4532 82.6667 52.3169 81.2227 60.8696 78.8694 54.1301 47.0588 73.8916 81.2121 79.4165 55.2381 76.0463 82.7119 78.6838 80.4233 93.2084 33.1915 72.1311 91.2647 38.2022 85.2261 51.3089 94.1176 38.7097 89.533 80.3185 85.9259 76.1905 43.0769 52.5984 79.0343 67.2593 79.6238 65.2406 78.8732 81.761 62.0209 71.6763 33.9181 83.8174 75.1079 84.3057 59.3272 78.553 76.8473 71.9472 81.0409 80.5654 80.226 88.2496 62.1118 61.8182 95.082 81.8505 63.1111 70.6949 75.4286 88.2591 75.7112 74.1463 57.6577 72 63.9456 80.3324 58.9971 96 72.5146 73.9018 82.9533 74.1117 80.7273 77.8468 71.7949 77.4003 76.2542 80 85.044 82.7481 66.2577 74.6744 81.6327 75.8621 68.0851 0 76.7189 67.8363 81.2362 51.6556 84.9741 50.6667 51.6129 82.3199 72.2581 75.6152 76.9039 70.5455 91.4789 81.6641 89.2308 85.7143 71.0602 89.9023 70.3911 66.1578 60.8696 73.6842 78.9357 84.724 53.9924 73.8351 82.2006 62.716 81.0573 48.3516 68.3274 77.8589 74.5865 77.0428 86.1436 60.4651 78.042 57.1429 86.4198 81.687 62.4473 89.7959 70.3242 70.3557 72.4919 83.6237 73.8956 83.2117 91.7788 45.509 78.3626 78.5276 78.8321 72.5838 68.8836 61.6822 79.4521 43.9678 58.1498 85.1658 82.2823 95.8146 ]

LOG (nnet-train-frmshuff[5.5.294-06484]:main():nnet-train-frmshuff.cc:406) AvgLoss: 0.737718 (Xent), [AvgXent: 0.737718, AvgTargetEnt: 0]
progress: []
FRAME_ACCURACY >> 79.4739% <<

