# steps/nnet/train.sh --feature-transform exp/dnn4_pretrain-dbn/final.feature_transform --dbn exp/dnn4_pretrain-dbn/6.dbn --hid-layers 0 --learn-rate 0.008 data-fmllr-tri3/train_tr90 data-fmllr-tri3/train_cv10 data/lang exp/tri3_ali exp/tri3_ali exp/dnn4_pretrain-dbn_dnn 
# Started at Mon Apr 29 16:50:53 AEST 2019
#
steps/nnet/train.sh --feature-transform exp/dnn4_pretrain-dbn/final.feature_transform --dbn exp/dnn4_pretrain-dbn/6.dbn --hid-layers 0 --learn-rate 0.008 data-fmllr-tri3/train_tr90 data-fmllr-tri3/train_cv10 data/lang exp/tri3_ali exp/tri3_ali exp/dnn4_pretrain-dbn_dnn

# INFO
steps/nnet/train.sh : Training Neural Network
	 dir       : exp/dnn4_pretrain-dbn_dnn 
	 Train-set : data-fmllr-tri3/train_tr90 1112, exp/tri3_ali 
	 CV-set    : data-fmllr-tri3/train_cv10 120 exp/tri3_ali 

LOG ([5.5.294-06484]:main():cuda-gpu-available.cc:60) 

### IS CUDA GPU AVAILABLE? 'nsclab-gpu' ###
WARNING ([5.5.294-06484]:SelectGpuId():cu-device.cc:221) Not in compute-exclusive mode.  Suggestion: use 'nvidia-smi -c 3' to set compute exclusive mode
LOG ([5.5.294-06484]:SelectGpuIdAuto():cu-device.cc:349) Selecting from 2 GPUs
LOG ([5.5.294-06484]:SelectGpuIdAuto():cu-device.cc:364) cudaSetDevice(0): TITAN Xp	free:12023M, used:173M, total:12196M, free/total:0.985815
LOG ([5.5.294-06484]:SelectGpuIdAuto():cu-device.cc:364) cudaSetDevice(1): TITAN Xp	free:11888M, used:304M, total:12192M, free/total:0.975032
LOG ([5.5.294-06484]:SelectGpuIdAuto():cu-device.cc:411) Trying to select device: 0 (automatically), mem_ratio: 0.985815
LOG ([5.5.294-06484]:SelectGpuIdAuto():cu-device.cc:430) Success selecting device 0 free mem ratio: 0.985815
LOG ([5.5.294-06484]:FinalizeActiveGpu():cu-device.cc:284) The active GPU is [0]: TITAN Xp	free:11957M, used:239M, total:12196M, free/total:0.980403 version 6.1
### HURRAY, WE GOT A CUDA GPU FOR COMPUTATION!!! ##

### Testing CUDA setup with a small computation (setup = cuda-toolkit + gpu-driver + kaldi):
### Test OK!

# PREPARING ALIGNMENTS
Using PDF targets from dirs 'exp/tri3_ali' 'exp/tri3_ali'
hmm-info exp/tri3_ali/final.mdl 
copy-transition-model --binary=false exp/tri3_ali/final.mdl exp/dnn4_pretrain-dbn_dnn/final.mdl 
LOG (copy-transition-model[5.5.294-06484]:main():copy-transition-model.cc:62) Copied transition model.

# PREPARING FEATURES
# re-saving features to local disk,
copy-feats --compress=true scp:data-fmllr-tri3/train_tr90/feats.scp ark,scp:/tmp/kaldi.Sly6/train.ark,exp/dnn4_pretrain-dbn_dnn/train_sorted.scp 
LOG (copy-feats[5.5.294-06484]:main():copy-feats.cc:143) Copied 1112 feature matrices.
copy-feats --compress=true scp:data-fmllr-tri3/train_cv10/feats.scp ark,scp:/tmp/kaldi.Sly6/cv.ark,exp/dnn4_pretrain-dbn_dnn/cv.scp 
LOG (copy-feats[5.5.294-06484]:main():copy-feats.cc:143) Copied 120 feature matrices.
# importing feature settings from dir 'exp/dnn4_pretrain-dbn'
# cmvn_opts='' delta_opts='' ivector_dim=''
# 'apply-cmvn' is not used,
feat-to-dim 'ark:copy-feats scp:exp/dnn4_pretrain-dbn_dnn/train.scp.10k ark:- |' - 
copy-feats scp:exp/dnn4_pretrain-dbn_dnn/train.scp.10k ark:- 
WARNING (feat-to-dim[5.5.294-06484]:Close():kaldi-io.cc:515) Pipe copy-feats scp:exp/dnn4_pretrain-dbn_dnn/train.scp.10k ark:- | had nonzero return status 36096
# feature dim : 40 (input of 'feature_transform')
# importing 'feature_transform' from 'exp/dnn4_pretrain-dbn/final.feature_transform'

### Showing the final 'feature_transform':
nnet-info exp/dnn4_pretrain-dbn_dnn/imported_final.feature_transform 
num-components 3
input-dim 40
output-dim 440
number-of-parameters 0.00088 millions
component 1 : <Splice>, input-dim 40, output-dim 440, 
  frame_offsets [ -5 -4 -3 -2 -1 0 1 2 3 4 5 ]
component 2 : <AddShift>, input-dim 440, output-dim 440, 
  shift_data ( min -0.115323, max 0.178488, mean 0.00201101, stddev 0.0453254, skewness 1.77678, kurtosis 6.42564 ) , lr-coef 0
component 3 : <Rescale>, input-dim 440, output-dim 440, 
  scale_data ( min 0.319045, max 0.981981, mean 0.769741, stddev 0.162054, skewness -0.720284, kurtosis -0.278661 ) , lr-coef 0
LOG (nnet-info[5.5.294-06484]:main():nnet-info.cc:57) Printed info about exp/dnn4_pretrain-dbn_dnn/imported_final.feature_transform
###

# NN-INITIALIZATION
# getting input/output dims :
feat-to-dim 'ark:copy-feats scp:exp/dnn4_pretrain-dbn_dnn/train.scp.10k ark:- | nnet-forward "nnet-concat exp/dnn4_pretrain-dbn_dnn/final.feature_transform '\''exp/dnn4_pretrain-dbn/6.dbn'\'' -|" ark:- ark:- |' - 
copy-feats scp:exp/dnn4_pretrain-dbn_dnn/train.scp.10k ark:- 
nnet-forward "nnet-concat exp/dnn4_pretrain-dbn_dnn/final.feature_transform 'exp/dnn4_pretrain-dbn/6.dbn' -|" ark:- ark:- 
LOG (nnet-forward[5.5.294-06484]:SelectGpuId():cu-device.cc:146) Manually selected to compute on CPU.
nnet-concat exp/dnn4_pretrain-dbn_dnn/final.feature_transform exp/dnn4_pretrain-dbn/6.dbn - 
LOG (nnet-concat[5.5.294-06484]:main():nnet-concat.cc:53) Reading exp/dnn4_pretrain-dbn_dnn/final.feature_transform
LOG (nnet-concat[5.5.294-06484]:main():nnet-concat.cc:65) Concatenating exp/dnn4_pretrain-dbn/6.dbn
LOG (nnet-concat[5.5.294-06484]:main():nnet-concat.cc:82) Written model to -
WARNING (feat-to-dim[5.5.294-06484]:Close():kaldi-io.cc:515) Pipe copy-feats scp:exp/dnn4_pretrain-dbn_dnn/train.scp.10k ark:- | nnet-forward "nnet-concat exp/dnn4_pretrain-dbn_dnn/final.feature_transform 'exp/dnn4_pretrain-dbn/6.dbn' -|" ark:- ark:- | had nonzero return status 36096
# genrating network prototype exp/dnn4_pretrain-dbn_dnn/nnet.proto
# initializing the NN 'exp/dnn4_pretrain-dbn_dnn/nnet.proto' -> 'exp/dnn4_pretrain-dbn_dnn/nnet.init'
nnet-initialize --seed=777 exp/dnn4_pretrain-dbn_dnn/nnet.proto exp/dnn4_pretrain-dbn_dnn/nnet.init 
VLOG[1] (nnet-initialize[5.5.294-06484]:Init():nnet-nnet.cc:314) <AffineTransform> <InputDim> 1024 <OutputDim> 1544 <BiasMean> 0.000000 <BiasRange> 0.000000 <ParamStddev> 0.097675
VLOG[1] (nnet-initialize[5.5.294-06484]:Init():nnet-nnet.cc:314) <Softmax> <InputDim> 1544 <OutputDim> 1544
VLOG[1] (nnet-initialize[5.5.294-06484]:Init():nnet-nnet.cc:314) </NnetProto>
LOG (nnet-initialize[5.5.294-06484]:main():nnet-initialize.cc:63) Written initialized model to exp/dnn4_pretrain-dbn_dnn/nnet.init
nnet-concat exp/dnn4_pretrain-dbn/6.dbn exp/dnn4_pretrain-dbn_dnn/nnet.init exp/dnn4_pretrain-dbn_dnn/nnet_dbn_dnn.init 
LOG (nnet-concat[5.5.294-06484]:main():nnet-concat.cc:53) Reading exp/dnn4_pretrain-dbn/6.dbn
LOG (nnet-concat[5.5.294-06484]:main():nnet-concat.cc:65) Concatenating exp/dnn4_pretrain-dbn_dnn/nnet.init
LOG (nnet-concat[5.5.294-06484]:main():nnet-concat.cc:82) Written model to exp/dnn4_pretrain-dbn_dnn/nnet_dbn_dnn.init

# RUNNING THE NN-TRAINING SCHEDULER
steps/nnet/train_scheduler.sh --feature-transform exp/dnn4_pretrain-dbn_dnn/final.feature_transform --learn-rate 0.008 exp/dnn4_pretrain-dbn_dnn/nnet_dbn_dnn.init ark:copy-feats scp:exp/dnn4_pretrain-dbn_dnn/train.scp ark:- | ark:copy-feats scp:exp/dnn4_pretrain-dbn_dnn/cv.scp ark:- | ark:ali-to-pdf exp/tri3_ali/final.mdl "ark:gunzip -c exp/tri3_ali/ali.*.gz |" ark:- | ali-to-post ark:- ark:- | ark:ali-to-pdf exp/tri3_ali/final.mdl "ark:gunzip -c exp/tri3_ali/ali.*.gz |" ark:- | ali-to-post ark:- ark:- | exp/dnn4_pretrain-dbn_dnn
CROSSVAL PRERUN AVG.LOSS 7.4946 (Xent),
ITERATION 01: TRAIN AVG.LOSS 2.7354, (lrate0.008), CROSSVAL AVG.LOSS 2.4282, nnet accepted (nnet_dbn_dnn_iter01_learnrate0.008_tr2.7354_cv2.4282)
ITERATION 02: TRAIN AVG.LOSS 1.6170, (lrate0.008), CROSSVAL AVG.LOSS 2.2188, nnet accepted (nnet_dbn_dnn_iter02_learnrate0.008_tr1.6170_cv2.2188)
ITERATION 03: TRAIN AVG.LOSS 1.3175, (lrate0.008), CROSSVAL AVG.LOSS 2.1652, nnet accepted (nnet_dbn_dnn_iter03_learnrate0.008_tr1.3175_cv2.1652)
ITERATION 04: TRAIN AVG.LOSS 1.1154, (lrate0.008), CROSSVAL AVG.LOSS 2.1606, nnet accepted (nnet_dbn_dnn_iter04_learnrate0.008_tr1.1154_cv2.1606)
ITERATION 05: TRAIN AVG.LOSS 0.9069, (lrate0.004), CROSSVAL AVG.LOSS 2.0296, nnet accepted (nnet_dbn_dnn_iter05_learnrate0.004_tr0.9069_cv2.0296)
ITERATION 06: TRAIN AVG.LOSS 0.8066, (lrate0.002), CROSSVAL AVG.LOSS 1.9536, nnet accepted (nnet_dbn_dnn_iter06_learnrate0.002_tr0.8066_cv1.9536)
ITERATION 07: TRAIN AVG.LOSS 0.7603, (lrate0.001), CROSSVAL AVG.LOSS 1.9128, nnet accepted (nnet_dbn_dnn_iter07_learnrate0.001_tr0.7603_cv1.9128)
ITERATION 08: TRAIN AVG.LOSS 0.7377, (lrate0.0005), CROSSVAL AVG.LOSS 1.8937, nnet accepted (nnet_dbn_dnn_iter08_learnrate0.0005_tr0.7377_cv1.8937)
ITERATION 09: TRAIN AVG.LOSS 0.7257, (lrate0.00025), CROSSVAL AVG.LOSS 1.8839, nnet accepted (nnet_dbn_dnn_iter09_learnrate0.00025_tr0.7257_cv1.8839)
ITERATION 10: TRAIN AVG.LOSS 0.7186, (lrate0.000125), CROSSVAL AVG.LOSS 1.8792, nnet accepted (nnet_dbn_dnn_iter10_learnrate0.000125_tr0.7186_cv1.8792)
ITERATION 11: TRAIN AVG.LOSS 0.7144, (lrate6.25e-05), CROSSVAL AVG.LOSS 1.8775, nnet accepted (nnet_dbn_dnn_iter11_learnrate6.25e-05_tr0.7144_cv1.8775)
finished, too small rel. improvement 0.000931237
steps/nnet/train_scheduler.sh: Succeeded training the Neural Network : 'exp/dnn4_pretrain-dbn_dnn/final.nnet'
steps/nnet/train.sh: Successfuly finished. 'exp/dnn4_pretrain-dbn_dnn'
# Removing features tmpdir /tmp/kaldi.Sly6 @ nsclab-gpu
cv.ark
train.ark
# Accounting: time=96 threads=1
# Ended (code 0) at Mon Apr 29 16:52:29 AEST 2019, elapsed time 96 seconds
