analyze-counts --verbose=1 --binary=false --counts-dim=1600 'ark:ali-to-pdf exp/tri3_ali/final.mdl "ark:gunzip -c exp/tri3_ali/ali.*.gz |" ark:- |' exp/dnn4_pretrain-dbn_dnn/ali_train_pdf.counts 
ali-to-pdf exp/tri3_ali/final.mdl 'ark:gunzip -c exp/tri3_ali/ali.*.gz |' ark:- 
LOG (ali-to-pdf[5.5.294-06484]:main():ali-to-pdf.cc:68) Converted 1232 alignments to pdf sequences.
LOG (analyze-counts[5.5.294-06484]:main():analyze-counts.cc:191) Printing...
### The sorted count table,
count	(norm),	id	(symbol):
1	(2.65839e-06),	1401	
7	(1.86087e-05),	550	
8	(2.12671e-05),	515	
8	(2.12671e-05),	1019	
8	(2.12671e-05),	1068	
9	(2.39255e-05),	748	
10	(2.65839e-05),	422	
10	(2.65839e-05),	610	
11	(2.92423e-05),	159	
11	(2.92423e-05),	701	
11	(2.92423e-05),	715	
11	(2.92423e-05),	772	
11	(2.92423e-05),	1049	
12	(3.19006e-05),	391	
12	(3.19006e-05),	493	
12	(3.19006e-05),	728	
12	(3.19006e-05),	856	
12	(3.19006e-05),	933	
12	(3.19006e-05),	1510	
13	(3.4559e-05),	79	
13	(3.4559e-05),	458	
13	(3.4559e-05),	684	
13	(3.4559e-05),	785	
13	(3.4559e-05),	833	
13	(3.4559e-05),	951	
14	(3.72174e-05),	781	
14	(3.72174e-05),	931	
15	(3.98758e-05),	1082	
16	(4.25342e-05),	4	
16	(4.25342e-05),	128	
16	(4.25342e-05),	179	
16	(4.25342e-05),	483	
16	(4.25342e-05),	587	
17	(4.51926e-05),	118	
17	(4.51926e-05),	343	
17	(4.51926e-05),	561	
17	(4.51926e-05),	839	
17	(4.51926e-05),	842	
17	(4.51926e-05),	1080	
17	(4.51926e-05),	1286	
18	(4.7851e-05),	284	
18	(4.7851e-05),	590	
19	(5.05093e-05),	657	
19	(5.05093e-05),	693	
19	(5.05093e-05),	1553	
20	(5.31677e-05),	85	
20	(5.31677e-05),	382	
20	(5.31677e-05),	413	
20	(5.31677e-05),	435	
20	(5.31677e-05),	451	
20	(5.31677e-05),	714	
20	(5.31677e-05),	1012	
20	(5.31677e-05),	1013	
21	(5.58261e-05),	245	
21	(5.58261e-05),	542	
21	(5.58261e-05),	860	
21	(5.58261e-05),	1147	
21	(5.58261e-05),	1351	
21	(5.58261e-05),	1367	
22	(5.84845e-05),	59	
22	(5.84845e-05),	175	
22	(5.84845e-05),	306	
22	(5.84845e-05),	360	
22	(5.84845e-05),	584	
22	(5.84845e-05),	650	
22	(5.84845e-05),	970	
22	(5.84845e-05),	1523	
22	(5.84845e-05),	1580	
23	(6.11429e-05),	5	
23	(6.11429e-05),	276	
23	(6.11429e-05),	385	
23	(6.11429e-05),	466	
23	(6.11429e-05),	968	
24	(6.38013e-05),	519	
25	(6.64597e-05),	318	
25	(6.64597e-05),	1196	
26	(6.91181e-05),	271	
26	(6.91181e-05),	501	
26	(6.91181e-05),	526	
27	(7.17764e-05),	278	
27	(7.17764e-05),	440	
27	(7.17764e-05),	660	
27	(7.17764e-05),	960	
27	(7.17764e-05),	1058	
27	(7.17764e-05),	1065	
27	(7.17764e-05),	1099	
27	(7.17764e-05),	1598	
28	(7.44348e-05),	367	
28	(7.44348e-05),	712	
28	(7.44348e-05),	990	
28	(7.44348e-05),	1392	
29	(7.70932e-05),	537	
29	(7.70932e-05),	579	
29	(7.70932e-05),	1100	
29	(7.70932e-05),	1229	
30	(7.97516e-05),	364	
30	(7.97516e-05),	804	
30	(7.97516e-05),	1451	
31	(8.241e-05),	702	
32	(8.50684e-05),	40	
32	(8.50684e-05),	390	
32	(8.50684e-05),	686	
32	(8.50684e-05),	692	
33	(8.77268e-05),	108	
34	(9.03851e-05),	41	
34	(9.03851e-05),	192	
34	(9.03851e-05),	580	
34	(9.03851e-05),	632	
34	(9.03851e-05),	807	
34	(9.03851e-05),	813	
34	(9.03851e-05),	898	
35	(9.30435e-05),	704	
35	(9.30435e-05),	969	
36	(9.57019e-05),	258	
36	(9.57019e-05),	429	
36	(9.57019e-05),	1271	
37	(9.83603e-05),	387	
37	(9.83603e-05),	486	
39	(0.000103677),	1266	
39	(0.000103677),	1595	
40	(0.000106335),	565	
41	(0.000108994),	358	
41	(0.000108994),	558	
41	(0.000108994),	753	
41	(0.000108994),	1052	
41	(0.000108994),	1228	
42	(0.000111652),	147	
42	(0.000111652),	381	
42	(0.000111652),	1232	
43	(0.000114311),	1337	
43	(0.000114311),	1343	
44	(0.000116969),	1179	
44	(0.000116969),	1260	
44	(0.000116969),	1278	
45	(0.000119627),	497	
45	(0.000119627),	525	
45	(0.000119627),	971	
45	(0.000119627),	1596	
46	(0.000122286),	875	
46	(0.000122286),	937	
46	(0.000122286),	994	
47	(0.000124944),	135	
48	(0.000127603),	183	
48	(0.000127603),	304	
48	(0.000127603),	1029	
49	(0.000130261),	78	
49	(0.000130261),	157	
49	(0.000130261),	1349	
50	(0.000132919),	373	
50	(0.000132919),	718	
50	(0.000132919),	1583	
51	(0.000135578),	102	
51	(0.000135578),	470	
51	(0.000135578),	656	
51	(0.000135578),	699	
51	(0.000135578),	720	
52	(0.000138236),	337	
52	(0.000138236),	434	
52	(0.000138236),	1532	
53	(0.000140894),	206	
53	(0.000140894),	1203	
54	(0.000143553),	11	
54	(0.000143553),	787	
54	(0.000143553),	1178	
54	(0.000143553),	1597	
55	(0.000146211),	478	
55	(0.000146211),	615	
55	(0.000146211),	1005	
55	(0.000146211),	1152	
55	(0.000146211),	1521	
55	(0.000146211),	1591	
56	(0.00014887),	527	
56	(0.00014887),	679	
56	(0.00014887),	917	
56	(0.00014887),	995	
57	(0.000151528),	1120	
57	(0.000151528),	1205	
57	(0.000151528),	1297	
58	(0.000154186),	62	
58	(0.000154186),	768	
58	(0.000154186),	788	
58	(0.000154186),	1028	
58	(0.000154186),	1148	
58	(0.000154186),	1216	
58	(0.000154186),	1556	
59	(0.000156845),	164	
59	(0.000156845),	723	
59	(0.000156845),	749	
59	(0.000156845),	988	
60	(0.000159503),	864	
61	(0.000162162),	544	
61	(0.000162162),	619	
61	(0.000162162),	666	
61	(0.000162162),	705	
61	(0.000162162),	881	
62	(0.00016482),	172	
62	(0.00016482),	233	
62	(0.00016482),	1197	
62	(0.00016482),	1301	
63	(0.000167478),	735	
63	(0.000167478),	1359	
64	(0.000170137),	28	
64	(0.000170137),	182	
64	(0.000170137),	294	
64	(0.000170137),	328	
64	(0.000170137),	595	
64	(0.000170137),	602	
64	(0.000170137),	676	
64	(0.000170137),	1160	
64	(0.000170137),	1212	
64	(0.000170137),	1250	
64	(0.000170137),	1388	
65	(0.000172795),	1450	
66	(0.000175454),	255	
66	(0.000175454),	758	
66	(0.000175454),	943	
66	(0.000175454),	1142	
67	(0.000178112),	719	
67	(0.000178112),	1422	
67	(0.000178112),	1498	
68	(0.00018077),	169	
68	(0.00018077),	329	
68	(0.00018077),	421	
68	(0.00018077),	608	
68	(0.00018077),	932	
68	(0.00018077),	1375	
68	(0.00018077),	1592	
69	(0.000183429),	234	
69	(0.000183429),	290	
69	(0.000183429),	522	
69	(0.000183429),	607	
69	(0.000183429),	986	
69	(0.000183429),	1073	
69	(0.000183429),	1386	
70	(0.000186087),	185	
70	(0.000186087),	251	
70	(0.000186087),	621	
70	(0.000186087),	1516	
71	(0.000188745),	95	
71	(0.000188745),	642	
71	(0.000188745),	944	
71	(0.000188745),	1161	
72	(0.000191404),	67	
72	(0.000191404),	332	
72	(0.000191404),	441	
72	(0.000191404),	667	
72	(0.000191404),	697	
72	(0.000191404),	1076	
72	(0.000191404),	1158	
72	(0.000191404),	1172	
72	(0.000191404),	1573	
73	(0.000194062),	139	
73	(0.000194062),	279	
73	(0.000194062),	406	
73	(0.000194062),	654	
73	(0.000194062),	1116	
73	(0.000194062),	1303	
74	(0.000196721),	414	
74	(0.000196721),	930	
75	(0.000199379),	439	
75	(0.000199379),	474	
75	(0.000199379),	956	
75	(0.000199379),	984	
75	(0.000199379),	1191	
75	(0.000199379),	1231	
76	(0.000202037),	176	
76	(0.000202037),	297	
76	(0.000202037),	1210	
76	(0.000202037),	1238	
76	(0.000202037),	1405	
76	(0.000202037),	1427	
76	(0.000202037),	1462	
77	(0.000204696),	648	
77	(0.000204696),	1364	
78	(0.000207354),	190	
78	(0.000207354),	418	
78	(0.000207354),	545	
78	(0.000207354),	665	
78	(0.000207354),	761	
78	(0.000207354),	876	
78	(0.000207354),	1237	
79	(0.000210013),	502	
79	(0.000210013),	1567	
79	(0.000210013),	1570	
80	(0.000212671),	90	
80	(0.000212671),	507	
80	(0.000212671),	700	
80	(0.000212671),	1113	
80	(0.000212671),	1330	
80	(0.000212671),	1352	
80	(0.000212671),	1366	
81	(0.000215329),	141	
81	(0.000215329),	389	
81	(0.000215329),	664	
81	(0.000215329),	1078	
81	(0.000215329),	1182	
81	(0.000215329),	1273	
82	(0.000217988),	220	
82	(0.000217988),	1433	
82	(0.000217988),	1454	
83	(0.000220646),	19	
83	(0.000220646),	452	
83	(0.000220646),	790	
83	(0.000220646),	1007	
83	(0.000220646),	1020	
83	(0.000220646),	1121	
83	(0.000220646),	1122	
83	(0.000220646),	1264	
83	(0.000220646),	1445	
84	(0.000223304),	33	
84	(0.000223304),	277	
84	(0.000223304),	463	
84	(0.000223304),	532	
84	(0.000223304),	536	
84	(0.000223304),	538	
84	(0.000223304),	645	
84	(0.000223304),	955	
85	(0.000225963),	219	
85	(0.000225963),	295	
85	(0.000225963),	879	
85	(0.000225963),	1139	
85	(0.000225963),	1215	
85	(0.000225963),	1324	
85	(0.000225963),	1353	
85	(0.000225963),	1361	
86	(0.000228621),	101	
86	(0.000228621),	115	
86	(0.000228621),	167	
86	(0.000228621),	1243	
87	(0.00023128),	268	
87	(0.00023128),	326	
87	(0.00023128),	472	
87	(0.00023128),	488	
87	(0.00023128),	677	
87	(0.00023128),	717	
87	(0.00023128),	803	
87	(0.00023128),	1465	
88	(0.000233938),	14	
88	(0.000233938),	520	
88	(0.000233938),	640	
88	(0.000233938),	812	
88	(0.000233938),	1128	
89	(0.000236596),	380	
89	(0.000236596),	549	
89	(0.000236596),	722	
89	(0.000236596),	977	
89	(0.000236596),	1081	
90	(0.000239255),	793	
90	(0.000239255),	922	
91	(0.000241913),	124	
91	(0.000241913),	1003	
91	(0.000241913),	1511	
92	(0.000244572),	287	
92	(0.000244572),	622	
92	(0.000244572),	824	
92	(0.000244572),	863	
93	(0.00024723),	89	
93	(0.00024723),	232	
93	(0.00024723),	849	
93	(0.00024723),	858	
93	(0.00024723),	911	
93	(0.00024723),	1217	
94	(0.000249888),	65	
94	(0.000249888),	815	
94	(0.000249888),	1314	
94	(0.000249888),	1537	
94	(0.000249888),	1568	
95	(0.000252547),	105	
95	(0.000252547),	181	
95	(0.000252547),	420	
95	(0.000252547),	482	
95	(0.000252547),	535	
95	(0.000252547),	625	
95	(0.000252547),	1104	
95	(0.000252547),	1289	
96	(0.000255205),	235	
96	(0.000255205),	731	
96	(0.000255205),	975	
97	(0.000257864),	9	
97	(0.000257864),	207	
97	(0.000257864),	372	
97	(0.000257864),	503	
97	(0.000257864),	713	
97	(0.000257864),	1000	
97	(0.000257864),	1274	
97	(0.000257864),	1302	
97	(0.000257864),	1437	
98	(0.000260522),	609	
98	(0.000260522),	613	
98	(0.000260522),	644	
98	(0.000260522),	1268	
98	(0.000260522),	1296	
99	(0.00026318),	26	
99	(0.00026318),	296	
99	(0.00026318),	378	
99	(0.00026318),	1418	
100	(0.000265839),	143	
100	(0.000265839),	254	
100	(0.000265839),	671	
100	(0.000265839),	1320	
100	(0.000265839),	1490	
101	(0.000268497),	63	
101	(0.000268497),	903	
101	(0.000268497),	1016	
101	(0.000268497),	1276	
101	(0.000268497),	1357	
101	(0.000268497),	1444	
102	(0.000271155),	120	
102	(0.000271155),	399	
102	(0.000271155),	562	
102	(0.000271155),	620	
102	(0.000271155),	726	
102	(0.000271155),	800	
102	(0.000271155),	1304	
103	(0.000273814),	383	
103	(0.000273814),	703	
103	(0.000273814),	870	
103	(0.000273814),	913	
103	(0.000273814),	976	
103	(0.000273814),	1162	
104	(0.000276472),	131	
104	(0.000276472),	327	
104	(0.000276472),	614	
104	(0.000276472),	626	
104	(0.000276472),	831	
104	(0.000276472),	1256	
104	(0.000276472),	1294	
105	(0.000279131),	53	
105	(0.000279131),	99	
105	(0.000279131),	405	
105	(0.000279131),	600	
105	(0.000279131),	1311	
106	(0.000281789),	117	
106	(0.000281789),	201	
106	(0.000281789),	252	
106	(0.000281789),	1004	
106	(0.000281789),	1118	
106	(0.000281789),	1224	
106	(0.000281789),	1508	
107	(0.000284447),	64	
107	(0.000284447),	191	
107	(0.000284447),	325	
107	(0.000284447),	349	
107	(0.000284447),	586	
107	(0.000284447),	823	
107	(0.000284447),	1149	
107	(0.000284447),	1540	
108	(0.000287106),	510	
108	(0.000287106),	780	
108	(0.000287106),	965	
108	(0.000287106),	1412	
108	(0.000287106),	1436	
108	(0.000287106),	1438	
109	(0.000289764),	3	
109	(0.000289764),	423	
109	(0.000289764),	647	
109	(0.000289764),	940	
109	(0.000289764),	1181	
110	(0.000292423),	137	
110	(0.000292423),	205	
110	(0.000292423),	217	
110	(0.000292423),	837	
110	(0.000292423),	907	
110	(0.000292423),	1145	
110	(0.000292423),	1370	
111	(0.000295081),	153	
111	(0.000295081),	266	
111	(0.000295081),	952	
111	(0.000295081),	1144	
112	(0.000297739),	144	
112	(0.000297739),	288	
112	(0.000297739),	330	
112	(0.000297739),	357	
112	(0.000297739),	639	
112	(0.000297739),	846	
112	(0.000297739),	961	
112	(0.000297739),	966	
112	(0.000297739),	1151	
112	(0.000297739),	1156	
113	(0.000300398),	25	
113	(0.000300398),	133	
113	(0.000300398),	1457	
114	(0.000303056),	100	
114	(0.000303056),	151	
114	(0.000303056),	745	
114	(0.000303056),	834	
114	(0.000303056),	1202	
115	(0.000305714),	1329	
115	(0.000305714),	1377	
116	(0.000308373),	127	
116	(0.000308373),	303	
116	(0.000308373),	355	
116	(0.000308373),	740	
116	(0.000308373),	853	
116	(0.000308373),	967	
116	(0.000308373),	1459	
116	(0.000308373),	1576	
116	(0.000308373),	1594	
117	(0.000311031),	685	
117	(0.000311031),	794	
117	(0.000311031),	895	
117	(0.000311031),	1322	
118	(0.00031369),	214	
118	(0.00031369),	333	
118	(0.00031369),	487	
118	(0.00031369),	633	
118	(0.00031369),	670	
118	(0.00031369),	674	
118	(0.00031369),	809	
118	(0.00031369),	1075	
118	(0.00031369),	1183	
119	(0.000316348),	388	
119	(0.000316348),	455	
119	(0.000316348),	576	
119	(0.000316348),	725	
119	(0.000316348),	1018	
120	(0.000319006),	231	
120	(0.000319006),	407	
120	(0.000319006),	531	
120	(0.000319006),	791	
120	(0.000319006),	826	
120	(0.000319006),	884	
120	(0.000319006),	1312	
120	(0.000319006),	1492	
121	(0.000321665),	130	
121	(0.000321665),	246	
121	(0.000321665),	315	
121	(0.000321665),	453	
121	(0.000321665),	862	
121	(0.000321665),	1117	
121	(0.000321665),	1495	
122	(0.000324323),	163	
122	(0.000324323),	174	
122	(0.000324323),	1416	
123	(0.000326982),	365	
123	(0.000326982),	416	
123	(0.000326982),	460	
123	(0.000326982),	539	
123	(0.000326982),	921	
123	(0.000326982),	926	
123	(0.000326982),	1015	
123	(0.000326982),	1287	
123	(0.000326982),	1323	
123	(0.000326982),	1528	
124	(0.00032964),	17	
124	(0.00032964),	60	
124	(0.00032964),	75	
124	(0.00032964),	222	
124	(0.00032964),	409	
124	(0.00032964),	505	
124	(0.00032964),	662	
124	(0.00032964),	775	
124	(0.00032964),	1175	
124	(0.00032964),	1201	
125	(0.000332298),	314	
126	(0.000334957),	194	
126	(0.000334957),	218	
126	(0.000334957),	397	
126	(0.000334957),	634	
126	(0.000334957),	669	
126	(0.000334957),	1035	
126	(0.000334957),	1355	
127	(0.000337615),	241	
127	(0.000337615),	289	
127	(0.000337615),	552	
127	(0.000337615),	1022	
127	(0.000337615),	1472	
129	(0.000342932),	186	
129	(0.000342932),	873	
129	(0.000342932),	1348	
129	(0.000342932),	1391	
129	(0.000342932),	1502	
130	(0.00034559),	471	
130	(0.00034559),	508	
130	(0.00034559),	541	
130	(0.00034559),	888	
130	(0.00034559),	916	
130	(0.00034559),	918	
130	(0.00034559),	1211	
130	(0.00034559),	1529	
131	(0.000348249),	341	
131	(0.000348249),	469	
131	(0.000348249),	477	
131	(0.000348249),	560	
131	(0.000348249),	1086	
131	(0.000348249),	1470	
132	(0.000350907),	408	
132	(0.000350907),	448	
132	(0.000350907),	638	
132	(0.000350907),	661	
132	(0.000350907),	872	
132	(0.000350907),	1328	
132	(0.000350907),	1566	
133	(0.000353565),	242	
133	(0.000353565),	305	
133	(0.000353565),	339	
133	(0.000353565),	581	
133	(0.000353565),	1034	
133	(0.000353565),	1039	
133	(0.000353565),	1166	
134	(0.000356224),	300	
134	(0.000356224),	480	
134	(0.000356224),	724	
134	(0.000356224),	1298	
135	(0.000358882),	148	
135	(0.000358882),	386	
135	(0.000358882),	1218	
135	(0.000358882),	1363	
135	(0.000358882),	1513	
136	(0.000361541),	461	
136	(0.000361541),	1257	
137	(0.000364199),	443	
137	(0.000364199),	564	
137	(0.000364199),	681	
137	(0.000364199),	743	
137	(0.000364199),	997	
137	(0.000364199),	1133	
138	(0.000366857),	196	
138	(0.000366857),	345	
138	(0.000366857),	394	
138	(0.000366857),	517	
138	(0.000366857),	1403	
139	(0.000369516),	57	
139	(0.000369516),	317	
139	(0.000369516),	729	
139	(0.000369516),	1261	
139	(0.000369516),	1341	
139	(0.000369516),	1415	
140	(0.000372174),	308	
140	(0.000372174),	348	
140	(0.000372174),	437	
140	(0.000372174),	601	
140	(0.000372174),	636	
140	(0.000372174),	841	
140	(0.000372174),	1489	
141	(0.000374833),	55	
141	(0.000374833),	445	
141	(0.000374833),	566	
141	(0.000374833),	1504	
142	(0.000377491),	110	
142	(0.000377491),	114	
142	(0.000377491),	116	
143	(0.000380149),	129	
143	(0.000380149),	275	
143	(0.000380149),	695	
143	(0.000380149),	857	
143	(0.000380149),	1305	
143	(0.000380149),	1514	
145	(0.000385466),	39	
145	(0.000385466),	821	
145	(0.000385466),	959	
145	(0.000385466),	1002	
145	(0.000385466),	1194	
146	(0.000388124),	307	
146	(0.000388124),	901	
146	(0.000388124),	1338	
146	(0.000388124),	1572	
147	(0.000390783),	265	
147	(0.000390783),	904	
147	(0.000390783),	1582	
148	(0.000393441),	312	
148	(0.000393441),	432	
148	(0.000393441),	468	
148	(0.000393441),	906	
148	(0.000393441),	1030	
148	(0.000393441),	1509	
149	(0.0003961),	155	
149	(0.0003961),	401	
149	(0.0003961),	741	
149	(0.0003961),	919	
149	(0.0003961),	1313	
149	(0.0003961),	1507	
149	(0.0003961),	1525	
149	(0.0003961),	1587	
150	(0.000398758),	543	
150	(0.000398758),	786	
151	(0.000401416),	15	
151	(0.000401416),	138	
151	(0.000401416),	346	
151	(0.000401416),	1409	
151	(0.000401416),	1424	
152	(0.000404075),	109	
152	(0.000404075),	485	
152	(0.000404075),	938	
152	(0.000404075),	1461	
153	(0.000406733),	91	
153	(0.000406733),	227	
153	(0.000406733),	342	
153	(0.000406733),	347	
153	(0.000406733),	376	
153	(0.000406733),	479	
153	(0.000406733),	820	
153	(0.000406733),	958	
153	(0.000406733),	1230	
153	(0.000406733),	1354	
153	(0.000406733),	1469	
154	(0.000409392),	351	
154	(0.000409392),	1185	
154	(0.000409392),	1226	
154	(0.000409392),	1241	
154	(0.000409392),	1247	
154	(0.000409392),	1308	
154	(0.000409392),	1487	
155	(0.00041205),	249	
155	(0.00041205),	253	
155	(0.00041205),	475	
155	(0.00041205),	627	
155	(0.00041205),	682	
156	(0.000414708),	88	
156	(0.000414708),	571	
156	(0.000414708),	848	
156	(0.000414708),	859	
156	(0.000414708),	950	
157	(0.000417367),	170	
157	(0.000417367),	311	
157	(0.000417367),	529	
157	(0.000417367),	551	
157	(0.000417367),	948	
157	(0.000417367),	1208	
157	(0.000417367),	1236	
158	(0.000420025),	73	
158	(0.000420025),	309	
158	(0.000420025),	442	
158	(0.000420025),	641	
158	(0.000420025),	771	
158	(0.000420025),	778	
158	(0.000420025),	1411	
159	(0.000422683),	374	
159	(0.000422683),	755	
159	(0.000422683),	830	
159	(0.000422683),	1186	
160	(0.000425342),	13	
160	(0.000425342),	338	
160	(0.000425342),	361	
160	(0.000425342),	366	
160	(0.000425342),	489	
160	(0.000425342),	900	
160	(0.000425342),	1031	
161	(0.000428),	216	
161	(0.000428),	449	
161	(0.000428),	883	
161	(0.000428),	939	
161	(0.000428),	1195	
161	(0.000428),	1397	
161	(0.000428),	1505	
162	(0.000430659),	533	
162	(0.000430659),	1059	
162	(0.000430659),	1077	
162	(0.000430659),	1235	
162	(0.000430659),	1546	
163	(0.000433317),	272	
163	(0.000433317),	653	
163	(0.000433317),	983	
163	(0.000433317),	1014	
163	(0.000433317),	1407	
163	(0.000433317),	1536	
163	(0.000433317),	1585	
164	(0.000435975),	426	
164	(0.000435975),	946	
164	(0.000435975),	972	
164	(0.000435975),	1150	
164	(0.000435975),	1449	
165	(0.000438634),	481	
165	(0.000438634),	655	
165	(0.000438634),	747	
165	(0.000438634),	1037	
165	(0.000438634),	1101	
165	(0.000438634),	1170	
165	(0.000438634),	1554	
166	(0.000441292),	145	
166	(0.000441292),	356	
166	(0.000441292),	583	
166	(0.000441292),	806	
166	(0.000441292),	810	
166	(0.000441292),	987	
166	(0.000441292),	1129	
166	(0.000441292),	1319	
167	(0.000443951),	123	
167	(0.000443951),	286	
167	(0.000443951),	1041	
167	(0.000443951),	1530	
168	(0.000446609),	20	
168	(0.000446609),	45	
168	(0.000446609),	396	
168	(0.000446609),	467	
168	(0.000446609),	578	
168	(0.000446609),	766	
168	(0.000446609),	929	
168	(0.000446609),	1006	
168	(0.000446609),	1184	
168	(0.000446609),	1332	
169	(0.000449267),	393	
169	(0.000449267),	1383	
170	(0.000451926),	18	
170	(0.000451926),	112	
170	(0.000451926),	678	
171	(0.000454584),	70	
171	(0.000454584),	198	
171	(0.000454584),	582	
171	(0.000454584),	1227	
171	(0.000454584),	1318	
171	(0.000454584),	1406	
172	(0.000457243),	310	
172	(0.000457243),	572	
172	(0.000457243),	623	
172	(0.000457243),	1132	
172	(0.000457243),	1193	
172	(0.000457243),	1233	
172	(0.000457243),	1234	
172	(0.000457243),	1277	
172	(0.000457243),	1494	
173	(0.000459901),	87	
173	(0.000459901),	150	
173	(0.000459901),	431	
173	(0.000459901),	494	
173	(0.000459901),	631	
173	(0.000459901),	811	
173	(0.000459901),	861	
173	(0.000459901),	1486	
173	(0.000459901),	1550	
174	(0.000462559),	316	
175	(0.000465218),	224	
175	(0.000465218),	273	
175	(0.000465218),	594	
175	(0.000465218),	603	
175	(0.000465218),	882	
175	(0.000465218),	942	
175	(0.000465218),	963	
175	(0.000465218),	1024	
175	(0.000465218),	1103	
175	(0.000465218),	1263	
175	(0.000465218),	1559	
176	(0.000467876),	165	
176	(0.000467876),	299	
176	(0.000467876),	887	
176	(0.000467876),	1127	
176	(0.000467876),	1477	
177	(0.000470534),	166	
177	(0.000470534),	270	
178	(0.000473193),	215	
178	(0.000473193),	230	
178	(0.000473193),	559	
178	(0.000473193),	668	
178	(0.000473193),	877	
179	(0.000475851),	93	
179	(0.000475851),	528	
179	(0.000475851),	652	
179	(0.000475851),	675	
179	(0.000475851),	1393	
179	(0.000475851),	1561	
180	(0.00047851),	96	
180	(0.00047851),	152	
180	(0.00047851),	518	
180	(0.00047851),	711	
180	(0.00047851),	1404	
181	(0.000481168),	540	
181	(0.000481168),	1259	
182	(0.000483826),	322	
182	(0.000483826),	1432	
183	(0.000486485),	6	
183	(0.000486485),	47	
183	(0.000486485),	81	
183	(0.000486485),	238	
183	(0.000486485),	267	
183	(0.000486485),	1539	
184	(0.000489143),	530	
184	(0.000489143),	673	
184	(0.000489143),	980	
184	(0.000489143),	1542	
185	(0.000491802),	203	
185	(0.000491802),	446	
185	(0.000491802),	513	
185	(0.000491802),	1455	
186	(0.00049446),	236	
186	(0.00049446),	596	
186	(0.00049446),	737	
186	(0.00049446),	1079	
186	(0.00049446),	1317	
186	(0.00049446),	1547	
187	(0.000497118),	46	
187	(0.000497118),	340	
187	(0.000497118),	998	
187	(0.000497118),	1130	
187	(0.000497118),	1242	
188	(0.000499777),	43	
188	(0.000499777),	672	
188	(0.000499777),	978	
188	(0.000499777),	1389	
188	(0.000499777),	1480	
188	(0.000499777),	1541	
189	(0.000502435),	193	
189	(0.000502435),	283	
189	(0.000502435),	462	
189	(0.000502435),	1222	
189	(0.000502435),	1478	
189	(0.000502435),	1578	
190	(0.000505093),	371	
190	(0.000505093),	799	
190	(0.000505093),	1063	
190	(0.000505093),	1188	
190	(0.000505093),	1189	
190	(0.000505093),	1491	
191	(0.000507752),	213	
191	(0.000507752),	628	
191	(0.000507752),	1036	
191	(0.000507752),	1321	
191	(0.000507752),	1506	
192	(0.00051041),	8	
192	(0.00051041),	22	
192	(0.00051041),	567	
192	(0.00051041),	953	
192	(0.00051041),	1094	
192	(0.00051041),	1395	
193	(0.000513069),	643	
193	(0.000513069),	992	
193	(0.000513069),	1485	
194	(0.000515727),	211	
194	(0.000515727),	323	
194	(0.000515727),	430	
194	(0.000515727),	1267	
194	(0.000515727),	1497	
195	(0.000518385),	298	
195	(0.000518385),	893	
195	(0.000518385),	1192	
195	(0.000518385),	1493	
196	(0.000521044),	204	
196	(0.000521044),	1239	
196	(0.000521044),	1399	
197	(0.000523702),	612	
197	(0.000523702),	736	
197	(0.000523702),	1255	
197	(0.000523702),	1419	
198	(0.000526361),	98	
198	(0.000526361),	999	
198	(0.000526361),	1460	
199	(0.000529019),	982	
200	(0.000531677),	302	
200	(0.000531677),	954	
200	(0.000531677),	1060	
200	(0.000531677),	1173	
200	(0.000531677),	1180	
200	(0.000531677),	1251	
200	(0.000531677),	1369	
201	(0.000534336),	563	
201	(0.000534336),	1563	
202	(0.000536994),	209	
202	(0.000536994),	260	
202	(0.000536994),	817	
202	(0.000536994),	835	
202	(0.000536994),	1345	
202	(0.000536994),	1380	
203	(0.000539652),	77	
203	(0.000539652),	122	
203	(0.000539652),	570	
203	(0.000539652),	1551	
204	(0.000542311),	178	
204	(0.000542311),	765	
204	(0.000542311),	843	
204	(0.000542311),	878	
204	(0.000542311),	934	
204	(0.000542311),	1368	
205	(0.000544969),	212	
205	(0.000544969),	334	
205	(0.000544969),	592	
205	(0.000544969),	802	
205	(0.000544969),	1285	
205	(0.000544969),	1414	
206	(0.000547628),	732	
206	(0.000547628),	1040	
206	(0.000547628),	1500	
206	(0.000547628),	1599	
207	(0.000550286),	168	
207	(0.000550286),	411	
207	(0.000550286),	498	
207	(0.000550286),	1169	
207	(0.000550286),	1177	
207	(0.000550286),	1342	
208	(0.000552944),	742	
208	(0.000552944),	1430	
209	(0.000555603),	757	
209	(0.000555603),	796	
209	(0.000555603),	840	
209	(0.000555603),	1431	
209	(0.000555603),	1474	
209	(0.000555603),	1518	
210	(0.000558261),	427	
210	(0.000558261),	464	
210	(0.000558261),	690	
210	(0.000558261),	798	
210	(0.000558261),	1071	
210	(0.000558261),	1557	
211	(0.00056092),	23	
211	(0.00056092),	816	
211	(0.00056092),	1565	
212	(0.000563578),	415	
212	(0.000563578),	556	
212	(0.000563578),	822	
212	(0.000563578),	1376	
212	(0.000563578),	1452	
213	(0.000566236),	710	
213	(0.000566236),	996	
213	(0.000566236),	1519	
214	(0.000568895),	226	
214	(0.000568895),	247	
214	(0.000568895),	1141	
215	(0.000571553),	126	
215	(0.000571553),	1517	
215	(0.000571553),	1593	
216	(0.000574212),	69	
216	(0.000574212),	173	
216	(0.000574212),	359	
216	(0.000574212),	557	
216	(0.000574212),	767	
216	(0.000574212),	947	
216	(0.000574212),	1023	
216	(0.000574212),	1290	
216	(0.000574212),	1299	
216	(0.000574212),	1533	
217	(0.00057687),	2	
217	(0.00057687),	237	
217	(0.00057687),	512	
217	(0.00057687),	577	
217	(0.00057687),	709	
217	(0.00057687),	805	
217	(0.00057687),	1084	
217	(0.00057687),	1155	
217	(0.00057687),	1292	
217	(0.00057687),	1408	
218	(0.000579528),	42	
218	(0.000579528),	197	
218	(0.000579528),	444	
218	(0.000579528),	1067	
218	(0.000579528),	1387	
218	(0.000579528),	1479	
219	(0.000582187),	107	
219	(0.000582187),	200	
219	(0.000582187),	331	
219	(0.000582187),	759	
219	(0.000582187),	1126	
220	(0.000584845),	160	
220	(0.000584845),	616	
220	(0.000584845),	680	
220	(0.000584845),	727	
220	(0.000584845),	733	
220	(0.000584845),	738	
220	(0.000584845),	1394	
220	(0.000584845),	1481	
221	(0.000587503),	106	
221	(0.000587503),	335	
221	(0.000587503),	384	
221	(0.000587503),	706	
221	(0.000587503),	792	
221	(0.000587503),	1527	
222	(0.000590162),	29	
223	(0.00059282),	274	
223	(0.00059282),	630	
224	(0.000595479),	599	
225	(0.000598137),	1221	
225	(0.000598137),	1315	
226	(0.000600795),	248	
226	(0.000600795),	324	
226	(0.000600795),	770	
226	(0.000600795),	1400	
226	(0.000600795),	1577	
227	(0.000603454),	32	
229	(0.000608771),	379	
229	(0.000608771),	751	
229	(0.000608771),	1538	
230	(0.000611429),	495	
230	(0.000611429),	739	
230	(0.000611429),	1496	
231	(0.000614087),	1134	
231	(0.000614087),	1362	
231	(0.000614087),	1426	
232	(0.000616746),	424	
232	(0.000616746),	433	
232	(0.000616746),	730	
232	(0.000616746),	1064	
232	(0.000616746),	1114	
233	(0.000619404),	285	
233	(0.000619404),	436	
233	(0.000619404),	866	
233	(0.000619404),	1146	
233	(0.000619404),	1295	
233	(0.000619404),	1396	
234	(0.000622062),	31	
234	(0.000622062),	187	
234	(0.000622062),	465	
234	(0.000622062),	521	
234	(0.000622062),	605	
234	(0.000622062),	920	
234	(0.000622062),	1531	
235	(0.000624721),	21	
235	(0.000624721),	1050	
235	(0.000624721),	1300	
236	(0.000627379),	1280	
236	(0.000627379),	1515	
237	(0.000630038),	161	
237	(0.000630038),	1102	
238	(0.000632696),	855	
238	(0.000632696),	1265	
238	(0.000632696),	1284	
238	(0.000632696),	1347	
239	(0.000635354),	188	
239	(0.000635354),	604	
239	(0.000635354),	827	
239	(0.000635354),	896	
239	(0.000635354),	1159	
239	(0.000635354),	1552	
240	(0.000638013),	146	
240	(0.000638013),	369	
240	(0.000638013),	774	
240	(0.000638013),	1017	
241	(0.000640671),	395	
242	(0.00064333),	158	
242	(0.00064333),	783	
242	(0.00064333),	1027	
243	(0.000645988),	509	
243	(0.000645988),	1088	
243	(0.000645988),	1163	
244	(0.000648646),	496	
244	(0.000648646),	777	
244	(0.000648646),	814	
244	(0.000648646),	1488	
244	(0.000648646),	1549	
245	(0.000651305),	244	
245	(0.000651305),	447	
245	(0.000651305),	1198	
245	(0.000651305),	1584	
246	(0.000653963),	534	
246	(0.000653963),	991	
246	(0.000653963),	1095	
246	(0.000653963),	1520	
246	(0.000653963),	1535	
247	(0.000656622),	83	
247	(0.000656622),	897	
247	(0.000656622),	993	
247	(0.000656622),	1204	
248	(0.00065928),	1138	
250	(0.000664597),	908	
250	(0.000664597),	1107	
251	(0.000667255),	476	
251	(0.000667255),	769	
252	(0.000669913),	156	
252	(0.000669913),	189	
252	(0.000669913),	760	
252	(0.000669913),	773	
252	(0.000669913),	927	
252	(0.000669913),	1244	
253	(0.000672572),	199	
253	(0.000672572),	554	
253	(0.000672572),	611	
254	(0.00067523),	402	
254	(0.00067523),	779	
255	(0.000677889),	54	
255	(0.000677889),	708	
255	(0.000677889),	989	
255	(0.000677889),	1356	
256	(0.000680547),	392	
256	(0.000680547),	1371	
257	(0.000683205),	707	
257	(0.000683205),	734	
257	(0.000683205),	936	
257	(0.000683205),	1091	
258	(0.000685864),	262	
258	(0.000685864),	353	
258	(0.000685864),	1417	
259	(0.000688522),	223	
259	(0.000688522),	239	
259	(0.000688522),	1010	
260	(0.000691181),	776	
260	(0.000691181),	892	
260	(0.000691181),	949	
260	(0.000691181),	1108	
261	(0.000693839),	35	
261	(0.000693839),	140	
261	(0.000693839),	1025	
261	(0.000693839),	1143	
261	(0.000693839),	1245	
261	(0.000693839),	1588	
262	(0.000696497),	546	
262	(0.000696497),	1093	
262	(0.000696497),	1344	
263	(0.000699156),	629	
263	(0.000699156),	1153	
263	(0.000699156),	1157	
264	(0.000701814),	845	
264	(0.000701814),	928	
265	(0.000704472),	66	
265	(0.000704472),	1135	
265	(0.000704472),	1512	
266	(0.000707131),	962	
266	(0.000707131),	973	
266	(0.000707131),	1125	
267	(0.000709789),	504	
267	(0.000709789),	524	
267	(0.000709789),	683	
267	(0.000709789),	763	
267	(0.000709789),	974	
267	(0.000709789),	1458	
267	(0.000709789),	1473	
268	(0.000712448),	16	
268	(0.000712448),	344	
269	(0.000715106),	125	
269	(0.000715106),	1420	
269	(0.000715106),	1423	
270	(0.000717764),	404	
271	(0.000720423),	894	
271	(0.000720423),	1579	
272	(0.000723081),	30	
272	(0.000723081),	428	
272	(0.000723081),	574	
272	(0.000723081),	808	
272	(0.000723081),	889	
272	(0.000723081),	941	
272	(0.000723081),	1043	
272	(0.000723081),	1066	
272	(0.000723081),	1246	
273	(0.00072574),	27	
273	(0.00072574),	195	
273	(0.00072574),	425	
274	(0.000728398),	1131	
275	(0.000731056),	134	
275	(0.000731056),	964	
275	(0.000731056),	1069	
277	(0.000736373),	419	
277	(0.000736373),	1048	
277	(0.000736373),	1385	
279	(0.00074169),	618	
279	(0.00074169),	1248	
279	(0.00074169),	1575	
280	(0.000744348),	912	
281	(0.000747007),	1309	
282	(0.000749665),	132	
282	(0.000749665),	782	
282	(0.000749665),	1206	
283	(0.000752323),	97	
283	(0.000752323),	1270	
284	(0.000754982),	867	
284	(0.000754982),	1360	
285	(0.00075764),	92	
285	(0.00075764),	865	
286	(0.000760299),	282	
286	(0.000760299),	1187	
286	(0.000760299),	1558	
286	(0.000760299),	1586	
287	(0.000762957),	784	
287	(0.000762957),	1252	
288	(0.000765615),	398	
288	(0.000765615),	754	
288	(0.000765615),	1105	
288	(0.000765615),	1327	
290	(0.000770932),	184	
290	(0.000770932),	269	
290	(0.000770932),	354	
290	(0.000770932),	588	
290	(0.000770932),	659	
290	(0.000770932),	694	
291	(0.000773591),	350	
291	(0.000773591),	1306	
292	(0.000776249),	94	
292	(0.000776249),	208	
292	(0.000776249),	606	
293	(0.000778907),	210	
293	(0.000778907),	1534	
294	(0.000781566),	61	
294	(0.000781566),	569	
294	(0.000781566),	1581	
295	(0.000784224),	1001	
295	(0.000784224),	1524	
295	(0.000784224),	1562	
296	(0.000786882),	111	
296	(0.000786882),	438	
296	(0.000786882),	523	
296	(0.000786882),	957	
296	(0.000786882),	1047	
297	(0.000789541),	104	
297	(0.000789541),	874	
298	(0.000792199),	1429	
299	(0.000794858),	828	
300	(0.000797516),	548	
301	(0.000800174),	568	
301	(0.000800174),	593	
301	(0.000800174),	1090	
301	(0.000800174),	1331	
302	(0.000802833),	250	
302	(0.000802833),	291	
302	(0.000802833),	1021	
303	(0.000805491),	417	
303	(0.000805491),	1522	
305	(0.000810808),	1106	
306	(0.000813466),	363	
306	(0.000813466),	649	
306	(0.000813466),	1053	
306	(0.000813466),	1453	
307	(0.000816125),	716	
307	(0.000816125),	1137	
307	(0.000816125),	1336	
307	(0.000816125),	1358	
308	(0.000818783),	1440	
309	(0.000821441),	171	
309	(0.000821441),	456	
310	(0.0008241),	1124	
310	(0.0008241),	1283	
311	(0.000826758),	981	
311	(0.000826758),	1176	
311	(0.000826758),	1334	
312	(0.000829417),	72	
312	(0.000829417),	511	
312	(0.000829417),	836	
312	(0.000829417),	1475	
313	(0.000832075),	121	
313	(0.000832075),	1262	
314	(0.000834733),	506	
314	(0.000834733),	752	
314	(0.000834733),	1038	
314	(0.000834733),	1365	
315	(0.000837392),	37	
315	(0.000837392),	885	
315	(0.000837392),	1501	
316	(0.00084005),	1123	
316	(0.00084005),	1275	
316	(0.00084005),	1340	
317	(0.000842709),	838	
317	(0.000842709),	1199	
318	(0.000845367),	1056	
319	(0.000848025),	924	
320	(0.000850684),	764	
320	(0.000850684),	1115	
320	(0.000850684),	1200	
322	(0.000856001),	149	
322	(0.000856001),	400	
322	(0.000856001),	1225	
323	(0.000858659),	459	
325	(0.000863976),	905	
325	(0.000863976),	985	
326	(0.000866634),	10	
326	(0.000866634),	119	
326	(0.000866634),	1441	
326	(0.000866634),	1564	
327	(0.000869292),	154	
328	(0.000871951),	259	
328	(0.000871951),	500	
328	(0.000871951),	1154	
329	(0.000874609),	691	
329	(0.000874609),	795	
329	(0.000874609),	1499	
330	(0.000877268),	624	
332	(0.000882584),	1165	
332	(0.000882584),	1167	
334	(0.000887901),	553	
335	(0.00089056),	410	
335	(0.00089056),	1448	
336	(0.000893218),	180	
336	(0.000893218),	202	
336	(0.000893218),	281	
336	(0.000893218),	914	
338	(0.000898535),	225	
339	(0.000901193),	1033	
339	(0.000901193),	1119	
340	(0.000903851),	663	
341	(0.00090651),	68	
342	(0.000909168),	744	
342	(0.000909168),	854	
342	(0.000909168),	1092	
345	(0.000917143),	56	
345	(0.000917143),	293	
345	(0.000917143),	1335	
346	(0.000919802),	261	
349	(0.000927777),	1382	
350	(0.000930435),	1384	
351	(0.000933094),	257	
351	(0.000933094),	516	
351	(0.000933094),	1272	
351	(0.000933094),	1310	
352	(0.000935752),	1463	
353	(0.00093841),	797	
354	(0.000941069),	1	
354	(0.000941069),	832	
354	(0.000941069),	1109	
354	(0.000941069),	1220	
355	(0.000943727),	352	
355	(0.000943727),	1008	
357	(0.000949044),	923	
357	(0.000949044),	1112	
361	(0.000959678),	1447	
364	(0.000967653),	103	
365	(0.000970311),	746	
365	(0.000970311),	891	
365	(0.000970311),	1543	
366	(0.00097297),	499	
366	(0.00097297),	514	
366	(0.00097297),	1055	
370	(0.000983603),	573	
371	(0.000986261),	490	
373	(0.000991578),	177	
373	(0.000991578),	280	
373	(0.000991578),	801	
374	(0.000994237),	240	
374	(0.000994237),	651	
374	(0.000994237),	1325	
374	(0.000994237),	1466	
375	(0.000996895),	1483	
375	(0.000996895),	1503	
376	(0.000999553),	38	
377	(0.00100221),	598	
379	(0.00100753),	1442	
380	(0.00101019),	473	
380	(0.00101019),	1378	
382	(0.0010155),	1560	
383	(0.00101816),	1214	
383	(0.00101816),	1467	
384	(0.00102082),	229	
385	(0.00102348),	84	
386	(0.00102614),	689	
388	(0.00103145),	935	
389	(0.00103411),	687	
390	(0.00103677),	256	
391	(0.00103943),	1213	
392	(0.00104209),	1279	
393	(0.00104475),	320	
393	(0.00104475),	1219	
393	(0.00104475),	1293	
393	(0.00104475),	1446	
397	(0.00105538),	1443	
398	(0.00105804),	1374	
399	(0.0010607),	646	
401	(0.00106601),	637	
401	(0.00106601),	1072	
401	(0.00106601),	1136	
402	(0.00106867),	1249	
403	(0.00107133),	1346	
404	(0.00107399),	789	
405	(0.00107665),	1333	
405	(0.00107665),	1476	
406	(0.0010793),	1574	
407	(0.00108196),	915	
409	(0.00108728),	1484	
410	(0.00108994),	1398	
411	(0.0010926),	890	
412	(0.00109526),	336	
415	(0.00110323),	756	
416	(0.00110589),	368	
416	(0.00110589),	1011	
416	(0.00110589),	1083	
416	(0.00110589),	1174	
417	(0.00110855),	1026	
417	(0.00110855),	1339	
420	(0.00111652),	1140	
420	(0.00111652),	1379	
421	(0.00111918),	58	
422	(0.00112184),	321	
423	(0.0011245),	825	
427	(0.00113513),	851	
428	(0.00113779),	575	
428	(0.00113779),	1054	
428	(0.00113779),	1288	
430	(0.00114311),	228	
430	(0.00114311),	484	
430	(0.00114311),	1098	
430	(0.00114311),	1373	
431	(0.00114576),	1569	
432	(0.00114842),	585	
432	(0.00114842),	750	
432	(0.00114842),	1456	
433	(0.00115108),	1281	
434	(0.00115374),	51	
435	(0.0011564),	292	
435	(0.0011564),	721	
436	(0.00115906),	617	
439	(0.00116703),	1269	
440	(0.00116969),	1070	
440	(0.00116969),	1074	
442	(0.00117501),	555	
444	(0.00118032),	403	
444	(0.00118032),	1258	
445	(0.00118298),	1468	
449	(0.00119362),	7	
449	(0.00119362),	24	
450	(0.00119627),	819	
453	(0.00120425),	1410	
453	(0.00120425),	1555	
454	(0.00120691),	1045	
454	(0.00120691),	1164	
455	(0.00120957),	869	
456	(0.00121222),	71	
456	(0.00121222),	591	
456	(0.00121222),	1482	
463	(0.00123083),	1190	
463	(0.00123083),	1464	
464	(0.00123349),	829	
469	(0.00124678),	162	
471	(0.0012521),	844	
473	(0.00125742),	1413	
478	(0.00127071),	1085	
479	(0.00127337),	1434	
480	(0.00127603),	1439	
481	(0.00127868),	82	
482	(0.00128134),	880	
489	(0.00129995),	925	
494	(0.00131324),	1087	
496	(0.00131856),	1171	
498	(0.00132388),	1350	
499	(0.00132653),	1372	
506	(0.00134514),	1254	
508	(0.00135046),	979	
510	(0.00135578),	1111	
510	(0.00135578),	1209	
511	(0.00135844),	886	
511	(0.00135844),	1282	
511	(0.00135844),	1548	
514	(0.00136641),	850	
516	(0.00137173),	221	
516	(0.00137173),	1042	
517	(0.00137439),	113	
518	(0.00137704),	52	
518	(0.00137704),	658	
520	(0.00138236),	36	
521	(0.00138502),	1253	
525	(0.00139565),	450	
525	(0.00139565),	1089	
526	(0.00139831),	945	
527	(0.00140097),	868	
530	(0.00140894),	909	
534	(0.00141958),	1207	
536	(0.0014249),	871	
537	(0.00142755),	319	
538	(0.00143021),	313	
539	(0.00143287),	263	
542	(0.00144085),	852	
545	(0.00144882),	491	
545	(0.00144882),	1291	
545	(0.00144882),	1326	
546	(0.00145148),	1307	
551	(0.00146477),	762	
552	(0.00146743),	1032	
553	(0.00147009),	34	
556	(0.00147806),	597	
556	(0.00147806),	1096	
557	(0.00148072),	547	
559	(0.00148604),	1009	
560	(0.0014887),	1046	
560	(0.0014887),	1589	
577	(0.00153389),	1471	
578	(0.00153655),	635	
582	(0.00154718),	362	
583	(0.00154984),	1425	
593	(0.00157642),	44	
593	(0.00157642),	264	
593	(0.00157642),	377	
604	(0.00160567),	1316	
606	(0.00161098),	1545	
611	(0.00162427),	1421	
615	(0.00163491),	1061	
627	(0.00166681),	589	
635	(0.00168808),	457	
641	(0.00170403),	899	
651	(0.00173061),	80	
654	(0.00173858),	1381	
661	(0.00175719),	1390	
680	(0.0018077),	910	
690	(0.00183429),	1062	
695	(0.00184758),	847	
701	(0.00186353),	454	
701	(0.00186353),	1044	
708	(0.00188214),	1571	
713	(0.00189543),	492	
714	(0.00189809),	1051	
717	(0.00190606),	136	
765	(0.00203367),	142	
780	(0.00207354),	86	
798	(0.00212139),	301	
827	(0.00219849),	412	
837	(0.00222507),	688	
859	(0.00228355),	1544	
895	(0.00237926),	1428	
906	(0.0024085),	1590	
908	(0.00241382),	696	
936	(0.00248825),	1168	
942	(0.0025042),	902	
965	(0.00256534),	1402	
970	(0.00257864),	76	
971	(0.00258129),	1240	
975	(0.00259193),	370	
991	(0.00263446),	1526	
1000	(0.00265839),	818	
1001	(0.00266105),	12	
1003	(0.00266636),	74	
1027	(0.00273016),	1110	
1064	(0.00282852),	375	
1142	(0.00303588),	243	
1181	(0.00313955),	1435	
1185	(0.00315019),	698	
1227	(0.00326184),	1223	
1581	(0.00420291),	50	
1606	(0.00426937),	1057	
1822	(0.00484358),	1097	
6067	(0.0161284),	49	
15425	(0.0410056),	0	
18497	(0.0491722),	48	

#total 376168 (1.04491h)

LOG (analyze-counts[5.5.294-06484]:main():analyze-counts.cc:194) Summed 1232 int32 vectors to counts, skipped 0 vectors.
LOG (analyze-counts[5.5.294-06484]:main():analyze-counts.cc:196) Counts written to exp/dnn4_pretrain-dbn_dnn/ali_train_pdf.counts
