nsclab-gpu
nnet-train-frmshuff --cross-validate=false --randomize=true --verbose=0 --minibatch-size=256 --randomizer-size=32768 --randomizer-seed=777 --learn-rate=0.0005 --momentum=0 --l1-penalty=0 --l2-penalty=0 --feature-transform=exp/dnn4_pretrain-dbn_dnn/final.feature_transform 'ark:copy-feats scp:exp/dnn4_pretrain-dbn_dnn/train.scp ark:- |' 'ark:ali-to-pdf exp/tri3_ali/final.mdl "ark:gunzip -c exp/tri3_ali/ali.*.gz |" ark:- | ali-to-post ark:- ark:- |' exp/dnn4_pretrain-dbn_dnn/nnet/nnet_dbn_dnn_iter07_learnrate0.001_tr0.9182_cv1.9831 exp/dnn4_pretrain-dbn_dnn/nnet/nnet_dbn_dnn_iter08 
WARNING (nnet-train-frmshuff[5.5.294-06484]:SelectGpuId():cu-device.cc:221) Not in compute-exclusive mode.  Suggestion: use 'nvidia-smi -c 3' to set compute exclusive mode
LOG (nnet-train-frmshuff[5.5.294-06484]:SelectGpuIdAuto():cu-device.cc:349) Selecting from 2 GPUs
LOG (nnet-train-frmshuff[5.5.294-06484]:SelectGpuIdAuto():cu-device.cc:364) cudaSetDevice(0): TITAN Xp	free:12023M, used:173M, total:12196M, free/total:0.985815
LOG (nnet-train-frmshuff[5.5.294-06484]:SelectGpuIdAuto():cu-device.cc:364) cudaSetDevice(1): TITAN Xp	free:11888M, used:304M, total:12192M, free/total:0.975062
LOG (nnet-train-frmshuff[5.5.294-06484]:SelectGpuIdAuto():cu-device.cc:411) Trying to select device: 0 (automatically), mem_ratio: 0.985815
LOG (nnet-train-frmshuff[5.5.294-06484]:SelectGpuIdAuto():cu-device.cc:430) Success selecting device 0 free mem ratio: 0.985815
LOG (nnet-train-frmshuff[5.5.294-06484]:FinalizeActiveGpu():cu-device.cc:284) The active GPU is [0]: TITAN Xp	free:11957M, used:239M, total:12196M, free/total:0.980403 version 6.1
copy-feats scp:exp/dnn4_pretrain-dbn_dnn/train.scp ark:- 
LOG (nnet-train-frmshuff[5.5.294-06484]:Init():nnet-randomizer.cc:32) Seeding by srand with : 777
LOG (nnet-train-frmshuff[5.5.294-06484]:main():nnet-train-frmshuff.cc:163) TRAINING STARTED
ali-to-pdf exp/tri3_ali/final.mdl 'ark:gunzip -c exp/tri3_ali/ali.*.gz |' ark:- 
ali-to-post ark:- ark:- 
LOG (ali-to-pdf[5.5.294-06484]:main():ali-to-pdf.cc:68) Converted 1232 alignments to pdf sequences.
LOG (nnet-train-frmshuff[5.5.294-06484]:main():nnet-train-frmshuff.cc:354) ### After 0 frames,
LOG (nnet-train-frmshuff[5.5.294-06484]:main():nnet-train-frmshuff.cc:355) 
### FORWARD PROPAGATION BUFFER CONTENT :
[0] output of <Input>  ( min -7.2475, max 7.77538, mean -0.00464958, stddev 0.983373, skewness 0.0162194, kurtosis 1.92828 ) 
[1] output of <AffineTransform> ( min -28.3611, max 24.1604, mean -3.31352, stddev 3.82748, skewness 0.13657, kurtosis 1.294 ) 
[2] output of <Sigmoid> ( min 4.81893e-13, max 1, mean 0.198456, stddev 0.305529, skewness 1.56037, kurtosis 1.01811 ) 
[3] output of <AffineTransform> ( min -27.9393, max 15.529, mean -3.945, stddev 2.70459, skewness -0.0720738, kurtosis 2.23437 ) 
[4] output of <Sigmoid> ( min 7.3471e-13, max 1, mean 0.0997494, stddev 0.192465, skewness 2.86764, kurtosis 8.1435 ) 
[5] output of <AffineTransform> ( min -14.6578, max 10.7618, mean -3.12307, stddev 1.98249, skewness 0.563889, kurtosis 2.3096 ) 
[6] output of <Sigmoid> ( min 4.30713e-07, max 0.999979, mean 0.113248, stddev 0.188772, skewness 2.75488, kurtosis 7.69251 ) 
[7] output of <AffineTransform> ( min -23.8781, max 16.3531, mean -2.82282, stddev 2.29198, skewness 0.579474, kurtosis 2.88581 ) 
[8] output of <Sigmoid> ( min 4.26474e-11, max 1, mean 0.152283, stddev 0.232632, skewness 2.09888, kurtosis 3.69348 ) 
[9] output of <AffineTransform> ( min -16.1051, max 17.2608, mean -2.81474, stddev 2.86047, skewness 1.31885, kurtosis 2.56715 ) 
[10] output of <Sigmoid> ( min 1.01308e-07, max 1, mean 0.179379, stddev 0.292189, skewness 1.75921, kurtosis 1.73262 ) 
[11] output of <AffineTransform> ( min -30.8875, max 20.2886, mean -3.56692, stddev 3.57417, skewness 1.02342, kurtosis 3.18036 ) 
[12] output of <Sigmoid> ( min 3.85227e-14, max 1, mean 0.153613, stddev 0.297319, skewness 2.00171, kurtosis 2.4816 ) 
[13] output of <AffineTransform> ( min -13.3685, max 21.1901, mean -0.0102958, stddev 3.4506, skewness 0.534617, kurtosis 0.981275 ) 
[14] output of <Softmax> ( min 4.54801e-15, max 0.99985, mean 0.000624925, stddev 0.0173891, skewness 40.745, kurtosis 1833.44 ) 
### END FORWARD

LOG (nnet-train-frmshuff[5.5.294-06484]:main():nnet-train-frmshuff.cc:357) 
### BACKWARD PROPAGATION BUFFER CONTENT :
[0] diff of <Input>  ( min -0.630879, max 0.760569, mean -0.000383978, stddev 0.0485666, skewness 0.0862941, kurtosis 13.3449 ) 
[1] diff-output of <AffineTransform> ( min -0.312257, max 0.238538, mean 9.60773e-06, stddev 0.00991049, skewness 0.0340916, kurtosis 57.9703 ) 
[2] diff-output of <Sigmoid> ( min -1.32806, max 1.24802, mean -0.00028645, stddev 0.0880063, skewness -0.035157, kurtosis 11.7117 ) 
[3] diff-output of <AffineTransform> ( min -0.355019, max 0.298184, mean 5.26445e-05, stddev 0.0109051, skewness 0.0654203, kurtosis 74.7006 ) 
[4] diff-output of <Sigmoid> ( min -1.48442, max 1.44139, mean 9.74698e-06, stddev 0.113733, skewness -0.0204644, kurtosis 11.5009 ) 
[5] diff-output of <AffineTransform> ( min -0.29456, max 0.295494, mean 5.91896e-05, stddev 0.011127, skewness 0.276152, kurtosis 56.2312 ) 
[6] diff-output of <Sigmoid> ( min -1.99264, max 1.89378, mean 0.000337164, stddev 0.0968113, skewness -0.00773037, kurtosis 13.6125 ) 
[7] diff-output of <AffineTransform> ( min -0.227952, max 0.198133, mean 4.17138e-05, stddev 0.00927327, skewness 0.257637, kurtosis 41.315 ) 
[8] diff-output of <Sigmoid> ( min -1.1714, max 0.981022, mean 2.57366e-06, stddev 0.0690762, skewness -0.0367609, kurtosis 12.1835 ) 
[9] diff-output of <AffineTransform> ( min -0.181153, max 0.200459, mean 3.09857e-05, stddev 0.00693111, skewness -0.0324316, kurtosis 46.3362 ) 
[10] diff-output of <Sigmoid> ( min -0.739373, max 0.87912, mean 0.000109005, stddev 0.0527746, skewness -0.0347757, kurtosis 15.3808 ) 
[11] diff-output of <AffineTransform> ( min -0.329335, max 0.208405, mean 3.31632e-05, stddev 0.00791645, skewness -0.321801, kurtosis 71.2885 ) 
[12] diff-output of <Sigmoid> ( min -2.40148, max 1.68079, mean 0.000139395, stddev 0.0837497, skewness -0.0950544, kurtosis 11.3697 ) 
[13] diff-output of <AffineTransform> ( min -0.999968, max 0.917444, mean -7.91973e-09, stddev 0.0164333, skewness -27.264, kurtosis 2029.15 ) 
[14] diff-output of <Softmax> ( min -0.999968, max 0.917444, mean -7.91973e-09, stddev 0.0164333, skewness -27.264, kurtosis 2029.15 ) 
### END BACKWARD


LOG (nnet-train-frmshuff[5.5.294-06484]:main():nnet-train-frmshuff.cc:358) 
### GRADIENT STATS :
Component 1 : <AffineTransform>, 
  linearity_grad ( min -1.36325, max 1.25099, mean -0.00299765, stddev 0.150946, skewness -0.0202838, kurtosis 1.88867 ) , lr-coef 1, max-norm 0
  bias_grad ( min -0.573696, max 0.582735, mean 0.0024596, stddev 0.160084, skewness -0.0980032, kurtosis 0.614076 ) , lr-coef 1
Component 2 : <Sigmoid>, 
Component 3 : <AffineTransform>, 
  linearity_grad ( min -0.717422, max 1.02442, mean 0.00245071, stddev 0.0630672, skewness 0.313113, kurtosis 6.81371 ) , lr-coef 1, max-norm 0
  bias_grad ( min -0.63158, max 1.10038, mean 0.013477, stddev 0.181567, skewness 0.470517, kurtosis 2.45154 ) , lr-coef 1
Component 4 : <Sigmoid>, 
Component 5 : <AffineTransform>, 
  linearity_grad ( min -0.666982, max 0.691888, mean 0.00153705, stddev 0.038904, skewness 0.464037, kurtosis 11.7993 ) , lr-coef 1, max-norm 0
  bias_grad ( min -0.675893, max 1.08146, mean 0.0151525, stddev 0.193379, skewness 0.50656, kurtosis 2.89302 ) , lr-coef 1
Component 6 : <Sigmoid>, 
Component 7 : <AffineTransform>, 
  linearity_grad ( min -0.456312, max 0.539065, mean 0.00122638, stddev 0.0331688, skewness 0.474189, kurtosis 10.6643 ) , lr-coef 1, max-norm 0
  bias_grad ( min -0.614901, max 0.860903, mean 0.0106788, stddev 0.159033, skewness 0.464983, kurtosis 2.39914 ) , lr-coef 1
Component 8 : <Sigmoid>, 
Component 9 : <AffineTransform>, 
  linearity_grad ( min -0.432269, max 0.377784, mean 0.0012408, stddev 0.0314286, skewness 0.0426222, kurtosis 8.31529 ) , lr-coef 1, max-norm 0
  bias_grad ( min -0.64424, max 0.513381, mean 0.00793233, stddev 0.11752, skewness 0.000380591, kurtosis 3.53317 ) , lr-coef 1
Component 10 : <Sigmoid>, 
Component 11 : <AffineTransform>, 
  linearity_grad ( min -0.482356, max 0.505596, mean 0.00170328, stddev 0.0430399, skewness 0.108018, kurtosis 8.78803 ) , lr-coef 1, max-norm 0
  bias_grad ( min -0.630085, max 0.672361, mean 0.00848983, stddev 0.130368, skewness 0.0302725, kurtosis 2.64307 ) , lr-coef 1
Component 12 : <Sigmoid>, 
Component 13 : <AffineTransform>, 
  linearity_grad ( min -4.63401, max 2.67465, mean -3.49465e-08, stddev 0.0928528, skewness -5.4778, kurtosis 124.107 ) , lr-coef 1, max-norm 0
  bias_grad ( min -4.58537, max 2.60201, mean -7.7486e-09, stddev 0.294889, skewness -3.27467, kurtosis 47.052 ) , lr-coef 1
Component 14 : <Softmax>, 
### END GRADIENT

LOG (ali-to-post[5.5.294-06484]:main():ali-to-post.cc:73) Converted 1232 alignments.
LOG (copy-feats[5.5.294-06484]:main():copy-feats.cc:143) Copied 1112 feature matrices.
LOG (nnet-train-frmshuff[5.5.294-06484]:main():nnet-train-frmshuff.cc:384) ### After 338432 frames,
LOG (nnet-train-frmshuff[5.5.294-06484]:main():nnet-train-frmshuff.cc:385) 
### FORWARD PROPAGATION BUFFER CONTENT :
[0] output of <Input>  ( min -7.50193, max 6.77601, mean -0.00405738, stddev 0.997423, skewness -0.00626004, kurtosis 2.0657 ) 
[1] output of <AffineTransform> ( min -29.7904, max 21.1265, mean -3.30438, stddev 3.86333, skewness 0.111086, kurtosis 1.27155 ) 
[2] output of <Sigmoid> ( min 1.15395e-13, max 1, mean 0.200578, stddev 0.307304, skewness 1.5431, kurtosis 0.955694 ) 
[3] output of <AffineTransform> ( min -33.2315, max 16.8066, mean -3.95266, stddev 2.72469, skewness -0.115119, kurtosis 2.29685 ) 
[4] output of <Sigmoid> ( min 3.69625e-15, max 1, mean 0.100232, stddev 0.193611, skewness 2.85928, kurtosis 8.06425 ) 
[5] output of <AffineTransform> ( min -14.1828, max 12.2392, mean -3.11376, stddev 1.99884, skewness 0.55256, kurtosis 2.28972 ) 
[6] output of <Sigmoid> ( min 6.92638e-07, max 0.999995, mean 0.114832, stddev 0.191047, skewness 2.71944, kurtosis 7.42104 ) 
[7] output of <AffineTransform> ( min -23.7142, max 15.6231, mean -2.81206, stddev 2.32183, skewness 0.546771, kurtosis 2.78233 ) 
[8] output of <Sigmoid> ( min 5.02404e-11, max 1, mean 0.155136, stddev 0.235825, skewness 2.05598, kurtosis 3.47137 ) 
[9] output of <AffineTransform> ( min -16.9582, max 17.7329, mean -2.79872, stddev 2.90217, skewness 1.31395, kurtosis 2.55146 ) 
[10] output of <Sigmoid> ( min 4.31651e-08, max 1, mean 0.181884, stddev 0.295028, skewness 1.7369, kurtosis 1.63829 ) 
[11] output of <AffineTransform> ( min -30.2577, max 19.2083, mean -3.55214, stddev 3.61254, skewness 1.02299, kurtosis 3.14094 ) 
[12] output of <Sigmoid> ( min 7.2317e-14, max 1, mean 0.156216, stddev 0.300377, skewness 1.96836, kurtosis 2.3308 ) 
[13] output of <AffineTransform> ( min -14.6123, max 21.7246, mean -0.0142459, stddev 3.51381, skewness 0.507318, kurtosis 0.893821 ) 
[14] output of <Softmax> ( min 4.87566e-15, max 0.993286, mean 0.000624927, stddev 0.0183812, skewness 41.5561, kurtosis 1869.12 ) 
### END FORWARD

LOG (nnet-train-frmshuff[5.5.294-06484]:main():nnet-train-frmshuff.cc:387) 
### BACKWARD PROPAGATION BUFFER CONTENT :
[0] diff of <Input>  ( min -1.22449, max 1.41702, mean -0.00063267, stddev 0.0421024, skewness 0.160619, kurtosis 39.034 ) 
[1] diff-output of <AffineTransform> ( min -0.357129, max 0.272466, mean -2.27486e-05, stddev 0.00834119, skewness -0.232326, kurtosis 71.8188 ) 
[2] diff-output of <Sigmoid> ( min -1.51182, max 1.33407, mean -0.000101861, stddev 0.0737874, skewness -0.0712778, kurtosis 13.5366 ) 
[3] diff-output of <AffineTransform> ( min -0.272044, max 0.221382, mean -4.11268e-05, stddev 0.00910286, skewness -0.445107, kurtosis 72.2643 ) 
[4] diff-output of <Sigmoid> ( min -1.58083, max 1.54286, mean 0.000215121, stddev 0.0967459, skewness -0.0133056, kurtosis 12.5308 ) 
[5] diff-output of <AffineTransform> ( min -0.286783, max 0.346042, mean -6.86453e-05, stddev 0.00938619, skewness -0.439905, kurtosis 60.0001 ) 
[6] diff-output of <Sigmoid> ( min -1.60052, max 1.63688, mean -0.000417244, stddev 0.0822829, skewness -0.117865, kurtosis 13.1586 ) 
[7] diff-output of <AffineTransform> ( min -0.227928, max 0.223342, mean -4.79948e-05, stddev 0.00785036, skewness -0.238778, kurtosis 45.1937 ) 
[8] diff-output of <Sigmoid> ( min -1.14208, max 0.897859, mean -0.000213084, stddev 0.0584221, skewness -0.0624156, kurtosis 12.6624 ) 
[9] diff-output of <AffineTransform> ( min -0.129914, max 0.141912, mean -3.50137e-05, stddev 0.0058463, skewness -0.174253, kurtosis 43.6008 ) 
[10] diff-output of <Sigmoid> ( min -0.792159, max 0.621201, mean 2.78126e-05, stddev 0.0447037, skewness -0.137873, kurtosis 14.8268 ) 
[11] diff-output of <AffineTransform> ( min -0.215492, max 0.20593, mean -3.12433e-05, stddev 0.00673378, skewness -0.293031, kurtosis 59.3557 ) 
[12] diff-output of <Sigmoid> ( min -1.24911, max 1.34518, mean -0.000345949, stddev 0.0714951, skewness -0.168492, kurtosis 8.42358 ) 
[13] diff-output of <AffineTransform> ( min -0.999603, max 0.781274, mean -5.37606e-09, stddev 0.0144175, skewness -31.843, kurtosis 2502.74 ) 
[14] diff-output of <Softmax> ( min -0.999603, max 0.781274, mean -5.37606e-09, stddev 0.0144175, skewness -31.843, kurtosis 2502.74 ) 
### END BACKWARD


LOG (nnet-train-frmshuff[5.5.294-06484]:main():nnet-train-frmshuff.cc:388) 
### GRADIENT STATS :
Component 1 : <AffineTransform>, 
  linearity_grad ( min -1.45361, max 1.77129, mean -0.00085104, stddev 0.131767, skewness 0.0155415, kurtosis 2.67521 ) , lr-coef 1, max-norm 0
  bias_grad ( min -0.570044, max 0.892099, mean -0.00582362, stddev 0.15192, skewness 0.241647, kurtosis 1.47158 ) , lr-coef 1
Component 2 : <Sigmoid>, 
Component 3 : <AffineTransform>, 
  linearity_grad ( min -0.746665, max 0.611815, mean -0.00199873, stddev 0.0553681, skewness -0.10801, kurtosis 6.00152 ) , lr-coef 1, max-norm 0
  bias_grad ( min -0.681588, max 0.637794, mean -0.0105285, stddev 0.16061, skewness -0.0332687, kurtosis 1.60252 ) , lr-coef 1
Component 4 : <Sigmoid>, 
Component 5 : <AffineTransform>, 
  linearity_grad ( min -0.776137, max 0.581964, mean -0.00185621, stddev 0.0356739, skewness -0.474869, kurtosis 14.5338 ) , lr-coef 1, max-norm 0
  bias_grad ( min -0.897256, max 0.808199, mean -0.0175732, stddev 0.180296, skewness -0.309019, kurtosis 2.84038 ) , lr-coef 1
Component 6 : <Sigmoid>, 
Component 7 : <AffineTransform>, 
  linearity_grad ( min -0.582685, max 0.560544, mean -0.00136646, stddev 0.030284, skewness -0.198867, kurtosis 11.7143 ) , lr-coef 1, max-norm 0
  bias_grad ( min -0.725676, max 0.657492, mean -0.0122867, stddev 0.149174, skewness -0.00421986, kurtosis 2.6402 ) , lr-coef 1
Component 8 : <Sigmoid>, 
Component 9 : <AffineTransform>, 
  linearity_grad ( min -0.325917, max 0.35444, mean -0.00137249, stddev 0.0280256, skewness -0.374926, kurtosis 8.10981 ) , lr-coef 1, max-norm 0
  bias_grad ( min -0.560407, max 0.38722, mean -0.0089635, stddev 0.106035, skewness -0.405346, kurtosis 3.29351 ) , lr-coef 1
Component 10 : <Sigmoid>, 
Component 11 : <AffineTransform>, 
  linearity_grad ( min -0.483918, max 0.376929, mean -0.00118794, stddev 0.0393002, skewness -0.425349, kurtosis 8.21224 ) , lr-coef 1, max-norm 0
  bias_grad ( min -0.466504, max 0.417615, mean -0.00799828, stddev 0.121347, skewness -0.351097, kurtosis 1.74687 ) , lr-coef 1
Component 12 : <Sigmoid>, 
Component 13 : <AffineTransform>, 
  linearity_grad ( min -2.30411, max 1.68267, mean -5.97641e-09, stddev 0.0789309, skewness -4.87445, kurtosis 83.3053 ) , lr-coef 1, max-norm 0
  bias_grad ( min -2.27128, max 1.68276, mean -7.45058e-09, stddev 0.231005, skewness -1.84755, kurtosis 14.0453 ) , lr-coef 1
Component 14 : <Softmax>, 
### END GRADIENT

LOG (nnet-train-frmshuff[5.5.294-06484]:main():nnet-train-frmshuff.cc:395) Done 1112 files, 0 with no tgt_mats, 0 with other errors. [TRAINING, RANDOMIZED, 0.0780563 min, processing 72262.4 frames per sec; i/o time 5.1959%]
LOG (nnet-train-frmshuff[5.5.294-06484]:main():nnet-train-frmshuff.cc:405) PER-CLASS PERFORMANCE:
@@@ Frames per-class: [ 14106 318 182 101 16 23 147 394 174 74 294 47 870 141 67 129 255 114 165 74 149 213 181 183 408 103 94 245 56 199 233 219 209 78 485 234 501 261 303 129 32 34 202 163 535 145 178 160 16656 5473 1407 385 440 102 243 122 303 118 380 0 107 271 58 97 93 86 243 57 294 191 144 415 282 143 874 110 864 152 49 13 569 154 448 222 342 20 710 155 141 68 76 139 255 166 278 70 165 257 182 92 99 60 29 327 272 85 199 196 15 111 124 263 142 460 128 77 124 98 17 288 88 277 175 145 85 235 203 106 16 130 103 96 261 105 225 47 654 102 126 63 230 68 627 94 106 150 211 42 124 289 144 100 161 98 300 136 229 44 206 11 193 224 432 114 59 162 165 82 201 60 143 259 59 211 112 0 74 325 188 0 308 89 60 48 267 60 114 213 217 233 69 84 34 171 117 241 110 199 148 224 208 100 318 174 185 100 39 85 279 178 263 182 189 160 112 158 150 96 122 83 71 465 110 243 156 322 191 131 401 380 136 112 84 62 69 94 171 202 164 237 323 105 117 1041 218 21 103 173 175 146 274 69 106 143 83 59 358 320 29 312 180 310 237 470 549 136 85 158 80 245 175 26 156 156 198 132 23 84 27 70 350 301 265 162 4 208 159 83 111 119 62 231 365 304 54 85 79 76 168 163 124 705 189 106 48 121 19 123 117 137 169 141 132 456 113 108 147 127 25 491 355 389 168 188 199 87 83 96 64 68 88 197 54 111 190 205 366 44 139 111 166 116 142 17 246 129 132 136 118 101 283 141 319 231 267 110 156 104 38 203 22 154 518 287 30 115 144 23 375 214 888 167 91 50 151 941 147 529 88 198 86 42 20 103 215 7 131 37 106 81 22 12 221 160 126 219 148 121 262 96 292 133 232 397 251 83 68 117 120 105 280 174 760 20 61 190 113 277 70 233 90 65 10 85 200 246 146 190 262 32 169 140 133 203 48 20 191 113 261 70 14 67 149 131 195 140 173 225 118 142 479 20 65 121 644 103 272 567 0 296 110 125 160 72 193 209 23 154 136 123 42 101 71 350 71 132 225 118 52 133 131 151 84 16 351 136 37 102 80 155 336 499 610 12 156 207 219 45 193 336 298 26 79 88 241 108 284 67 113 217 108 268 207 177 338 0 305 120 149 24 75 211 69 271 255 39 24 38 172 143 166 104 74 156 223 90 72 29 82 110 165 110 21 127 56 70 231 501 270 74 7 137 123 314 232 395 203 187 41 160 122 17 81 166 128 40 126 167 271 254 173 133 146 338 236 381 113 188 153 16 31 122 164 152 22 403 94 16 266 540 9 424 185 271 152 51 169 517 345 194 95 131 53 165 217 206 266 69 37 89 10 229 185 91 95 46 196 393 238 61 98 65 90 158 275 81 102 141 157 238 200 153 34 93 114 536 130 350 119 108 80 155 62 182 91 71 357 98 68 287 22 338 165 148 65 150 43 19 475 257 27 112 101 300 81 75 49 62 166 121 115 96 155 149 114 163 60 77 150 33 195 123 137 225 13 96 1 371 772 359 185 304 20 19 266 123 818 63 1086 46 67 11 30 81 10 43 201 243 244 188 190 152 28 79 20 11 286 81 50 67 51 394 74 59 133 106 100 187 12 118 214 93 178 180 230 63 181 177 200 223 108 128 194 131 308 105 338 145 9 47 366 206 283 41 270 145 334 161 60 200 224 66 501 255 295 186 156 187 52 224 200 154 11 230 236 109 237 192 144 232 96 14 257 201 241 13 135 54 40 360 65 120 202 78 92 300 194 309 191 175 92 336 191 76 30 198 155 34 242 103 151 159 81 34 239 79 193 187 894 389 136 108 191 100 92 356 115 212 250 415 139 101 304 13 96 177 271 105 284 17 199 129 1 184 412 238 105 621 144 87 465 395 487 106 311 221 12 120 85 137 17 153 113 92 58 238 214 264 478 417 92 505 132 126 271 46 78 163 182 80 434 59 158 155 94 295 460 167 110 239 370 337 231 178 243 94 209 244 6 572 148 133 853 101 140 298 137 110 210 495 597 87 244 98 307 351 125 50 122 130 203 116 71 317 281 439 117 229 237 160 74 14 68 0 179 352 232 39 133 161 95 239 159 52 55 475 149 208 139 238 143 13 107 166 174 77 63 265 134 130 27 75 250 167 217 98 105 107 7 35 22 33 161 244 236 88 96 74 173 431 163 277 184 154 69 301 65 155 55 235 28 214 170 218 43 55 187 121 171 187 83 253 141 91 98 50 139 63 314 513 250 377 20 20 151 50 93 210 102 8 75 294 127 188 138 219 387 206 58 42 144 160 500 297 122 109 157 150 293 122 184 135 454 256 639 430 514 276 260 11 205 603 30 294 400 314 275 1369 13 135 174 545 623 167 212 18 228 189 8 269 378 188 368 54 407 110 66 152 72 182 17 70 15 364 187 435 117 417 215 453 278 238 307 229 170 222 514 1659 385 27 29 135 197 165 95 257 265 225 234 324 927 460 300 79 209 290 73 105 104 301 57 72 71 288 277 257 196 163 88 149 159 249 147 133 209 222 383 280 233 81 385 205 66 221 90 97 206 21 51 102 157 112 55 247 289 199 94 253 66 209 60 71 91 216 394 303 128 297 867 202 154 463 68 187 379 101 293 182 46 44 166 97 74 114 137 135 144 261 159 184 429 65 188 148 128 153 25 51 234 276 278 124 105 40 231 49 271 475 138 472 70 108 64 340 343 67 57 83 126 354 312 217 173 1139 101 283 121 161 41 25 133 75 25 152 172 146 145 67 68 173 860 150 185 54 238 244 264 142 245 359 64 188 236 440 467 176 100 111 397 181 34 127 285 168 80 217 39 170 96 409 264 27 293 60 89 290 93 158 44 360 209 393 470 276 215 186 17 107 387 87 199 486 200 364 92 208 98 45 112 198 200 51 75 73 84 123 256 497 140 236 327 93 108 130 82 201 557 166 152 149 89 177 110 106 78 340 468 258 114 99 72 272 150 361 278 295 290 28 136 365 263 133 172 27 246 193 368 212 124 30 441 21 75 76 130 112 227 87 275 45 268 77 220 120 69 290 57 21 181 188 104 237 443 402 322 50 177 99 344 374 167 607 329 146 320 241 58 191 64 178 543 113 28 155 219 163 210 154 367 176 195 1 841 138 164 67 156 162 210 126 393 144 100 416 188 132 120 202 89 151 241 532 67 245 136 522 206 63 792 272 178 150 161 82 451 1062 108 97 108 446 279 270 318 355 93 76 348 328 313 159 58 10 183 270 82 159 405 105 236 115 193 135 71 309 426 85 360 345 394 142 119 508 112 227 186 277 383 158 183 201 169 192 413 353 368 174 165 139 218 129 84 185 106 167 149 106 202 192 52 277 184 277 122 323 139 144 176 143 106 132 12 86 245 122 119 225 70 210 189 188 218 55 279 22 282 149 868 210 123 114 155 211 47 194 250 216 147 82 225 171 95 173 158 351 748 556 143 154 463 220 173 181 206 19 145 407 56 190 265 144 349 166 273 170 313 198 110 79 89 397 68 641 130 53 377 240 109 206 175 235 18 281 141 48 200 153 232 127 223 530 843 47 63 163 102 29 37 47 20 181 ]
@@@ Loss per-class: [ 0.374776 1.11103 0.610629 1.05046 1.13242 1.4502 1.50518 0.573371 0.745871 1.43934 0.366899 1.86771 0.418083 0.748791 2.00559 0.786817 0.836957 0.795047 1.00893 1.42614 0.736689 0.663121 0.948921 0.981365 1.18988 0.650853 1.33407 0.551199 1.22522 0.541429 1.20559 0.717126 0.944155 0.97246 0.408857 0.406087 0.277026 0.175031 0.522274 1.1913 1.3536 0.564302 0.558351 0.840716 0.297243 0.72535 0.758136 0.833565 0.291184 0.586201 0.674288 0.467015 0.332104 2.02768 0.73935 1.07852 0.511827 0.890232 0.899175 0 0.948775 0.606413 2.6097 1.07206 1.18864 0.947089 0.676421 0.716873 0.777877 0.473594 1.04746 0.732044 0.618015 0.376211 0.32557 1.6836 0.226736 0.808665 0.865823 2.22287 0.845294 0.598217 0.528888 0.823773 0.773607 0.75884 0.795282 0.791915 0.790616 0.841683 1.09943 0.495231 0.434807 1.26862 0.679142 1.62304 1.33973 0.68892 0.600739 0.759978 0.623025 1.02117 1.1874 0.481759 0.801057 0.588215 0.858982 0.557667 2.36703 0.625242 0.848945 0.370363 1.32987 0.448575 1.98164 1.08155 1.38097 0.702604 1.19913 0.827247 0.964959 0.691993 1.02232 1.10858 0.468569 0.745442 1.00211 0.784762 1.46534 1.0416 1.47955 0.736887 1.08171 1.22728 1.06168 0.815559 0.520722 1.20716 1.33077 1.11879 0.999237 1.28019 0.460851 1.68201 0.816882 0.831492 0.961613 0.911591 0.805668 0.724193 0.555289 0.806896 1.16741 0.721592 0.712726 0.577732 0.544344 1.17718 0.567719 1.013 0.545603 0.5498 0.963029 1.04519 1.16915 1.33742 1.22335 1.27376 1.3605 0.753675 0.542022 0.66495 0.758619 1.03046 0.776574 0 1.34037 0.837037 0.488908 0 1.36927 0.746631 0.583807 0.991894 1.10865 1.02722 0.542113 1.14157 1.03228 0.191599 0.898916 1.30269 0.806715 0.542389 0.970467 0.688077 0.797547 1.11122 0.79238 0.63251 1.09308 1.74687 0.52205 1.37995 1.04603 0.772986 1.12391 1.09701 0.988278 0.548189 0.757502 0.958256 0.782811 0.506523 1.30535 0.558867 1.85837 1.14817 1.0414 1.02626 1.1296 0.925122 1.16447 1.11014 0.523013 0.654046 1.25702 0.674854 0.469028 0.485048 0.794138 0.670013 1.79587 0.568253 0.414175 1.7144 0.970434 0.778737 0.917182 0.817772 1.36042 0.730428 0.533109 0.513154 0.486084 5.8748 2.26798 1.14508 2.06797 1.77765 1.05808 0.875885 0.960381 1.22985 1.13032 1.00845 0.929207 0.77852 0.819518 0.368486 0.283625 1.20442 1.57536 0.47688 0.555716 0.648173 0.519836 0.961345 1.08459 0.701274 0.879162 0.627021 1.1347 0.799651 2.08487 1.56254 0.542255 1.58952 1.07609 0.89348 0.511046 1.3117 1.48675 0.572784 4.30303 1.41812 0.846696 1.49444 0.954994 0.67175 0.944968 0.922316 0.66357 0.821742 1.5386 1.13622 1.04002 1.03428 0.753954 0.402038 0.868498 0.660293 1.15486 1.09043 1.10059 1.33275 1.53522 2.81115 0.951782 0.715101 0.524425 1.30915 0.777475 1.08307 1.3736 0.634685 1.10695 1.16777 0.98946 0.950433 0.540135 0.416571 0.688184 0.903368 0.726393 0.789923 1.03157 0.648203 1.40145 1.10093 0.762392 0.568932 1.48231 0.657807 0.671082 0.741507 0.743159 1.88701 1.28943 1.42186 0.533054 1.00554 0.681491 2.1289 0.685423 1.55251 1.56695 0.79224 1.67948 1.25258 0.790056 0.464936 0.883542 0.653733 0.83581 0.857621 0.448295 0.710243 1.17947 1.05868 1.3499 1.13635 0.533354 0.982255 0.952266 0.699897 1.98193 1.92748 1.04249 0.626063 0.719119 0.795424 1.1144 0.949633 1.22269 0.605656 1.25817 0.478822 2.39138 1.00986 1.57928 0.461932 0.979585 0.691549 1.46033 4.39291 1.18795 0.843229 0.606537 1.56945 1.53815 1.31217 0.85038 1.2096 0.505671 0.480494 0.609878 1.11338 1.91562 0.638326 0.648911 1.01333 0.762308 0.789871 1.09442 2.03028 0.82621 1.17679 0.913193 0.97196 1.56058 0.868429 0.553465 1.03634 0.94144 1.63205 0.794282 1.61248 1.13334 0.467119 0.860896 1.50043 1.92014 1.48174 0.971036 0.810798 0.623046 1.06463 1.40306 1.44003 1.27007 0.885369 2.19557 0.951006 1.28624 1.74658 1.05294 0.51128 0.801164 1.09707 1.1877 0.765565 1.60694 0.674418 0.825187 0.840017 1.53799 1.07878 1.21338 0.623219 0.753793 1.20034 1.05358 0.712267 0.544802 1.63852 0.56072 0.482856 0 1.193 0.924014 1.01312 0.814875 1.34834 0.852182 0.936784 0.624752 0.779961 0.906809 0.766129 2.16586 1.39482 1.23415 0.653178 1.23434 1.0108 1.08919 0.980623 0.832006 0.77166 0.88236 0.637629 1.43092 1.6894 0.343255 1.54342 1.24565 1.88844 0.994881 1.15479 1.26506 0.495508 0.5589 2.03008 0.42192 1.38669 1.15706 1.65297 1.83353 1.41931 1.01193 0.975768 0.530047 0.874528 0.988525 0.615901 0.802568 1.55054 1.2278 1.00198 0.819951 0.936343 1.32898 1.70406 0.873464 0 0.861234 2.2934 0.625132 0.690642 1.25408 0.81855 0.7698 0.944521 0.386636 1.14374 0.773435 0.87451 1.02576 1.09671 1.16072 1.10061 1.12486 2.00699 1.23446 0.561111 0.804731 0.829825 1.5282 0.782977 0.767787 1.51168 1.57633 0.956696 1.23044 0.677662 1.06591 0.657348 1.12297 1.46607 3.14865 1.51224 0.705212 0.835761 0.835745 0.369659 0.830179 1.54302 1.67997 0.946246 0.553695 1.27148 0.954217 0.91982 1.22386 1.1355 0.936885 0.59488 0.886206 0.912227 1.09114 1.10777 0.733052 0.511731 0.79695 1.2153 1.59753 0.798439 1.34236 2.92102 0.845376 0.785147 0.534398 0.471885 1.21867 0.387404 1.32871 1.49657 0.831127 1.18616 2.11083 0.698349 0.550041 1.35505 0.577277 1.79391 0.751368 0.903115 0.885531 1.14577 0.659641 0.932437 1.21535 1.3387 1.23335 0.835806 1.03763 1.16072 1.42508 0.826363 2.3386 0.933746 1.18754 0.984876 1.22883 1.95035 1.1226 0.645677 0.876569 0.854159 1.23384 1.0867 1.03817 0.853296 0.699958 1.58901 1.19492 1.4849 0.625138 1.26167 1.34083 0.995038 1.25412 1.16628 0.907145 0.534324 1.08812 1.139 1.23261 1.52979 0.541914 0.575871 2.33653 1.04703 1.55837 1.70517 0.722648 1.12111 1.7069 0.679665 1.44778 0.9376 0.725746 1.2373 1.02782 1.61279 1.59964 1.6325 1.20128 1.13872 0.57469 0.848474 0.900763 0.750776 1.5283 1.13475 1.88767 1.04159 0.860486 1.1455 0.552848 1.09945 0.898627 0.830235 2.21737 1.57027 0.90347 0.81863 1.43854 0.851941 0.557753 1.36243 1.31862 0.713181 3.33927 1.84085 10.9851 1.41714 0.515761 0.303091 0.544893 1.14621 1.62299 1.94068 0.967373 0.819424 0.895262 0.587699 0.615462 1.34051 1.49856 2.92003 1.17581 1.25579 3.2855 1.59714 0.917933 1.16082 1.07 0.537365 0.429345 1.56607 2.30319 1.1715 1.14288 2.9568 1.14074 0.922759 0.774849 1.95054 1.31716 0.846256 3.41831 1.26236 0.624495 1.53292 1.56732 0.518906 2.01841 0.817885 0.60014 1.6757 1.362 0.947627 1.25835 1.06149 1.42422 0.837444 1.05611 1.02615 0.573372 1.1101 1.00109 2.24166 0.756327 0.924173 0.75514 0.550262 1.73116 1.04998 0.774419 0.746861 1.06607 0.827771 1.33577 0.881149 0.795658 1.2868 1.04371 0.575568 1.08199 1.50407 0.68158 0.883738 1.30152 1.40765 0.596887 0.678753 1.07643 1.33912 1.25503 0.851697 2.421 0.755492 0.857267 1.00742 1.01756 1.30161 1.25354 0.554494 0.824411 1.45827 0.762194 0.646706 0.833416 0.656177 1.23247 1.74807 1.65674 0.749599 0.785294 1.40876 1.25399 1.80569 1.67293 0.882052 0.432425 0.599565 1.11172 0.726042 1.44403 0.825086 0.615846 0.920303 1.05275 0.401026 0.768556 1.04608 1.2493 1.30588 1.09207 1.2274 0.642389 1.43122 1.01547 1.40061 0.88946 1.1494 1.0462 0.444101 1.19246 1.27944 1.21562 1.66529 1.70596 0.981127 0.703893 0.73583 0.524506 0.539281 1.16788 1.4708 1.07684 1.8951 1.12426 0.963273 0.957514 1.32833 0.78553 1.27248 0.758419 1.47261 8.35426 0.842341 0.626918 0.615042 1.47048 0.583969 1.25894 1.25128 0.449779 0.834997 0.61686 0.905755 0.956408 0.804327 1.7194 1.41825 1.11358 0.861456 2.27545 0.702465 1.03536 1.84359 1.11184 0.707693 2.78121 0.67917 0.538361 0.546522 1.34631 0.899012 1.16053 0.962916 1.3446 1.31019 1.32597 0.903773 1.18237 1.76294 0.841329 0.581987 0.920987 0.957315 1.18457 0.650187 1.12755 1.4009 1.02457 0.539096 0.515381 0.657341 0.711175 0.608623 0.614498 0.850005 0.785219 1.27696 2.52496 0.547722 0.727502 1.32242 0.611152 0.733849 1.03914 0.828283 1.08055 0.927872 0.49435 0.768475 0.899212 1.49472 0.72165 1.24306 1.07846 0.816527 1.24062 1.82926 1.45445 1.47155 0.426185 1.02184 1.05378 1.00179 1.64964 0.697445 1.46583 1.81792 1.15753 1.2892 0.913867 1.68108 1.35113 0 1.34888 0.686106 0.679162 0.709833 1.14926 0.744266 0.88823 0.609807 1.33345 2.43865 2.30876 0.655679 1.71562 0.768496 2.06332 0.93183 1.16898 1.70167 1.50189 0.898086 1.295 1.81134 1.39728 0.856092 1.45067 0.931334 0.771186 1.73065 0.693353 1.41935 1.28647 1.1523 0.853046 0.98126 3.35745 1.41427 0.887592 0.805147 0.956836 0.855649 0.757655 1.33016 1.10677 1.75347 1.08898 0.765582 0.965463 0.496236 1.43396 1.28381 1.03997 1.02129 1.03204 1.14661 0.966306 0.946847 1.31275 1.088 0.581744 0.704153 2.17475 1.60095 1.42667 0.920552 1.39617 1.41114 1.21505 1.0771 0.962259 1.34848 0.617008 1.34399 2.53054 3.25538 0.926668 0.822505 1.36447 1.06098 1.29162 1.82477 0.92701 2.72345 1.31802 1.09881 1.43018 0.827342 1.25694 0.921098 1.3661 1.11625 1.41683 0.59784 1.23521 0.530614 1.67467 2.43692 1.54407 3.30388 0.810156 0.722763 1.28718 1.22085 0.935758 0.858782 0.595498 0.919267 0.985326 1.17396 0.544875 0.650951 1.3641 1.20268 1.26104 1.33114 0.73542 1.35729 0.851736 0.549134 2.0719 1.23251 1.34086 0.505852 0.858993 0.647608 2.29656 1.17496 0.820202 1.1117 0.589945 0.799006 0.92517 2.391 0.83518 1.914 1.79692 0.439042 0.62419 2.05708 0.69818 1.24928 1.42868 0.642939 1.42751 0.756996 1.52984 1.83137 1.16766 1.63348 0.607305 0.380737 0.870383 0.709457 1.325 0.677032 1.44819 0.659059 0.619321 0.877911 1.042 1.106 2.23783 0.727637 0.758304 0.65218 0.793013 1.91998 1.09438 1.13906 0.934063 0.774882 1.47354 1.61209 0.981779 1.08972 1.08172 0.952162 0.487236 1.05381 0.97121 1.77824 1.22484 0.944726 1.18212 0.705532 1.24999 1.01526 1.24408 0.670774 0.881477 1.37053 1.12141 1.46103 1.44277 2.21873 0.945867 0.920012 1.70535 0.56927 0.85732 1.82769 1.89084 1.5249 0.741311 0.776894 0.873926 1.08582 0.96855 0.963626 1.39577 0.63605 1.46136 0.431222 0.817183 1.80442 2.89943 2.69385 1.17238 1.96263 1.11657 0.963162 0.862696 1.717 0.935833 1.46091 0.816262 1.948 1.3133 0.654372 1.36919 0.482888 0.89705 0.992699 1.60119 0.472601 0.771063 1.1924 0.918412 0.565131 1.06066 0.881811 0.949876 1.54762 1.33769 1.0343 1.53518 1.41685 0.676121 0.793877 1.1954 1.21357 1.10377 1.10212 1.02872 0.764978 1.24358 1.76892 0.698295 1.18547 1.21457 1.20278 1.29219 0.865276 1.27214 1.80312 1.45609 0.913269 0.876057 0.840675 0.971289 1.14846 1.19567 0.954137 1.19615 0.679197 1.73098 0.601867 0.884767 0.549787 1.15889 0.874669 1.67801 1.76316 1.3785 1.76635 0.865789 0.863721 1.01591 1.31855 1.74269 0.814634 0.731088 0.501987 0.847539 0.921958 0.938484 1.15336 1.3595 1.72273 1.38724 1.25587 1.48185 0.746886 0.511888 1.1028 1.24771 0.861333 0.501153 1.06719 0.74751 1.16081 1.11972 0.719646 0.499647 1.86771 0.958715 1.4648 3.77245 0.648492 1.17746 0.981427 1.02916 1.28885 1.04836 0.89813 1.1526 1.02803 1.73722 1.40662 0.704109 1.07418 1.17643 0.512126 1.71146 1.01472 1.3014 0.57977 1.50106 0.85369 0.505605 0.961812 1.29746 0.676486 1.4844 0.906001 1.4208 0.597817 0.720871 0.884746 0.857155 0.658309 1.14431 1.66129 1.13484 1.57744 1.08278 1.20615 1.38426 0.720545 1.05597 0.850069 1.6109 1.0106 1.08002 0.784666 1.36814 1.19981 1.02382 1.80331 1.31777 1.56459 1.72147 1.19164 0.84009 0.713371 0.864946 1.44188 0.882076 1.30859 0.998441 1.01398 1.59837 1.29948 0.896639 0.904792 1.32361 1.28336 1.52617 2.20853 0.896727 1.9966 0.914677 0.66106 1.0477 0.938616 1.3433 0.934335 1.32162 0.418365 1.78781 0.809377 0.965043 0.829971 0.365412 1.6404 1.15955 0.584573 2.11234 1.15243 2.38005 1.48257 1.43987 1.36959 1.43037 1.03045 1.52042 1.17264 0.969958 1.03323 0.824953 1.0644 1.95846 1.70766 0.836448 1.16447 1.09881 3.9586 0.703757 1.30149 1.32286 2.62947 1.68754 1.36622 0.593732 1.7696 0.782177 0.774606 1.59529 1.0217 1.46507 1.13468 1.28332 1.0763 1.39757 1.02744 0.55754 1.33078 0.964401 0.577674 0.881537 1.26463 1.90183 0.848678 0.924924 1.03693 1.37515 0.927295 0.598221 2.29636 1.50589 1.39341 1.07744 0.435081 1.26645 0.796586 1.05162 1.03281 1.0868 9.28064 0.786413 1.12823 0.577995 0.753843 1.44559 1.0654 0.728323 0.723949 1.14169 1.05853 1.58627 0.396991 0.984133 1.16387 1.51704 1.28948 1.92204 0.942832 1.03829 1.09115 0.706702 0.908666 1.69254 1.00639 1.32503 0.832218 0.695183 1.06033 1.83944 0.900638 1.05511 1.42938 0.523835 0.412267 1.11827 1.2963 1.2174 1.0469 0.808844 1.03403 0.818412 1.47919 1.7451 1.6935 0.833115 0.980767 0.93158 0.852875 1.38889 2.319 0.68406 0.460822 1.2381 1.09841 0.722527 2.28713 0.562026 0.979127 2.53913 0.883152 1.7102 0.513399 0.416145 1.20395 1.04387 1.03315 1.14328 1.34186 0.750406 0.829288 1.49912 1.53285 1.39796 1.35082 1.27278 1.66598 1.26764 1.34337 0.975523 1.34446 1.14763 0.604257 1.21488 0.773045 1.18103 1.38008 0.735135 0.631252 1.32486 1.28618 1.62167 2.26454 1.07597 1.13279 0.743097 0.936604 1.45257 1.73027 1.66217 0.6301 1.09522 0.842264 1.58433 1.40324 0.96498 0.667801 1.43758 0.825203 1.76179 1.00282 0.801371 1.00245 1.03381 1.30121 1.86629 0.828015 1.32899 1.25707 0.6714 0.371459 0.760502 2.83612 0.906763 1.17802 0.440827 1.3478 1.36157 1.17324 0.807562 0.975125 2.35983 1.21553 0.961307 1.10391 0.976844 1.10421 1.04447 0.921003 1.70468 1.06033 1.57334 0.85826 0.991701 0.717404 1.8091 1.17479 0.853641 0.846253 0.935032 1.02391 1.17865 0.892988 1.0439 1.26717 1.07466 0.984875 1.18379 1.51389 0.860844 0.939186 0.547975 0.930221 1.92716 0.786777 1.67139 1.45802 1.47219 0.335891 1.2077 0.897421 0.859619 1.66596 1.2734 1.02404 0.841701 0.69939 0.860285 1.42705 1.17532 1.02163 0.84677 0.951236 0.891453 0.749989 0.603233 1.88933 1.0492 0.461306 0.939062 2.46086 1.1563 0.904149 1.88321 3.67725 3.67805 1.22202 1.87532 2.12324 ]
@@@ Frame-accuracy per-class: [ 85.6201 73.1554 83.2877 72.9064 66.6667 72.3404 52.8814 82.1293 76.7908 38.9262 89.3039 46.3158 88.4549 79.8587 26.6667 78.7645 76.7123 80.3493 76.1329 55.0336 76.2542 80.5621 74.3802 69.7548 65.1163 85.0242 57.1429 83.0957 63.7168 87.218 62.5268 76.082 77.327 71.3376 88.9804 88.6994 93.9182 96.7495 85.9967 66.4093 61.5385 89.8551 83.4568 71.5596 92.437 80.4124 74.5098 78.5047 90.7754 80.6614 77.7975 88.4565 92.849 33.1707 80.0821 75.102 87.6442 67.5105 79.6321 0 66.0465 83.2413 20.5128 73.8462 64.1711 76.3006 83.3676 76.5217 83.5314 88.2507 67.128 79.4224 86.0177 88.5017 91.4808 47.0588 93.1174 76.7213 70.7071 22.2222 75.6804 82.2006 84.2809 77.3034 78.8321 92.6829 77.1288 76.5273 76.3251 78.8321 61.4379 87.4552 86.4971 69.6697 80.7899 55.3191 59.8187 80.7767 84.3836 80 79.397 69.4215 61.0169 88.5496 75.5963 78.3626 78.1955 83.9695 38.7097 79.8206 72.2892 90.3226 56.1404 89.2508 40.4669 70.9677 57.0281 80.203 80 73.8302 74.5763 79.6396 72.3647 64.6048 86.5497 78.9809 74.6929 78.8732 60.6061 67.433 55.0725 77.7202 68.0688 67.2986 66.5188 77.8947 86.9366 70.2439 58.498 69.2913 75.9219 49.635 87.49 51.8519 77.9343 75.0831 74.2317 65.8824 76.3052 82.2107 85.8131 83.5821 68.7307 82.2335 79.8669 81.3187 84.9673 71.9101 80.3874 69.5652 86.3049 84.1871 72.6012 71.6157 60.5042 56.6154 65.2568 69.0909 69.9752 79.3388 85.7143 83.237 77.3109 78.0142 77.3333 0 60.4027 76.4977 85.4111 0 61.2642 80.4469 79.3388 76.2887 69.5327 67.7686 79.476 58.548 71.2644 96.3597 76.259 73.3728 89.8551 81.6327 71.4894 82.8157 83.2579 64.1604 76.7677 84.1871 67.1463 36.8159 86.9702 61.3181 68.4636 74.6269 65.8228 65.4971 73.703 89.6359 77.4194 72.8767 80.2111 87.2274 63.1111 85.1735 46.5116 68.3938 69.3878 75.4491 72.7273 73.4694 66.9683 68.1725 83.7061 82.4806 63.1854 85.1711 86.675 84.3627 77.6557 84.4444 47.3373 89.6 92.0863 47.619 67.0554 78.0247 74.772 77.0526 56.2597 80.5687 85.1064 84.8776 88.7872 0 23.1884 66.2824 34.7578 49.8294 69.9454 66.1871 81.6901 62.0209 68.2635 67.2269 73.0823 80.1872 81.3559 91.52 92.5208 61.1916 58.9474 88.6291 84.8044 81.3187 90.0585 80.1262 63.354 80.2444 75.2137 83.0189 70.9265 75.3994 38.7909 54.3396 85.1064 40.2367 76.3636 72.3404 86.7332 60.0332 59.5104 83.6923 0 58.0336 80.2508 47.9042 78.9238 86.1925 76.8 76.0259 83.4473 79.4745 53.211 71.345 64.1509 69.281 80.7122 89.2966 73.0924 80.085 73.8786 61.9718 51.5464 56.7901 46.1538 25.9109 75.7447 83.6364 84.3658 63.6042 75.4717 63.7459 54.6256 80.1843 74.5763 61.9608 74.5098 71.821 86.3572 90.1155 77.7448 77.9841 80.2005 77.7143 73.0539 86.0104 54.2636 64.2336 80.226 86.0759 49.5413 84.3049 80.8399 81.2652 77.2169 47.191 69.5341 53.8117 85.2853 71.2446 80.7018 34.2857 84.3813 54.8263 46.0377 79.1209 50.6329 67.9803 80.0705 87.6325 77.3083 80.3456 77.0093 66.9683 88.8179 82.2967 51.9481 73.7101 71.1111 71.8447 86.5959 70.6087 81.9672 80.5195 37.3702 55.3191 70.0399 84.3823 82.2735 78.209 72.1311 71.2871 67.3267 81.572 56.9492 88.1964 29.3785 75.063 60.1156 91.7647 92.6829 89.8551 60.7889 0 65.3992 74.6667 86.385 51.5337 62.2222 56 73.5892 65.4206 88.5375 85.1936 82.8283 70.7819 44.1905 87.0466 80.6838 74.1573 74.4086 76.478 69.9801 33.5329 71.5328 69.7872 78.0083 69.1943 43.4938 71.6332 85.4701 73.1707 81.3008 55.1181 81.0573 54.7748 60.9929 86.9379 78.453 61.0687 28.5714 50.2924 73.3167 73.428 82.5939 69.2913 57.5238 43.0769 62.5369 71.8861 35.9551 69.2875 63.9175 78.0488 69.9739 85.4626 79.9235 68.0851 75.8621 74.0741 52.8428 82.8897 72.6343 81.1388 55.9078 67.4058 57.384 78.5965 78.8321 73.1707 65.6489 83.1276 86.5787 52.1739 83.3028 89.163 0 63.0691 76.9231 72.51 78.5047 63.4483 77.5194 75.4177 85.1064 77.6699 73.9927 79.3522 21.1765 58.1281 69.9301 84.4508 65.7343 76.9811 65.1885 77.6371 83.8095 79.4007 79.8479 85.1485 54.4379 60.6061 93.8834 50.5495 77.3333 42.9268 75.7764 70.0965 57.6523 86.8869 85.8313 56 89.4569 60.241 68.3371 41.7582 37.7261 54.9777 69.3467 79.2453 89.3082 79.096 70.3934 82.0276 74.5167 42.963 66.9604 68.5057 75.576 72.6257 60.7229 53.5211 77.1049 0 72.9951 37.3444 82.2742 77.551 68.8742 81.3239 90.6475 75.1381 90.0196 63.2911 77.551 83.1169 74.2029 68.9895 62.4625 63.1579 72.4832 42.1725 64.4295 85.0829 78.6207 77.9661 38.7879 78.733 78.5498 54.2986 60.4651 75.2941 58.4071 79.4326 71.2743 83.5494 68.7616 56.3758 0 49.4545 82.5911 78.2194 75.2688 89.0013 74.6929 50.6667 48.1928 77.8816 83.2653 62.8571 72.3926 74.4745 65.3696 69.1358 65.6126 82.9851 75.5064 75.0491 70.317 66.6667 85.3242 87.74 80.3383 66.8414 56.3877 73.7401 58.6319 12.1212 79.3651 78.3673 85.7143 85.2459 66.6667 91.9455 58.2011 72.7273 78.0488 68.8252 0 81.2721 85.7143 60.7735 85.9016 64.0777 80.236 75.3623 71.4906 65.8098 83.7696 72.2433 61.6822 63.4441 64.3678 73.6077 69.0432 70.5036 69.3333 79.3296 0 69.281 66.3073 73.224 64.9215 32.2581 67.1756 79.2884 73.7945 73.1707 69.0355 73.2824 74.0331 75.0789 82.3956 51.5337 62.439 55.8304 79.3651 64.5702 60.3491 74.9186 66.6667 64.1711 70.7424 85.3681 68.9655 65.9058 57.7406 57.1429 86.9565 83.6013 27.2 66.3014 57.9235 51.7483 82.5175 71.066 54.0146 84.8696 40 72.3781 73.716 52.5253 70.229 47.8405 57.4713 66.6667 66.2461 74.1748 94.5455 68.4444 73.8916 79.5341 58.8957 75.4967 38.3838 72 75.6757 61.7284 83.9827 70.4663 68.1672 74.2475 41.048 57.4924 74.3802 80 52.4917 80.597 85.9335 64.7773 63.2727 82.0399 0 50.7772 0 61.9112 85.5663 93.4631 86.2534 64.0394 48.7805 25.641 72.7955 76.9231 73.5492 81.8898 84.3074 60.2151 65.1852 0 65.5738 72.3926 0 43.6782 71.9603 67.7618 70.3476 83.2891 89.2388 56.3934 38.5965 69.1824 82.9268 0 69.808 77.3006 83.1683 50.3704 62.1359 79.3409 21.4765 68.9076 82.397 52.5822 54.7264 87.4667 0 76.7932 86.7133 53.4759 66.6667 77.0083 66.3774 70.8661 59.5041 73.8028 63.8404 68.4564 83.871 73.93 71.4653 35.7414 77.1475 74.8815 83.0133 87.9725 63.1579 84.2105 82.4011 77.4818 69.4885 86.747 58.4104 79.0378 75.9342 46.4396 64.4628 86.783 66.3697 58.6466 81.7547 76.7123 62.6058 45.5764 82.4281 82.6667 60.9524 57.0156 61.3466 78.3172 43.4783 78.9588 75.2643 73.9726 69.8947 62.3377 66.436 87.7419 79.7927 48.2759 79.2233 84.3672 78.6749 88.8889 59.0406 47.7064 66.6667 77.6699 82.4427 61.4108 60.2469 47.1338 45.4054 73.8769 89.4602 81.0985 68.9295 79.7721 60.5405 76.6716 84.0731 70.5882 68.8525 92.6952 79.0997 75.3623 65.567 62.8019 71.2871 68.3386 82.2086 63.7681 75.9916 56.6038 78.553 72 65.1761 89.3453 67.3993 65.4378 65.2742 48.7562 54.0541 73.7728 77.9221 78.1176 87.0259 87.6053 68.8172 55.1724 69.6223 44.4444 68.3938 78.8732 73.6648 54.9763 76.2742 85.7143 81.7043 57.1429 0 76.9648 86.7879 80.9224 56.872 84.473 63.6678 72 87.4329 75.3477 82.8718 76.0563 71.5891 79.4582 40 50.6224 64.3275 77.0909 40 78.1759 67.8414 56.2162 75.2137 81.761 29.8368 79.7732 86.5204 84.3114 42.1622 73.7883 69.434 75.0988 65.93 49.4624 62.4204 77.6758 65.2055 42.236 76.4097 78.9916 71.9243 74.5981 73.0159 79.5262 67.7524 63.8806 68.7783 85.595 85.0202 84.1481 79.0497 77.8711 80.9035 70.8995 75.4177 64.6217 0 87.5109 77.4411 58.427 84.8272 85.7143 73.3096 77.3869 73.4545 64.2534 88.361 80.5247 75.8159 50.2857 82.2086 64.9746 68.2927 75.3912 66.1355 45.5446 59.5918 52.1073 87.9607 70.3863 68.5315 72.126 44.0497 84.6416 50.2128 44.4444 68.2105 61.0592 80.5369 34.4828 68.6131 0 59.0529 79.4326 82.1505 86.0759 71.161 78.6378 75.3927 80.5846 65.2038 24.7619 28.8288 83.0705 54.8495 75.7794 35.1254 76.7296 71.777 29.6296 53.9535 69.0691 60.1719 40 62.9921 80.226 61.71 76.6284 83.6364 49.0066 83.0339 58.5075 61.6092 63.9594 70.1422 69.7674 26.6667 59.1549 75.5556 86.5672 73.065 72.8016 78.2241 63.2768 69.4301 48.3221 70.317 82.2711 78.2875 88.2883 62.8726 63.4304 71.9424 67.33 67.1756 66.2379 72.0721 67.5159 52.6316 68.9977 80.9384 75.9725 43.6782 57.6577 59.7333 74.0741 66.4723 61.3333 58.6826 67.0611 77.0318 59.0164 83.2487 57.4257 43.0108 15.748 74.4038 77.5073 57.485 70.9934 63.4146 29.2683 76.5677 7.92079 59.893 68.8836 58.5366 82.3529 64.9007 76.0611 70.5882 72.1485 59.9278 87.0159 66.8387 83.7772 41.0256 28.2353 55.3633 19.3146 77.9221 81.6807 58.7755 63.0137 74.9206 76.412 85.8603 67.7551 75.3388 70.8487 86.2486 81.0916 57.2322 61.324 65.6948 62.9295 77.1593 69.5652 73.9659 86.4954 59.0164 62.4788 62.9213 85.8506 73.3212 82.5849 7.40741 65.6827 81.3754 63.6114 80.9944 80 71.0588 37.8378 71.7724 52.7704 35.2941 91.2801 87.1863 40.3183 82.2252 80.7339 57.6687 84.1629 63.1579 84.5902 59.3103 41.6438 68.5714 59.5745 77.4194 89.1632 78.4 81.5155 67.234 80.2395 57.0766 83.5722 86.1759 75.4717 71.8699 67.9739 46.3343 80.4494 80.4665 82.0729 79.8962 50.9091 57.6271 72.3247 77.9747 82.7795 49.2147 59.4175 68.5499 70.9534 69.5096 77.3498 86.6846 70.5755 71.2146 47.7987 63.0072 74.3546 66.6667 77.7251 62.201 67.33 57.3913 82.7586 72.7273 58.9255 73.5135 59.0291 64.631 39.1437 81.3559 76.2542 51.4107 82.9659 82.0339 46.4419 51.074 58.427 82.6597 77.0053 77.0878 56.4417 73.93 69.5864 55.6391 81.2641 56.3536 90.2564 74.092 37.2093 21.3592 26.3415 60.3175 44.4444 73.8739 73.1313 74.6114 43.609 77.2487 62.7219 75.188 52.9833 64.4628 93.7063 62.2951 86.3741 73.2573 69.1928 48.249 86.7227 75.8501 65.1852 74.4337 85.4369 61.3139 66.6667 69.5652 55.1724 62.0102 67.3973 55.914 67.4157 77.4775 74.8718 59.0604 70.7424 67.6364 69.3727 73.3564 79.1587 58.9342 47.1545 77.9977 73.2824 60.4775 73.4007 55.2529 80.7818 54.902 46.6019 59.7015 76.311 79.7127 80.3213 78.673 69.1358 66.9546 74.7475 68.5083 83.4911 45.4874 84.2328 76.5957 87.5576 63.5659 74.0088 52.984 38.5185 64.3478 39.521 78.2609 71.9323 72 61.1494 57.6369 58.7977 85.7143 86.7725 78.1893 73.065 69.8795 66.6667 71.161 50.3311 54.902 68.1967 55.6522 81.2287 85.9107 65.1852 58.3942 72.6225 87.2748 71.7608 83.558 75.2294 57.4423 73.6196 88.0907 54.7368 74.5418 58.4145 27.907 82.2281 65.5391 70.8286 70.3743 57.2238 70.6468 81.6143 59.6226 75.4821 55.0725 60.3922 81.2609 66.4688 72.0497 90.1149 37.9747 70.9677 53.886 86.4469 57.4669 76.3636 89.2675 76.0331 52.514 82.6162 62.0321 78.2334 65.1685 84.0499 81.6229 75.2224 79.4899 80.651 60.7889 47.185 62.8571 66.0465 69.9355 70.8571 61.1529 78.52 73.8155 78.1893 49.7297 66.6667 79.1878 83.5165 57.7778 70.0252 73.8155 46.6019 58.2781 57.1429 44.9704 69.6356 76.4133 82.0101 81.8505 59.1966 76.9466 63.1016 72.8111 67.433 59.3939 62.531 71.3901 76.8769 66.2295 66.2207 59.2179 30.9859 80.543 45.0704 72.6115 83.4068 66.5955 72.7273 60.262 73.3668 52.4138 88.8073 50.4983 80.4979 75.4039 74.7885 92.9432 49.1228 63.7363 83.7209 41.3662 73.4082 34.2029 65.4545 68.9655 56.3307 58.616 72.9412 53.8153 75.4098 74.9717 69.7674 78.1457 73.2026 49.8084 56 76.044 67.4286 71.8693 10.989 77.8399 64.5161 64.8526 27.3859 43.1655 59.2083 90.4348 51.1628 76.0331 79.5756 45.933 76.2105 60.2029 65.3416 61.3953 65.3465 53.5211 75.3769 83.8897 59.5461 74.6269 83.786 76.4795 62.116 47.1139 78.6749 76.9231 68.9295 62.0155 76.1905 82.0607 37.8855 38.5965 56.5916 76.5376 91.1315 66.5083 78.3172 72.9252 70.8215 71.0997 0 73.5591 65.704 86.9301 80 58.147 73.8462 81.2352 79.0514 72.6811 70.5882 50.7463 87.1549 76.3926 69.434 58.0913 63.7037 51.3966 77.2277 70.8075 65.7277 80 73.7271 58.6081 70.4306 55.6901 72.4409 81.5142 69.7248 46.4986 77.0764 71.2074 67.8788 84.6069 90.0706 69.1244 65.641 67.2811 71.6685 77.2809 76.1553 77.237 57.9466 59.893 44.4444 78.6227 72.4505 76.874 72.1003 51.2821 9.52381 80.654 90.2033 66.6667 73.9812 81.6276 35.0711 84.5666 74.4589 35.6589 71.5867 41.958 89.8223 87.925 65.4971 73.7864 70.9117 67.9341 65.9649 82.8452 78.0728 59.5556 60.2198 57.9088 63.0631 67.0143 46.0568 67.03 55.5831 75.5162 64.4156 70.3748 84.017 65.4003 77.937 70.0906 75.2688 83.2952 79.5367 63.9053 64.1509 44.1315 48.9552 69.5652 69.4836 83.4568 77.9221 53.3333 50.0901 57.4526 85.7658 64.4898 76.9706 55.914 63.6678 62.3229 80.8362 61.9718 79.2453 40 73.9884 76.9857 76.7347 72.8033 57.2062 56.7376 76.4846 55.9367 61.5385 77.8032 90.0901 79.0698 4.44444 78.2301 62.8763 88.3132 66.0333 69.6356 64.6288 82.3151 73.2861 25.2632 65.8098 71.8563 66.9746 69.8305 69.0909 74.0576 79.3003 54.4503 69.1643 54.2587 77.0982 68.0027 81.2219 46.6899 65.3722 76.3754 73.0159 72.6225 77.686 68.7651 87.1795 76.9759 64.2945 63.7168 72.9659 69.6798 54.6713 75.2504 79.8799 86.2888 73.9003 41.7863 78.0856 45.2489 64.1509 63.6872 89.3082 61.3139 71.5511 80.4598 56.0748 67.0199 71.5177 79.4521 81.8402 77.4929 62.4204 70.2703 73.8899 74.9117 76.2887 76.808 78.1759 86.0215 54.1176 73.3781 85.5796 68.6426 23.1579 62.9921 74.6177 38.0488 3.38983 10.6667 71.5789 48.7805 42.9752 ]

LOG (nnet-train-frmshuff[5.5.294-06484]:main():nnet-train-frmshuff.cc:406) AvgLoss: 0.891408 (Xent), [AvgXent: 0.891408, AvgTargetEnt: 0]
progress: []
FRAME_ACCURACY >> 74.8791% <<

