rbm-train-cd1-frmshuff --learn-rate=0.4 --l2-penalty=0.0002 --num-iters=20 --verbose=1 '--feature-transform=nnet-concat exp/dnn4_pretrain-dbn/final.feature_transform exp/dnn4_pretrain-dbn/4.dbn - |' exp/dnn4_pretrain-dbn/5.rbm.init 'ark:copy-feats scp:exp/dnn4_pretrain-dbn/train.scp ark:- |' exp/dnn4_pretrain-dbn/5.rbm 
WARNING (rbm-train-cd1-frmshuff[5.5.294-06484]:SelectGpuId():cu-device.cc:221) Not in compute-exclusive mode.  Suggestion: use 'nvidia-smi -c 3' to set compute exclusive mode
LOG (rbm-train-cd1-frmshuff[5.5.294-06484]:SelectGpuIdAuto():cu-device.cc:349) Selecting from 2 GPUs
LOG (rbm-train-cd1-frmshuff[5.5.294-06484]:SelectGpuIdAuto():cu-device.cc:364) cudaSetDevice(0): TITAN Xp	free:12023M, used:173M, total:12196M, free/total:0.985815
LOG (rbm-train-cd1-frmshuff[5.5.294-06484]:SelectGpuIdAuto():cu-device.cc:364) cudaSetDevice(1): TITAN Xp	free:11888M, used:304M, total:12192M, free/total:0.975062
LOG (rbm-train-cd1-frmshuff[5.5.294-06484]:SelectGpuIdAuto():cu-device.cc:411) Trying to select device: 0 (automatically), mem_ratio: 0.985815
LOG (rbm-train-cd1-frmshuff[5.5.294-06484]:SelectGpuIdAuto():cu-device.cc:430) Success selecting device 0 free mem ratio: 0.985815
LOG (rbm-train-cd1-frmshuff[5.5.294-06484]:FinalizeActiveGpu():cu-device.cc:284) The active GPU is [0]: TITAN Xp	free:11957M, used:239M, total:12196M, free/total:0.980403 version 6.1
nnet-concat exp/dnn4_pretrain-dbn/final.feature_transform exp/dnn4_pretrain-dbn/4.dbn - 
LOG (nnet-concat[5.5.294-06484]:main():nnet-concat.cc:53) Reading exp/dnn4_pretrain-dbn/final.feature_transform
LOG (nnet-concat[5.5.294-06484]:main():nnet-concat.cc:65) Concatenating exp/dnn4_pretrain-dbn/4.dbn
LOG (nnet-concat[5.5.294-06484]:main():nnet-concat.cc:82) Written model to -
copy-feats scp:exp/dnn4_pretrain-dbn/train.scp ark:- 
LOG (rbm-train-cd1-frmshuff[5.5.294-06484]:Init():nnet-randomizer.cc:32) Seeding by srand with : 777
LOG (rbm-train-cd1-frmshuff[5.5.294-06484]:main():rbm-train-cd1-frmshuff.cc:146) RBM TRAINING STARTED
LOG (rbm-train-cd1-frmshuff[5.5.294-06484]:main():rbm-train-cd1-frmshuff.cc:149) Iteration 1/20
VLOG[1] (rbm-train-cd1-frmshuff[5.5.294-06484]:main():rbm-train-cd1-frmshuff.cc:247) Setting momentum 0.9 and learning rate 0.2 after processing 0.000277778 h
LOG (copy-feats[5.5.294-06484]:main():copy-feats.cc:143) Copied 1232 feature matrices.
LOG (rbm-train-cd1-frmshuff[5.5.294-06484]:main():rbm-train-cd1-frmshuff.cc:263) Iteration 2/20
copy-feats scp:exp/dnn4_pretrain-dbn/train.scp ark:- 
VLOG[1] (rbm-train-cd1-frmshuff[5.5.294-06484]:main():rbm-train-cd1-frmshuff.cc:247) Setting momentum 0.9 and learning rate 0.196 after processing 1.38889 h
LOG (copy-feats[5.5.294-06484]:main():copy-feats.cc:143) Copied 1232 feature matrices.
LOG (rbm-train-cd1-frmshuff[5.5.294-06484]:main():rbm-train-cd1-frmshuff.cc:263) Iteration 3/20
copy-feats scp:exp/dnn4_pretrain-dbn/train.scp ark:- 
VLOG[1] (rbm-train-cd1-frmshuff[5.5.294-06484]:main():rbm-train-cd1-frmshuff.cc:247) Setting momentum 0.9 and learning rate 0.192 after processing 2.77778 h
LOG (copy-feats[5.5.294-06484]:main():copy-feats.cc:143) Copied 1232 feature matrices.
LOG (rbm-train-cd1-frmshuff[5.5.294-06484]:main():rbm-train-cd1-frmshuff.cc:263) Iteration 4/20
copy-feats scp:exp/dnn4_pretrain-dbn/train.scp ark:- 
LOG (copy-feats[5.5.294-06484]:main():copy-feats.cc:143) Copied 1232 feature matrices.
LOG (rbm-train-cd1-frmshuff[5.5.294-06484]:main():rbm-train-cd1-frmshuff.cc:263) Iteration 5/20
copy-feats scp:exp/dnn4_pretrain-dbn/train.scp ark:- 
VLOG[1] (rbm-train-cd1-frmshuff[5.5.294-06484]:main():rbm-train-cd1-frmshuff.cc:185) After 5000 utterances: time elapsed = 0.237943 min; processed 103078 frames per sec.
VLOG[1] (rbm-train-cd1-frmshuff[5.5.294-06484]:main():rbm-train-cd1-frmshuff.cc:247) Setting momentum 0.9 and learning rate 0.188 after processing 4.16667 h
LOG (rbm-train-cd1-frmshuff[5.5.294-06484]:Eval():nnet-loss.cc:269) ProgressLoss[last 5h of 5h]: 3.2696 (Mse)
LOG (copy-feats[5.5.294-06484]:main():copy-feats.cc:143) Copied 1232 feature matrices.
LOG (rbm-train-cd1-frmshuff[5.5.294-06484]:main():rbm-train-cd1-frmshuff.cc:263) Iteration 6/20
copy-feats scp:exp/dnn4_pretrain-dbn/train.scp ark:- 
VLOG[1] (rbm-train-cd1-frmshuff[5.5.294-06484]:main():rbm-train-cd1-frmshuff.cc:247) Setting momentum 0.9 and learning rate 0.184 after processing 5.55556 h
LOG (copy-feats[5.5.294-06484]:main():copy-feats.cc:143) Copied 1232 feature matrices.
LOG (rbm-train-cd1-frmshuff[5.5.294-06484]:main():rbm-train-cd1-frmshuff.cc:263) Iteration 7/20
copy-feats scp:exp/dnn4_pretrain-dbn/train.scp ark:- 
VLOG[1] (rbm-train-cd1-frmshuff[5.5.294-06484]:main():rbm-train-cd1-frmshuff.cc:247) Setting momentum 0.9 and learning rate 0.18 after processing 6.94444 h
LOG (copy-feats[5.5.294-06484]:main():copy-feats.cc:143) Copied 1232 feature matrices.
LOG (rbm-train-cd1-frmshuff[5.5.294-06484]:main():rbm-train-cd1-frmshuff.cc:263) Iteration 8/20
copy-feats scp:exp/dnn4_pretrain-dbn/train.scp ark:- 
LOG (copy-feats[5.5.294-06484]:main():copy-feats.cc:143) Copied 1232 feature matrices.
LOG (rbm-train-cd1-frmshuff[5.5.294-06484]:main():rbm-train-cd1-frmshuff.cc:263) Iteration 9/20
copy-feats scp:exp/dnn4_pretrain-dbn/train.scp ark:- 
VLOG[1] (rbm-train-cd1-frmshuff[5.5.294-06484]:main():rbm-train-cd1-frmshuff.cc:185) After 10000 utterances: time elapsed = 0.478328 min; processed 103698 frames per sec.
VLOG[1] (rbm-train-cd1-frmshuff[5.5.294-06484]:main():rbm-train-cd1-frmshuff.cc:247) Setting momentum 0.9 and learning rate 0.176 after processing 8.33333 h
LOG (copy-feats[5.5.294-06484]:main():copy-feats.cc:143) Copied 1232 feature matrices.
LOG (rbm-train-cd1-frmshuff[5.5.294-06484]:main():rbm-train-cd1-frmshuff.cc:263) Iteration 10/20
copy-feats scp:exp/dnn4_pretrain-dbn/train.scp ark:- 
VLOG[1] (rbm-train-cd1-frmshuff[5.5.294-06484]:main():rbm-train-cd1-frmshuff.cc:247) Setting momentum 0.9 and learning rate 0.172 after processing 9.72222 h
LOG (rbm-train-cd1-frmshuff[5.5.294-06484]:Eval():nnet-loss.cc:269) ProgressLoss[last 5h of 10h]: 2.67698 (Mse)
LOG (copy-feats[5.5.294-06484]:main():copy-feats.cc:143) Copied 1232 feature matrices.
LOG (rbm-train-cd1-frmshuff[5.5.294-06484]:main():rbm-train-cd1-frmshuff.cc:263) Iteration 11/20
copy-feats scp:exp/dnn4_pretrain-dbn/train.scp ark:- 
VLOG[1] (rbm-train-cd1-frmshuff[5.5.294-06484]:main():rbm-train-cd1-frmshuff.cc:247) Setting momentum 0.9 and learning rate 0.168 after processing 11.1111 h
LOG (copy-feats[5.5.294-06484]:main():copy-feats.cc:143) Copied 1232 feature matrices.
LOG (rbm-train-cd1-frmshuff[5.5.294-06484]:main():rbm-train-cd1-frmshuff.cc:263) Iteration 12/20
copy-feats scp:exp/dnn4_pretrain-dbn/train.scp ark:- 
LOG (copy-feats[5.5.294-06484]:main():copy-feats.cc:143) Copied 1232 feature matrices.
LOG (rbm-train-cd1-frmshuff[5.5.294-06484]:main():rbm-train-cd1-frmshuff.cc:263) Iteration 13/20
copy-feats scp:exp/dnn4_pretrain-dbn/train.scp ark:- 
VLOG[1] (rbm-train-cd1-frmshuff[5.5.294-06484]:main():rbm-train-cd1-frmshuff.cc:185) After 15000 utterances: time elapsed = 0.715159 min; processed 103655 frames per sec.
VLOG[1] (rbm-train-cd1-frmshuff[5.5.294-06484]:main():rbm-train-cd1-frmshuff.cc:247) Setting momentum 0.9 and learning rate 0.164 after processing 12.5 h
LOG (copy-feats[5.5.294-06484]:main():copy-feats.cc:143) Copied 1232 feature matrices.
LOG (rbm-train-cd1-frmshuff[5.5.294-06484]:main():rbm-train-cd1-frmshuff.cc:263) Iteration 14/20
copy-feats scp:exp/dnn4_pretrain-dbn/train.scp ark:- 
VLOG[1] (rbm-train-cd1-frmshuff[5.5.294-06484]:main():rbm-train-cd1-frmshuff.cc:247) Setting momentum 0.9 and learning rate 0.16 after processing 13.8889 h
LOG (copy-feats[5.5.294-06484]:main():copy-feats.cc:143) Copied 1232 feature matrices.
LOG (rbm-train-cd1-frmshuff[5.5.294-06484]:main():rbm-train-cd1-frmshuff.cc:263) Iteration 15/20
copy-feats scp:exp/dnn4_pretrain-dbn/train.scp ark:- 
LOG (rbm-train-cd1-frmshuff[5.5.294-06484]:Eval():nnet-loss.cc:269) ProgressLoss[last 5h of 15h]: 2.63422 (Mse)
VLOG[1] (rbm-train-cd1-frmshuff[5.5.294-06484]:main():rbm-train-cd1-frmshuff.cc:247) Setting momentum 0.9 and learning rate 0.156 after processing 15.2778 h
LOG (copy-feats[5.5.294-06484]:main():copy-feats.cc:143) Copied 1232 feature matrices.
LOG (rbm-train-cd1-frmshuff[5.5.294-06484]:main():rbm-train-cd1-frmshuff.cc:263) Iteration 16/20
copy-feats scp:exp/dnn4_pretrain-dbn/train.scp ark:- 
LOG (copy-feats[5.5.294-06484]:main():copy-feats.cc:143) Copied 1232 feature matrices.
LOG (rbm-train-cd1-frmshuff[5.5.294-06484]:main():rbm-train-cd1-frmshuff.cc:263) Iteration 17/20
copy-feats scp:exp/dnn4_pretrain-dbn/train.scp ark:- 
VLOG[1] (rbm-train-cd1-frmshuff[5.5.294-06484]:main():rbm-train-cd1-frmshuff.cc:185) After 20000 utterances: time elapsed = 0.956201 min; processed 103749 frames per sec.
VLOG[1] (rbm-train-cd1-frmshuff[5.5.294-06484]:main():rbm-train-cd1-frmshuff.cc:247) Setting momentum 0.9 and learning rate 0.152 after processing 16.6667 h
LOG (copy-feats[5.5.294-06484]:main():copy-feats.cc:143) Copied 1232 feature matrices.
LOG (rbm-train-cd1-frmshuff[5.5.294-06484]:main():rbm-train-cd1-frmshuff.cc:263) Iteration 18/20
copy-feats scp:exp/dnn4_pretrain-dbn/train.scp ark:- 
VLOG[1] (rbm-train-cd1-frmshuff[5.5.294-06484]:main():rbm-train-cd1-frmshuff.cc:247) Setting momentum 0.9 and learning rate 0.148 after processing 18.0556 h
LOG (copy-feats[5.5.294-06484]:main():copy-feats.cc:143) Copied 1232 feature matrices.
LOG (rbm-train-cd1-frmshuff[5.5.294-06484]:main():rbm-train-cd1-frmshuff.cc:263) Iteration 19/20
copy-feats scp:exp/dnn4_pretrain-dbn/train.scp ark:- 
LOG (copy-feats[5.5.294-06484]:main():copy-feats.cc:143) Copied 1232 feature matrices.
LOG (rbm-train-cd1-frmshuff[5.5.294-06484]:main():rbm-train-cd1-frmshuff.cc:263) Iteration 20/20
copy-feats scp:exp/dnn4_pretrain-dbn/train.scp ark:- 
VLOG[1] (rbm-train-cd1-frmshuff[5.5.294-06484]:main():rbm-train-cd1-frmshuff.cc:247) Setting momentum 0.9 and learning rate 0.144 after processing 19.4444 h
LOG (rbm-train-cd1-frmshuff[5.5.294-06484]:Eval():nnet-loss.cc:269) ProgressLoss[last 5h of 20h]: 2.61749 (Mse)
LOG (copy-feats[5.5.294-06484]:main():copy-feats.cc:143) Copied 1232 feature matrices.
LOG (rbm-train-cd1-frmshuff[5.5.294-06484]:main():rbm-train-cd1-frmshuff.cc:271) Done 20 iterations, 24640 files, skipped 0 files. [1.18554 min, processing103447 frames per sec.]
LOG (rbm-train-cd1-frmshuff[5.5.294-06484]:main():rbm-train-cd1-frmshuff.cc:277) AvgLoss: 2.79571 (Mse), [RMS 0.0522512, frames 7.3584e+06]
progress: [3.2696 2.67698 2.63422 2.61749 ]

LOG (rbm-train-cd1-frmshuff[5.5.294-06484]:PrintProfile():cu-device.cc:482) -----
[cudevice profile]
AddVec	1.14453s
MulRowsVec	1.29931s
CuMatrix::Resize	1.66778s
Set	2.11958s
CopyToVec	2.4734s
CuVector::SetZero	2.55436s
CuVector::Resize	2.72351s
AddMatVec	3.03188s
CuMatrixBase::CopyFromMat(from other CuMatrixBase)	3.17369s
AddVecToRows	3.59694s
CuMatrix::SetZero	4.70861s
Sigmoid	4.72791s
AddMat	6.49036s
Sum	6.71978s
AddMatMat	26.2446s
Total GPU time:	77.5945s (may involve some double-counting)
-----
LOG (rbm-train-cd1-frmshuff[5.5.294-06484]:PrintMemoryUsage():cu-allocator.cc:368) Memory usage: 317608192/6269435904 bytes currently allocated/total-held; 36/4 blocks currently allocated/free; largest free/allocated block sizes are 138334208/5821804032; time taken total/cudaMalloc is 0.2754/0.00869393, synchronized the GPU 0 times out of 368741 frees; device memory info: free:5975M, used:6221M, total:12196M, free/total:0.489917maximum allocated: 323377664current allocated: 317608192
