# build-tree --verbose=1 --max-leaves=2500 --cluster-thresh=-1 exp/tri1/treeacc data/lang/phones/roots.int exp/tri1/questions.qst data/lang/topo exp/tri1/tree 
# Started at Mon Apr 29 12:55:45 AEST 2019
#
build-tree --verbose=1 --max-leaves=2500 --cluster-thresh=-1 exp/tri1/treeacc data/lang/phones/roots.int exp/tri1/questions.qst data/lang/topo exp/tri1/tree 
LOG (build-tree[5.5.294-06484]:main():build-tree.cc:104) Number of separate statistics is 30873
LOG (build-tree[5.5.294-06484]:BuildTree():build-tree.cc:161) BuildTree: before building trees, map has 48 leaves.
LOG (build-tree[5.5.294-06484]:SplitDecisionTree():build-tree-utils.cc:577) DoDecisionTreeSplit: split 1333 times, #leaves now 1381
LOG (build-tree[5.5.294-06484]:BuildTree():build-tree.cc:187) Setting clustering threshold to smallest split 300.721
VLOG[1] (build-tree[5.5.294-06484]:BuildTree():build-tree.cc:196) After decision tree split, num-leaves = 1381, like-impr = 5.23708 per frame over 376168 frames.
VLOG[1] (build-tree[5.5.294-06484]:BuildTree():build-tree.cc:200) Including just phones that were split, improvement is 5.23708 per frame over 376168 frames.
LOG (build-tree[5.5.294-06484]:BuildTree():build-tree.cc:215) BuildTree: removed 324 leaves.
VLOG[1] (build-tree[5.5.294-06484]:ClusterEventMapToNClustersRestrictedByMap():build-tree-utils.cc:914) Number of non-empty clusters in map = 48
VLOG[1] (build-tree[5.5.294-06484]:ClusterEventMapToNClustersRestrictedByMap():build-tree-utils.cc:915) Number of non-empty clusters = 1057
LOG (build-tree[5.5.294-06484]:BuildTree():build-tree.cc:231) BuildTree: Rounded num leaves to multiple of 8 by removing 1 leaves.
VLOG[1] (build-tree[5.5.294-06484]:BuildTree():build-tree.cc:256) Objf change due to clustering -0.186629 per frame.
VLOG[1] (build-tree[5.5.294-06484]:BuildTree():build-tree.cc:259) Normalizing over only split phones, this is: -0.186629 per frame.
VLOG[1] (build-tree[5.5.294-06484]:BuildTree():build-tree.cc:262) Num-leaves is now 1056
VLOG[1] (build-tree[5.5.294-06484]:main():build-tree.cc:143) For pdf-id 7, low count 23
VLOG[1] (build-tree[5.5.294-06484]:main():build-tree.cc:143) For pdf-id 17, low count 90
VLOG[1] (build-tree[5.5.294-06484]:main():build-tree.cc:143) For pdf-id 25, low count 24
VLOG[1] (build-tree[5.5.294-06484]:main():build-tree.cc:143) For pdf-id 33, low count 83
VLOG[1] (build-tree[5.5.294-06484]:main():build-tree.cc:143) For pdf-id 40, low count 67
VLOG[1] (build-tree[5.5.294-06484]:main():build-tree.cc:143) For pdf-id 41, low count 61
VLOG[1] (build-tree[5.5.294-06484]:main():build-tree.cc:143) For pdf-id 56, low count 17
VLOG[1] (build-tree[5.5.294-06484]:main():build-tree.cc:143) For pdf-id 66, low count 81
VLOG[1] (build-tree[5.5.294-06484]:main():build-tree.cc:143) For pdf-id 67, low count 83
VLOG[1] (build-tree[5.5.294-06484]:main():build-tree.cc:143) For pdf-id 74, low count 63
VLOG[1] (build-tree[5.5.294-06484]:main():build-tree.cc:143) For pdf-id 77, low count 47
VLOG[1] (build-tree[5.5.294-06484]:main():build-tree.cc:143) For pdf-id 89, low count 50
VLOG[1] (build-tree[5.5.294-06484]:main():build-tree.cc:143) For pdf-id 91, low count 52
VLOG[1] (build-tree[5.5.294-06484]:main():build-tree.cc:143) For pdf-id 94, low count 51
VLOG[1] (build-tree[5.5.294-06484]:main():build-tree.cc:143) For pdf-id 99, low count 74
VLOG[1] (build-tree[5.5.294-06484]:main():build-tree.cc:143) For pdf-id 103, low count 62
VLOG[1] (build-tree[5.5.294-06484]:main():build-tree.cc:143) For pdf-id 132, low count 77
VLOG[1] (build-tree[5.5.294-06484]:main():build-tree.cc:143) For pdf-id 144, low count 86
VLOG[1] (build-tree[5.5.294-06484]:main():build-tree.cc:143) For pdf-id 147, low count 51
VLOG[1] (build-tree[5.5.294-06484]:main():build-tree.cc:143) For pdf-id 151, low count 15
VLOG[1] (build-tree[5.5.294-06484]:main():build-tree.cc:143) For pdf-id 157, low count 80
VLOG[1] (build-tree[5.5.294-06484]:main():build-tree.cc:143) For pdf-id 165, low count 21
VLOG[1] (build-tree[5.5.294-06484]:main():build-tree.cc:143) For pdf-id 168, low count 88
VLOG[1] (build-tree[5.5.294-06484]:main():build-tree.cc:143) For pdf-id 171, low count 59
VLOG[1] (build-tree[5.5.294-06484]:main():build-tree.cc:143) For pdf-id 175, low count 85
VLOG[1] (build-tree[5.5.294-06484]:main():build-tree.cc:143) For pdf-id 180, low count 62
VLOG[1] (build-tree[5.5.294-06484]:main():build-tree.cc:143) For pdf-id 181, low count 41
VLOG[1] (build-tree[5.5.294-06484]:main():build-tree.cc:143) For pdf-id 190, low count 91
VLOG[1] (build-tree[5.5.294-06484]:main():build-tree.cc:143) For pdf-id 192, low count 97
VLOG[1] (build-tree[5.5.294-06484]:main():build-tree.cc:143) For pdf-id 193, low count 25
VLOG[1] (build-tree[5.5.294-06484]:main():build-tree.cc:143) For pdf-id 196, low count 82
VLOG[1] (build-tree[5.5.294-06484]:main():build-tree.cc:143) For pdf-id 202, low count 91
VLOG[1] (build-tree[5.5.294-06484]:main():build-tree.cc:143) For pdf-id 209, low count 35
VLOG[1] (build-tree[5.5.294-06484]:main():build-tree.cc:143) For pdf-id 215, low count 30
VLOG[1] (build-tree[5.5.294-06484]:main():build-tree.cc:143) For pdf-id 231, low count 92
VLOG[1] (build-tree[5.5.294-06484]:main():build-tree.cc:143) For pdf-id 234, low count 57
VLOG[1] (build-tree[5.5.294-06484]:main():build-tree.cc:143) For pdf-id 236, low count 56
VLOG[1] (build-tree[5.5.294-06484]:main():build-tree.cc:143) For pdf-id 239, low count 88
VLOG[1] (build-tree[5.5.294-06484]:main():build-tree.cc:143) For pdf-id 258, low count 27
VLOG[1] (build-tree[5.5.294-06484]:main():build-tree.cc:143) For pdf-id 264, low count 91
VLOG[1] (build-tree[5.5.294-06484]:main():build-tree.cc:143) For pdf-id 286, low count 66
VLOG[1] (build-tree[5.5.294-06484]:main():build-tree.cc:143) For pdf-id 290, low count 82
VLOG[1] (build-tree[5.5.294-06484]:main():build-tree.cc:143) For pdf-id 305, low count 92
VLOG[1] (build-tree[5.5.294-06484]:main():build-tree.cc:143) For pdf-id 306, low count 76
VLOG[1] (build-tree[5.5.294-06484]:main():build-tree.cc:143) For pdf-id 337, low count 40
VLOG[1] (build-tree[5.5.294-06484]:main():build-tree.cc:143) For pdf-id 342, low count 88
VLOG[1] (build-tree[5.5.294-06484]:main():build-tree.cc:143) For pdf-id 351, low count 10
VLOG[1] (build-tree[5.5.294-06484]:main():build-tree.cc:143) For pdf-id 353, low count 42
VLOG[1] (build-tree[5.5.294-06484]:main():build-tree.cc:143) For pdf-id 365, low count 70
VLOG[1] (build-tree[5.5.294-06484]:main():build-tree.cc:143) For pdf-id 384, low count 24
VLOG[1] (build-tree[5.5.294-06484]:main():build-tree.cc:143) For pdf-id 392, low count 97
VLOG[1] (build-tree[5.5.294-06484]:main():build-tree.cc:143) For pdf-id 402, low count 29
VLOG[1] (build-tree[5.5.294-06484]:main():build-tree.cc:143) For pdf-id 405, low count 78
VLOG[1] (build-tree[5.5.294-06484]:main():build-tree.cc:143) For pdf-id 420, low count 90
VLOG[1] (build-tree[5.5.294-06484]:main():build-tree.cc:143) For pdf-id 422, low count 49
VLOG[1] (build-tree[5.5.294-06484]:main():build-tree.cc:143) For pdf-id 435, low count 16
VLOG[1] (build-tree[5.5.294-06484]:main():build-tree.cc:143) For pdf-id 442, low count 76
VLOG[1] (build-tree[5.5.294-06484]:main():build-tree.cc:143) For pdf-id 444, low count 15
VLOG[1] (build-tree[5.5.294-06484]:main():build-tree.cc:143) For pdf-id 447, low count 31
VLOG[1] (build-tree[5.5.294-06484]:main():build-tree.cc:143) For pdf-id 455, low count 99
VLOG[1] (build-tree[5.5.294-06484]:main():build-tree.cc:143) For pdf-id 457, low count 78
VLOG[1] (build-tree[5.5.294-06484]:main():build-tree.cc:143) For pdf-id 464, low count 54
VLOG[1] (build-tree[5.5.294-06484]:main():build-tree.cc:143) For pdf-id 465, low count 72
VLOG[1] (build-tree[5.5.294-06484]:main():build-tree.cc:143) For pdf-id 477, low count 50
VLOG[1] (build-tree[5.5.294-06484]:main():build-tree.cc:143) For pdf-id 492, low count 75
VLOG[1] (build-tree[5.5.294-06484]:main():build-tree.cc:143) For pdf-id 494, low count 36
VLOG[1] (build-tree[5.5.294-06484]:main():build-tree.cc:143) For pdf-id 497, low count 72
VLOG[1] (build-tree[5.5.294-06484]:main():build-tree.cc:143) For pdf-id 507, low count 31
VLOG[1] (build-tree[5.5.294-06484]:main():build-tree.cc:143) For pdf-id 521, low count 19
VLOG[1] (build-tree[5.5.294-06484]:main():build-tree.cc:143) For pdf-id 522, low count 93
VLOG[1] (build-tree[5.5.294-06484]:main():build-tree.cc:143) For pdf-id 523, low count 11
VLOG[1] (build-tree[5.5.294-06484]:main():build-tree.cc:143) For pdf-id 526, low count 84
VLOG[1] (build-tree[5.5.294-06484]:main():build-tree.cc:143) For pdf-id 532, low count 69
VLOG[1] (build-tree[5.5.294-06484]:main():build-tree.cc:143) For pdf-id 533, low count 88
VLOG[1] (build-tree[5.5.294-06484]:main():build-tree.cc:143) For pdf-id 542, low count 85
VLOG[1] (build-tree[5.5.294-06484]:main():build-tree.cc:143) For pdf-id 552, low count 60
VLOG[1] (build-tree[5.5.294-06484]:main():build-tree.cc:143) For pdf-id 553, low count 95
VLOG[1] (build-tree[5.5.294-06484]:main():build-tree.cc:143) For pdf-id 555, low count 37
VLOG[1] (build-tree[5.5.294-06484]:main():build-tree.cc:143) For pdf-id 558, low count 50
VLOG[1] (build-tree[5.5.294-06484]:main():build-tree.cc:143) For pdf-id 560, low count 72
VLOG[1] (build-tree[5.5.294-06484]:main():build-tree.cc:143) For pdf-id 563, low count 82
VLOG[1] (build-tree[5.5.294-06484]:main():build-tree.cc:143) For pdf-id 571, low count 75
VLOG[1] (build-tree[5.5.294-06484]:main():build-tree.cc:143) For pdf-id 582, low count 34
VLOG[1] (build-tree[5.5.294-06484]:main():build-tree.cc:143) For pdf-id 590, low count 97
VLOG[1] (build-tree[5.5.294-06484]:main():build-tree.cc:143) For pdf-id 591, low count 61
VLOG[1] (build-tree[5.5.294-06484]:main():build-tree.cc:143) For pdf-id 595, low count 65
VLOG[1] (build-tree[5.5.294-06484]:main():build-tree.cc:143) For pdf-id 601, low count 74
VLOG[1] (build-tree[5.5.294-06484]:main():build-tree.cc:143) For pdf-id 603, low count 71
VLOG[1] (build-tree[5.5.294-06484]:main():build-tree.cc:143) For pdf-id 608, low count 76
VLOG[1] (build-tree[5.5.294-06484]:main():build-tree.cc:143) For pdf-id 609, low count 22
VLOG[1] (build-tree[5.5.294-06484]:main():build-tree.cc:143) For pdf-id 613, low count 45
VLOG[1] (build-tree[5.5.294-06484]:main():build-tree.cc:143) For pdf-id 643, low count 11
VLOG[1] (build-tree[5.5.294-06484]:main():build-tree.cc:143) For pdf-id 651, low count 11
VLOG[1] (build-tree[5.5.294-06484]:main():build-tree.cc:143) For pdf-id 666, low count 61
VLOG[1] (build-tree[5.5.294-06484]:main():build-tree.cc:143) For pdf-id 691, low count 6
VLOG[1] (build-tree[5.5.294-06484]:main():build-tree.cc:143) For pdf-id 694, low count 92
VLOG[1] (build-tree[5.5.294-06484]:main():build-tree.cc:143) For pdf-id 696, low count 98
VLOG[1] (build-tree[5.5.294-06484]:main():build-tree.cc:143) For pdf-id 709, low count 29
VLOG[1] (build-tree[5.5.294-06484]:main():build-tree.cc:143) For pdf-id 713, low count 50
VLOG[1] (build-tree[5.5.294-06484]:main():build-tree.cc:143) For pdf-id 728, low count 87
VLOG[1] (build-tree[5.5.294-06484]:main():build-tree.cc:143) For pdf-id 742, low count 42
VLOG[1] (build-tree[5.5.294-06484]:main():build-tree.cc:143) For pdf-id 747, low count 85
VLOG[1] (build-tree[5.5.294-06484]:main():build-tree.cc:143) For pdf-id 761, low count 54
VLOG[1] (build-tree[5.5.294-06484]:main():build-tree.cc:143) For pdf-id 769, low count 52
VLOG[1] (build-tree[5.5.294-06484]:main():build-tree.cc:143) For pdf-id 794, low count 78
VLOG[1] (build-tree[5.5.294-06484]:main():build-tree.cc:143) For pdf-id 795, low count 58
VLOG[1] (build-tree[5.5.294-06484]:main():build-tree.cc:143) For pdf-id 796, low count 19
VLOG[1] (build-tree[5.5.294-06484]:main():build-tree.cc:143) For pdf-id 812, low count 10
VLOG[1] (build-tree[5.5.294-06484]:main():build-tree.cc:143) For pdf-id 814, low count 90
VLOG[1] (build-tree[5.5.294-06484]:main():build-tree.cc:143) For pdf-id 829, low count 72
VLOG[1] (build-tree[5.5.294-06484]:main():build-tree.cc:143) For pdf-id 831, low count 99
VLOG[1] (build-tree[5.5.294-06484]:main():build-tree.cc:143) For pdf-id 854, low count 21
VLOG[1] (build-tree[5.5.294-06484]:main():build-tree.cc:143) For pdf-id 855, low count 19
VLOG[1] (build-tree[5.5.294-06484]:main():build-tree.cc:143) For pdf-id 874, low count 48
VLOG[1] (build-tree[5.5.294-06484]:main():build-tree.cc:143) For pdf-id 887, low count 84
VLOG[1] (build-tree[5.5.294-06484]:main():build-tree.cc:143) For pdf-id 895, low count 24
VLOG[1] (build-tree[5.5.294-06484]:main():build-tree.cc:143) For pdf-id 924, low count 88
VLOG[1] (build-tree[5.5.294-06484]:main():build-tree.cc:143) For pdf-id 926, low count 89
VLOG[1] (build-tree[5.5.294-06484]:main():build-tree.cc:143) For pdf-id 929, low count 64
VLOG[1] (build-tree[5.5.294-06484]:main():build-tree.cc:143) For pdf-id 959, low count 86
VLOG[1] (build-tree[5.5.294-06484]:main():build-tree.cc:143) For pdf-id 985, low count 46
VLOG[1] (build-tree[5.5.294-06484]:main():build-tree.cc:143) For pdf-id 989, low count 94
VLOG[1] (build-tree[5.5.294-06484]:main():build-tree.cc:143) For pdf-id 1012, low count 76
VLOG[1] (build-tree[5.5.294-06484]:main():build-tree.cc:143) For pdf-id 1016, low count 38
VLOG[1] (build-tree[5.5.294-06484]:main():build-tree.cc:143) For pdf-id 1017, low count 76
VLOG[1] (build-tree[5.5.294-06484]:main():build-tree.cc:143) For pdf-id 1027, low count 23
VLOG[1] (build-tree[5.5.294-06484]:main():build-tree.cc:143) For pdf-id 1028, low count 27
VLOG[1] (build-tree[5.5.294-06484]:main():build-tree.cc:143) For pdf-id 1030, low count 55
LOG (build-tree[5.5.294-06484]:main():build-tree.cc:189) Wrote tree
# Accounting: time=1 threads=1
# Ended (code 0) at Mon Apr 29 12:55:46 AEST 2019, elapsed time 1 seconds
