# ali-to-post "ark:gunzip -c exp/tri2/ali.9.gz|" ark:- | weight-silence-post 0.0 1 exp/tri2/2.mdl ark:- ark:- | gmm-acc-mllt --rand-prune=4.0 exp/tri2/2.mdl "ark,s,cs:apply-cmvn  --utt2spk=ark:data/train/split10/9/utt2spk scp:data/train/split10/9/cmvn.scp scp:data/train/split10/9/feats.scp ark:- | splice-feats --left-context=3 --right-context=3 ark:- ark:- | transform-feats exp/tri2/0.mat ark:- ark:- |" ark:- exp/tri2/2.9.macc 
# Started at Mon Apr 29 12:56:52 AEST 2019
#
weight-silence-post 0.0 1 exp/tri2/2.mdl ark:- ark:- 
gmm-acc-mllt --rand-prune=4.0 exp/tri2/2.mdl 'ark,s,cs:apply-cmvn  --utt2spk=ark:data/train/split10/9/utt2spk scp:data/train/split10/9/cmvn.scp scp:data/train/split10/9/feats.scp ark:- | splice-feats --left-context=3 --right-context=3 ark:- ark:- | transform-feats exp/tri2/0.mat ark:- ark:- |' ark:- exp/tri2/2.9.macc 
ali-to-post 'ark:gunzip -c exp/tri2/ali.9.gz|' ark:- 
transform-feats exp/tri2/0.mat ark:- ark:- 
splice-feats --left-context=3 --right-context=3 ark:- ark:- 
apply-cmvn --utt2spk=ark:data/train/split10/9/utt2spk scp:data/train/split10/9/cmvn.scp scp:data/train/split10/9/feats.scp ark:- 
LOG (gmm-acc-mllt[5.5.294-06484]:main():gmm-acc-mllt.cc:108) Average like for this file is -51.2327 over 343 frames.
LOG (gmm-acc-mllt[5.5.294-06484]:main():gmm-acc-mllt.cc:108) Average like for this file is -46.3683 over 441 frames.
LOG (gmm-acc-mllt[5.5.294-06484]:main():gmm-acc-mllt.cc:108) Average like for this file is -51.451 over 138 frames.
LOG (gmm-acc-mllt[5.5.294-06484]:main():gmm-acc-mllt.cc:108) Average like for this file is -49.9455 over 516 frames.
LOG (gmm-acc-mllt[5.5.294-06484]:main():gmm-acc-mllt.cc:108) Average like for this file is -48.4404 over 273 frames.
LOG (gmm-acc-mllt[5.5.294-06484]:main():gmm-acc-mllt.cc:108) Average like for this file is -49.7752 over 399 frames.
LOG (gmm-acc-mllt[5.5.294-06484]:main():gmm-acc-mllt.cc:108) Average like for this file is -50.8693 over 233 frames.
LOG (gmm-acc-mllt[5.5.294-06484]:main():gmm-acc-mllt.cc:108) Average like for this file is -51.2933 over 337 frames.
LOG (gmm-acc-mllt[5.5.294-06484]:main():gmm-acc-mllt.cc:108) Average like for this file is -50.3399 over 332 frames.
LOG (gmm-acc-mllt[5.5.294-06484]:main():gmm-acc-mllt.cc:108) Average like for this file is -50.7338 over 111 frames.
LOG (gmm-acc-mllt[5.5.294-06484]:main():gmm-acc-mllt.cc:114) Avg like per frame so far is -49.7792
LOG (gmm-acc-mllt[5.5.294-06484]:main():gmm-acc-mllt.cc:108) Average like for this file is -53.458 over 180 frames.
LOG (gmm-acc-mllt[5.5.294-06484]:main():gmm-acc-mllt.cc:108) Average like for this file is -52.325 over 279 frames.
LOG (gmm-acc-mllt[5.5.294-06484]:main():gmm-acc-mllt.cc:108) Average like for this file is -54.996 over 159 frames.
LOG (gmm-acc-mllt[5.5.294-06484]:main():gmm-acc-mllt.cc:108) Average like for this file is -51.3608 over 229 frames.
LOG (gmm-acc-mllt[5.5.294-06484]:main():gmm-acc-mllt.cc:108) Average like for this file is -54.2564 over 208 frames.
LOG (gmm-acc-mllt[5.5.294-06484]:main():gmm-acc-mllt.cc:108) Average like for this file is -57.6346 over 209 frames.
LOG (gmm-acc-mllt[5.5.294-06484]:main():gmm-acc-mllt.cc:108) Average like for this file is -56.8574 over 341 frames.
LOG (gmm-acc-mllt[5.5.294-06484]:main():gmm-acc-mllt.cc:108) Average like for this file is -53.2561 over 193 frames.
LOG (gmm-acc-mllt[5.5.294-06484]:main():gmm-acc-mllt.cc:108) Average like for this file is -55.0207 over 188 frames.
LOG (gmm-acc-mllt[5.5.294-06484]:main():gmm-acc-mllt.cc:108) Average like for this file is -52.6262 over 162 frames.
LOG (gmm-acc-mllt[5.5.294-06484]:main():gmm-acc-mllt.cc:114) Avg like per frame so far is -51.6135
LOG (gmm-acc-mllt[5.5.294-06484]:main():gmm-acc-mllt.cc:108) Average like for this file is -56.416 over 414 frames.
LOG (gmm-acc-mllt[5.5.294-06484]:main():gmm-acc-mllt.cc:108) Average like for this file is -56.0938 over 233 frames.
LOG (gmm-acc-mllt[5.5.294-06484]:main():gmm-acc-mllt.cc:108) Average like for this file is -56.794 over 202 frames.
LOG (gmm-acc-mllt[5.5.294-06484]:main():gmm-acc-mllt.cc:108) Average like for this file is -54.2635 over 193 frames.
LOG (gmm-acc-mllt[5.5.294-06484]:main():gmm-acc-mllt.cc:108) Average like for this file is -56.0289 over 317 frames.
LOG (gmm-acc-mllt[5.5.294-06484]:main():gmm-acc-mllt.cc:108) Average like for this file is -53.4843 over 104 frames.
LOG (gmm-acc-mllt[5.5.294-06484]:main():gmm-acc-mllt.cc:108) Average like for this file is -55.1154 over 169 frames.
LOG (gmm-acc-mllt[5.5.294-06484]:main():gmm-acc-mllt.cc:108) Average like for this file is -56.4274 over 185 frames.
LOG (gmm-acc-mllt[5.5.294-06484]:main():gmm-acc-mllt.cc:108) Average like for this file is -52.575 over 205 frames.
LOG (gmm-acc-mllt[5.5.294-06484]:main():gmm-acc-mllt.cc:108) Average like for this file is -55.7943 over 214 frames.
LOG (gmm-acc-mllt[5.5.294-06484]:main():gmm-acc-mllt.cc:114) Avg like per frame so far is -52.7802
LOG (gmm-acc-mllt[5.5.294-06484]:main():gmm-acc-mllt.cc:108) Average like for this file is -52.938 over 263 frames.
LOG (gmm-acc-mllt[5.5.294-06484]:main():gmm-acc-mllt.cc:108) Average like for this file is -56.4905 over 197 frames.
LOG (gmm-acc-mllt[5.5.294-06484]:main():gmm-acc-mllt.cc:108) Average like for this file is -56.7577 over 272 frames.
LOG (gmm-acc-mllt[5.5.294-06484]:main():gmm-acc-mllt.cc:108) Average like for this file is -54.0152 over 307 frames.
LOG (gmm-acc-mllt[5.5.294-06484]:main():gmm-acc-mllt.cc:108) Average like for this file is -53.9766 over 148 frames.
LOG (gmm-acc-mllt[5.5.294-06484]:main():gmm-acc-mllt.cc:108) Average like for this file is -57.2129 over 241 frames.
LOG (gmm-acc-mllt[5.5.294-06484]:main():gmm-acc-mllt.cc:108) Average like for this file is -56.5918 over 225 frames.
LOG (gmm-acc-mllt[5.5.294-06484]:main():gmm-acc-mllt.cc:108) Average like for this file is -56.0385 over 313 frames.
LOG (gmm-acc-mllt[5.5.294-06484]:main():gmm-acc-mllt.cc:108) Average like for this file is -55.4568 over 299 frames.
LOG (gmm-acc-mllt[5.5.294-06484]:main():gmm-acc-mllt.cc:108) Average like for this file is -57.0744 over 341 frames.
LOG (gmm-acc-mllt[5.5.294-06484]:main():gmm-acc-mllt.cc:114) Avg like per frame so far is -53.5338
LOG (gmm-acc-mllt[5.5.294-06484]:main():gmm-acc-mllt.cc:108) Average like for this file is -52.5456 over 390 frames.
LOG (gmm-acc-mllt[5.5.294-06484]:main():gmm-acc-mllt.cc:108) Average like for this file is -53.5934 over 214 frames.
LOG (gmm-acc-mllt[5.5.294-06484]:main():gmm-acc-mllt.cc:108) Average like for this file is -51.7218 over 374 frames.
LOG (gmm-acc-mllt[5.5.294-06484]:main():gmm-acc-mllt.cc:108) Average like for this file is -53.1401 over 202 frames.
LOG (gmm-acc-mllt[5.5.294-06484]:main():gmm-acc-mllt.cc:108) Average like for this file is -52.2347 over 272 frames.
LOG (gmm-acc-mllt[5.5.294-06484]:main():gmm-acc-mllt.cc:108) Average like for this file is -49.1691 over 205 frames.
LOG (gmm-acc-mllt[5.5.294-06484]:main():gmm-acc-mllt.cc:108) Average like for this file is -55.5672 over 231 frames.
LOG (gmm-acc-mllt[5.5.294-06484]:main():gmm-acc-mllt.cc:108) Average like for this file is -52.9663 over 201 frames.
LOG (gmm-acc-mllt[5.5.294-06484]:main():gmm-acc-mllt.cc:108) Average like for this file is -52.2732 over 248 frames.
LOG (gmm-acc-mllt[5.5.294-06484]:main():gmm-acc-mllt.cc:108) Average like for this file is -54.5777 over 347 frames.
LOG (gmm-acc-mllt[5.5.294-06484]:main():gmm-acc-mllt.cc:114) Avg like per frame so far is -53.3796
LOG (gmm-acc-mllt[5.5.294-06484]:main():gmm-acc-mllt.cc:108) Average like for this file is -51.9508 over 187 frames.
LOG (gmm-acc-mllt[5.5.294-06484]:main():gmm-acc-mllt.cc:108) Average like for this file is -53.7886 over 257 frames.
LOG (gmm-acc-mllt[5.5.294-06484]:main():gmm-acc-mllt.cc:108) Average like for this file is -56.1087 over 203 frames.
LOG (gmm-acc-mllt[5.5.294-06484]:main():gmm-acc-mllt.cc:108) Average like for this file is -51.9083 over 351 frames.
LOG (gmm-acc-mllt[5.5.294-06484]:main():gmm-acc-mllt.cc:108) Average like for this file is -51.6836 over 301 frames.
LOG (gmm-acc-mllt[5.5.294-06484]:main():gmm-acc-mllt.cc:108) Average like for this file is -54.8389 over 215 frames.
LOG (gmm-acc-mllt[5.5.294-06484]:main():gmm-acc-mllt.cc:108) Average like for this file is -53.0104 over 447 frames.
LOG (gmm-acc-mllt[5.5.294-06484]:main():gmm-acc-mllt.cc:108) Average like for this file is -50.1703 over 135 frames.
LOG (gmm-acc-mllt[5.5.294-06484]:main():gmm-acc-mllt.cc:108) Average like for this file is -56.7361 over 281 frames.
LOG (gmm-acc-mllt[5.5.294-06484]:main():gmm-acc-mllt.cc:108) Average like for this file is -53.5587 over 228 frames.
LOG (gmm-acc-mllt[5.5.294-06484]:main():gmm-acc-mllt.cc:114) Avg like per frame so far is -53.3838
LOG (gmm-acc-mllt[5.5.294-06484]:main():gmm-acc-mllt.cc:108) Average like for this file is -53.1864 over 249 frames.
LOG (gmm-acc-mllt[5.5.294-06484]:main():gmm-acc-mllt.cc:108) Average like for this file is -54.869 over 270 frames.
LOG (gmm-acc-mllt[5.5.294-06484]:main():gmm-acc-mllt.cc:108) Average like for this file is -53.2637 over 286 frames.
LOG (gmm-acc-mllt[5.5.294-06484]:main():gmm-acc-mllt.cc:108) Average like for this file is -54.2276 over 234 frames.
LOG (gmm-acc-mllt[5.5.294-06484]:main():gmm-acc-mllt.cc:108) Average like for this file is -53.6019 over 214 frames.
LOG (gmm-acc-mllt[5.5.294-06484]:main():gmm-acc-mllt.cc:108) Average like for this file is -51.7884 over 491 frames.
LOG (gmm-acc-mllt[5.5.294-06484]:main():gmm-acc-mllt.cc:108) Average like for this file is -52.3347 over 446 frames.
LOG (gmm-acc-mllt[5.5.294-06484]:main():gmm-acc-mllt.cc:108) Average like for this file is -50.7249 over 248 frames.
LOG (gmm-acc-mllt[5.5.294-06484]:main():gmm-acc-mllt.cc:108) Average like for this file is -50.0239 over 370 frames.
LOG (gmm-acc-mllt[5.5.294-06484]:main():gmm-acc-mllt.cc:108) Average like for this file is -49.9083 over 269 frames.
LOG (gmm-acc-mllt[5.5.294-06484]:main():gmm-acc-mllt.cc:114) Avg like per frame so far is -53.1929
LOG (gmm-acc-mllt[5.5.294-06484]:main():gmm-acc-mllt.cc:108) Average like for this file is -50.1645 over 241 frames.
LOG (gmm-acc-mllt[5.5.294-06484]:main():gmm-acc-mllt.cc:108) Average like for this file is -52.2289 over 283 frames.
LOG (gmm-acc-mllt[5.5.294-06484]:main():gmm-acc-mllt.cc:108) Average like for this file is -48.234 over 218 frames.
LOG (gmm-acc-mllt[5.5.294-06484]:main():gmm-acc-mllt.cc:108) Average like for this file is -53.2696 over 369 frames.
LOG (gmm-acc-mllt[5.5.294-06484]:main():gmm-acc-mllt.cc:108) Average like for this file is -51.1764 over 169 frames.
LOG (gmm-acc-mllt[5.5.294-06484]:main():gmm-acc-mllt.cc:108) Average like for this file is -58.5357 over 221 frames.
LOG (gmm-acc-mllt[5.5.294-06484]:main():gmm-acc-mllt.cc:108) Average like for this file is -57.0897 over 252 frames.
LOG (gmm-acc-mllt[5.5.294-06484]:main():gmm-acc-mllt.cc:108) Average like for this file is -56.9265 over 358 frames.
LOG (gmm-acc-mllt[5.5.294-06484]:main():gmm-acc-mllt.cc:108) Average like for this file is -56.6697 over 283 frames.
LOG (gmm-acc-mllt[5.5.294-06484]:main():gmm-acc-mllt.cc:108) Average like for this file is -55.0191 over 284 frames.
LOG (gmm-acc-mllt[5.5.294-06484]:main():gmm-acc-mllt.cc:114) Avg like per frame so far is -53.3161
LOG (gmm-acc-mllt[5.5.294-06484]:main():gmm-acc-mllt.cc:108) Average like for this file is -60.7164 over 456 frames.
LOG (gmm-acc-mllt[5.5.294-06484]:main():gmm-acc-mllt.cc:108) Average like for this file is -64.2136 over 123 frames.
LOG (gmm-acc-mllt[5.5.294-06484]:main():gmm-acc-mllt.cc:108) Average like for this file is -57.9604 over 303 frames.
LOG (gmm-acc-mllt[5.5.294-06484]:main():gmm-acc-mllt.cc:108) Average like for this file is -62.9407 over 173 frames.
LOG (gmm-acc-mllt[5.5.294-06484]:main():gmm-acc-mllt.cc:108) Average like for this file is -60.179 over 266 frames.
LOG (gmm-acc-mllt[5.5.294-06484]:main():gmm-acc-mllt.cc:108) Average like for this file is -59.3314 over 323 frames.
LOG (gmm-acc-mllt[5.5.294-06484]:main():gmm-acc-mllt.cc:108) Average like for this file is -59.2801 over 413 frames.
LOG (gmm-acc-mllt[5.5.294-06484]:main():gmm-acc-mllt.cc:108) Average like for this file is -60.3998 over 223 frames.
LOG (ali-to-post[5.5.294-06484]:main():ali-to-post.cc:73) Converted 120 alignments.
LOG (gmm-acc-mllt[5.5.294-06484]:main():gmm-acc-mllt.cc:108) Average like for this file is -54.3963 over 286 frames.
LOG (gmm-acc-mllt[5.5.294-06484]:main():gmm-acc-mllt.cc:108) Average like for this file is -55.0971 over 263 frames.
LOG (gmm-acc-mllt[5.5.294-06484]:main():gmm-acc-mllt.cc:114) Avg like per frame so far is -53.9988
LOG (gmm-acc-mllt[5.5.294-06484]:main():gmm-acc-mllt.cc:108) Average like for this file is -54.6736 over 393 frames.
LOG (gmm-acc-mllt[5.5.294-06484]:main():gmm-acc-mllt.cc:108) Average like for this file is -56.195 over 193 frames.
LOG (gmm-acc-mllt[5.5.294-06484]:main():gmm-acc-mllt.cc:108) Average like for this file is -56.6602 over 237 frames.
LOG (gmm-acc-mllt[5.5.294-06484]:main():gmm-acc-mllt.cc:108) Average like for this file is -55.4144 over 143 frames.
LOG (gmm-acc-mllt[5.5.294-06484]:main():gmm-acc-mllt.cc:108) Average like for this file is -55.2889 over 195 frames.
LOG (gmm-acc-mllt[5.5.294-06484]:main():gmm-acc-mllt.cc:108) Average like for this file is -57.496 over 180 frames.
LOG (gmm-acc-mllt[5.5.294-06484]:main():gmm-acc-mllt.cc:108) Average like for this file is -56.2731 over 372 frames.
LOG (gmm-acc-mllt[5.5.294-06484]:main():gmm-acc-mllt.cc:108) Average like for this file is -53.1622 over 232 frames.
LOG (gmm-acc-mllt[5.5.294-06484]:main():gmm-acc-mllt.cc:108) Average like for this file is -53.5345 over 174 frames.
LOG (gmm-acc-mllt[5.5.294-06484]:main():gmm-acc-mllt.cc:108) Average like for this file is -53.3566 over 183 frames.
LOG (gmm-acc-mllt[5.5.294-06484]:main():gmm-acc-mllt.cc:114) Avg like per frame so far is -54.1075
LOG (gmm-acc-mllt[5.5.294-06484]:main():gmm-acc-mllt.cc:108) Average like for this file is -54.0917 over 250 frames.
LOG (gmm-acc-mllt[5.5.294-06484]:main():gmm-acc-mllt.cc:108) Average like for this file is -51.773 over 202 frames.
LOG (gmm-acc-mllt[5.5.294-06484]:main():gmm-acc-mllt.cc:108) Average like for this file is -52.624 over 281 frames.
LOG (gmm-acc-mllt[5.5.294-06484]:main():gmm-acc-mllt.cc:108) Average like for this file is -53.0792 over 309 frames.
LOG (weight-silence-post[5.5.294-06484]:main():weight-silence-post.cc:95) Done 120 posteriors.
LOG (gmm-acc-mllt[5.5.294-06484]:main():gmm-acc-mllt.cc:108) Average like for this file is -50.4002 over 403 frames.
LOG (gmm-acc-mllt[5.5.294-06484]:main():gmm-acc-mllt.cc:108) Average like for this file is -55.9699 over 130 frames.
LOG (gmm-acc-mllt[5.5.294-06484]:main():gmm-acc-mllt.cc:108) Average like for this file is -51.6239 over 187 frames.
LOG (gmm-acc-mllt[5.5.294-06484]:main():gmm-acc-mllt.cc:108) Average like for this file is -53.9067 over 336 frames.
LOG (gmm-acc-mllt[5.5.294-06484]:main():gmm-acc-mllt.cc:108) Average like for this file is -50.7968 over 198 frames.
LOG (gmm-acc-mllt[5.5.294-06484]:main():gmm-acc-mllt.cc:108) Average like for this file is -54.8698 over 263 frames.
LOG (gmm-acc-mllt[5.5.294-06484]:main():gmm-acc-mllt.cc:114) Avg like per frame so far is -53.9879
LOG (gmm-acc-mllt[5.5.294-06484]:main():gmm-acc-mllt.cc:108) Average like for this file is -54.5862 over 233 frames.
LOG (apply-cmvn[5.5.294-06484]:main():apply-cmvn.cc:162) Applied cepstral mean normalization to 120 utterances, errors on 0
LOG (gmm-acc-mllt[5.5.294-06484]:main():gmm-acc-mllt.cc:108) Average like for this file is -54.5305 over 208 frames.
LOG (gmm-acc-mllt[5.5.294-06484]:main():gmm-acc-mllt.cc:108) Average like for this file is -50.7916 over 266 frames.
LOG (gmm-acc-mllt[5.5.294-06484]:main():gmm-acc-mllt.cc:108) Average like for this file is -48.7074 over 184 frames.
LOG (gmm-acc-mllt[5.5.294-06484]:main():gmm-acc-mllt.cc:108) Average like for this file is -53.7468 over 341 frames.
LOG (gmm-acc-mllt[5.5.294-06484]:main():gmm-acc-mllt.cc:108) Average like for this file is -52.207 over 202 frames.
LOG (gmm-acc-mllt[5.5.294-06484]:main():gmm-acc-mllt.cc:108) Average like for this file is -57.8458 over 231 frames.
LOG (gmm-acc-mllt[5.5.294-06484]:main():gmm-acc-mllt.cc:108) Average like for this file is -52.2821 over 185 frames.
LOG (transform-feats[5.5.294-06484]:main():transform-feats.cc:158) Overall average [pseudo-]logdet is -91.5766 over 35559 frames.
LOG (transform-feats[5.5.294-06484]:main():transform-feats.cc:161) Applied transform to 120 utterances; 0 had errors.
LOG (gmm-acc-mllt[5.5.294-06484]:main():gmm-acc-mllt.cc:108) Average like for this file is -52.1392 over 231 frames.
LOG (gmm-acc-mllt[5.5.294-06484]:main():gmm-acc-mllt.cc:108) Average like for this file is -51.3124 over 191 frames.
LOG (gmm-acc-mllt[5.5.294-06484]:main():gmm-acc-mllt.cc:114) Avg like per frame so far is -53.9116
LOG (gmm-acc-mllt[5.5.294-06484]:main():gmm-acc-mllt.cc:119) Done 120 files, 0 with no posteriors, 0 with other errors.
LOG (gmm-acc-mllt[5.5.294-06484]:main():gmm-acc-mllt.cc:123) Overall avg like per frame (Gaussian only) = -53.9116 over 31119 frames.
LOG (gmm-acc-mllt[5.5.294-06484]:main():gmm-acc-mllt.cc:127) Written accs.
# Accounting: time=0 threads=1
# Ended (code 0) at Mon Apr 29 12:56:52 AEST 2019, elapsed time 0 seconds
