# ali-to-post "ark:gunzip -c exp/tri2/ali.3.gz|" ark:- | weight-silence-post 0.0 1 exp/tri2/12.mdl ark:- ark:- | gmm-acc-mllt --rand-prune=4.0 exp/tri2/12.mdl "ark,s,cs:apply-cmvn  --utt2spk=ark:data/train/split10/3/utt2spk scp:data/train/split10/3/cmvn.scp scp:data/train/split10/3/feats.scp ark:- | splice-feats --left-context=3 --right-context=3 ark:- ark:- | transform-feats exp/tri2/6.mat ark:- ark:- |" ark:- exp/tri2/12.3.macc 
# Started at Mon Apr 29 12:56:57 AEST 2019
#
ali-to-post 'ark:gunzip -c exp/tri2/ali.3.gz|' ark:- 
gmm-acc-mllt --rand-prune=4.0 exp/tri2/12.mdl 'ark,s,cs:apply-cmvn  --utt2spk=ark:data/train/split10/3/utt2spk scp:data/train/split10/3/cmvn.scp scp:data/train/split10/3/feats.scp ark:- | splice-feats --left-context=3 --right-context=3 ark:- ark:- | transform-feats exp/tri2/6.mat ark:- ark:- |' ark:- exp/tri2/12.3.macc 
weight-silence-post 0.0 1 exp/tri2/12.mdl ark:- ark:- 
apply-cmvn --utt2spk=ark:data/train/split10/3/utt2spk scp:data/train/split10/3/cmvn.scp scp:data/train/split10/3/feats.scp ark:- 
splice-feats --left-context=3 --right-context=3 ark:- ark:- 
transform-feats exp/tri2/6.mat ark:- ark:- 
LOG (gmm-acc-mllt[5.5.294-06484]:main():gmm-acc-mllt.cc:108) Average like for this file is -49.3629 over 235 frames.
LOG (gmm-acc-mllt[5.5.294-06484]:main():gmm-acc-mllt.cc:108) Average like for this file is -48.2991 over 186 frames.
LOG (gmm-acc-mllt[5.5.294-06484]:main():gmm-acc-mllt.cc:108) Average like for this file is -45.375 over 289 frames.
LOG (gmm-acc-mllt[5.5.294-06484]:main():gmm-acc-mllt.cc:108) Average like for this file is -43.7723 over 303 frames.
LOG (gmm-acc-mllt[5.5.294-06484]:main():gmm-acc-mllt.cc:108) Average like for this file is -48.1115 over 240 frames.
LOG (gmm-acc-mllt[5.5.294-06484]:main():gmm-acc-mllt.cc:108) Average like for this file is -47.942 over 435 frames.
LOG (gmm-acc-mllt[5.5.294-06484]:main():gmm-acc-mllt.cc:108) Average like for this file is -47.012 over 306 frames.
LOG (gmm-acc-mllt[5.5.294-06484]:main():gmm-acc-mllt.cc:108) Average like for this file is -44.6934 over 267 frames.
LOG (gmm-acc-mllt[5.5.294-06484]:main():gmm-acc-mllt.cc:108) Average like for this file is -53.4319 over 462 frames.
LOG (gmm-acc-mllt[5.5.294-06484]:main():gmm-acc-mllt.cc:108) Average like for this file is -46.9318 over 226 frames.
LOG (gmm-acc-mllt[5.5.294-06484]:main():gmm-acc-mllt.cc:114) Avg like per frame so far is -47.8036
LOG (gmm-acc-mllt[5.5.294-06484]:main():gmm-acc-mllt.cc:108) Average like for this file is -54.1239 over 410 frames.
LOG (gmm-acc-mllt[5.5.294-06484]:main():gmm-acc-mllt.cc:108) Average like for this file is -56.9924 over 222 frames.
LOG (gmm-acc-mllt[5.5.294-06484]:main():gmm-acc-mllt.cc:108) Average like for this file is -51.3867 over 263 frames.
LOG (gmm-acc-mllt[5.5.294-06484]:main():gmm-acc-mllt.cc:108) Average like for this file is -47.0146 over 301 frames.
LOG (gmm-acc-mllt[5.5.294-06484]:main():gmm-acc-mllt.cc:108) Average like for this file is -50.7103 over 334 frames.
LOG (gmm-acc-mllt[5.5.294-06484]:main():gmm-acc-mllt.cc:108) Average like for this file is -54.0894 over 264 frames.
LOG (gmm-acc-mllt[5.5.294-06484]:main():gmm-acc-mllt.cc:108) Average like for this file is -50.7557 over 246 frames.
LOG (gmm-acc-mllt[5.5.294-06484]:main():gmm-acc-mllt.cc:108) Average like for this file is -47.9532 over 213 frames.
LOG (gmm-acc-mllt[5.5.294-06484]:main():gmm-acc-mllt.cc:108) Average like for this file is -50.8575 over 367 frames.
LOG (gmm-acc-mllt[5.5.294-06484]:main():gmm-acc-mllt.cc:108) Average like for this file is -49.2752 over 307 frames.
LOG (gmm-acc-mllt[5.5.294-06484]:main():gmm-acc-mllt.cc:114) Avg like per frame so far is -49.556
LOG (gmm-acc-mllt[5.5.294-06484]:main():gmm-acc-mllt.cc:108) Average like for this file is -46.9239 over 250 frames.
LOG (gmm-acc-mllt[5.5.294-06484]:main():gmm-acc-mllt.cc:108) Average like for this file is -46.5964 over 417 frames.
LOG (gmm-acc-mllt[5.5.294-06484]:main():gmm-acc-mllt.cc:108) Average like for this file is -46.2612 over 175 frames.
LOG (gmm-acc-mllt[5.5.294-06484]:main():gmm-acc-mllt.cc:108) Average like for this file is -49.0968 over 203 frames.
LOG (gmm-acc-mllt[5.5.294-06484]:main():gmm-acc-mllt.cc:108) Average like for this file is -49.0216 over 230 frames.
LOG (gmm-acc-mllt[5.5.294-06484]:main():gmm-acc-mllt.cc:108) Average like for this file is -47.9859 over 327 frames.
LOG (gmm-acc-mllt[5.5.294-06484]:main():gmm-acc-mllt.cc:108) Average like for this file is -51.6705 over 330 frames.
LOG (gmm-acc-mllt[5.5.294-06484]:main():gmm-acc-mllt.cc:108) Average like for this file is -49.604 over 206 frames.
LOG (gmm-acc-mllt[5.5.294-06484]:main():gmm-acc-mllt.cc:108) Average like for this file is -49.6767 over 226 frames.
LOG (gmm-acc-mllt[5.5.294-06484]:main():gmm-acc-mllt.cc:108) Average like for this file is -46.4093 over 296 frames.
LOG (gmm-acc-mllt[5.5.294-06484]:main():gmm-acc-mllt.cc:114) Avg like per frame so far is -49.1583
LOG (gmm-acc-mllt[5.5.294-06484]:main():gmm-acc-mllt.cc:108) Average like for this file is -48.332 over 317 frames.
LOG (gmm-acc-mllt[5.5.294-06484]:main():gmm-acc-mllt.cc:108) Average like for this file is -51.4313 over 242 frames.
LOG (gmm-acc-mllt[5.5.294-06484]:main():gmm-acc-mllt.cc:108) Average like for this file is -47.6249 over 256 frames.
LOG (gmm-acc-mllt[5.5.294-06484]:main():gmm-acc-mllt.cc:108) Average like for this file is -49.0231 over 302 frames.
LOG (gmm-acc-mllt[5.5.294-06484]:main():gmm-acc-mllt.cc:108) Average like for this file is -54.1085 over 370 frames.
LOG (gmm-acc-mllt[5.5.294-06484]:main():gmm-acc-mllt.cc:108) Average like for this file is -51.3958 over 261 frames.
LOG (gmm-acc-mllt[5.5.294-06484]:main():gmm-acc-mllt.cc:108) Average like for this file is -56.4984 over 367 frames.
LOG (gmm-acc-mllt[5.5.294-06484]:main():gmm-acc-mllt.cc:108) Average like for this file is -55.3771 over 321 frames.
LOG (gmm-acc-mllt[5.5.294-06484]:main():gmm-acc-mllt.cc:108) Average like for this file is -49.7462 over 428 frames.
LOG (gmm-acc-mllt[5.5.294-06484]:main():gmm-acc-mllt.cc:108) Average like for this file is -49.8448 over 225 frames.
LOG (gmm-acc-mllt[5.5.294-06484]:main():gmm-acc-mllt.cc:114) Avg like per frame so far is -49.792
LOG (gmm-acc-mllt[5.5.294-06484]:main():gmm-acc-mllt.cc:108) Average like for this file is -48.1518 over 167 frames.
LOG (gmm-acc-mllt[5.5.294-06484]:main():gmm-acc-mllt.cc:108) Average like for this file is -50.1177 over 277 frames.
LOG (gmm-acc-mllt[5.5.294-06484]:main():gmm-acc-mllt.cc:108) Average like for this file is -54.73 over 356 frames.
LOG (gmm-acc-mllt[5.5.294-06484]:main():gmm-acc-mllt.cc:108) Average like for this file is -54.1734 over 356 frames.
LOG (gmm-acc-mllt[5.5.294-06484]:main():gmm-acc-mllt.cc:108) Average like for this file is -52.5327 over 349 frames.
LOG (gmm-acc-mllt[5.5.294-06484]:main():gmm-acc-mllt.cc:108) Average like for this file is -55.5309 over 255 frames.
LOG (gmm-acc-mllt[5.5.294-06484]:main():gmm-acc-mllt.cc:108) Average like for this file is -56.6961 over 229 frames.
LOG (gmm-acc-mllt[5.5.294-06484]:main():gmm-acc-mllt.cc:108) Average like for this file is -50.9692 over 399 frames.
LOG (gmm-acc-mllt[5.5.294-06484]:main():gmm-acc-mllt.cc:108) Average like for this file is -48.5975 over 434 frames.
LOG (gmm-acc-mllt[5.5.294-06484]:main():gmm-acc-mllt.cc:108) Average like for this file is -47.3148 over 284 frames.
LOG (gmm-acc-mllt[5.5.294-06484]:main():gmm-acc-mllt.cc:114) Avg like per frame so far is -50.2253
LOG (gmm-acc-mllt[5.5.294-06484]:main():gmm-acc-mllt.cc:108) Average like for this file is -42.1968 over 270 frames.
LOG (gmm-acc-mllt[5.5.294-06484]:main():gmm-acc-mllt.cc:108) Average like for this file is -42.8696 over 364 frames.
LOG (gmm-acc-mllt[5.5.294-06484]:main():gmm-acc-mllt.cc:108) Average like for this file is -42.5089 over 283 frames.
LOG (gmm-acc-mllt[5.5.294-06484]:main():gmm-acc-mllt.cc:108) Average like for this file is -45.5028 over 459 frames.
LOG (gmm-acc-mllt[5.5.294-06484]:main():gmm-acc-mllt.cc:108) Average like for this file is -47.2407 over 208 frames.
LOG (gmm-acc-mllt[5.5.294-06484]:main():gmm-acc-mllt.cc:108) Average like for this file is -50.1986 over 253 frames.
LOG (gmm-acc-mllt[5.5.294-06484]:main():gmm-acc-mllt.cc:108) Average like for this file is -47.4452 over 119 frames.
LOG (gmm-acc-mllt[5.5.294-06484]:main():gmm-acc-mllt.cc:108) Average like for this file is -53.4087 over 270 frames.
LOG (gmm-acc-mllt[5.5.294-06484]:main():gmm-acc-mllt.cc:108) Average like for this file is -51.9064 over 270 frames.
LOG (gmm-acc-mllt[5.5.294-06484]:main():gmm-acc-mllt.cc:108) Average like for this file is -47.7562 over 320 frames.
LOG (gmm-acc-mllt[5.5.294-06484]:main():gmm-acc-mllt.cc:114) Avg like per frame so far is -49.6764
LOG (gmm-acc-mllt[5.5.294-06484]:main():gmm-acc-mllt.cc:108) Average like for this file is -49.9543 over 208 frames.
LOG (gmm-acc-mllt[5.5.294-06484]:main():gmm-acc-mllt.cc:108) Average like for this file is -47.6469 over 240 frames.
LOG (gmm-acc-mllt[5.5.294-06484]:main():gmm-acc-mllt.cc:108) Average like for this file is -50.0981 over 426 frames.
LOG (gmm-acc-mllt[5.5.294-06484]:main():gmm-acc-mllt.cc:108) Average like for this file is -48.0314 over 307 frames.
LOG (gmm-acc-mllt[5.5.294-06484]:main():gmm-acc-mllt.cc:108) Average like for this file is -55.282 over 313 frames.
LOG (gmm-acc-mllt[5.5.294-06484]:main():gmm-acc-mllt.cc:108) Average like for this file is -50.8757 over 480 frames.
LOG (gmm-acc-mllt[5.5.294-06484]:main():gmm-acc-mllt.cc:108) Average like for this file is -48.467 over 188 frames.
LOG (gmm-acc-mllt[5.5.294-06484]:main():gmm-acc-mllt.cc:108) Average like for this file is -50.8281 over 408 frames.
LOG (gmm-acc-mllt[5.5.294-06484]:main():gmm-acc-mllt.cc:108) Average like for this file is -52.3365 over 247 frames.
LOG (gmm-acc-mllt[5.5.294-06484]:main():gmm-acc-mllt.cc:108) Average like for this file is -52.6682 over 257 frames.
LOG (gmm-acc-mllt[5.5.294-06484]:main():gmm-acc-mllt.cc:114) Avg like per frame so far is -49.8337
LOG (gmm-acc-mllt[5.5.294-06484]:main():gmm-acc-mllt.cc:108) Average like for this file is -50.3666 over 207 frames.
LOG (gmm-acc-mllt[5.5.294-06484]:main():gmm-acc-mllt.cc:108) Average like for this file is -52.991 over 245 frames.
LOG (gmm-acc-mllt[5.5.294-06484]:main():gmm-acc-mllt.cc:108) Average like for this file is -50.1463 over 217 frames.
LOG (gmm-acc-mllt[5.5.294-06484]:main():gmm-acc-mllt.cc:108) Average like for this file is -54.9667 over 283 frames.
LOG (gmm-acc-mllt[5.5.294-06484]:main():gmm-acc-mllt.cc:108) Average like for this file is -54.916 over 242 frames.
LOG (gmm-acc-mllt[5.5.294-06484]:main():gmm-acc-mllt.cc:108) Average like for this file is -53.5589 over 309 frames.
LOG (gmm-acc-mllt[5.5.294-06484]:main():gmm-acc-mllt.cc:108) Average like for this file is -51.6756 over 325 frames.
LOG (gmm-acc-mllt[5.5.294-06484]:main():gmm-acc-mllt.cc:108) Average like for this file is -53.1643 over 229 frames.
LOG (gmm-acc-mllt[5.5.294-06484]:main():gmm-acc-mllt.cc:108) Average like for this file is -55.5709 over 280 frames.
LOG (gmm-acc-mllt[5.5.294-06484]:main():gmm-acc-mllt.cc:108) Average like for this file is -52.8535 over 282 frames.
LOG (gmm-acc-mllt[5.5.294-06484]:main():gmm-acc-mllt.cc:114) Avg like per frame so far is -50.2039
LOG (gmm-acc-mllt[5.5.294-06484]:main():gmm-acc-mllt.cc:108) Average like for this file is -47.7555 over 215 frames.
LOG (gmm-acc-mllt[5.5.294-06484]:main():gmm-acc-mllt.cc:108) Average like for this file is -46.0627 over 289 frames.
LOG (gmm-acc-mllt[5.5.294-06484]:main():gmm-acc-mllt.cc:108) Average like for this file is -48.2753 over 318 frames.
LOG (gmm-acc-mllt[5.5.294-06484]:main():gmm-acc-mllt.cc:108) Average like for this file is -50.5419 over 335 frames.
LOG (gmm-acc-mllt[5.5.294-06484]:main():gmm-acc-mllt.cc:108) Average like for this file is -45.6257 over 194 frames.
LOG (gmm-acc-mllt[5.5.294-06484]:main():gmm-acc-mllt.cc:108) Average like for this file is -48.3728 over 493 frames.
LOG (gmm-acc-mllt[5.5.294-06484]:main():gmm-acc-mllt.cc:108) Average like for this file is -44.1463 over 379 frames.
LOG (gmm-acc-mllt[5.5.294-06484]:main():gmm-acc-mllt.cc:108) Average like for this file is -44.3239 over 301 frames.
LOG (gmm-acc-mllt[5.5.294-06484]:main():gmm-acc-mllt.cc:108) Average like for this file is -47.2491 over 241 frames.
LOG (gmm-acc-mllt[5.5.294-06484]:main():gmm-acc-mllt.cc:108) Average like for this file is -44.9506 over 121 frames.
LOG (gmm-acc-mllt[5.5.294-06484]:main():gmm-acc-mllt.cc:114) Avg like per frame so far is -49.8431
LOG (gmm-acc-mllt[5.5.294-06484]:main():gmm-acc-mllt.cc:108) Average like for this file is -44.5293 over 463 frames.
LOG (gmm-acc-mllt[5.5.294-06484]:main():gmm-acc-mllt.cc:108) Average like for this file is -46.6954 over 321 frames.
LOG (gmm-acc-mllt[5.5.294-06484]:main():gmm-acc-mllt.cc:108) Average like for this file is -47.4883 over 290 frames.
LOG (gmm-acc-mllt[5.5.294-06484]:main():gmm-acc-mllt.cc:108) Average like for this file is -45.5808 over 222 frames.
LOG (gmm-acc-mllt[5.5.294-06484]:main():gmm-acc-mllt.cc:108) Average like for this file is -48.2608 over 238 frames.
LOG (gmm-acc-mllt[5.5.294-06484]:main():gmm-acc-mllt.cc:108) Average like for this file is -47.0121 over 257 frames.
LOG (gmm-acc-mllt[5.5.294-06484]:main():gmm-acc-mllt.cc:108) Average like for this file is -55.982 over 419 frames.
LOG (gmm-acc-mllt[5.5.294-06484]:main():gmm-acc-mllt.cc:108) Average like for this file is -51.4529 over 150 frames.
LOG (gmm-acc-mllt[5.5.294-06484]:main():gmm-acc-mllt.cc:108) Average like for this file is -45.914 over 168 frames.
LOG (gmm-acc-mllt[5.5.294-06484]:main():gmm-acc-mllt.cc:108) Average like for this file is -48.196 over 345 frames.
LOG (gmm-acc-mllt[5.5.294-06484]:main():gmm-acc-mllt.cc:114) Avg like per frame so far is -49.6838
LOG (gmm-acc-mllt[5.5.294-06484]:main():gmm-acc-mllt.cc:108) Average like for this file is -54.2142 over 318 frames.
LOG (ali-to-post[5.5.294-06484]:main():ali-to-post.cc:73) Converted 128 alignments.
LOG (gmm-acc-mllt[5.5.294-06484]:main():gmm-acc-mllt.cc:108) Average like for this file is -52.3855 over 523 frames.
LOG (gmm-acc-mllt[5.5.294-06484]:main():gmm-acc-mllt.cc:108) Average like for this file is -53.4762 over 316 frames.
LOG (gmm-acc-mllt[5.5.294-06484]:main():gmm-acc-mllt.cc:108) Average like for this file is -51.1676 over 279 frames.
LOG (gmm-acc-mllt[5.5.294-06484]:main():gmm-acc-mllt.cc:108) Average like for this file is -50.0735 over 149 frames.
LOG (gmm-acc-mllt[5.5.294-06484]:main():gmm-acc-mllt.cc:108) Average like for this file is -48.1401 over 331 frames.
LOG (gmm-acc-mllt[5.5.294-06484]:main():gmm-acc-mllt.cc:108) Average like for this file is -48.9373 over 260 frames.
LOG (gmm-acc-mllt[5.5.294-06484]:main():gmm-acc-mllt.cc:108) Average like for this file is -48.9543 over 344 frames.
LOG (gmm-acc-mllt[5.5.294-06484]:main():gmm-acc-mllt.cc:108) Average like for this file is -45.4986 over 306 frames.
LOG (gmm-acc-mllt[5.5.294-06484]:main():gmm-acc-mllt.cc:108) Average like for this file is -48.0515 over 233 frames.
LOG (gmm-acc-mllt[5.5.294-06484]:main():gmm-acc-mllt.cc:114) Avg like per frame so far is -49.7433
LOG (gmm-acc-mllt[5.5.294-06484]:main():gmm-acc-mllt.cc:108) Average like for this file is -49.9943 over 227 frames.
LOG (gmm-acc-mllt[5.5.294-06484]:main():gmm-acc-mllt.cc:108) Average like for this file is -48.1558 over 312 frames.
LOG (gmm-acc-mllt[5.5.294-06484]:main():gmm-acc-mllt.cc:108) Average like for this file is -47.6808 over 391 frames.
LOG (gmm-acc-mllt[5.5.294-06484]:main():gmm-acc-mllt.cc:108) Average like for this file is -51.8107 over 213 frames.
LOG (weight-silence-post[5.5.294-06484]:main():weight-silence-post.cc:95) Done 128 posteriors.
LOG (gmm-acc-mllt[5.5.294-06484]:main():gmm-acc-mllt.cc:108) Average like for this file is -49.2324 over 272 frames.
LOG (gmm-acc-mllt[5.5.294-06484]:main():gmm-acc-mllt.cc:108) Average like for this file is -50.9312 over 253 frames.
LOG (gmm-acc-mllt[5.5.294-06484]:main():gmm-acc-mllt.cc:108) Average like for this file is -52.6314 over 238 frames.
LOG (gmm-acc-mllt[5.5.294-06484]:main():gmm-acc-mllt.cc:108) Average like for this file is -49.6006 over 247 frames.
LOG (gmm-acc-mllt[5.5.294-06484]:main():gmm-acc-mllt.cc:108) Average like for this file is -49.5018 over 283 frames.
LOG (gmm-acc-mllt[5.5.294-06484]:main():gmm-acc-mllt.cc:108) Average like for this file is -53.2022 over 166 frames.
LOG (gmm-acc-mllt[5.5.294-06484]:main():gmm-acc-mllt.cc:114) Avg like per frame so far is -49.7582
LOG (apply-cmvn[5.5.294-06484]:main():apply-cmvn.cc:162) Applied cepstral mean normalization to 128 utterances, errors on 0
LOG (gmm-acc-mllt[5.5.294-06484]:main():gmm-acc-mllt.cc:108) Average like for this file is -46.8319 over 373 frames.
LOG (gmm-acc-mllt[5.5.294-06484]:main():gmm-acc-mllt.cc:108) Average like for this file is -49.1331 over 171 frames.
LOG (gmm-acc-mllt[5.5.294-06484]:main():gmm-acc-mllt.cc:108) Average like for this file is -50.6605 over 210 frames.
LOG (gmm-acc-mllt[5.5.294-06484]:main():gmm-acc-mllt.cc:108) Average like for this file is -49.2447 over 256 frames.
LOG (gmm-acc-mllt[5.5.294-06484]:main():gmm-acc-mllt.cc:108) Average like for this file is -48.7879 over 179 frames.
LOG (gmm-acc-mllt[5.5.294-06484]:main():gmm-acc-mllt.cc:108) Average like for this file is -48.789 over 346 frames.
LOG (transform-feats[5.5.294-06484]:main():transform-feats.cc:158) Overall average [pseudo-]logdet is -89.3178 over 42213 frames.
LOG (transform-feats[5.5.294-06484]:main():transform-feats.cc:161) Applied transform to 128 utterances; 0 had errors.
LOG (gmm-acc-mllt[5.5.294-06484]:main():gmm-acc-mllt.cc:108) Average like for this file is -46.4152 over 277 frames.
LOG (gmm-acc-mllt[5.5.294-06484]:main():gmm-acc-mllt.cc:108) Average like for this file is -48.2812 over 193 frames.
LOG (gmm-acc-mllt[5.5.294-06484]:main():gmm-acc-mllt.cc:119) Done 128 files, 0 with no posteriors, 0 with other errors.
LOG (gmm-acc-mllt[5.5.294-06484]:main():gmm-acc-mllt.cc:123) Overall avg like per frame (Gaussian only) = -49.6801 over 36665 frames.
LOG (gmm-acc-mllt[5.5.294-06484]:main():gmm-acc-mllt.cc:127) Written accs.
# Accounting: time=1 threads=1
# Ended (code 0) at Mon Apr 29 12:56:58 AEST 2019, elapsed time 1 seconds
