# compute-mfcc-feats --verbose=2 --config=conf/mfcc.conf scp,p:exp/make_mfcc/train/wav_train.1.scp ark:- | copy-feats --compress=true ark:- ark,scp:/home/sky/kaldi/egs/timit/s5/mfcc/raw_mfcc_train.1.ark,/home/sky/kaldi/egs/timit/s5/mfcc/raw_mfcc_train.1.scp 
# Started at Mon Apr 29 15:17:26 AEST 2019
#
copy-feats --compress=true ark:- ark,scp:/home/sky/kaldi/egs/timit/s5/mfcc/raw_mfcc_train.1.ark,/home/sky/kaldi/egs/timit/s5/mfcc/raw_mfcc_train.1.scp 
compute-mfcc-feats --verbose=2 --config=conf/mfcc.conf scp,p:exp/make_mfcc/train/wav_train.1.scp ark:- 
VLOG[2] (compute-mfcc-feats[5.5.294-06484]:main():compute-mfcc-feats.cc:173) Processed features for key FCLT0_SI1438
VLOG[2] (compute-mfcc-feats[5.5.294-06484]:main():compute-mfcc-feats.cc:173) Processed features for key FCLT0_SI2068
VLOG[2] (compute-mfcc-feats[5.5.294-06484]:main():compute-mfcc-feats.cc:173) Processed features for key FCLT0_SI808
VLOG[2] (compute-mfcc-feats[5.5.294-06484]:main():compute-mfcc-feats.cc:173) Processed features for key FCLT0_SX178
VLOG[2] (compute-mfcc-feats[5.5.294-06484]:main():compute-mfcc-feats.cc:173) Processed features for key FCLT0_SX268
VLOG[2] (compute-mfcc-feats[5.5.294-06484]:main():compute-mfcc-feats.cc:173) Processed features for key FCLT0_SX358
VLOG[2] (compute-mfcc-feats[5.5.294-06484]:main():compute-mfcc-feats.cc:173) Processed features for key FCLT0_SX448
VLOG[2] (compute-mfcc-feats[5.5.294-06484]:main():compute-mfcc-feats.cc:173) Processed features for key FCLT0_SX88
VLOG[2] (compute-mfcc-feats[5.5.294-06484]:main():compute-mfcc-feats.cc:173) Processed features for key FEEH0_SI1112
LOG (compute-mfcc-feats[5.5.294-06484]:main():compute-mfcc-feats.cc:172) Processed 10 utterances
VLOG[2] (compute-mfcc-feats[5.5.294-06484]:main():compute-mfcc-feats.cc:173) Processed features for key FEEH0_SI1742
VLOG[2] (compute-mfcc-feats[5.5.294-06484]:main():compute-mfcc-feats.cc:173) Processed features for key FEEH0_SI471
VLOG[2] (compute-mfcc-feats[5.5.294-06484]:main():compute-mfcc-feats.cc:173) Processed features for key FEEH0_SX122
VLOG[2] (compute-mfcc-feats[5.5.294-06484]:main():compute-mfcc-feats.cc:173) Processed features for key FEEH0_SX212
VLOG[2] (compute-mfcc-feats[5.5.294-06484]:main():compute-mfcc-feats.cc:173) Processed features for key FEEH0_SX302
VLOG[2] (compute-mfcc-feats[5.5.294-06484]:main():compute-mfcc-feats.cc:173) Processed features for key FEEH0_SX32
VLOG[2] (compute-mfcc-feats[5.5.294-06484]:main():compute-mfcc-feats.cc:173) Processed features for key FEEH0_SX392
VLOG[2] (compute-mfcc-feats[5.5.294-06484]:main():compute-mfcc-feats.cc:173) Processed features for key FGCS0_SI1486
VLOG[2] (compute-mfcc-feats[5.5.294-06484]:main():compute-mfcc-feats.cc:173) Processed features for key FGCS0_SI2116
VLOG[2] (compute-mfcc-feats[5.5.294-06484]:main():compute-mfcc-feats.cc:173) Processed features for key FGCS0_SI856
LOG (compute-mfcc-feats[5.5.294-06484]:main():compute-mfcc-feats.cc:172) Processed 20 utterances
VLOG[2] (compute-mfcc-feats[5.5.294-06484]:main():compute-mfcc-feats.cc:173) Processed features for key FGCS0_SX136
VLOG[2] (compute-mfcc-feats[5.5.294-06484]:main():compute-mfcc-feats.cc:173) Processed features for key FGCS0_SX226
VLOG[2] (compute-mfcc-feats[5.5.294-06484]:main():compute-mfcc-feats.cc:173) Processed features for key FGCS0_SX316
VLOG[2] (compute-mfcc-feats[5.5.294-06484]:main():compute-mfcc-feats.cc:173) Processed features for key FGCS0_SX406
VLOG[2] (compute-mfcc-feats[5.5.294-06484]:main():compute-mfcc-feats.cc:173) Processed features for key FGCS0_SX46
VLOG[2] (compute-mfcc-feats[5.5.294-06484]:main():compute-mfcc-feats.cc:173) Processed features for key FGRW0_SI1152
VLOG[2] (compute-mfcc-feats[5.5.294-06484]:main():compute-mfcc-feats.cc:173) Processed features for key FGRW0_SI1782
VLOG[2] (compute-mfcc-feats[5.5.294-06484]:main():compute-mfcc-feats.cc:173) Processed features for key FGRW0_SI1990
VLOG[2] (compute-mfcc-feats[5.5.294-06484]:main():compute-mfcc-feats.cc:173) Processed features for key FGRW0_SX162
VLOG[2] (compute-mfcc-feats[5.5.294-06484]:main():compute-mfcc-feats.cc:173) Processed features for key FGRW0_SX252
LOG (compute-mfcc-feats[5.5.294-06484]:main():compute-mfcc-feats.cc:172) Processed 30 utterances
VLOG[2] (compute-mfcc-feats[5.5.294-06484]:main():compute-mfcc-feats.cc:173) Processed features for key FGRW0_SX342
VLOG[2] (compute-mfcc-feats[5.5.294-06484]:main():compute-mfcc-feats.cc:173) Processed features for key FGRW0_SX432
VLOG[2] (compute-mfcc-feats[5.5.294-06484]:main():compute-mfcc-feats.cc:173) Processed features for key FGRW0_SX72
VLOG[2] (compute-mfcc-feats[5.5.294-06484]:main():compute-mfcc-feats.cc:173) Processed features for key FJLG0_SI1506
VLOG[2] (compute-mfcc-feats[5.5.294-06484]:main():compute-mfcc-feats.cc:173) Processed features for key FJLG0_SI1889
VLOG[2] (compute-mfcc-feats[5.5.294-06484]:main():compute-mfcc-feats.cc:173) Processed features for key FJLG0_SI2306
VLOG[2] (compute-mfcc-feats[5.5.294-06484]:main():compute-mfcc-feats.cc:173) Processed features for key FJLG0_SX179
VLOG[2] (compute-mfcc-feats[5.5.294-06484]:main():compute-mfcc-feats.cc:173) Processed features for key FJLG0_SX269
VLOG[2] (compute-mfcc-feats[5.5.294-06484]:main():compute-mfcc-feats.cc:173) Processed features for key FJLG0_SX359
VLOG[2] (compute-mfcc-feats[5.5.294-06484]:main():compute-mfcc-feats.cc:173) Processed features for key FJLG0_SX449
LOG (compute-mfcc-feats[5.5.294-06484]:main():compute-mfcc-feats.cc:172) Processed 40 utterances
VLOG[2] (compute-mfcc-feats[5.5.294-06484]:main():compute-mfcc-feats.cc:173) Processed features for key FJLG0_SX89
VLOG[2] (compute-mfcc-feats[5.5.294-06484]:main():compute-mfcc-feats.cc:173) Processed features for key FJLR0_SI1231
VLOG[2] (compute-mfcc-feats[5.5.294-06484]:main():compute-mfcc-feats.cc:173) Processed features for key FJLR0_SI1861
VLOG[2] (compute-mfcc-feats[5.5.294-06484]:main():compute-mfcc-feats.cc:173) Processed features for key FJLR0_SI601
VLOG[2] (compute-mfcc-feats[5.5.294-06484]:main():compute-mfcc-feats.cc:173) Processed features for key FJLR0_SX151
VLOG[2] (compute-mfcc-feats[5.5.294-06484]:main():compute-mfcc-feats.cc:173) Processed features for key FJLR0_SX241
VLOG[2] (compute-mfcc-feats[5.5.294-06484]:main():compute-mfcc-feats.cc:173) Processed features for key FJLR0_SX331
VLOG[2] (compute-mfcc-feats[5.5.294-06484]:main():compute-mfcc-feats.cc:173) Processed features for key FJLR0_SX421
VLOG[2] (compute-mfcc-feats[5.5.294-06484]:main():compute-mfcc-feats.cc:173) Processed features for key FJLR0_SX61
VLOG[2] (compute-mfcc-feats[5.5.294-06484]:main():compute-mfcc-feats.cc:173) Processed features for key FJRB0_SI1302
LOG (compute-mfcc-feats[5.5.294-06484]:main():compute-mfcc-feats.cc:172) Processed 50 utterances
VLOG[2] (compute-mfcc-feats[5.5.294-06484]:main():compute-mfcc-feats.cc:173) Processed features for key FJRB0_SI1932
VLOG[2] (compute-mfcc-feats[5.5.294-06484]:main():compute-mfcc-feats.cc:173) Processed features for key FJRB0_SI672
VLOG[2] (compute-mfcc-feats[5.5.294-06484]:main():compute-mfcc-feats.cc:173) Processed features for key FJRB0_SX132
VLOG[2] (compute-mfcc-feats[5.5.294-06484]:main():compute-mfcc-feats.cc:173) Processed features for key FJRB0_SX222
VLOG[2] (compute-mfcc-feats[5.5.294-06484]:main():compute-mfcc-feats.cc:173) Processed features for key FJRB0_SX312
VLOG[2] (compute-mfcc-feats[5.5.294-06484]:main():compute-mfcc-feats.cc:173) Processed features for key FJRB0_SX402
VLOG[2] (compute-mfcc-feats[5.5.294-06484]:main():compute-mfcc-feats.cc:173) Processed features for key FJRB0_SX42
VLOG[2] (compute-mfcc-feats[5.5.294-06484]:main():compute-mfcc-feats.cc:173) Processed features for key FJSK0_SI1052
VLOG[2] (compute-mfcc-feats[5.5.294-06484]:main():compute-mfcc-feats.cc:173) Processed features for key FJSK0_SI1682
VLOG[2] (compute-mfcc-feats[5.5.294-06484]:main():compute-mfcc-feats.cc:173) Processed features for key FJSK0_SI2312
LOG (compute-mfcc-feats[5.5.294-06484]:main():compute-mfcc-feats.cc:172) Processed 60 utterances
VLOG[2] (compute-mfcc-feats[5.5.294-06484]:main():compute-mfcc-feats.cc:173) Processed features for key FJSK0_SX152
VLOG[2] (compute-mfcc-feats[5.5.294-06484]:main():compute-mfcc-feats.cc:173) Processed features for key FJSK0_SX242
VLOG[2] (compute-mfcc-feats[5.5.294-06484]:main():compute-mfcc-feats.cc:173) Processed features for key FJSK0_SX332
VLOG[2] (compute-mfcc-feats[5.5.294-06484]:main():compute-mfcc-feats.cc:173) Processed features for key FJSK0_SX422
VLOG[2] (compute-mfcc-feats[5.5.294-06484]:main():compute-mfcc-feats.cc:173) Processed features for key FJSK0_SX62
VLOG[2] (compute-mfcc-feats[5.5.294-06484]:main():compute-mfcc-feats.cc:173) Processed features for key FJSP0_SI1434
VLOG[2] (compute-mfcc-feats[5.5.294-06484]:main():compute-mfcc-feats.cc:173) Processed features for key FJSP0_SI1763
VLOG[2] (compute-mfcc-feats[5.5.294-06484]:main():compute-mfcc-feats.cc:173) Processed features for key FJSP0_SI804
VLOG[2] (compute-mfcc-feats[5.5.294-06484]:main():compute-mfcc-feats.cc:173) Processed features for key FJSP0_SX174
VLOG[2] (compute-mfcc-feats[5.5.294-06484]:main():compute-mfcc-feats.cc:173) Processed features for key FJSP0_SX264
LOG (compute-mfcc-feats[5.5.294-06484]:main():compute-mfcc-feats.cc:172) Processed 70 utterances
VLOG[2] (compute-mfcc-feats[5.5.294-06484]:main():compute-mfcc-feats.cc:173) Processed features for key FJSP0_SX354
VLOG[2] (compute-mfcc-feats[5.5.294-06484]:main():compute-mfcc-feats.cc:173) Processed features for key FJSP0_SX444
VLOG[2] (compute-mfcc-feats[5.5.294-06484]:main():compute-mfcc-feats.cc:173) Processed features for key FJSP0_SX84
VLOG[2] (compute-mfcc-feats[5.5.294-06484]:main():compute-mfcc-feats.cc:173) Processed features for key FJWB1_SI2055
VLOG[2] (compute-mfcc-feats[5.5.294-06484]:main():compute-mfcc-feats.cc:173) Processed features for key FJWB1_SI748
VLOG[2] (compute-mfcc-feats[5.5.294-06484]:main():compute-mfcc-feats.cc:173) Processed features for key FJWB1_SI795
VLOG[2] (compute-mfcc-feats[5.5.294-06484]:main():compute-mfcc-feats.cc:173) Processed features for key FJWB1_SX165
VLOG[2] (compute-mfcc-feats[5.5.294-06484]:main():compute-mfcc-feats.cc:173) Processed features for key FJWB1_SX255
VLOG[2] (compute-mfcc-feats[5.5.294-06484]:main():compute-mfcc-feats.cc:173) Processed features for key FJWB1_SX345
VLOG[2] (compute-mfcc-feats[5.5.294-06484]:main():compute-mfcc-feats.cc:173) Processed features for key FJWB1_SX435
LOG (compute-mfcc-feats[5.5.294-06484]:main():compute-mfcc-feats.cc:172) Processed 80 utterances
VLOG[2] (compute-mfcc-feats[5.5.294-06484]:main():compute-mfcc-feats.cc:173) Processed features for key FJWB1_SX75
VLOG[2] (compute-mfcc-feats[5.5.294-06484]:main():compute-mfcc-feats.cc:173) Processed features for key FJXM0_SI1211
VLOG[2] (compute-mfcc-feats[5.5.294-06484]:main():compute-mfcc-feats.cc:173) Processed features for key FJXM0_SI1971
VLOG[2] (compute-mfcc-feats[5.5.294-06484]:main():compute-mfcc-feats.cc:173) Processed features for key FJXM0_SI581
VLOG[2] (compute-mfcc-feats[5.5.294-06484]:main():compute-mfcc-feats.cc:173) Processed features for key FJXM0_SX131
VLOG[2] (compute-mfcc-feats[5.5.294-06484]:main():compute-mfcc-feats.cc:173) Processed features for key FJXM0_SX221
VLOG[2] (compute-mfcc-feats[5.5.294-06484]:main():compute-mfcc-feats.cc:173) Processed features for key FJXM0_SX311
VLOG[2] (compute-mfcc-feats[5.5.294-06484]:main():compute-mfcc-feats.cc:173) Processed features for key FJXM0_SX401
VLOG[2] (compute-mfcc-feats[5.5.294-06484]:main():compute-mfcc-feats.cc:173) Processed features for key FJXM0_SX41
VLOG[2] (compute-mfcc-feats[5.5.294-06484]:main():compute-mfcc-feats.cc:173) Processed features for key FJXP0_SI1122
LOG (compute-mfcc-feats[5.5.294-06484]:main():compute-mfcc-feats.cc:172) Processed 90 utterances
VLOG[2] (compute-mfcc-feats[5.5.294-06484]:main():compute-mfcc-feats.cc:173) Processed features for key FJXP0_SI1752
VLOG[2] (compute-mfcc-feats[5.5.294-06484]:main():compute-mfcc-feats.cc:173) Processed features for key FJXP0_SI492
VLOG[2] (compute-mfcc-feats[5.5.294-06484]:main():compute-mfcc-feats.cc:173) Processed features for key FJXP0_SX132
VLOG[2] (compute-mfcc-feats[5.5.294-06484]:main():compute-mfcc-feats.cc:173) Processed features for key FJXP0_SX222
VLOG[2] (compute-mfcc-feats[5.5.294-06484]:main():compute-mfcc-feats.cc:173) Processed features for key FJXP0_SX312
VLOG[2] (compute-mfcc-feats[5.5.294-06484]:main():compute-mfcc-feats.cc:173) Processed features for key FJXP0_SX402
VLOG[2] (compute-mfcc-feats[5.5.294-06484]:main():compute-mfcc-feats.cc:173) Processed features for key FJXP0_SX42
VLOG[2] (compute-mfcc-feats[5.5.294-06484]:main():compute-mfcc-feats.cc:173) Processed features for key FKDE0_SI1141
VLOG[2] (compute-mfcc-feats[5.5.294-06484]:main():compute-mfcc-feats.cc:173) Processed features for key FKDE0_SI1771
VLOG[2] (compute-mfcc-feats[5.5.294-06484]:main():compute-mfcc-feats.cc:173) Processed features for key FKDE0_SI2221
LOG (compute-mfcc-feats[5.5.294-06484]:main():compute-mfcc-feats.cc:172) Processed 100 utterances
VLOG[2] (compute-mfcc-feats[5.5.294-06484]:main():compute-mfcc-feats.cc:173) Processed features for key FKDE0_SX151
VLOG[2] (compute-mfcc-feats[5.5.294-06484]:main():compute-mfcc-feats.cc:173) Processed features for key FKDE0_SX241
VLOG[2] (compute-mfcc-feats[5.5.294-06484]:main():compute-mfcc-feats.cc:173) Processed features for key FKDE0_SX331
VLOG[2] (compute-mfcc-feats[5.5.294-06484]:main():compute-mfcc-feats.cc:173) Processed features for key FKDE0_SX421
VLOG[2] (compute-mfcc-feats[5.5.294-06484]:main():compute-mfcc-feats.cc:173) Processed features for key FKDE0_SX61
VLOG[2] (compute-mfcc-feats[5.5.294-06484]:main():compute-mfcc-feats.cc:173) Processed features for key FKDW0_SI1207
VLOG[2] (compute-mfcc-feats[5.5.294-06484]:main():compute-mfcc-feats.cc:173) Processed features for key FKDW0_SI1891
VLOG[2] (compute-mfcc-feats[5.5.294-06484]:main():compute-mfcc-feats.cc:173) Processed features for key FKDW0_SI577
VLOG[2] (compute-mfcc-feats[5.5.294-06484]:main():compute-mfcc-feats.cc:173) Processed features for key FKDW0_SX127
VLOG[2] (compute-mfcc-feats[5.5.294-06484]:main():compute-mfcc-feats.cc:173) Processed features for key FKDW0_SX217
LOG (compute-mfcc-feats[5.5.294-06484]:main():compute-mfcc-feats.cc:172) Processed 110 utterances
VLOG[2] (compute-mfcc-feats[5.5.294-06484]:main():compute-mfcc-feats.cc:173) Processed features for key FKDW0_SX307
VLOG[2] (compute-mfcc-feats[5.5.294-06484]:main():compute-mfcc-feats.cc:173) Processed features for key FKDW0_SX37
VLOG[2] (compute-mfcc-feats[5.5.294-06484]:main():compute-mfcc-feats.cc:173) Processed features for key FKDW0_SX397
VLOG[2] (compute-mfcc-feats[5.5.294-06484]:main():compute-mfcc-feats.cc:173) Processed features for key FKFB0_SI1608
VLOG[2] (compute-mfcc-feats[5.5.294-06484]:main():compute-mfcc-feats.cc:173) Processed features for key FKFB0_SI2238
VLOG[2] (compute-mfcc-feats[5.5.294-06484]:main():compute-mfcc-feats.cc:173) Processed features for key FKFB0_SI978
VLOG[2] (compute-mfcc-feats[5.5.294-06484]:main():compute-mfcc-feats.cc:173) Processed features for key FKFB0_SX168
VLOG[2] (compute-mfcc-feats[5.5.294-06484]:main():compute-mfcc-feats.cc:173) Processed features for key FKFB0_SX258
VLOG[2] (compute-mfcc-feats[5.5.294-06484]:main():compute-mfcc-feats.cc:173) Processed features for key FKFB0_SX348
VLOG[2] (compute-mfcc-feats[5.5.294-06484]:main():compute-mfcc-feats.cc:173) Processed features for key FKFB0_SX438
LOG (compute-mfcc-feats[5.5.294-06484]:main():compute-mfcc-feats.cc:172) Processed 120 utterances
VLOG[2] (compute-mfcc-feats[5.5.294-06484]:main():compute-mfcc-feats.cc:173) Processed features for key FKFB0_SX78
VLOG[2] (compute-mfcc-feats[5.5.294-06484]:main():compute-mfcc-feats.cc:173) Processed features for key FKKH0_SI1290
VLOG[2] (compute-mfcc-feats[5.5.294-06484]:main():compute-mfcc-feats.cc:173) Processed features for key FKKH0_SI1920
VLOG[2] (compute-mfcc-feats[5.5.294-06484]:main():compute-mfcc-feats.cc:173) Processed features for key FKKH0_SI660
VLOG[2] (compute-mfcc-feats[5.5.294-06484]:main():compute-mfcc-feats.cc:173) Processed features for key FKKH0_SX120
VLOG[2] (compute-mfcc-feats[5.5.294-06484]:main():compute-mfcc-feats.cc:173) Processed features for key FKKH0_SX210
VLOG[2] (compute-mfcc-feats[5.5.294-06484]:main():compute-mfcc-feats.cc:173) Processed features for key FKKH0_SX30
VLOG[2] (compute-mfcc-feats[5.5.294-06484]:main():compute-mfcc-feats.cc:173) Processed features for key FKKH0_SX300
VLOG[2] (compute-mfcc-feats[5.5.294-06484]:main():compute-mfcc-feats.cc:173) Processed features for key FKKH0_SX390
VLOG[2] (compute-mfcc-feats[5.5.294-06484]:main():compute-mfcc-feats.cc:173) Processed features for key FKLC0_SI1615
LOG (compute-mfcc-feats[5.5.294-06484]:main():compute-mfcc-feats.cc:172) Processed 130 utterances
VLOG[2] (compute-mfcc-feats[5.5.294-06484]:main():compute-mfcc-feats.cc:173) Processed features for key FKLC0_SI2245
VLOG[2] (compute-mfcc-feats[5.5.294-06484]:main():compute-mfcc-feats.cc:173) Processed features for key FKLC0_SI985
VLOG[2] (compute-mfcc-feats[5.5.294-06484]:main():compute-mfcc-feats.cc:173) Processed features for key FKLC0_SX175
VLOG[2] (compute-mfcc-feats[5.5.294-06484]:main():compute-mfcc-feats.cc:173) Processed features for key FKLC0_SX265
VLOG[2] (compute-mfcc-feats[5.5.294-06484]:main():compute-mfcc-feats.cc:173) Processed features for key FKLC0_SX355
VLOG[2] (compute-mfcc-feats[5.5.294-06484]:main():compute-mfcc-feats.cc:173) Processed features for key FKLC0_SX445
VLOG[2] (compute-mfcc-feats[5.5.294-06484]:main():compute-mfcc-feats.cc:173) Processed features for key FKLC0_SX85
VLOG[2] (compute-mfcc-feats[5.5.294-06484]:main():compute-mfcc-feats.cc:173) Processed features for key FKLC1_SI1048
VLOG[2] (compute-mfcc-feats[5.5.294-06484]:main():compute-mfcc-feats.cc:173) Processed features for key FKLC1_SI1678
VLOG[2] (compute-mfcc-feats[5.5.294-06484]:main():compute-mfcc-feats.cc:173) Processed features for key FKLC1_SI2308
LOG (compute-mfcc-feats[5.5.294-06484]:main():compute-mfcc-feats.cc:172) Processed 140 utterances
VLOG[2] (compute-mfcc-feats[5.5.294-06484]:main():compute-mfcc-feats.cc:173) Processed features for key FKLC1_SX148
VLOG[2] (compute-mfcc-feats[5.5.294-06484]:main():compute-mfcc-feats.cc:173) Processed features for key FKLC1_SX238
VLOG[2] (compute-mfcc-feats[5.5.294-06484]:main():compute-mfcc-feats.cc:173) Processed features for key FKLC1_SX328
VLOG[2] (compute-mfcc-feats[5.5.294-06484]:main():compute-mfcc-feats.cc:173) Processed features for key FKLC1_SX418
VLOG[2] (compute-mfcc-feats[5.5.294-06484]:main():compute-mfcc-feats.cc:173) Processed features for key FKLC1_SX58
VLOG[2] (compute-mfcc-feats[5.5.294-06484]:main():compute-mfcc-feats.cc:173) Processed features for key FKLH0_SI1257
VLOG[2] (compute-mfcc-feats[5.5.294-06484]:main():compute-mfcc-feats.cc:173) Processed features for key FKLH0_SI1887
VLOG[2] (compute-mfcc-feats[5.5.294-06484]:main():compute-mfcc-feats.cc:173) Processed features for key FKLH0_SI627
VLOG[2] (compute-mfcc-feats[5.5.294-06484]:main():compute-mfcc-feats.cc:173) Processed features for key FKLH0_SX177
VLOG[2] (compute-mfcc-feats[5.5.294-06484]:main():compute-mfcc-feats.cc:173) Processed features for key FKLH0_SX267
LOG (compute-mfcc-feats[5.5.294-06484]:main():compute-mfcc-feats.cc:172) Processed 150 utterances
VLOG[2] (compute-mfcc-feats[5.5.294-06484]:main():compute-mfcc-feats.cc:173) Processed features for key FKLH0_SX357
VLOG[2] (compute-mfcc-feats[5.5.294-06484]:main():compute-mfcc-feats.cc:173) Processed features for key FKLH0_SX447
VLOG[2] (compute-mfcc-feats[5.5.294-06484]:main():compute-mfcc-feats.cc:173) Processed features for key FKLH0_SX87
VLOG[2] (compute-mfcc-feats[5.5.294-06484]:main():compute-mfcc-feats.cc:173) Processed features for key FKSR0_SI1117
VLOG[2] (compute-mfcc-feats[5.5.294-06484]:main():compute-mfcc-feats.cc:173) Processed features for key FKSR0_SI1747
VLOG[2] (compute-mfcc-feats[5.5.294-06484]:main():compute-mfcc-feats.cc:173) Processed features for key FKSR0_SI487
VLOG[2] (compute-mfcc-feats[5.5.294-06484]:main():compute-mfcc-feats.cc:173) Processed features for key FKSR0_SX161
VLOG[2] (compute-mfcc-feats[5.5.294-06484]:main():compute-mfcc-feats.cc:173) Processed features for key FKSR0_SX217
VLOG[2] (compute-mfcc-feats[5.5.294-06484]:main():compute-mfcc-feats.cc:173) Processed features for key FKSR0_SX366
VLOG[2] (compute-mfcc-feats[5.5.294-06484]:main():compute-mfcc-feats.cc:173) Processed features for key FKSR0_SX37
LOG (compute-mfcc-feats[5.5.294-06484]:main():compute-mfcc-feats.cc:172) Processed 160 utterances
VLOG[2] (compute-mfcc-feats[5.5.294-06484]:main():compute-mfcc-feats.cc:173) Processed features for key FKSR0_SX397
VLOG[2] (compute-mfcc-feats[5.5.294-06484]:main():compute-mfcc-feats.cc:173) Processed features for key FLAC0_SI1339
VLOG[2] (compute-mfcc-feats[5.5.294-06484]:main():compute-mfcc-feats.cc:173) Processed features for key FLAC0_SI2161
VLOG[2] (compute-mfcc-feats[5.5.294-06484]:main():compute-mfcc-feats.cc:173) Processed features for key FLAC0_SI901
VLOG[2] (compute-mfcc-feats[5.5.294-06484]:main():compute-mfcc-feats.cc:173) Processed features for key FLAC0_SX181
VLOG[2] (compute-mfcc-feats[5.5.294-06484]:main():compute-mfcc-feats.cc:173) Processed features for key FLAC0_SX271
VLOG[2] (compute-mfcc-feats[5.5.294-06484]:main():compute-mfcc-feats.cc:173) Processed features for key FLAC0_SX361
VLOG[2] (compute-mfcc-feats[5.5.294-06484]:main():compute-mfcc-feats.cc:173) Processed features for key FLAC0_SX451
VLOG[2] (compute-mfcc-feats[5.5.294-06484]:main():compute-mfcc-feats.cc:173) Processed features for key FLAC0_SX91
VLOG[2] (compute-mfcc-feats[5.5.294-06484]:main():compute-mfcc-feats.cc:173) Processed features for key FLAG0_SI1464
LOG (compute-mfcc-feats[5.5.294-06484]:main():compute-mfcc-feats.cc:172) Processed 170 utterances
VLOG[2] (compute-mfcc-feats[5.5.294-06484]:main():compute-mfcc-feats.cc:173) Processed features for key FLAG0_SI2094
VLOG[2] (compute-mfcc-feats[5.5.294-06484]:main():compute-mfcc-feats.cc:173) Processed features for key FLAG0_SI834
VLOG[2] (compute-mfcc-feats[5.5.294-06484]:main():compute-mfcc-feats.cc:173) Processed features for key FLAG0_SX114
VLOG[2] (compute-mfcc-feats[5.5.294-06484]:main():compute-mfcc-feats.cc:173) Processed features for key FLAG0_SX204
VLOG[2] (compute-mfcc-feats[5.5.294-06484]:main():compute-mfcc-feats.cc:173) Processed features for key FLAG0_SX24
VLOG[2] (compute-mfcc-feats[5.5.294-06484]:main():compute-mfcc-feats.cc:173) Processed features for key FLAG0_SX294
VLOG[2] (compute-mfcc-feats[5.5.294-06484]:main():compute-mfcc-feats.cc:173) Processed features for key FLAG0_SX384
VLOG[2] (compute-mfcc-feats[5.5.294-06484]:main():compute-mfcc-feats.cc:173) Processed features for key FLEH0_SI1051
VLOG[2] (compute-mfcc-feats[5.5.294-06484]:main():compute-mfcc-feats.cc:173) Processed features for key FLEH0_SI1681
VLOG[2] (compute-mfcc-feats[5.5.294-06484]:main():compute-mfcc-feats.cc:173) Processed features for key FLEH0_SI2311
LOG (compute-mfcc-feats[5.5.294-06484]:main():compute-mfcc-feats.cc:172) Processed 180 utterances
VLOG[2] (compute-mfcc-feats[5.5.294-06484]:main():compute-mfcc-feats.cc:173) Processed features for key FLEH0_SX151
VLOG[2] (compute-mfcc-feats[5.5.294-06484]:main():compute-mfcc-feats.cc:173) Processed features for key FLEH0_SX241
VLOG[2] (compute-mfcc-feats[5.5.294-06484]:main():compute-mfcc-feats.cc:173) Processed features for key FLEH0_SX331
VLOG[2] (compute-mfcc-feats[5.5.294-06484]:main():compute-mfcc-feats.cc:173) Processed features for key FLEH0_SX421
VLOG[2] (compute-mfcc-feats[5.5.294-06484]:main():compute-mfcc-feats.cc:173) Processed features for key FLEH0_SX61
VLOG[2] (compute-mfcc-feats[5.5.294-06484]:main():compute-mfcc-feats.cc:173) Processed features for key FLET0_SI1137
VLOG[2] (compute-mfcc-feats[5.5.294-06484]:main():compute-mfcc-feats.cc:173) Processed features for key FLET0_SI1767
VLOG[2] (compute-mfcc-feats[5.5.294-06484]:main():compute-mfcc-feats.cc:173) Processed features for key FLET0_SI507
VLOG[2] (compute-mfcc-feats[5.5.294-06484]:main():compute-mfcc-feats.cc:173) Processed features for key FLET0_SX147
VLOG[2] (compute-mfcc-feats[5.5.294-06484]:main():compute-mfcc-feats.cc:173) Processed features for key FLET0_SX237
LOG (compute-mfcc-feats[5.5.294-06484]:main():compute-mfcc-feats.cc:172) Processed 190 utterances
VLOG[2] (compute-mfcc-feats[5.5.294-06484]:main():compute-mfcc-feats.cc:173) Processed features for key FLET0_SX277
VLOG[2] (compute-mfcc-feats[5.5.294-06484]:main():compute-mfcc-feats.cc:173) Processed features for key FLET0_SX417
VLOG[2] (compute-mfcc-feats[5.5.294-06484]:main():compute-mfcc-feats.cc:173) Processed features for key FLET0_SX57
VLOG[2] (compute-mfcc-feats[5.5.294-06484]:main():compute-mfcc-feats.cc:173) Processed features for key FLJA0_SI1078
VLOG[2] (compute-mfcc-feats[5.5.294-06484]:main():compute-mfcc-feats.cc:173) Processed features for key FLJA0_SI1708
VLOG[2] (compute-mfcc-feats[5.5.294-06484]:main():compute-mfcc-feats.cc:173) Processed features for key FLJA0_SI2338
VLOG[2] (compute-mfcc-feats[5.5.294-06484]:main():compute-mfcc-feats.cc:173) Processed features for key FLJA0_SX178
VLOG[2] (compute-mfcc-feats[5.5.294-06484]:main():compute-mfcc-feats.cc:173) Processed features for key FLJA0_SX268
VLOG[2] (compute-mfcc-feats[5.5.294-06484]:main():compute-mfcc-feats.cc:173) Processed features for key FLJA0_SX358
VLOG[2] (compute-mfcc-feats[5.5.294-06484]:main():compute-mfcc-feats.cc:173) Processed features for key FLJA0_SX448
LOG (compute-mfcc-feats[5.5.294-06484]:main():compute-mfcc-feats.cc:172) Processed 200 utterances
VLOG[2] (compute-mfcc-feats[5.5.294-06484]:main():compute-mfcc-feats.cc:173) Processed features for key FLJA0_SX88
VLOG[2] (compute-mfcc-feats[5.5.294-06484]:main():compute-mfcc-feats.cc:173) Processed features for key FLJD0_SI1516
VLOG[2] (compute-mfcc-feats[5.5.294-06484]:main():compute-mfcc-feats.cc:173) Processed features for key FLJD0_SI2146
VLOG[2] (compute-mfcc-feats[5.5.294-06484]:main():compute-mfcc-feats.cc:173) Processed features for key FLJD0_SI886
VLOG[2] (compute-mfcc-feats[5.5.294-06484]:main():compute-mfcc-feats.cc:173) Processed features for key FLJD0_SX166
VLOG[2] (compute-mfcc-feats[5.5.294-06484]:main():compute-mfcc-feats.cc:173) Processed features for key FLJD0_SX256
VLOG[2] (compute-mfcc-feats[5.5.294-06484]:main():compute-mfcc-feats.cc:173) Processed features for key FLJD0_SX346
VLOG[2] (compute-mfcc-feats[5.5.294-06484]:main():compute-mfcc-feats.cc:173) Processed features for key FLJD0_SX436
VLOG[2] (compute-mfcc-feats[5.5.294-06484]:main():compute-mfcc-feats.cc:173) Processed features for key FLJD0_SX76
VLOG[2] (compute-mfcc-feats[5.5.294-06484]:main():compute-mfcc-feats.cc:173) Processed features for key FLJG0_SI1611
LOG (compute-mfcc-feats[5.5.294-06484]:main():compute-mfcc-feats.cc:172) Processed 210 utterances
VLOG[2] (compute-mfcc-feats[5.5.294-06484]:main():compute-mfcc-feats.cc:173) Processed features for key FLJG0_SI2241
VLOG[2] (compute-mfcc-feats[5.5.294-06484]:main():compute-mfcc-feats.cc:173) Processed features for key FLJG0_SI981
VLOG[2] (compute-mfcc-feats[5.5.294-06484]:main():compute-mfcc-feats.cc:173) Processed features for key FLJG0_SX171
VLOG[2] (compute-mfcc-feats[5.5.294-06484]:main():compute-mfcc-feats.cc:173) Processed features for key FLJG0_SX261
VLOG[2] (compute-mfcc-feats[5.5.294-06484]:main():compute-mfcc-feats.cc:173) Processed features for key FLJG0_SX351
VLOG[2] (compute-mfcc-feats[5.5.294-06484]:main():compute-mfcc-feats.cc:173) Processed features for key FLJG0_SX441
VLOG[2] (compute-mfcc-feats[5.5.294-06484]:main():compute-mfcc-feats.cc:173) Processed features for key FLJG0_SX81
VLOG[2] (compute-mfcc-feats[5.5.294-06484]:main():compute-mfcc-feats.cc:173) Processed features for key FLMC0_SI1372
VLOG[2] (compute-mfcc-feats[5.5.294-06484]:main():compute-mfcc-feats.cc:173) Processed features for key FLMC0_SI2002
VLOG[2] (compute-mfcc-feats[5.5.294-06484]:main():compute-mfcc-feats.cc:173) Processed features for key FLMC0_SI742
LOG (compute-mfcc-feats[5.5.294-06484]:main():compute-mfcc-feats.cc:172) Processed 220 utterances
VLOG[2] (compute-mfcc-feats[5.5.294-06484]:main():compute-mfcc-feats.cc:173) Processed features for key FLMC0_SX112
VLOG[2] (compute-mfcc-feats[5.5.294-06484]:main():compute-mfcc-feats.cc:173) Processed features for key FLMC0_SX22
VLOG[2] (compute-mfcc-feats[5.5.294-06484]:main():compute-mfcc-feats.cc:173) Processed features for key FLMC0_SX292
VLOG[2] (compute-mfcc-feats[5.5.294-06484]:main():compute-mfcc-feats.cc:173) Processed features for key FLMC0_SX336
VLOG[2] (compute-mfcc-feats[5.5.294-06484]:main():compute-mfcc-feats.cc:173) Processed features for key FLMC0_SX382
VLOG[2] (compute-mfcc-feats[5.5.294-06484]:main():compute-mfcc-feats.cc:173) Processed features for key FLMK0_SI1035
VLOG[2] (compute-mfcc-feats[5.5.294-06484]:main():compute-mfcc-feats.cc:173) Processed features for key FLMK0_SI1229
VLOG[2] (compute-mfcc-feats[5.5.294-06484]:main():compute-mfcc-feats.cc:173) Processed features for key FLMK0_SI2295
VLOG[2] (compute-mfcc-feats[5.5.294-06484]:main():compute-mfcc-feats.cc:173) Processed features for key FLMK0_SX135
VLOG[2] (compute-mfcc-feats[5.5.294-06484]:main():compute-mfcc-feats.cc:173) Processed features for key FLMK0_SX225
LOG (compute-mfcc-feats[5.5.294-06484]:main():compute-mfcc-feats.cc:172) Processed 230 utterances
VLOG[2] (compute-mfcc-feats[5.5.294-06484]:main():compute-mfcc-feats.cc:173) Processed features for key FLMK0_SX315
VLOG[2] (compute-mfcc-feats[5.5.294-06484]:main():compute-mfcc-feats.cc:173) Processed features for key FLMK0_SX405
VLOG[2] (compute-mfcc-feats[5.5.294-06484]:main():compute-mfcc-feats.cc:173) Processed features for key FLMK0_SX45
VLOG[2] (compute-mfcc-feats[5.5.294-06484]:main():compute-mfcc-feats.cc:173) Processed features for key FLOD0_SI1287
VLOG[2] (compute-mfcc-feats[5.5.294-06484]:main():compute-mfcc-feats.cc:173) Processed features for key FLOD0_SI1917
VLOG[2] (compute-mfcc-feats[5.5.294-06484]:main():compute-mfcc-feats.cc:173) Processed features for key FLOD0_SI657
VLOG[2] (compute-mfcc-feats[5.5.294-06484]:main():compute-mfcc-feats.cc:173) Processed features for key FLOD0_SX117
VLOG[2] (compute-mfcc-feats[5.5.294-06484]:main():compute-mfcc-feats.cc:173) Processed features for key FLOD0_SX171
VLOG[2] (compute-mfcc-feats[5.5.294-06484]:main():compute-mfcc-feats.cc:173) Processed features for key FLOD0_SX207
VLOG[2] (compute-mfcc-feats[5.5.294-06484]:main():compute-mfcc-feats.cc:173) Processed features for key FLOD0_SX297
LOG (compute-mfcc-feats[5.5.294-06484]:main():compute-mfcc-feats.cc:172) Processed 240 utterances
VLOG[2] (compute-mfcc-feats[5.5.294-06484]:main():compute-mfcc-feats.cc:173) Processed features for key FLOD0_SX387
VLOG[2] (compute-mfcc-feats[5.5.294-06484]:main():compute-mfcc-feats.cc:173) Processed features for key FLTM0_SI1070
VLOG[2] (compute-mfcc-feats[5.5.294-06484]:main():compute-mfcc-feats.cc:173) Processed features for key FLTM0_SI1700
VLOG[2] (compute-mfcc-feats[5.5.294-06484]:main():compute-mfcc-feats.cc:173) Processed features for key FLTM0_SI2330
VLOG[2] (compute-mfcc-feats[5.5.294-06484]:main():compute-mfcc-feats.cc:173) Processed features for key FLTM0_SX170
VLOG[2] (compute-mfcc-feats[5.5.294-06484]:main():compute-mfcc-feats.cc:173) Processed features for key FLTM0_SX260
VLOG[2] (compute-mfcc-feats[5.5.294-06484]:main():compute-mfcc-feats.cc:173) Processed features for key FLTM0_SX350
VLOG[2] (compute-mfcc-feats[5.5.294-06484]:main():compute-mfcc-feats.cc:173) Processed features for key FLTM0_SX440
VLOG[2] (compute-mfcc-feats[5.5.294-06484]:main():compute-mfcc-feats.cc:173) Processed features for key FLTM0_SX80
VLOG[2] (compute-mfcc-feats[5.5.294-06484]:main():compute-mfcc-feats.cc:173) Processed features for key FMAH1_SI1509
LOG (compute-mfcc-feats[5.5.294-06484]:main():compute-mfcc-feats.cc:172) Processed 250 utterances
VLOG[2] (compute-mfcc-feats[5.5.294-06484]:main():compute-mfcc-feats.cc:173) Processed features for key FMAH1_SI2139
VLOG[2] (compute-mfcc-feats[5.5.294-06484]:main():compute-mfcc-feats.cc:173) Processed features for key FMAH1_SI879
VLOG[2] (compute-mfcc-feats[5.5.294-06484]:main():compute-mfcc-feats.cc:173) Processed features for key FMAH1_SX159
VLOG[2] (compute-mfcc-feats[5.5.294-06484]:main():compute-mfcc-feats.cc:173) Processed features for key FMAH1_SX249
VLOG[2] (compute-mfcc-feats[5.5.294-06484]:main():compute-mfcc-feats.cc:173) Processed features for key FMAH1_SX339
VLOG[2] (compute-mfcc-feats[5.5.294-06484]:main():compute-mfcc-feats.cc:173) Processed features for key FMAH1_SX429
VLOG[2] (compute-mfcc-feats[5.5.294-06484]:main():compute-mfcc-feats.cc:173) Processed features for key FMAH1_SX69
VLOG[2] (compute-mfcc-feats[5.5.294-06484]:main():compute-mfcc-feats.cc:173) Processed features for key FMEM0_SI1377
VLOG[2] (compute-mfcc-feats[5.5.294-06484]:main():compute-mfcc-feats.cc:173) Processed features for key FMEM0_SI2007
VLOG[2] (compute-mfcc-feats[5.5.294-06484]:main():compute-mfcc-feats.cc:173) Processed features for key FMEM0_SI747
LOG (compute-mfcc-feats[5.5.294-06484]:main():compute-mfcc-feats.cc:172) Processed 260 utterances
VLOG[2] (compute-mfcc-feats[5.5.294-06484]:main():compute-mfcc-feats.cc:173) Processed features for key FMEM0_SX117
VLOG[2] (compute-mfcc-feats[5.5.294-06484]:main():compute-mfcc-feats.cc:173) Processed features for key FMEM0_SX207
VLOG[2] (compute-mfcc-feats[5.5.294-06484]:main():compute-mfcc-feats.cc:173) Processed features for key FMEM0_SX297
VLOG[2] (compute-mfcc-feats[5.5.294-06484]:main():compute-mfcc-feats.cc:173) Processed features for key FMEM0_SX333
VLOG[2] (compute-mfcc-feats[5.5.294-06484]:main():compute-mfcc-feats.cc:173) Processed features for key FMEM0_SX387
VLOG[2] (compute-mfcc-feats[5.5.294-06484]:main():compute-mfcc-feats.cc:173) Processed features for key FMJB0_SI1177
VLOG[2] (compute-mfcc-feats[5.5.294-06484]:main():compute-mfcc-feats.cc:173) Processed features for key FMJB0_SI1807
VLOG[2] (compute-mfcc-feats[5.5.294-06484]:main():compute-mfcc-feats.cc:173) Processed features for key FMJB0_SI547
VLOG[2] (compute-mfcc-feats[5.5.294-06484]:main():compute-mfcc-feats.cc:173) Processed features for key FMJB0_SX187
VLOG[2] (compute-mfcc-feats[5.5.294-06484]:main():compute-mfcc-feats.cc:173) Processed features for key FMJB0_SX277
LOG (compute-mfcc-feats[5.5.294-06484]:main():compute-mfcc-feats.cc:172) Processed 270 utterances
VLOG[2] (compute-mfcc-feats[5.5.294-06484]:main():compute-mfcc-feats.cc:173) Processed features for key FMJB0_SX367
VLOG[2] (compute-mfcc-feats[5.5.294-06484]:main():compute-mfcc-feats.cc:173) Processed features for key FMJB0_SX7
VLOG[2] (compute-mfcc-feats[5.5.294-06484]:main():compute-mfcc-feats.cc:173) Processed features for key FMJB0_SX97
VLOG[2] (compute-mfcc-feats[5.5.294-06484]:main():compute-mfcc-feats.cc:173) Processed features for key FMJU0_SI1389
VLOG[2] (compute-mfcc-feats[5.5.294-06484]:main():compute-mfcc-feats.cc:173) Processed features for key FMJU0_SI2019
VLOG[2] (compute-mfcc-feats[5.5.294-06484]:main():compute-mfcc-feats.cc:173) Processed features for key FMJU0_SI759
VLOG[2] (compute-mfcc-feats[5.5.294-06484]:main():compute-mfcc-feats.cc:173) Processed features for key FMJU0_SX129
VLOG[2] (compute-mfcc-feats[5.5.294-06484]:main():compute-mfcc-feats.cc:173) Processed features for key FMJU0_SX219
VLOG[2] (compute-mfcc-feats[5.5.294-06484]:main():compute-mfcc-feats.cc:173) Processed features for key FMJU0_SX309
VLOG[2] (compute-mfcc-feats[5.5.294-06484]:main():compute-mfcc-feats.cc:173) Processed features for key FMJU0_SX39
LOG (compute-mfcc-feats[5.5.294-06484]:main():compute-mfcc-feats.cc:172) Processed 280 utterances
VLOG[2] (compute-mfcc-feats[5.5.294-06484]:main():compute-mfcc-feats.cc:173) Processed features for key FMJU0_SX399
VLOG[2] (compute-mfcc-feats[5.5.294-06484]:main():compute-mfcc-feats.cc:173) Processed features for key FMKF0_SI1018
VLOG[2] (compute-mfcc-feats[5.5.294-06484]:main():compute-mfcc-feats.cc:173) Processed features for key FMKF0_SI1536
VLOG[2] (compute-mfcc-feats[5.5.294-06484]:main():compute-mfcc-feats.cc:173) Processed features for key FMKF0_SI906
VLOG[2] (compute-mfcc-feats[5.5.294-06484]:main():compute-mfcc-feats.cc:173) Processed features for key FMKF0_SX186
VLOG[2] (compute-mfcc-feats[5.5.294-06484]:main():compute-mfcc-feats.cc:173) Processed features for key FMKF0_SX276
VLOG[2] (compute-mfcc-feats[5.5.294-06484]:main():compute-mfcc-feats.cc:173) Processed features for key FMKF0_SX366
VLOG[2] (compute-mfcc-feats[5.5.294-06484]:main():compute-mfcc-feats.cc:173) Processed features for key FMKF0_SX6
VLOG[2] (compute-mfcc-feats[5.5.294-06484]:main():compute-mfcc-feats.cc:173) Processed features for key FMKF0_SX96
VLOG[2] (compute-mfcc-feats[5.5.294-06484]:main():compute-mfcc-feats.cc:173) Processed features for key FMMH0_SI1537
LOG (compute-mfcc-feats[5.5.294-06484]:main():compute-mfcc-feats.cc:172) Processed 290 utterances
VLOG[2] (compute-mfcc-feats[5.5.294-06484]:main():compute-mfcc-feats.cc:173) Processed features for key FMMH0_SI2167
VLOG[2] (compute-mfcc-feats[5.5.294-06484]:main():compute-mfcc-feats.cc:173) Processed features for key FMMH0_SI907
VLOG[2] (compute-mfcc-feats[5.5.294-06484]:main():compute-mfcc-feats.cc:173) Processed features for key FMMH0_SX187
VLOG[2] (compute-mfcc-feats[5.5.294-06484]:main():compute-mfcc-feats.cc:173) Processed features for key FMMH0_SX367
VLOG[2] (compute-mfcc-feats[5.5.294-06484]:main():compute-mfcc-feats.cc:173) Processed features for key FMMH0_SX420
VLOG[2] (compute-mfcc-feats[5.5.294-06484]:main():compute-mfcc-feats.cc:173) Processed features for key FMMH0_SX7
VLOG[2] (compute-mfcc-feats[5.5.294-06484]:main():compute-mfcc-feats.cc:173) Processed features for key FMMH0_SX97
VLOG[2] (compute-mfcc-feats[5.5.294-06484]:main():compute-mfcc-feats.cc:173) Processed features for key FMPG0_SI1602
VLOG[2] (compute-mfcc-feats[5.5.294-06484]:main():compute-mfcc-feats.cc:173) Processed features for key FMPG0_SI2232
VLOG[2] (compute-mfcc-feats[5.5.294-06484]:main():compute-mfcc-feats.cc:173) Processed features for key FMPG0_SI972
LOG (compute-mfcc-feats[5.5.294-06484]:main():compute-mfcc-feats.cc:172) Processed 300 utterances
VLOG[2] (compute-mfcc-feats[5.5.294-06484]:main():compute-mfcc-feats.cc:173) Processed features for key FMPG0_SX162
VLOG[2] (compute-mfcc-feats[5.5.294-06484]:main():compute-mfcc-feats.cc:173) Processed features for key FMPG0_SX252
VLOG[2] (compute-mfcc-feats[5.5.294-06484]:main():compute-mfcc-feats.cc:173) Processed features for key FMPG0_SX342
VLOG[2] (compute-mfcc-feats[5.5.294-06484]:main():compute-mfcc-feats.cc:173) Processed features for key FMPG0_SX432
VLOG[2] (compute-mfcc-feats[5.5.294-06484]:main():compute-mfcc-feats.cc:173) Processed features for key FMPG0_SX72
VLOG[2] (compute-mfcc-feats[5.5.294-06484]:main():compute-mfcc-feats.cc:173) Processed features for key FPAD0_SI1346
VLOG[2] (compute-mfcc-feats[5.5.294-06484]:main():compute-mfcc-feats.cc:173) Processed features for key FPAD0_SI1976
VLOG[2] (compute-mfcc-feats[5.5.294-06484]:main():compute-mfcc-feats.cc:173) Processed features for key FPAD0_SI716
VLOG[2] (compute-mfcc-feats[5.5.294-06484]:main():compute-mfcc-feats.cc:173) Processed features for key FPAD0_SX176
VLOG[2] (compute-mfcc-feats[5.5.294-06484]:main():compute-mfcc-feats.cc:173) Processed features for key FPAD0_SX266
LOG (compute-mfcc-feats[5.5.294-06484]:main():compute-mfcc-feats.cc:172) Processed 310 utterances
VLOG[2] (compute-mfcc-feats[5.5.294-06484]:main():compute-mfcc-feats.cc:173) Processed features for key FPAD0_SX356
VLOG[2] (compute-mfcc-feats[5.5.294-06484]:main():compute-mfcc-feats.cc:173) Processed features for key FPAD0_SX446
VLOG[2] (compute-mfcc-feats[5.5.294-06484]:main():compute-mfcc-feats.cc:173) Processed features for key FPAD0_SX86
VLOG[2] (compute-mfcc-feats[5.5.294-06484]:main():compute-mfcc-feats.cc:173) Processed features for key FPJF0_SI1046
VLOG[2] (compute-mfcc-feats[5.5.294-06484]:main():compute-mfcc-feats.cc:173) Processed features for key FPJF0_SI1259
VLOG[2] (compute-mfcc-feats[5.5.294-06484]:main():compute-mfcc-feats.cc:173) Processed features for key FPJF0_SI1676
VLOG[2] (compute-mfcc-feats[5.5.294-06484]:main():compute-mfcc-feats.cc:173) Processed features for key FPJF0_SX146
VLOG[2] (compute-mfcc-feats[5.5.294-06484]:main():compute-mfcc-feats.cc:173) Processed features for key FPJF0_SX236
VLOG[2] (compute-mfcc-feats[5.5.294-06484]:main():compute-mfcc-feats.cc:173) Processed features for key FPJF0_SX326
VLOG[2] (compute-mfcc-feats[5.5.294-06484]:main():compute-mfcc-feats.cc:173) Processed features for key FPJF0_SX352
LOG (compute-mfcc-feats[5.5.294-06484]:main():compute-mfcc-feats.cc:172) Processed 320 utterances
VLOG[2] (compute-mfcc-feats[5.5.294-06484]:main():compute-mfcc-feats.cc:173) Processed features for key FPJF0_SX56
VLOG[2] (compute-mfcc-feats[5.5.294-06484]:main():compute-mfcc-feats.cc:173) Processed features for key FPMY0_SI1153
VLOG[2] (compute-mfcc-feats[5.5.294-06484]:main():compute-mfcc-feats.cc:173) Processed features for key FPMY0_SI1783
VLOG[2] (compute-mfcc-feats[5.5.294-06484]:main():compute-mfcc-feats.cc:173) Processed features for key FPMY0_SI523
VLOG[2] (compute-mfcc-feats[5.5.294-06484]:main():compute-mfcc-feats.cc:173) Processed features for key FPMY0_SX163
VLOG[2] (compute-mfcc-feats[5.5.294-06484]:main():compute-mfcc-feats.cc:173) Processed features for key FPMY0_SX196
VLOG[2] (compute-mfcc-feats[5.5.294-06484]:main():compute-mfcc-feats.cc:173) Processed features for key FPMY0_SX253
VLOG[2] (compute-mfcc-feats[5.5.294-06484]:main():compute-mfcc-feats.cc:173) Processed features for key FPMY0_SX343
VLOG[2] (compute-mfcc-feats[5.5.294-06484]:main():compute-mfcc-feats.cc:173) Processed features for key FPMY0_SX73
VLOG[2] (compute-mfcc-feats[5.5.294-06484]:main():compute-mfcc-feats.cc:173) Processed features for key FRJB0_SI1427
LOG (compute-mfcc-feats[5.5.294-06484]:main():compute-mfcc-feats.cc:172) Processed 330 utterances
VLOG[2] (compute-mfcc-feats[5.5.294-06484]:main():compute-mfcc-feats.cc:173) Processed features for key FRJB0_SI1470
VLOG[2] (compute-mfcc-feats[5.5.294-06484]:main():compute-mfcc-feats.cc:173) Processed features for key FRJB0_SI1794
VLOG[2] (compute-mfcc-feats[5.5.294-06484]:main():compute-mfcc-feats.cc:173) Processed features for key FRJB0_SX167
VLOG[2] (compute-mfcc-feats[5.5.294-06484]:main():compute-mfcc-feats.cc:173) Processed features for key FRJB0_SX257
VLOG[2] (compute-mfcc-feats[5.5.294-06484]:main():compute-mfcc-feats.cc:173) Processed features for key FRJB0_SX347
VLOG[2] (compute-mfcc-feats[5.5.294-06484]:main():compute-mfcc-feats.cc:173) Processed features for key FRJB0_SX437
VLOG[2] (compute-mfcc-feats[5.5.294-06484]:main():compute-mfcc-feats.cc:173) Processed features for key FRJB0_SX77
VLOG[2] (compute-mfcc-feats[5.5.294-06484]:main():compute-mfcc-feats.cc:173) Processed features for key FRLL0_SI1514
VLOG[2] (compute-mfcc-feats[5.5.294-06484]:main():compute-mfcc-feats.cc:173) Processed features for key FRLL0_SI805
VLOG[2] (compute-mfcc-feats[5.5.294-06484]:main():compute-mfcc-feats.cc:173) Processed features for key FRLL0_SI884
LOG (compute-mfcc-feats[5.5.294-06484]:main():compute-mfcc-feats.cc:172) Processed 340 utterances
VLOG[2] (compute-mfcc-feats[5.5.294-06484]:main():compute-mfcc-feats.cc:173) Processed features for key FRLL0_SX164
VLOG[2] (compute-mfcc-feats[5.5.294-06484]:main():compute-mfcc-feats.cc:173) Processed features for key FRLL0_SX254
VLOG[2] (compute-mfcc-feats[5.5.294-06484]:main():compute-mfcc-feats.cc:173) Processed features for key FRLL0_SX344
VLOG[2] (compute-mfcc-feats[5.5.294-06484]:main():compute-mfcc-feats.cc:173) Processed features for key FRLL0_SX434
VLOG[2] (compute-mfcc-feats[5.5.294-06484]:main():compute-mfcc-feats.cc:173) Processed features for key FRLL0_SX74
VLOG[2] (compute-mfcc-feats[5.5.294-06484]:main():compute-mfcc-feats.cc:173) Processed features for key FSAH0_SI1244
VLOG[2] (compute-mfcc-feats[5.5.294-06484]:main():compute-mfcc-feats.cc:173) Processed features for key FSAH0_SI1874
VLOG[2] (compute-mfcc-feats[5.5.294-06484]:main():compute-mfcc-feats.cc:173) Processed features for key FSAH0_SI614
VLOG[2] (compute-mfcc-feats[5.5.294-06484]:main():compute-mfcc-feats.cc:173) Processed features for key FSAH0_SX164
VLOG[2] (compute-mfcc-feats[5.5.294-06484]:main():compute-mfcc-feats.cc:173) Processed features for key FSAH0_SX327
LOG (compute-mfcc-feats[5.5.294-06484]:main():compute-mfcc-feats.cc:172) Processed 350 utterances
VLOG[2] (compute-mfcc-feats[5.5.294-06484]:main():compute-mfcc-feats.cc:173) Processed features for key FSAH0_SX344
VLOG[2] (compute-mfcc-feats[5.5.294-06484]:main():compute-mfcc-feats.cc:173) Processed features for key FSAH0_SX434
VLOG[2] (compute-mfcc-feats[5.5.294-06484]:main():compute-mfcc-feats.cc:173) Processed features for key FSAH0_SX74
VLOG[2] (compute-mfcc-feats[5.5.294-06484]:main():compute-mfcc-feats.cc:173) Processed features for key FSCN0_SI1886
VLOG[2] (compute-mfcc-feats[5.5.294-06484]:main():compute-mfcc-feats.cc:173) Processed features for key FSCN0_SI626
VLOG[2] (compute-mfcc-feats[5.5.294-06484]:main():compute-mfcc-feats.cc:173) Processed features for key FSCN0_SI705
VLOG[2] (compute-mfcc-feats[5.5.294-06484]:main():compute-mfcc-feats.cc:173) Processed features for key FSCN0_SX176
VLOG[2] (compute-mfcc-feats[5.5.294-06484]:main():compute-mfcc-feats.cc:173) Processed features for key FSCN0_SX266
VLOG[2] (compute-mfcc-feats[5.5.294-06484]:main():compute-mfcc-feats.cc:173) Processed features for key FSCN0_SX356
VLOG[2] (compute-mfcc-feats[5.5.294-06484]:main():compute-mfcc-feats.cc:173) Processed features for key FSCN0_SX446
LOG (compute-mfcc-feats[5.5.294-06484]:main():compute-mfcc-feats.cc:172) Processed 360 utterances
VLOG[2] (compute-mfcc-feats[5.5.294-06484]:main():compute-mfcc-feats.cc:173) Processed features for key FSCN0_SX86
VLOG[2] (compute-mfcc-feats[5.5.294-06484]:main():compute-mfcc-feats.cc:173) Processed features for key FSJK1_SI1025
VLOG[2] (compute-mfcc-feats[5.5.294-06484]:main():compute-mfcc-feats.cc:173) Processed features for key FSJK1_SI2285
VLOG[2] (compute-mfcc-feats[5.5.294-06484]:main():compute-mfcc-feats.cc:173) Processed features for key FSJK1_SI696
VLOG[2] (compute-mfcc-feats[5.5.294-06484]:main():compute-mfcc-feats.cc:173) Processed features for key FSJK1_SX125
VLOG[2] (compute-mfcc-feats[5.5.294-06484]:main():compute-mfcc-feats.cc:173) Processed features for key FSJK1_SX215
VLOG[2] (compute-mfcc-feats[5.5.294-06484]:main():compute-mfcc-feats.cc:173) Processed features for key FSJK1_SX305
VLOG[2] (compute-mfcc-feats[5.5.294-06484]:main():compute-mfcc-feats.cc:173) Processed features for key FSJK1_SX35
VLOG[2] (compute-mfcc-feats[5.5.294-06484]:main():compute-mfcc-feats.cc:173) Processed features for key FSJK1_SX395
VLOG[2] (compute-mfcc-feats[5.5.294-06484]:main():compute-mfcc-feats.cc:173) Processed features for key MDSS0_SI1881
LOG (compute-mfcc-feats[5.5.294-06484]:main():compute-mfcc-feats.cc:172) Processed 370 utterances
VLOG[2] (compute-mfcc-feats[5.5.294-06484]:main():compute-mfcc-feats.cc:173) Processed features for key MDSS0_SI2087
VLOG[2] (compute-mfcc-feats[5.5.294-06484]:main():compute-mfcc-feats.cc:173) Processed features for key MDSS0_SI621
VLOG[2] (compute-mfcc-feats[5.5.294-06484]:main():compute-mfcc-feats.cc:173) Processed features for key MDSS0_SX171
VLOG[2] (compute-mfcc-feats[5.5.294-06484]:main():compute-mfcc-feats.cc:173) Processed features for key MDSS0_SX261
VLOG[2] (compute-mfcc-feats[5.5.294-06484]:main():compute-mfcc-feats.cc:173) Processed features for key MDSS0_SX351
VLOG[2] (compute-mfcc-feats[5.5.294-06484]:main():compute-mfcc-feats.cc:173) Processed features for key MDSS0_SX441
VLOG[2] (compute-mfcc-feats[5.5.294-06484]:main():compute-mfcc-feats.cc:173) Processed features for key MDSS0_SX81
VLOG[2] (compute-mfcc-feats[5.5.294-06484]:main():compute-mfcc-feats.cc:173) Processed features for key MDWD0_SI1260
VLOG[2] (compute-mfcc-feats[5.5.294-06484]:main():compute-mfcc-feats.cc:173) Processed features for key MDWD0_SI1890
VLOG[2] (compute-mfcc-feats[5.5.294-06484]:main():compute-mfcc-feats.cc:173) Processed features for key MDWD0_SI557
LOG (compute-mfcc-feats[5.5.294-06484]:main():compute-mfcc-feats.cc:172) Processed 380 utterances
VLOG[2] (compute-mfcc-feats[5.5.294-06484]:main():compute-mfcc-feats.cc:173) Processed features for key MDWD0_SX180
VLOG[2] (compute-mfcc-feats[5.5.294-06484]:main():compute-mfcc-feats.cc:173) Processed features for key MDWD0_SX270
VLOG[2] (compute-mfcc-feats[5.5.294-06484]:main():compute-mfcc-feats.cc:173) Processed features for key MDWD0_SX360
VLOG[2] (compute-mfcc-feats[5.5.294-06484]:main():compute-mfcc-feats.cc:173) Processed features for key MDWD0_SX450
VLOG[2] (compute-mfcc-feats[5.5.294-06484]:main():compute-mfcc-feats.cc:173) Processed features for key MDWD0_SX90
VLOG[2] (compute-mfcc-feats[5.5.294-06484]:main():compute-mfcc-feats.cc:173) Processed features for key MEFG0_SI465
VLOG[2] (compute-mfcc-feats[5.5.294-06484]:main():compute-mfcc-feats.cc:173) Processed features for key MEFG0_SI491
VLOG[2] (compute-mfcc-feats[5.5.294-06484]:main():compute-mfcc-feats.cc:173) Processed features for key MEFG0_SI598
VLOG[2] (compute-mfcc-feats[5.5.294-06484]:main():compute-mfcc-feats.cc:173) Processed features for key MEFG0_SX105
VLOG[2] (compute-mfcc-feats[5.5.294-06484]:main():compute-mfcc-feats.cc:173) Processed features for key MEFG0_SX15
LOG (compute-mfcc-feats[5.5.294-06484]:main():compute-mfcc-feats.cc:172) Processed 390 utterances
VLOG[2] (compute-mfcc-feats[5.5.294-06484]:main():compute-mfcc-feats.cc:173) Processed features for key MEFG0_SX195
VLOG[2] (compute-mfcc-feats[5.5.294-06484]:main():compute-mfcc-feats.cc:173) Processed features for key MEFG0_SX285
VLOG[2] (compute-mfcc-feats[5.5.294-06484]:main():compute-mfcc-feats.cc:173) Processed features for key MEFG0_SX375
VLOG[2] (compute-mfcc-feats[5.5.294-06484]:main():compute-mfcc-feats.cc:173) Processed features for key MFXS0_SI1674
VLOG[2] (compute-mfcc-feats[5.5.294-06484]:main():compute-mfcc-feats.cc:173) Processed features for key MFXS0_SI2225
VLOG[2] (compute-mfcc-feats[5.5.294-06484]:main():compute-mfcc-feats.cc:173) Processed features for key MFXS0_SI2304
VLOG[2] (compute-mfcc-feats[5.5.294-06484]:main():compute-mfcc-feats.cc:173) Processed features for key MFXS0_SX144
VLOG[2] (compute-mfcc-feats[5.5.294-06484]:main():compute-mfcc-feats.cc:173) Processed features for key MFXS0_SX234
VLOG[2] (compute-mfcc-feats[5.5.294-06484]:main():compute-mfcc-feats.cc:173) Processed features for key MFXS0_SX324
VLOG[2] (compute-mfcc-feats[5.5.294-06484]:main():compute-mfcc-feats.cc:173) Processed features for key MFXS0_SX414
LOG (compute-mfcc-feats[5.5.294-06484]:main():compute-mfcc-feats.cc:172) Processed 400 utterances
VLOG[2] (compute-mfcc-feats[5.5.294-06484]:main():compute-mfcc-feats.cc:173) Processed features for key MFXS0_SX54
VLOG[2] (compute-mfcc-feats[5.5.294-06484]:main():compute-mfcc-feats.cc:173) Processed features for key MFXV0_SI1005
VLOG[2] (compute-mfcc-feats[5.5.294-06484]:main():compute-mfcc-feats.cc:173) Processed features for key MFXV0_SI1342
VLOG[2] (compute-mfcc-feats[5.5.294-06484]:main():compute-mfcc-feats.cc:173) Processed features for key MFXV0_SI1635
VLOG[2] (compute-mfcc-feats[5.5.294-06484]:main():compute-mfcc-feats.cc:173) Processed features for key MFXV0_SX105
VLOG[2] (compute-mfcc-feats[5.5.294-06484]:main():compute-mfcc-feats.cc:173) Processed features for key MFXV0_SX15
VLOG[2] (compute-mfcc-feats[5.5.294-06484]:main():compute-mfcc-feats.cc:173) Processed features for key MFXV0_SX195
VLOG[2] (compute-mfcc-feats[5.5.294-06484]:main():compute-mfcc-feats.cc:173) Processed features for key MFXV0_SX285
VLOG[2] (compute-mfcc-feats[5.5.294-06484]:main():compute-mfcc-feats.cc:173) Processed features for key MFXV0_SX375
VLOG[2] (compute-mfcc-feats[5.5.294-06484]:main():compute-mfcc-feats.cc:173) Processed features for key MGAK0_SI1036
LOG (compute-mfcc-feats[5.5.294-06484]:main():compute-mfcc-feats.cc:172) Processed 410 utterances
VLOG[2] (compute-mfcc-feats[5.5.294-06484]:main():compute-mfcc-feats.cc:173) Processed features for key MGAK0_SI1666
VLOG[2] (compute-mfcc-feats[5.5.294-06484]:main():compute-mfcc-feats.cc:173) Processed features for key MGAK0_SI2296
LOG (compute-mfcc-feats[5.5.294-06484]:main():compute-mfcc-feats.cc:176)  Done 411 out of 411 utterances.
LOG (copy-feats[5.5.294-06484]:main():copy-feats.cc:143) Copied 411 feature matrices.
# Accounting: time=3 threads=1
# Ended (code 0) at Mon Apr 29 15:17:29 AEST 2019, elapsed time 3 seconds
