# compute-mfcc-feats --verbose=2 --config=conf/mfcc.conf scp,p:exp/make_mfcc/train/wav_train.3.scp ark:- | copy-feats --compress=true ark:- ark,scp:/home/sky/kaldi/egs/timit/s5/mfcc/raw_mfcc_train.3.ark,/home/sky/kaldi/egs/timit/s5/mfcc/raw_mfcc_train.3.scp 
# Started at Mon Apr 29 15:17:26 AEST 2019
#
copy-feats --compress=true ark:- ark,scp:/home/sky/kaldi/egs/timit/s5/mfcc/raw_mfcc_train.3.ark,/home/sky/kaldi/egs/timit/s5/mfcc/raw_mfcc_train.3.scp 
compute-mfcc-feats --verbose=2 --config=conf/mfcc.conf scp,p:exp/make_mfcc/train/wav_train.3.scp ark:- 
VLOG[2] (compute-mfcc-feats[5.5.294-06484]:main():compute-mfcc-feats.cc:173) Processed features for key MMCC0_SX438
VLOG[2] (compute-mfcc-feats[5.5.294-06484]:main():compute-mfcc-feats.cc:173) Processed features for key MMCC0_SX78
VLOG[2] (compute-mfcc-feats[5.5.294-06484]:main():compute-mfcc-feats.cc:173) Processed features for key MMDB0_SI1358
VLOG[2] (compute-mfcc-feats[5.5.294-06484]:main():compute-mfcc-feats.cc:173) Processed features for key MMDB0_SI1617
VLOG[2] (compute-mfcc-feats[5.5.294-06484]:main():compute-mfcc-feats.cc:173) Processed features for key MMDB0_SI987
VLOG[2] (compute-mfcc-feats[5.5.294-06484]:main():compute-mfcc-feats.cc:173) Processed features for key MMDB0_SX177
VLOG[2] (compute-mfcc-feats[5.5.294-06484]:main():compute-mfcc-feats.cc:173) Processed features for key MMDB0_SX267
VLOG[2] (compute-mfcc-feats[5.5.294-06484]:main():compute-mfcc-feats.cc:173) Processed features for key MMDB0_SX357
VLOG[2] (compute-mfcc-feats[5.5.294-06484]:main():compute-mfcc-feats.cc:173) Processed features for key MMDB0_SX447
LOG (compute-mfcc-feats[5.5.294-06484]:main():compute-mfcc-feats.cc:172) Processed 10 utterances
VLOG[2] (compute-mfcc-feats[5.5.294-06484]:main():compute-mfcc-feats.cc:173) Processed features for key MMDB0_SX87
VLOG[2] (compute-mfcc-feats[5.5.294-06484]:main():compute-mfcc-feats.cc:173) Processed features for key MMDG0_SI1780
VLOG[2] (compute-mfcc-feats[5.5.294-06484]:main():compute-mfcc-feats.cc:173) Processed features for key MMDG0_SI2035
VLOG[2] (compute-mfcc-feats[5.5.294-06484]:main():compute-mfcc-feats.cc:173) Processed features for key MMDG0_SI520
VLOG[2] (compute-mfcc-feats[5.5.294-06484]:main():compute-mfcc-feats.cc:173) Processed features for key MMDG0_SX160
VLOG[2] (compute-mfcc-feats[5.5.294-06484]:main():compute-mfcc-feats.cc:173) Processed features for key MMDG0_SX250
VLOG[2] (compute-mfcc-feats[5.5.294-06484]:main():compute-mfcc-feats.cc:173) Processed features for key MMDG0_SX340
VLOG[2] (compute-mfcc-feats[5.5.294-06484]:main():compute-mfcc-feats.cc:173) Processed features for key MMDG0_SX430
VLOG[2] (compute-mfcc-feats[5.5.294-06484]:main():compute-mfcc-feats.cc:173) Processed features for key MMDG0_SX70
VLOG[2] (compute-mfcc-feats[5.5.294-06484]:main():compute-mfcc-feats.cc:173) Processed features for key MMDM0_SI1311
LOG (compute-mfcc-feats[5.5.294-06484]:main():compute-mfcc-feats.cc:172) Processed 20 utterances
VLOG[2] (compute-mfcc-feats[5.5.294-06484]:main():compute-mfcc-feats.cc:173) Processed features for key MMDM0_SI1941
VLOG[2] (compute-mfcc-feats[5.5.294-06484]:main():compute-mfcc-feats.cc:173) Processed features for key MMDM0_SI681
VLOG[2] (compute-mfcc-feats[5.5.294-06484]:main():compute-mfcc-feats.cc:173) Processed features for key MMDM0_SX141
VLOG[2] (compute-mfcc-feats[5.5.294-06484]:main():compute-mfcc-feats.cc:173) Processed features for key MMDM0_SX231
VLOG[2] (compute-mfcc-feats[5.5.294-06484]:main():compute-mfcc-feats.cc:173) Processed features for key MMDM0_SX321
VLOG[2] (compute-mfcc-feats[5.5.294-06484]:main():compute-mfcc-feats.cc:173) Processed features for key MMDM0_SX411
VLOG[2] (compute-mfcc-feats[5.5.294-06484]:main():compute-mfcc-feats.cc:173) Processed features for key MMDM0_SX51
VLOG[2] (compute-mfcc-feats[5.5.294-06484]:main():compute-mfcc-feats.cc:173) Processed features for key MMDM1_SI1650
VLOG[2] (compute-mfcc-feats[5.5.294-06484]:main():compute-mfcc-feats.cc:173) Processed features for key MMDM1_SI2043
VLOG[2] (compute-mfcc-feats[5.5.294-06484]:main():compute-mfcc-feats.cc:173) Processed features for key MMDM1_SI783
LOG (compute-mfcc-feats[5.5.294-06484]:main():compute-mfcc-feats.cc:172) Processed 30 utterances
VLOG[2] (compute-mfcc-feats[5.5.294-06484]:main():compute-mfcc-feats.cc:173) Processed features for key MMDM1_SX153
VLOG[2] (compute-mfcc-feats[5.5.294-06484]:main():compute-mfcc-feats.cc:173) Processed features for key MMDM1_SX243
VLOG[2] (compute-mfcc-feats[5.5.294-06484]:main():compute-mfcc-feats.cc:173) Processed features for key MMDM1_SX333
VLOG[2] (compute-mfcc-feats[5.5.294-06484]:main():compute-mfcc-feats.cc:173) Processed features for key MMDM1_SX423
VLOG[2] (compute-mfcc-feats[5.5.294-06484]:main():compute-mfcc-feats.cc:173) Processed features for key MMDM1_SX63
VLOG[2] (compute-mfcc-feats[5.5.294-06484]:main():compute-mfcc-feats.cc:173) Processed features for key MMEA0_SI1388
VLOG[2] (compute-mfcc-feats[5.5.294-06484]:main():compute-mfcc-feats.cc:173) Processed features for key MMEA0_SI2018
VLOG[2] (compute-mfcc-feats[5.5.294-06484]:main():compute-mfcc-feats.cc:173) Processed features for key MMEA0_SI758
VLOG[2] (compute-mfcc-feats[5.5.294-06484]:main():compute-mfcc-feats.cc:173) Processed features for key MMEA0_SX128
VLOG[2] (compute-mfcc-feats[5.5.294-06484]:main():compute-mfcc-feats.cc:173) Processed features for key MMEA0_SX218
LOG (compute-mfcc-feats[5.5.294-06484]:main():compute-mfcc-feats.cc:172) Processed 40 utterances
VLOG[2] (compute-mfcc-feats[5.5.294-06484]:main():compute-mfcc-feats.cc:173) Processed features for key MMEA0_SX308
VLOG[2] (compute-mfcc-feats[5.5.294-06484]:main():compute-mfcc-feats.cc:173) Processed features for key MMEA0_SX38
VLOG[2] (compute-mfcc-feats[5.5.294-06484]:main():compute-mfcc-feats.cc:173) Processed features for key MMEA0_SX398
VLOG[2] (compute-mfcc-feats[5.5.294-06484]:main():compute-mfcc-feats.cc:173) Processed features for key MMGG0_SI1079
VLOG[2] (compute-mfcc-feats[5.5.294-06484]:main():compute-mfcc-feats.cc:173) Processed features for key MMGG0_SI1709
VLOG[2] (compute-mfcc-feats[5.5.294-06484]:main():compute-mfcc-feats.cc:173) Processed features for key MMGG0_SI2339
VLOG[2] (compute-mfcc-feats[5.5.294-06484]:main():compute-mfcc-feats.cc:173) Processed features for key MMGG0_SX179
VLOG[2] (compute-mfcc-feats[5.5.294-06484]:main():compute-mfcc-feats.cc:173) Processed features for key MMGG0_SX269
VLOG[2] (compute-mfcc-feats[5.5.294-06484]:main():compute-mfcc-feats.cc:173) Processed features for key MMGG0_SX359
VLOG[2] (compute-mfcc-feats[5.5.294-06484]:main():compute-mfcc-feats.cc:173) Processed features for key MMGG0_SX449
LOG (compute-mfcc-feats[5.5.294-06484]:main():compute-mfcc-feats.cc:172) Processed 50 utterances
VLOG[2] (compute-mfcc-feats[5.5.294-06484]:main():compute-mfcc-feats.cc:173) Processed features for key MMGG0_SX89
VLOG[2] (compute-mfcc-feats[5.5.294-06484]:main():compute-mfcc-feats.cc:173) Processed features for key MMLM0_SI1527
VLOG[2] (compute-mfcc-feats[5.5.294-06484]:main():compute-mfcc-feats.cc:173) Processed features for key MMLM0_SI2150
VLOG[2] (compute-mfcc-feats[5.5.294-06484]:main():compute-mfcc-feats.cc:173) Processed features for key MMLM0_SI897
VLOG[2] (compute-mfcc-feats[5.5.294-06484]:main():compute-mfcc-feats.cc:173) Processed features for key MMLM0_SX177
VLOG[2] (compute-mfcc-feats[5.5.294-06484]:main():compute-mfcc-feats.cc:173) Processed features for key MMLM0_SX267
VLOG[2] (compute-mfcc-feats[5.5.294-06484]:main():compute-mfcc-feats.cc:173) Processed features for key MMLM0_SX357
VLOG[2] (compute-mfcc-feats[5.5.294-06484]:main():compute-mfcc-feats.cc:173) Processed features for key MMLM0_SX447
VLOG[2] (compute-mfcc-feats[5.5.294-06484]:main():compute-mfcc-feats.cc:173) Processed features for key MMLM0_SX87
VLOG[2] (compute-mfcc-feats[5.5.294-06484]:main():compute-mfcc-feats.cc:173) Processed features for key MMPM0_SI1061
LOG (compute-mfcc-feats[5.5.294-06484]:main():compute-mfcc-feats.cc:172) Processed 60 utterances
VLOG[2] (compute-mfcc-feats[5.5.294-06484]:main():compute-mfcc-feats.cc:173) Processed features for key MMPM0_SI1691
VLOG[2] (compute-mfcc-feats[5.5.294-06484]:main():compute-mfcc-feats.cc:173) Processed features for key MMPM0_SI2321
VLOG[2] (compute-mfcc-feats[5.5.294-06484]:main():compute-mfcc-feats.cc:173) Processed features for key MMPM0_SX161
VLOG[2] (compute-mfcc-feats[5.5.294-06484]:main():compute-mfcc-feats.cc:173) Processed features for key MMPM0_SX251
VLOG[2] (compute-mfcc-feats[5.5.294-06484]:main():compute-mfcc-feats.cc:173) Processed features for key MMPM0_SX341
VLOG[2] (compute-mfcc-feats[5.5.294-06484]:main():compute-mfcc-feats.cc:173) Processed features for key MMPM0_SX431
VLOG[2] (compute-mfcc-feats[5.5.294-06484]:main():compute-mfcc-feats.cc:173) Processed features for key MMPM0_SX71
VLOG[2] (compute-mfcc-feats[5.5.294-06484]:main():compute-mfcc-feats.cc:173) Processed features for key MMVP0_SI1284
VLOG[2] (compute-mfcc-feats[5.5.294-06484]:main():compute-mfcc-feats.cc:173) Processed features for key MMVP0_SI1914
VLOG[2] (compute-mfcc-feats[5.5.294-06484]:main():compute-mfcc-feats.cc:173) Processed features for key MMVP0_SI654
LOG (compute-mfcc-feats[5.5.294-06484]:main():compute-mfcc-feats.cc:172) Processed 70 utterances
VLOG[2] (compute-mfcc-feats[5.5.294-06484]:main():compute-mfcc-feats.cc:173) Processed features for key MMVP0_SX114
VLOG[2] (compute-mfcc-feats[5.5.294-06484]:main():compute-mfcc-feats.cc:173) Processed features for key MMVP0_SX204
VLOG[2] (compute-mfcc-feats[5.5.294-06484]:main():compute-mfcc-feats.cc:173) Processed features for key MMVP0_SX294
VLOG[2] (compute-mfcc-feats[5.5.294-06484]:main():compute-mfcc-feats.cc:173) Processed features for key MMVP0_SX347
VLOG[2] (compute-mfcc-feats[5.5.294-06484]:main():compute-mfcc-feats.cc:173) Processed features for key MMVP0_SX384
VLOG[2] (compute-mfcc-feats[5.5.294-06484]:main():compute-mfcc-feats.cc:173) Processed features for key MMWB0_SI1619
VLOG[2] (compute-mfcc-feats[5.5.294-06484]:main():compute-mfcc-feats.cc:173) Processed features for key MMWB0_SI2249
VLOG[2] (compute-mfcc-feats[5.5.294-06484]:main():compute-mfcc-feats.cc:173) Processed features for key MMWB0_SI989
VLOG[2] (compute-mfcc-feats[5.5.294-06484]:main():compute-mfcc-feats.cc:173) Processed features for key MMWB0_SX179
VLOG[2] (compute-mfcc-feats[5.5.294-06484]:main():compute-mfcc-feats.cc:173) Processed features for key MMWB0_SX269
LOG (compute-mfcc-feats[5.5.294-06484]:main():compute-mfcc-feats.cc:172) Processed 80 utterances
VLOG[2] (compute-mfcc-feats[5.5.294-06484]:main():compute-mfcc-feats.cc:173) Processed features for key MMWB0_SX359
VLOG[2] (compute-mfcc-feats[5.5.294-06484]:main():compute-mfcc-feats.cc:173) Processed features for key MMWB0_SX449
VLOG[2] (compute-mfcc-feats[5.5.294-06484]:main():compute-mfcc-feats.cc:173) Processed features for key MMWB0_SX89
VLOG[2] (compute-mfcc-feats[5.5.294-06484]:main():compute-mfcc-feats.cc:173) Processed features for key MMWS0_SI1518
VLOG[2] (compute-mfcc-feats[5.5.294-06484]:main():compute-mfcc-feats.cc:173) Processed features for key MMWS0_SI559
VLOG[2] (compute-mfcc-feats[5.5.294-06484]:main():compute-mfcc-feats.cc:173) Processed features for key MMWS0_SI888
VLOG[2] (compute-mfcc-feats[5.5.294-06484]:main():compute-mfcc-feats.cc:173) Processed features for key MMWS0_SX168
VLOG[2] (compute-mfcc-feats[5.5.294-06484]:main():compute-mfcc-feats.cc:173) Processed features for key MMWS0_SX258
VLOG[2] (compute-mfcc-feats[5.5.294-06484]:main():compute-mfcc-feats.cc:173) Processed features for key MMWS0_SX348
VLOG[2] (compute-mfcc-feats[5.5.294-06484]:main():compute-mfcc-feats.cc:173) Processed features for key MMWS0_SX438
LOG (compute-mfcc-feats[5.5.294-06484]:main():compute-mfcc-feats.cc:172) Processed 90 utterances
VLOG[2] (compute-mfcc-feats[5.5.294-06484]:main():compute-mfcc-feats.cc:173) Processed features for key MMWS0_SX78
VLOG[2] (compute-mfcc-feats[5.5.294-06484]:main():compute-mfcc-feats.cc:173) Processed features for key MMWS1_SI1071
VLOG[2] (compute-mfcc-feats[5.5.294-06484]:main():compute-mfcc-feats.cc:173) Processed features for key MMWS1_SI1701
VLOG[2] (compute-mfcc-feats[5.5.294-06484]:main():compute-mfcc-feats.cc:173) Processed features for key MMWS1_SI2331
VLOG[2] (compute-mfcc-feats[5.5.294-06484]:main():compute-mfcc-feats.cc:173) Processed features for key MMWS1_SX261
VLOG[2] (compute-mfcc-feats[5.5.294-06484]:main():compute-mfcc-feats.cc:173) Processed features for key MMWS1_SX27
VLOG[2] (compute-mfcc-feats[5.5.294-06484]:main():compute-mfcc-feats.cc:173) Processed features for key MMWS1_SX351
VLOG[2] (compute-mfcc-feats[5.5.294-06484]:main():compute-mfcc-feats.cc:173) Processed features for key MMWS1_SX441
VLOG[2] (compute-mfcc-feats[5.5.294-06484]:main():compute-mfcc-feats.cc:173) Processed features for key MMWS1_SX81
VLOG[2] (compute-mfcc-feats[5.5.294-06484]:main():compute-mfcc-feats.cc:173) Processed features for key MNTW0_SI1068
LOG (compute-mfcc-feats[5.5.294-06484]:main():compute-mfcc-feats.cc:172) Processed 100 utterances
VLOG[2] (compute-mfcc-feats[5.5.294-06484]:main():compute-mfcc-feats.cc:173) Processed features for key MNTW0_SI1698
VLOG[2] (compute-mfcc-feats[5.5.294-06484]:main():compute-mfcc-feats.cc:173) Processed features for key MNTW0_SI2328
VLOG[2] (compute-mfcc-feats[5.5.294-06484]:main():compute-mfcc-feats.cc:173) Processed features for key MNTW0_SX168
VLOG[2] (compute-mfcc-feats[5.5.294-06484]:main():compute-mfcc-feats.cc:173) Processed features for key MNTW0_SX202
VLOG[2] (compute-mfcc-feats[5.5.294-06484]:main():compute-mfcc-feats.cc:173) Processed features for key MNTW0_SX258
VLOG[2] (compute-mfcc-feats[5.5.294-06484]:main():compute-mfcc-feats.cc:173) Processed features for key MNTW0_SX348
VLOG[2] (compute-mfcc-feats[5.5.294-06484]:main():compute-mfcc-feats.cc:173) Processed features for key MNTW0_SX78
VLOG[2] (compute-mfcc-feats[5.5.294-06484]:main():compute-mfcc-feats.cc:173) Processed features for key MPAR0_SI1576
VLOG[2] (compute-mfcc-feats[5.5.294-06484]:main():compute-mfcc-feats.cc:173) Processed features for key MPAR0_SI2206
VLOG[2] (compute-mfcc-feats[5.5.294-06484]:main():compute-mfcc-feats.cc:173) Processed features for key MPAR0_SI946
LOG (compute-mfcc-feats[5.5.294-06484]:main():compute-mfcc-feats.cc:172) Processed 110 utterances
VLOG[2] (compute-mfcc-feats[5.5.294-06484]:main():compute-mfcc-feats.cc:173) Processed features for key MPAR0_SX136
VLOG[2] (compute-mfcc-feats[5.5.294-06484]:main():compute-mfcc-feats.cc:173) Processed features for key MPAR0_SX226
VLOG[2] (compute-mfcc-feats[5.5.294-06484]:main():compute-mfcc-feats.cc:173) Processed features for key MPAR0_SX316
VLOG[2] (compute-mfcc-feats[5.5.294-06484]:main():compute-mfcc-feats.cc:173) Processed features for key MPAR0_SX406
VLOG[2] (compute-mfcc-feats[5.5.294-06484]:main():compute-mfcc-feats.cc:173) Processed features for key MPAR0_SX46
VLOG[2] (compute-mfcc-feats[5.5.294-06484]:main():compute-mfcc-feats.cc:173) Processed features for key MPGR1_SI1269
VLOG[2] (compute-mfcc-feats[5.5.294-06484]:main():compute-mfcc-feats.cc:173) Processed features for key MPGR1_SI1499
VLOG[2] (compute-mfcc-feats[5.5.294-06484]:main():compute-mfcc-feats.cc:173) Processed features for key MPGR1_SI2129
VLOG[2] (compute-mfcc-feats[5.5.294-06484]:main():compute-mfcc-feats.cc:173) Processed features for key MPGR1_SX149
VLOG[2] (compute-mfcc-feats[5.5.294-06484]:main():compute-mfcc-feats.cc:173) Processed features for key MPGR1_SX239
LOG (compute-mfcc-feats[5.5.294-06484]:main():compute-mfcc-feats.cc:172) Processed 120 utterances
VLOG[2] (compute-mfcc-feats[5.5.294-06484]:main():compute-mfcc-feats.cc:173) Processed features for key MPGR1_SX329
VLOG[2] (compute-mfcc-feats[5.5.294-06484]:main():compute-mfcc-feats.cc:173) Processed features for key MPGR1_SX419
VLOG[2] (compute-mfcc-feats[5.5.294-06484]:main():compute-mfcc-feats.cc:173) Processed features for key MPGR1_SX59
VLOG[2] (compute-mfcc-feats[5.5.294-06484]:main():compute-mfcc-feats.cc:173) Processed features for key MPMB0_SI1501
VLOG[2] (compute-mfcc-feats[5.5.294-06484]:main():compute-mfcc-feats.cc:173) Processed features for key MPMB0_SI2131
VLOG[2] (compute-mfcc-feats[5.5.294-06484]:main():compute-mfcc-feats.cc:173) Processed features for key MPMB0_SI871
VLOG[2] (compute-mfcc-feats[5.5.294-06484]:main():compute-mfcc-feats.cc:173) Processed features for key MPMB0_SX151
VLOG[2] (compute-mfcc-feats[5.5.294-06484]:main():compute-mfcc-feats.cc:173) Processed features for key MPMB0_SX241
VLOG[2] (compute-mfcc-feats[5.5.294-06484]:main():compute-mfcc-feats.cc:173) Processed features for key MPMB0_SX331
VLOG[2] (compute-mfcc-feats[5.5.294-06484]:main():compute-mfcc-feats.cc:173) Processed features for key MPMB0_SX421
LOG (compute-mfcc-feats[5.5.294-06484]:main():compute-mfcc-feats.cc:172) Processed 130 utterances
VLOG[2] (compute-mfcc-feats[5.5.294-06484]:main():compute-mfcc-feats.cc:173) Processed features for key MPMB0_SX61
VLOG[2] (compute-mfcc-feats[5.5.294-06484]:main():compute-mfcc-feats.cc:173) Processed features for key MPRD0_SI1431
VLOG[2] (compute-mfcc-feats[5.5.294-06484]:main():compute-mfcc-feats.cc:173) Processed features for key MPRD0_SI2061
VLOG[2] (compute-mfcc-feats[5.5.294-06484]:main():compute-mfcc-feats.cc:173) Processed features for key MPRD0_SI801
VLOG[2] (compute-mfcc-feats[5.5.294-06484]:main():compute-mfcc-feats.cc:173) Processed features for key MPRD0_SX171
VLOG[2] (compute-mfcc-feats[5.5.294-06484]:main():compute-mfcc-feats.cc:173) Processed features for key MPRD0_SX261
VLOG[2] (compute-mfcc-feats[5.5.294-06484]:main():compute-mfcc-feats.cc:173) Processed features for key MPRD0_SX351
VLOG[2] (compute-mfcc-feats[5.5.294-06484]:main():compute-mfcc-feats.cc:173) Processed features for key MPRD0_SX441
VLOG[2] (compute-mfcc-feats[5.5.294-06484]:main():compute-mfcc-feats.cc:173) Processed features for key MPRD0_SX81
VLOG[2] (compute-mfcc-feats[5.5.294-06484]:main():compute-mfcc-feats.cc:173) Processed features for key MRAM0_SI1275
LOG (compute-mfcc-feats[5.5.294-06484]:main():compute-mfcc-feats.cc:172) Processed 140 utterances
VLOG[2] (compute-mfcc-feats[5.5.294-06484]:main():compute-mfcc-feats.cc:173) Processed features for key MRAM0_SI1905
VLOG[2] (compute-mfcc-feats[5.5.294-06484]:main():compute-mfcc-feats.cc:173) Processed features for key MRAM0_SI1951
VLOG[2] (compute-mfcc-feats[5.5.294-06484]:main():compute-mfcc-feats.cc:173) Processed features for key MRAM0_SX105
VLOG[2] (compute-mfcc-feats[5.5.294-06484]:main():compute-mfcc-feats.cc:173) Processed features for key MRAM0_SX15
VLOG[2] (compute-mfcc-feats[5.5.294-06484]:main():compute-mfcc-feats.cc:173) Processed features for key MRAM0_SX195
VLOG[2] (compute-mfcc-feats[5.5.294-06484]:main():compute-mfcc-feats.cc:173) Processed features for key MRAM0_SX285
VLOG[2] (compute-mfcc-feats[5.5.294-06484]:main():compute-mfcc-feats.cc:173) Processed features for key MRAM0_SX375
VLOG[2] (compute-mfcc-feats[5.5.294-06484]:main():compute-mfcc-feats.cc:173) Processed features for key MRAV0_SI1008
VLOG[2] (compute-mfcc-feats[5.5.294-06484]:main():compute-mfcc-feats.cc:173) Processed features for key MRAV0_SI1638
VLOG[2] (compute-mfcc-feats[5.5.294-06484]:main():compute-mfcc-feats.cc:173) Processed features for key MRAV0_SI2268
LOG (compute-mfcc-feats[5.5.294-06484]:main():compute-mfcc-feats.cc:172) Processed 150 utterances
VLOG[2] (compute-mfcc-feats[5.5.294-06484]:main():compute-mfcc-feats.cc:173) Processed features for key MRAV0_SX108
VLOG[2] (compute-mfcc-feats[5.5.294-06484]:main():compute-mfcc-feats.cc:173) Processed features for key MRAV0_SX18
VLOG[2] (compute-mfcc-feats[5.5.294-06484]:main():compute-mfcc-feats.cc:173) Processed features for key MRAV0_SX198
VLOG[2] (compute-mfcc-feats[5.5.294-06484]:main():compute-mfcc-feats.cc:173) Processed features for key MRAV0_SX288
VLOG[2] (compute-mfcc-feats[5.5.294-06484]:main():compute-mfcc-feats.cc:173) Processed features for key MRAV0_SX378
VLOG[2] (compute-mfcc-feats[5.5.294-06484]:main():compute-mfcc-feats.cc:173) Processed features for key MRBC0_SI1665
VLOG[2] (compute-mfcc-feats[5.5.294-06484]:main():compute-mfcc-feats.cc:173) Processed features for key MRBC0_SI1859
VLOG[2] (compute-mfcc-feats[5.5.294-06484]:main():compute-mfcc-feats.cc:173) Processed features for key MRBC0_SI599
VLOG[2] (compute-mfcc-feats[5.5.294-06484]:main():compute-mfcc-feats.cc:173) Processed features for key MRBC0_SX149
VLOG[2] (compute-mfcc-feats[5.5.294-06484]:main():compute-mfcc-feats.cc:173) Processed features for key MRBC0_SX239
LOG (compute-mfcc-feats[5.5.294-06484]:main():compute-mfcc-feats.cc:172) Processed 160 utterances
VLOG[2] (compute-mfcc-feats[5.5.294-06484]:main():compute-mfcc-feats.cc:173) Processed features for key MRBC0_SX329
VLOG[2] (compute-mfcc-feats[5.5.294-06484]:main():compute-mfcc-feats.cc:173) Processed features for key MRBC0_SX419
VLOG[2] (compute-mfcc-feats[5.5.294-06484]:main():compute-mfcc-feats.cc:173) Processed features for key MRBC0_SX59
VLOG[2] (compute-mfcc-feats[5.5.294-06484]:main():compute-mfcc-feats.cc:173) Processed features for key MRDS0_SI1167
VLOG[2] (compute-mfcc-feats[5.5.294-06484]:main():compute-mfcc-feats.cc:173) Processed features for key MRDS0_SI1797
VLOG[2] (compute-mfcc-feats[5.5.294-06484]:main():compute-mfcc-feats.cc:173) Processed features for key MRDS0_SI537
VLOG[2] (compute-mfcc-feats[5.5.294-06484]:main():compute-mfcc-feats.cc:173) Processed features for key MRDS0_SX177
VLOG[2] (compute-mfcc-feats[5.5.294-06484]:main():compute-mfcc-feats.cc:173) Processed features for key MRDS0_SX267
VLOG[2] (compute-mfcc-feats[5.5.294-06484]:main():compute-mfcc-feats.cc:173) Processed features for key MRDS0_SX357
VLOG[2] (compute-mfcc-feats[5.5.294-06484]:main():compute-mfcc-feats.cc:173) Processed features for key MRDS0_SX447
LOG (compute-mfcc-feats[5.5.294-06484]:main():compute-mfcc-feats.cc:172) Processed 170 utterances
VLOG[2] (compute-mfcc-feats[5.5.294-06484]:main():compute-mfcc-feats.cc:173) Processed features for key MRDS0_SX87
VLOG[2] (compute-mfcc-feats[5.5.294-06484]:main():compute-mfcc-feats.cc:173) Processed features for key MREE0_SI1104
VLOG[2] (compute-mfcc-feats[5.5.294-06484]:main():compute-mfcc-feats.cc:173) Processed features for key MREE0_SI1734
VLOG[2] (compute-mfcc-feats[5.5.294-06484]:main():compute-mfcc-feats.cc:173) Processed features for key MREE0_SI1959
VLOG[2] (compute-mfcc-feats[5.5.294-06484]:main():compute-mfcc-feats.cc:173) Processed features for key MREE0_SX114
VLOG[2] (compute-mfcc-feats[5.5.294-06484]:main():compute-mfcc-feats.cc:173) Processed features for key MREE0_SX204
VLOG[2] (compute-mfcc-feats[5.5.294-06484]:main():compute-mfcc-feats.cc:173) Processed features for key MREE0_SX24
VLOG[2] (compute-mfcc-feats[5.5.294-06484]:main():compute-mfcc-feats.cc:173) Processed features for key MREE0_SX294
VLOG[2] (compute-mfcc-feats[5.5.294-06484]:main():compute-mfcc-feats.cc:173) Processed features for key MREE0_SX384
VLOG[2] (compute-mfcc-feats[5.5.294-06484]:main():compute-mfcc-feats.cc:173) Processed features for key MREH1_SI1599
LOG (compute-mfcc-feats[5.5.294-06484]:main():compute-mfcc-feats.cc:172) Processed 180 utterances
VLOG[2] (compute-mfcc-feats[5.5.294-06484]:main():compute-mfcc-feats.cc:173) Processed features for key MREH1_SI2229
VLOG[2] (compute-mfcc-feats[5.5.294-06484]:main():compute-mfcc-feats.cc:173) Processed features for key MREH1_SI969
VLOG[2] (compute-mfcc-feats[5.5.294-06484]:main():compute-mfcc-feats.cc:173) Processed features for key MREH1_SX159
VLOG[2] (compute-mfcc-feats[5.5.294-06484]:main():compute-mfcc-feats.cc:173) Processed features for key MREH1_SX249
VLOG[2] (compute-mfcc-feats[5.5.294-06484]:main():compute-mfcc-feats.cc:173) Processed features for key MREH1_SX339
VLOG[2] (compute-mfcc-feats[5.5.294-06484]:main():compute-mfcc-feats.cc:173) Processed features for key MREH1_SX429
VLOG[2] (compute-mfcc-feats[5.5.294-06484]:main():compute-mfcc-feats.cc:173) Processed features for key MREH1_SX69
VLOG[2] (compute-mfcc-feats[5.5.294-06484]:main():compute-mfcc-feats.cc:173) Processed features for key MREW1_SI1500
VLOG[2] (compute-mfcc-feats[5.5.294-06484]:main():compute-mfcc-feats.cc:173) Processed features for key MREW1_SI2130
VLOG[2] (compute-mfcc-feats[5.5.294-06484]:main():compute-mfcc-feats.cc:173) Processed features for key MREW1_SI870
LOG (compute-mfcc-feats[5.5.294-06484]:main():compute-mfcc-feats.cc:172) Processed 190 utterances
VLOG[2] (compute-mfcc-feats[5.5.294-06484]:main():compute-mfcc-feats.cc:173) Processed features for key MREW1_SX150
VLOG[2] (compute-mfcc-feats[5.5.294-06484]:main():compute-mfcc-feats.cc:173) Processed features for key MREW1_SX240
VLOG[2] (compute-mfcc-feats[5.5.294-06484]:main():compute-mfcc-feats.cc:173) Processed features for key MREW1_SX330
VLOG[2] (compute-mfcc-feats[5.5.294-06484]:main():compute-mfcc-feats.cc:173) Processed features for key MREW1_SX420
VLOG[2] (compute-mfcc-feats[5.5.294-06484]:main():compute-mfcc-feats.cc:173) Processed features for key MREW1_SX60
VLOG[2] (compute-mfcc-feats[5.5.294-06484]:main():compute-mfcc-feats.cc:173) Processed features for key MRGS0_SI1356
VLOG[2] (compute-mfcc-feats[5.5.294-06484]:main():compute-mfcc-feats.cc:173) Processed features for key MRGS0_SI1986
VLOG[2] (compute-mfcc-feats[5.5.294-06484]:main():compute-mfcc-feats.cc:173) Processed features for key MRGS0_SI726
VLOG[2] (compute-mfcc-feats[5.5.294-06484]:main():compute-mfcc-feats.cc:173) Processed features for key MRGS0_SX186
VLOG[2] (compute-mfcc-feats[5.5.294-06484]:main():compute-mfcc-feats.cc:173) Processed features for key MRGS0_SX276
LOG (compute-mfcc-feats[5.5.294-06484]:main():compute-mfcc-feats.cc:172) Processed 200 utterances
VLOG[2] (compute-mfcc-feats[5.5.294-06484]:main():compute-mfcc-feats.cc:173) Processed features for key MRGS0_SX366
VLOG[2] (compute-mfcc-feats[5.5.294-06484]:main():compute-mfcc-feats.cc:173) Processed features for key MRGS0_SX6
VLOG[2] (compute-mfcc-feats[5.5.294-06484]:main():compute-mfcc-feats.cc:173) Processed features for key MRGS0_SX96
VLOG[2] (compute-mfcc-feats[5.5.294-06484]:main():compute-mfcc-feats.cc:173) Processed features for key MRHL0_SI1515
VLOG[2] (compute-mfcc-feats[5.5.294-06484]:main():compute-mfcc-feats.cc:173) Processed features for key MRHL0_SI2145
VLOG[2] (compute-mfcc-feats[5.5.294-06484]:main():compute-mfcc-feats.cc:173) Processed features for key MRHL0_SI885
VLOG[2] (compute-mfcc-feats[5.5.294-06484]:main():compute-mfcc-feats.cc:173) Processed features for key MRHL0_SX165
VLOG[2] (compute-mfcc-feats[5.5.294-06484]:main():compute-mfcc-feats.cc:173) Processed features for key MRHL0_SX255
VLOG[2] (compute-mfcc-feats[5.5.294-06484]:main():compute-mfcc-feats.cc:173) Processed features for key MRHL0_SX345
VLOG[2] (compute-mfcc-feats[5.5.294-06484]:main():compute-mfcc-feats.cc:173) Processed features for key MRHL0_SX435
LOG (compute-mfcc-feats[5.5.294-06484]:main():compute-mfcc-feats.cc:172) Processed 210 utterances
VLOG[2] (compute-mfcc-feats[5.5.294-06484]:main():compute-mfcc-feats.cc:173) Processed features for key MRHL0_SX75
VLOG[2] (compute-mfcc-feats[5.5.294-06484]:main():compute-mfcc-feats.cc:173) Processed features for key MRJB1_SI1020
VLOG[2] (compute-mfcc-feats[5.5.294-06484]:main():compute-mfcc-feats.cc:173) Processed features for key MRJB1_SI1413
VLOG[2] (compute-mfcc-feats[5.5.294-06484]:main():compute-mfcc-feats.cc:173) Processed features for key MRJB1_SI2021
VLOG[2] (compute-mfcc-feats[5.5.294-06484]:main():compute-mfcc-feats.cc:173) Processed features for key MRJB1_SX120
VLOG[2] (compute-mfcc-feats[5.5.294-06484]:main():compute-mfcc-feats.cc:173) Processed features for key MRJB1_SX210
VLOG[2] (compute-mfcc-feats[5.5.294-06484]:main():compute-mfcc-feats.cc:173) Processed features for key MRJB1_SX30
VLOG[2] (compute-mfcc-feats[5.5.294-06484]:main():compute-mfcc-feats.cc:173) Processed features for key MRJB1_SX300
VLOG[2] (compute-mfcc-feats[5.5.294-06484]:main():compute-mfcc-feats.cc:173) Processed features for key MRJB1_SX390
VLOG[2] (compute-mfcc-feats[5.5.294-06484]:main():compute-mfcc-feats.cc:173) Processed features for key MRJH0_SI1519
LOG (compute-mfcc-feats[5.5.294-06484]:main():compute-mfcc-feats.cc:172) Processed 220 utterances
VLOG[2] (compute-mfcc-feats[5.5.294-06484]:main():compute-mfcc-feats.cc:173) Processed features for key MRJH0_SI889
VLOG[2] (compute-mfcc-feats[5.5.294-06484]:main():compute-mfcc-feats.cc:173) Processed features for key MRJH0_SI914
VLOG[2] (compute-mfcc-feats[5.5.294-06484]:main():compute-mfcc-feats.cc:173) Processed features for key MRJH0_SX169
VLOG[2] (compute-mfcc-feats[5.5.294-06484]:main():compute-mfcc-feats.cc:173) Processed features for key MRJH0_SX259
VLOG[2] (compute-mfcc-feats[5.5.294-06484]:main():compute-mfcc-feats.cc:173) Processed features for key MRJH0_SX307
VLOG[2] (compute-mfcc-feats[5.5.294-06484]:main():compute-mfcc-feats.cc:173) Processed features for key MRJH0_SX439
VLOG[2] (compute-mfcc-feats[5.5.294-06484]:main():compute-mfcc-feats.cc:173) Processed features for key MRJH0_SX79
VLOG[2] (compute-mfcc-feats[5.5.294-06484]:main():compute-mfcc-feats.cc:173) Processed features for key MRJM0_SI1095
VLOG[2] (compute-mfcc-feats[5.5.294-06484]:main():compute-mfcc-feats.cc:173) Processed features for key MRJM0_SI1228
VLOG[2] (compute-mfcc-feats[5.5.294-06484]:main():compute-mfcc-feats.cc:173) Processed features for key MRJM0_SI1858
LOG (compute-mfcc-feats[5.5.294-06484]:main():compute-mfcc-feats.cc:172) Processed 230 utterances
VLOG[2] (compute-mfcc-feats[5.5.294-06484]:main():compute-mfcc-feats.cc:173) Processed features for key MRJM0_SX148
VLOG[2] (compute-mfcc-feats[5.5.294-06484]:main():compute-mfcc-feats.cc:173) Processed features for key MRJM0_SX238
VLOG[2] (compute-mfcc-feats[5.5.294-06484]:main():compute-mfcc-feats.cc:173) Processed features for key MRJM0_SX328
VLOG[2] (compute-mfcc-feats[5.5.294-06484]:main():compute-mfcc-feats.cc:173) Processed features for key MRJM0_SX418
VLOG[2] (compute-mfcc-feats[5.5.294-06484]:main():compute-mfcc-feats.cc:173) Processed features for key MRJM0_SX58
VLOG[2] (compute-mfcc-feats[5.5.294-06484]:main():compute-mfcc-feats.cc:173) Processed features for key MRJM1_SI1298
VLOG[2] (compute-mfcc-feats[5.5.294-06484]:main():compute-mfcc-feats.cc:173) Processed features for key MRJM1_SI1928
VLOG[2] (compute-mfcc-feats[5.5.294-06484]:main():compute-mfcc-feats.cc:173) Processed features for key MRJM1_SI668
VLOG[2] (compute-mfcc-feats[5.5.294-06484]:main():compute-mfcc-feats.cc:173) Processed features for key MRJM1_SX128
VLOG[2] (compute-mfcc-feats[5.5.294-06484]:main():compute-mfcc-feats.cc:173) Processed features for key MRJM1_SX218
LOG (compute-mfcc-feats[5.5.294-06484]:main():compute-mfcc-feats.cc:172) Processed 240 utterances
VLOG[2] (compute-mfcc-feats[5.5.294-06484]:main():compute-mfcc-feats.cc:173) Processed features for key MRJM1_SX308
VLOG[2] (compute-mfcc-feats[5.5.294-06484]:main():compute-mfcc-feats.cc:173) Processed features for key MRJM1_SX38
VLOG[2] (compute-mfcc-feats[5.5.294-06484]:main():compute-mfcc-feats.cc:173) Processed features for key MRJM1_SX398
VLOG[2] (compute-mfcc-feats[5.5.294-06484]:main():compute-mfcc-feats.cc:173) Processed features for key MRJT0_SI1498
VLOG[2] (compute-mfcc-feats[5.5.294-06484]:main():compute-mfcc-feats.cc:173) Processed features for key MRJT0_SI1805
VLOG[2] (compute-mfcc-feats[5.5.294-06484]:main():compute-mfcc-feats.cc:173) Processed features for key MRJT0_SI868
VLOG[2] (compute-mfcc-feats[5.5.294-06484]:main():compute-mfcc-feats.cc:173) Processed features for key MRJT0_SX148
VLOG[2] (compute-mfcc-feats[5.5.294-06484]:main():compute-mfcc-feats.cc:173) Processed features for key MRJT0_SX238
VLOG[2] (compute-mfcc-feats[5.5.294-06484]:main():compute-mfcc-feats.cc:173) Processed features for key MRJT0_SX328
VLOG[2] (compute-mfcc-feats[5.5.294-06484]:main():compute-mfcc-feats.cc:173) Processed features for key MRJT0_SX418
LOG (compute-mfcc-feats[5.5.294-06484]:main():compute-mfcc-feats.cc:172) Processed 250 utterances
VLOG[2] (compute-mfcc-feats[5.5.294-06484]:main():compute-mfcc-feats.cc:173) Processed features for key MRJT0_SX58
VLOG[2] (compute-mfcc-feats[5.5.294-06484]:main():compute-mfcc-feats.cc:173) Processed features for key MRKM0_SI1267
VLOG[2] (compute-mfcc-feats[5.5.294-06484]:main():compute-mfcc-feats.cc:173) Processed features for key MRKM0_SI1391
VLOG[2] (compute-mfcc-feats[5.5.294-06484]:main():compute-mfcc-feats.cc:173) Processed features for key MRKM0_SI637
VLOG[2] (compute-mfcc-feats[5.5.294-06484]:main():compute-mfcc-feats.cc:173) Processed features for key MRKM0_SX187
VLOG[2] (compute-mfcc-feats[5.5.294-06484]:main():compute-mfcc-feats.cc:173) Processed features for key MRKM0_SX277
VLOG[2] (compute-mfcc-feats[5.5.294-06484]:main():compute-mfcc-feats.cc:173) Processed features for key MRKM0_SX367
VLOG[2] (compute-mfcc-feats[5.5.294-06484]:main():compute-mfcc-feats.cc:173) Processed features for key MRKM0_SX7
VLOG[2] (compute-mfcc-feats[5.5.294-06484]:main():compute-mfcc-feats.cc:173) Processed features for key MRKM0_SX97
VLOG[2] (compute-mfcc-feats[5.5.294-06484]:main():compute-mfcc-feats.cc:173) Processed features for key MRLJ0_SI1420
LOG (compute-mfcc-feats[5.5.294-06484]:main():compute-mfcc-feats.cc:172) Processed 260 utterances
VLOG[2] (compute-mfcc-feats[5.5.294-06484]:main():compute-mfcc-feats.cc:173) Processed features for key MRLJ0_SI2050
VLOG[2] (compute-mfcc-feats[5.5.294-06484]:main():compute-mfcc-feats.cc:173) Processed features for key MRLJ0_SI790
VLOG[2] (compute-mfcc-feats[5.5.294-06484]:main():compute-mfcc-feats.cc:173) Processed features for key MRLJ0_SX160
VLOG[2] (compute-mfcc-feats[5.5.294-06484]:main():compute-mfcc-feats.cc:173) Processed features for key MRLJ0_SX250
VLOG[2] (compute-mfcc-feats[5.5.294-06484]:main():compute-mfcc-feats.cc:173) Processed features for key MRLJ0_SX340
VLOG[2] (compute-mfcc-feats[5.5.294-06484]:main():compute-mfcc-feats.cc:173) Processed features for key MRLJ0_SX430
VLOG[2] (compute-mfcc-feats[5.5.294-06484]:main():compute-mfcc-feats.cc:173) Processed features for key MRLJ0_SX70
VLOG[2] (compute-mfcc-feats[5.5.294-06484]:main():compute-mfcc-feats.cc:173) Processed features for key MRLR0_SI1196
VLOG[2] (compute-mfcc-feats[5.5.294-06484]:main():compute-mfcc-feats.cc:173) Processed features for key MRLR0_SI1826
VLOG[2] (compute-mfcc-feats[5.5.294-06484]:main():compute-mfcc-feats.cc:173) Processed features for key MRLR0_SI566
LOG (compute-mfcc-feats[5.5.294-06484]:main():compute-mfcc-feats.cc:172) Processed 270 utterances
VLOG[2] (compute-mfcc-feats[5.5.294-06484]:main():compute-mfcc-feats.cc:173) Processed features for key MRLR0_SX116
VLOG[2] (compute-mfcc-feats[5.5.294-06484]:main():compute-mfcc-feats.cc:173) Processed features for key MRLR0_SX206
VLOG[2] (compute-mfcc-feats[5.5.294-06484]:main():compute-mfcc-feats.cc:173) Processed features for key MRLR0_SX26
VLOG[2] (compute-mfcc-feats[5.5.294-06484]:main():compute-mfcc-feats.cc:173) Processed features for key MRLR0_SX296
VLOG[2] (compute-mfcc-feats[5.5.294-06484]:main():compute-mfcc-feats.cc:173) Processed features for key MRLR0_SX386
VLOG[2] (compute-mfcc-feats[5.5.294-06484]:main():compute-mfcc-feats.cc:173) Processed features for key MRMB0_SI1581
VLOG[2] (compute-mfcc-feats[5.5.294-06484]:main():compute-mfcc-feats.cc:173) Processed features for key MRMB0_SI2211
VLOG[2] (compute-mfcc-feats[5.5.294-06484]:main():compute-mfcc-feats.cc:173) Processed features for key MRMB0_SI951
VLOG[2] (compute-mfcc-feats[5.5.294-06484]:main():compute-mfcc-feats.cc:173) Processed features for key MRMB0_SX141
VLOG[2] (compute-mfcc-feats[5.5.294-06484]:main():compute-mfcc-feats.cc:173) Processed features for key MRMB0_SX231
LOG (compute-mfcc-feats[5.5.294-06484]:main():compute-mfcc-feats.cc:172) Processed 280 utterances
VLOG[2] (compute-mfcc-feats[5.5.294-06484]:main():compute-mfcc-feats.cc:173) Processed features for key MRMB0_SX321
VLOG[2] (compute-mfcc-feats[5.5.294-06484]:main():compute-mfcc-feats.cc:173) Processed features for key MRMB0_SX411
VLOG[2] (compute-mfcc-feats[5.5.294-06484]:main():compute-mfcc-feats.cc:173) Processed features for key MRMB0_SX51
VLOG[2] (compute-mfcc-feats[5.5.294-06484]:main():compute-mfcc-feats.cc:173) Processed features for key MRTC0_SI1458
VLOG[2] (compute-mfcc-feats[5.5.294-06484]:main():compute-mfcc-feats.cc:173) Processed features for key MRTC0_SI2088
VLOG[2] (compute-mfcc-feats[5.5.294-06484]:main():compute-mfcc-feats.cc:173) Processed features for key MRTC0_SI828
VLOG[2] (compute-mfcc-feats[5.5.294-06484]:main():compute-mfcc-feats.cc:173) Processed features for key MRTC0_SX108
VLOG[2] (compute-mfcc-feats[5.5.294-06484]:main():compute-mfcc-feats.cc:173) Processed features for key MRTC0_SX18
VLOG[2] (compute-mfcc-feats[5.5.294-06484]:main():compute-mfcc-feats.cc:173) Processed features for key MRTC0_SX198
VLOG[2] (compute-mfcc-feats[5.5.294-06484]:main():compute-mfcc-feats.cc:173) Processed features for key MRTC0_SX288
LOG (compute-mfcc-feats[5.5.294-06484]:main():compute-mfcc-feats.cc:172) Processed 290 utterances
VLOG[2] (compute-mfcc-feats[5.5.294-06484]:main():compute-mfcc-feats.cc:173) Processed features for key MRTC0_SX378
VLOG[2] (compute-mfcc-feats[5.5.294-06484]:main():compute-mfcc-feats.cc:173) Processed features for key MRTJ0_SI1551
VLOG[2] (compute-mfcc-feats[5.5.294-06484]:main():compute-mfcc-feats.cc:173) Processed features for key MRTJ0_SI2032
VLOG[2] (compute-mfcc-feats[5.5.294-06484]:main():compute-mfcc-feats.cc:173) Processed features for key MRTJ0_SI772
VLOG[2] (compute-mfcc-feats[5.5.294-06484]:main():compute-mfcc-feats.cc:173) Processed features for key MRTJ0_SX142
VLOG[2] (compute-mfcc-feats[5.5.294-06484]:main():compute-mfcc-feats.cc:173) Processed features for key MRTJ0_SX232
VLOG[2] (compute-mfcc-feats[5.5.294-06484]:main():compute-mfcc-feats.cc:173) Processed features for key MRTJ0_SX322
VLOG[2] (compute-mfcc-feats[5.5.294-06484]:main():compute-mfcc-feats.cc:173) Processed features for key MRTJ0_SX412
VLOG[2] (compute-mfcc-feats[5.5.294-06484]:main():compute-mfcc-feats.cc:173) Processed features for key MRTJ0_SX52
VLOG[2] (compute-mfcc-feats[5.5.294-06484]:main():compute-mfcc-feats.cc:173) Processed features for key MRWA0_SI1603
LOG (compute-mfcc-feats[5.5.294-06484]:main():compute-mfcc-feats.cc:172) Processed 300 utterances
VLOG[2] (compute-mfcc-feats[5.5.294-06484]:main():compute-mfcc-feats.cc:173) Processed features for key MRWA0_SI2233
VLOG[2] (compute-mfcc-feats[5.5.294-06484]:main():compute-mfcc-feats.cc:173) Processed features for key MRWA0_SI973
VLOG[2] (compute-mfcc-feats[5.5.294-06484]:main():compute-mfcc-feats.cc:173) Processed features for key MRWA0_SX163
VLOG[2] (compute-mfcc-feats[5.5.294-06484]:main():compute-mfcc-feats.cc:173) Processed features for key MRWA0_SX253
VLOG[2] (compute-mfcc-feats[5.5.294-06484]:main():compute-mfcc-feats.cc:173) Processed features for key MRWA0_SX343
VLOG[2] (compute-mfcc-feats[5.5.294-06484]:main():compute-mfcc-feats.cc:173) Processed features for key MRWA0_SX433
VLOG[2] (compute-mfcc-feats[5.5.294-06484]:main():compute-mfcc-feats.cc:173) Processed features for key MRWA0_SX73
VLOG[2] (compute-mfcc-feats[5.5.294-06484]:main():compute-mfcc-feats.cc:173) Processed features for key MRWS0_SI1102
VLOG[2] (compute-mfcc-feats[5.5.294-06484]:main():compute-mfcc-feats.cc:173) Processed features for key MRWS0_SI1732
VLOG[2] (compute-mfcc-feats[5.5.294-06484]:main():compute-mfcc-feats.cc:173) Processed features for key MRWS0_SI472
LOG (compute-mfcc-feats[5.5.294-06484]:main():compute-mfcc-feats.cc:172) Processed 310 utterances
VLOG[2] (compute-mfcc-feats[5.5.294-06484]:main():compute-mfcc-feats.cc:173) Processed features for key MRWS0_SX112
VLOG[2] (compute-mfcc-feats[5.5.294-06484]:main():compute-mfcc-feats.cc:173) Processed features for key MRWS0_SX202
VLOG[2] (compute-mfcc-feats[5.5.294-06484]:main():compute-mfcc-feats.cc:173) Processed features for key MRWS0_SX22
VLOG[2] (compute-mfcc-feats[5.5.294-06484]:main():compute-mfcc-feats.cc:173) Processed features for key MRWS0_SX292
VLOG[2] (compute-mfcc-feats[5.5.294-06484]:main():compute-mfcc-feats.cc:173) Processed features for key MRWS0_SX382
VLOG[2] (compute-mfcc-feats[5.5.294-06484]:main():compute-mfcc-feats.cc:173) Processed features for key MRXB0_SI1585
VLOG[2] (compute-mfcc-feats[5.5.294-06484]:main():compute-mfcc-feats.cc:173) Processed features for key MRXB0_SI2215
VLOG[2] (compute-mfcc-feats[5.5.294-06484]:main():compute-mfcc-feats.cc:173) Processed features for key MRXB0_SI955
VLOG[2] (compute-mfcc-feats[5.5.294-06484]:main():compute-mfcc-feats.cc:173) Processed features for key MRXB0_SX145
VLOG[2] (compute-mfcc-feats[5.5.294-06484]:main():compute-mfcc-feats.cc:173) Processed features for key MRXB0_SX235
LOG (compute-mfcc-feats[5.5.294-06484]:main():compute-mfcc-feats.cc:172) Processed 320 utterances
VLOG[2] (compute-mfcc-feats[5.5.294-06484]:main():compute-mfcc-feats.cc:173) Processed features for key MRXB0_SX325
VLOG[2] (compute-mfcc-feats[5.5.294-06484]:main():compute-mfcc-feats.cc:173) Processed features for key MRXB0_SX415
VLOG[2] (compute-mfcc-feats[5.5.294-06484]:main():compute-mfcc-feats.cc:173) Processed features for key MRXB0_SX55
VLOG[2] (compute-mfcc-feats[5.5.294-06484]:main():compute-mfcc-feats.cc:173) Processed features for key MSFV0_SI1262
VLOG[2] (compute-mfcc-feats[5.5.294-06484]:main():compute-mfcc-feats.cc:173) Processed features for key MSFV0_SI1892
VLOG[2] (compute-mfcc-feats[5.5.294-06484]:main():compute-mfcc-feats.cc:173) Processed features for key MSFV0_SI632
VLOG[2] (compute-mfcc-feats[5.5.294-06484]:main():compute-mfcc-feats.cc:173) Processed features for key MSFV0_SX182
VLOG[2] (compute-mfcc-feats[5.5.294-06484]:main():compute-mfcc-feats.cc:173) Processed features for key MSFV0_SX272
VLOG[2] (compute-mfcc-feats[5.5.294-06484]:main():compute-mfcc-feats.cc:173) Processed features for key MSFV0_SX362
VLOG[2] (compute-mfcc-feats[5.5.294-06484]:main():compute-mfcc-feats.cc:173) Processed features for key MSFV0_SX452
LOG (compute-mfcc-feats[5.5.294-06484]:main():compute-mfcc-feats.cc:172) Processed 330 utterances
VLOG[2] (compute-mfcc-feats[5.5.294-06484]:main():compute-mfcc-feats.cc:173) Processed features for key MSFV0_SX92
VLOG[2] (compute-mfcc-feats[5.5.294-06484]:main():compute-mfcc-feats.cc:173) Processed features for key MTJM0_SI1226
VLOG[2] (compute-mfcc-feats[5.5.294-06484]:main():compute-mfcc-feats.cc:173) Processed features for key MTJM0_SI1856
VLOG[2] (compute-mfcc-feats[5.5.294-06484]:main():compute-mfcc-feats.cc:173) Processed features for key MTJM0_SI655
VLOG[2] (compute-mfcc-feats[5.5.294-06484]:main():compute-mfcc-feats.cc:173) Processed features for key MTJM0_SX146
VLOG[2] (compute-mfcc-feats[5.5.294-06484]:main():compute-mfcc-feats.cc:173) Processed features for key MTJM0_SX236
VLOG[2] (compute-mfcc-feats[5.5.294-06484]:main():compute-mfcc-feats.cc:173) Processed features for key MTJM0_SX326
VLOG[2] (compute-mfcc-feats[5.5.294-06484]:main():compute-mfcc-feats.cc:173) Processed features for key MTJM0_SX416
VLOG[2] (compute-mfcc-feats[5.5.294-06484]:main():compute-mfcc-feats.cc:173) Processed features for key MTJM0_SX56
VLOG[2] (compute-mfcc-feats[5.5.294-06484]:main():compute-mfcc-feats.cc:173) Processed features for key MTJS0_SI1192
LOG (compute-mfcc-feats[5.5.294-06484]:main():compute-mfcc-feats.cc:172) Processed 340 utterances
VLOG[2] (compute-mfcc-feats[5.5.294-06484]:main():compute-mfcc-feats.cc:173) Processed features for key MTJS0_SI1822
VLOG[2] (compute-mfcc-feats[5.5.294-06484]:main():compute-mfcc-feats.cc:173) Processed features for key MTJS0_SI562
VLOG[2] (compute-mfcc-feats[5.5.294-06484]:main():compute-mfcc-feats.cc:173) Processed features for key MTJS0_SX112
VLOG[2] (compute-mfcc-feats[5.5.294-06484]:main():compute-mfcc-feats.cc:173) Processed features for key MTJS0_SX202
VLOG[2] (compute-mfcc-feats[5.5.294-06484]:main():compute-mfcc-feats.cc:173) Processed features for key MTJS0_SX22
VLOG[2] (compute-mfcc-feats[5.5.294-06484]:main():compute-mfcc-feats.cc:173) Processed features for key MTJS0_SX292
VLOG[2] (compute-mfcc-feats[5.5.294-06484]:main():compute-mfcc-feats.cc:173) Processed features for key MTJS0_SX382
VLOG[2] (compute-mfcc-feats[5.5.294-06484]:main():compute-mfcc-feats.cc:173) Processed features for key MTKP0_SI1023
VLOG[2] (compute-mfcc-feats[5.5.294-06484]:main():compute-mfcc-feats.cc:173) Processed features for key MTKP0_SI2283
VLOG[2] (compute-mfcc-feats[5.5.294-06484]:main():compute-mfcc-feats.cc:173) Processed features for key MTKP0_SI454
LOG (compute-mfcc-feats[5.5.294-06484]:main():compute-mfcc-feats.cc:172) Processed 350 utterances
VLOG[2] (compute-mfcc-feats[5.5.294-06484]:main():compute-mfcc-feats.cc:173) Processed features for key MTKP0_SX123
VLOG[2] (compute-mfcc-feats[5.5.294-06484]:main():compute-mfcc-feats.cc:173) Processed features for key MTKP0_SX213
VLOG[2] (compute-mfcc-feats[5.5.294-06484]:main():compute-mfcc-feats.cc:173) Processed features for key MTKP0_SX303
VLOG[2] (compute-mfcc-feats[5.5.294-06484]:main():compute-mfcc-feats.cc:173) Processed features for key MTKP0_SX33
VLOG[2] (compute-mfcc-feats[5.5.294-06484]:main():compute-mfcc-feats.cc:173) Processed features for key MTKP0_SX393
VLOG[2] (compute-mfcc-feats[5.5.294-06484]:main():compute-mfcc-feats.cc:173) Processed features for key MTLB0_SI1134
VLOG[2] (compute-mfcc-feats[5.5.294-06484]:main():compute-mfcc-feats.cc:173) Processed features for key MTLB0_SI1764
VLOG[2] (compute-mfcc-feats[5.5.294-06484]:main():compute-mfcc-feats.cc:173) Processed features for key MTLB0_SI504
VLOG[2] (compute-mfcc-feats[5.5.294-06484]:main():compute-mfcc-feats.cc:173) Processed features for key MTLB0_SX144
VLOG[2] (compute-mfcc-feats[5.5.294-06484]:main():compute-mfcc-feats.cc:173) Processed features for key MTLB0_SX234
LOG (compute-mfcc-feats[5.5.294-06484]:main():compute-mfcc-feats.cc:172) Processed 360 utterances
VLOG[2] (compute-mfcc-feats[5.5.294-06484]:main():compute-mfcc-feats.cc:173) Processed features for key MTLB0_SX324
VLOG[2] (compute-mfcc-feats[5.5.294-06484]:main():compute-mfcc-feats.cc:173) Processed features for key MTLB0_SX414
VLOG[2] (compute-mfcc-feats[5.5.294-06484]:main():compute-mfcc-feats.cc:173) Processed features for key MTLB0_SX54
VLOG[2] (compute-mfcc-feats[5.5.294-06484]:main():compute-mfcc-feats.cc:173) Processed features for key MTPF0_SI1235
VLOG[2] (compute-mfcc-feats[5.5.294-06484]:main():compute-mfcc-feats.cc:173) Processed features for key MTPF0_SI1865
VLOG[2] (compute-mfcc-feats[5.5.294-06484]:main():compute-mfcc-feats.cc:173) Processed features for key MTPF0_SI605
VLOG[2] (compute-mfcc-feats[5.5.294-06484]:main():compute-mfcc-feats.cc:173) Processed features for key MTPF0_SX155
VLOG[2] (compute-mfcc-feats[5.5.294-06484]:main():compute-mfcc-feats.cc:173) Processed features for key MTPF0_SX245
VLOG[2] (compute-mfcc-feats[5.5.294-06484]:main():compute-mfcc-feats.cc:173) Processed features for key MTPF0_SX335
VLOG[2] (compute-mfcc-feats[5.5.294-06484]:main():compute-mfcc-feats.cc:173) Processed features for key MTPF0_SX425
LOG (compute-mfcc-feats[5.5.294-06484]:main():compute-mfcc-feats.cc:172) Processed 370 utterances
VLOG[2] (compute-mfcc-feats[5.5.294-06484]:main():compute-mfcc-feats.cc:173) Processed features for key MTPF0_SX65
VLOG[2] (compute-mfcc-feats[5.5.294-06484]:main():compute-mfcc-feats.cc:173) Processed features for key MTPG0_SI1383
VLOG[2] (compute-mfcc-feats[5.5.294-06484]:main():compute-mfcc-feats.cc:173) Processed features for key MTPG0_SI2013
VLOG[2] (compute-mfcc-feats[5.5.294-06484]:main():compute-mfcc-feats.cc:173) Processed features for key MTPG0_SI753
VLOG[2] (compute-mfcc-feats[5.5.294-06484]:main():compute-mfcc-feats.cc:173) Processed features for key MTPG0_SX123
VLOG[2] (compute-mfcc-feats[5.5.294-06484]:main():compute-mfcc-feats.cc:173) Processed features for key MTPG0_SX213
VLOG[2] (compute-mfcc-feats[5.5.294-06484]:main():compute-mfcc-feats.cc:173) Processed features for key MTPG0_SX303
VLOG[2] (compute-mfcc-feats[5.5.294-06484]:main():compute-mfcc-feats.cc:173) Processed features for key MTPG0_SX33
VLOG[2] (compute-mfcc-feats[5.5.294-06484]:main():compute-mfcc-feats.cc:173) Processed features for key MTPG0_SX393
VLOG[2] (compute-mfcc-feats[5.5.294-06484]:main():compute-mfcc-feats.cc:173) Processed features for key MTPP0_SI1508
LOG (compute-mfcc-feats[5.5.294-06484]:main():compute-mfcc-feats.cc:172) Processed 380 utterances
VLOG[2] (compute-mfcc-feats[5.5.294-06484]:main():compute-mfcc-feats.cc:173) Processed features for key MTPP0_SI2138
VLOG[2] (compute-mfcc-feats[5.5.294-06484]:main():compute-mfcc-feats.cc:173) Processed features for key MTPP0_SI878
VLOG[2] (compute-mfcc-feats[5.5.294-06484]:main():compute-mfcc-feats.cc:173) Processed features for key MTPP0_SX158
VLOG[2] (compute-mfcc-feats[5.5.294-06484]:main():compute-mfcc-feats.cc:173) Processed features for key MTPP0_SX248
VLOG[2] (compute-mfcc-feats[5.5.294-06484]:main():compute-mfcc-feats.cc:173) Processed features for key MTPP0_SX338
VLOG[2] (compute-mfcc-feats[5.5.294-06484]:main():compute-mfcc-feats.cc:173) Processed features for key MTPP0_SX428
VLOG[2] (compute-mfcc-feats[5.5.294-06484]:main():compute-mfcc-feats.cc:173) Processed features for key MTPP0_SX68
VLOG[2] (compute-mfcc-feats[5.5.294-06484]:main():compute-mfcc-feats.cc:173) Processed features for key MVJH0_SI1556
VLOG[2] (compute-mfcc-feats[5.5.294-06484]:main():compute-mfcc-feats.cc:173) Processed features for key MVJH0_SI2186
VLOG[2] (compute-mfcc-feats[5.5.294-06484]:main():compute-mfcc-feats.cc:173) Processed features for key MVJH0_SI926
LOG (compute-mfcc-feats[5.5.294-06484]:main():compute-mfcc-feats.cc:172) Processed 390 utterances
VLOG[2] (compute-mfcc-feats[5.5.294-06484]:main():compute-mfcc-feats.cc:173) Processed features for key MVJH0_SX116
VLOG[2] (compute-mfcc-feats[5.5.294-06484]:main():compute-mfcc-feats.cc:173) Processed features for key MVJH0_SX206
VLOG[2] (compute-mfcc-feats[5.5.294-06484]:main():compute-mfcc-feats.cc:173) Processed features for key MVJH0_SX26
VLOG[2] (compute-mfcc-feats[5.5.294-06484]:main():compute-mfcc-feats.cc:173) Processed features for key MVJH0_SX296
VLOG[2] (compute-mfcc-feats[5.5.294-06484]:main():compute-mfcc-feats.cc:173) Processed features for key MVJH0_SX386
VLOG[2] (compute-mfcc-feats[5.5.294-06484]:main():compute-mfcc-feats.cc:173) Processed features for key MWDK0_SI1436
VLOG[2] (compute-mfcc-feats[5.5.294-06484]:main():compute-mfcc-feats.cc:173) Processed features for key MWDK0_SI2017
VLOG[2] (compute-mfcc-feats[5.5.294-06484]:main():compute-mfcc-feats.cc:173) Processed features for key MWDK0_SI806
VLOG[2] (compute-mfcc-feats[5.5.294-06484]:main():compute-mfcc-feats.cc:173) Processed features for key MWDK0_SX176
VLOG[2] (compute-mfcc-feats[5.5.294-06484]:main():compute-mfcc-feats.cc:173) Processed features for key MWDK0_SX266
LOG (compute-mfcc-feats[5.5.294-06484]:main():compute-mfcc-feats.cc:172) Processed 400 utterances
VLOG[2] (compute-mfcc-feats[5.5.294-06484]:main():compute-mfcc-feats.cc:173) Processed features for key MWDK0_SX356
VLOG[2] (compute-mfcc-feats[5.5.294-06484]:main():compute-mfcc-feats.cc:173) Processed features for key MWDK0_SX446
VLOG[2] (compute-mfcc-feats[5.5.294-06484]:main():compute-mfcc-feats.cc:173) Processed features for key MWDK0_SX86
VLOG[2] (compute-mfcc-feats[5.5.294-06484]:main():compute-mfcc-feats.cc:173) Processed features for key MWGR0_SI1606
VLOG[2] (compute-mfcc-feats[5.5.294-06484]:main():compute-mfcc-feats.cc:173) Processed features for key MWGR0_SI2236
VLOG[2] (compute-mfcc-feats[5.5.294-06484]:main():compute-mfcc-feats.cc:173) Processed features for key MWGR0_SI976
VLOG[2] (compute-mfcc-feats[5.5.294-06484]:main():compute-mfcc-feats.cc:173) Processed features for key MWGR0_SX166
VLOG[2] (compute-mfcc-feats[5.5.294-06484]:main():compute-mfcc-feats.cc:173) Processed features for key MWGR0_SX256
VLOG[2] (compute-mfcc-feats[5.5.294-06484]:main():compute-mfcc-feats.cc:173) Processed features for key MWGR0_SX346
VLOG[2] (compute-mfcc-feats[5.5.294-06484]:main():compute-mfcc-feats.cc:173) Processed features for key MWGR0_SX436
LOG (compute-mfcc-feats[5.5.294-06484]:main():compute-mfcc-feats.cc:172) Processed 410 utterances
VLOG[2] (compute-mfcc-feats[5.5.294-06484]:main():compute-mfcc-feats.cc:173) Processed features for key MWGR0_SX76
LOG (compute-mfcc-feats[5.5.294-06484]:main():compute-mfcc-feats.cc:176)  Done 410 out of 410 utterances.
LOG (copy-feats[5.5.294-06484]:main():copy-feats.cc:143) Copied 410 feature matrices.
# Accounting: time=3 threads=1
# Ended (code 0) at Mon Apr 29 15:17:29 AEST 2019, elapsed time 3 seconds
