# compute-mfcc-feats --verbose=2 --config=conf/mfcc.conf scp,p:exp/make_mfcc/train/wav_train.2.scp ark:- | copy-feats --compress=true ark:- ark,scp:/home/sky/kaldi/egs/timit/s5/mfcc/raw_mfcc_train.2.ark,/home/sky/kaldi/egs/timit/s5/mfcc/raw_mfcc_train.2.scp 
# Started at Mon Apr 29 15:17:26 AEST 2019
#
copy-feats --compress=true ark:- ark,scp:/home/sky/kaldi/egs/timit/s5/mfcc/raw_mfcc_train.2.ark,/home/sky/kaldi/egs/timit/s5/mfcc/raw_mfcc_train.2.scp 
compute-mfcc-feats --verbose=2 --config=conf/mfcc.conf scp,p:exp/make_mfcc/train/wav_train.2.scp ark:- 
VLOG[2] (compute-mfcc-feats[5.5.294-06484]:main():compute-mfcc-feats.cc:173) Processed features for key MGAK0_SX136
VLOG[2] (compute-mfcc-feats[5.5.294-06484]:main():compute-mfcc-feats.cc:173) Processed features for key MGAK0_SX226
VLOG[2] (compute-mfcc-feats[5.5.294-06484]:main():compute-mfcc-feats.cc:173) Processed features for key MGAK0_SX316
VLOG[2] (compute-mfcc-feats[5.5.294-06484]:main():compute-mfcc-feats.cc:173) Processed features for key MGAK0_SX406
VLOG[2] (compute-mfcc-feats[5.5.294-06484]:main():compute-mfcc-feats.cc:173) Processed features for key MGAK0_SX46
VLOG[2] (compute-mfcc-feats[5.5.294-06484]:main():compute-mfcc-feats.cc:173) Processed features for key MGAR0_SI1212
VLOG[2] (compute-mfcc-feats[5.5.294-06484]:main():compute-mfcc-feats.cc:173) Processed features for key MGAR0_SI1694
VLOG[2] (compute-mfcc-feats[5.5.294-06484]:main():compute-mfcc-feats.cc:173) Processed features for key MGAR0_SI1842
VLOG[2] (compute-mfcc-feats[5.5.294-06484]:main():compute-mfcc-feats.cc:173) Processed features for key MGAR0_SX132
LOG (compute-mfcc-feats[5.5.294-06484]:main():compute-mfcc-feats.cc:172) Processed 10 utterances
VLOG[2] (compute-mfcc-feats[5.5.294-06484]:main():compute-mfcc-feats.cc:173) Processed features for key MGAR0_SX222
VLOG[2] (compute-mfcc-feats[5.5.294-06484]:main():compute-mfcc-feats.cc:173) Processed features for key MGAR0_SX312
VLOG[2] (compute-mfcc-feats[5.5.294-06484]:main():compute-mfcc-feats.cc:173) Processed features for key MGAR0_SX402
VLOG[2] (compute-mfcc-feats[5.5.294-06484]:main():compute-mfcc-feats.cc:173) Processed features for key MGAR0_SX42
VLOG[2] (compute-mfcc-feats[5.5.294-06484]:main():compute-mfcc-feats.cc:173) Processed features for key MGAW0_SI1165
VLOG[2] (compute-mfcc-feats[5.5.294-06484]:main():compute-mfcc-feats.cc:173) Processed features for key MGAW0_SI1802
VLOG[2] (compute-mfcc-feats[5.5.294-06484]:main():compute-mfcc-feats.cc:173) Processed features for key MGAW0_SI535
VLOG[2] (compute-mfcc-feats[5.5.294-06484]:main():compute-mfcc-feats.cc:173) Processed features for key MGAW0_SX175
VLOG[2] (compute-mfcc-feats[5.5.294-06484]:main():compute-mfcc-feats.cc:173) Processed features for key MGAW0_SX265
VLOG[2] (compute-mfcc-feats[5.5.294-06484]:main():compute-mfcc-feats.cc:173) Processed features for key MGAW0_SX355
LOG (compute-mfcc-feats[5.5.294-06484]:main():compute-mfcc-feats.cc:172) Processed 20 utterances
VLOG[2] (compute-mfcc-feats[5.5.294-06484]:main():compute-mfcc-feats.cc:173) Processed features for key MGAW0_SX445
VLOG[2] (compute-mfcc-feats[5.5.294-06484]:main():compute-mfcc-feats.cc:173) Processed features for key MGAW0_SX85
VLOG[2] (compute-mfcc-feats[5.5.294-06484]:main():compute-mfcc-feats.cc:173) Processed features for key MGSL0_SI1164
VLOG[2] (compute-mfcc-feats[5.5.294-06484]:main():compute-mfcc-feats.cc:173) Processed features for key MGSL0_SI534
VLOG[2] (compute-mfcc-feats[5.5.294-06484]:main():compute-mfcc-feats.cc:173) Processed features for key MGSL0_SI797
VLOG[2] (compute-mfcc-feats[5.5.294-06484]:main():compute-mfcc-feats.cc:173) Processed features for key MGSL0_SX174
VLOG[2] (compute-mfcc-feats[5.5.294-06484]:main():compute-mfcc-feats.cc:173) Processed features for key MGSL0_SX264
VLOG[2] (compute-mfcc-feats[5.5.294-06484]:main():compute-mfcc-feats.cc:173) Processed features for key MGSL0_SX354
VLOG[2] (compute-mfcc-feats[5.5.294-06484]:main():compute-mfcc-feats.cc:173) Processed features for key MGSL0_SX444
VLOG[2] (compute-mfcc-feats[5.5.294-06484]:main():compute-mfcc-feats.cc:173) Processed features for key MGSL0_SX84
LOG (compute-mfcc-feats[5.5.294-06484]:main():compute-mfcc-feats.cc:172) Processed 30 utterances
VLOG[2] (compute-mfcc-feats[5.5.294-06484]:main():compute-mfcc-feats.cc:173) Processed features for key MHBS0_SI1575
VLOG[2] (compute-mfcc-feats[5.5.294-06484]:main():compute-mfcc-feats.cc:173) Processed features for key MHBS0_SI2205
VLOG[2] (compute-mfcc-feats[5.5.294-06484]:main():compute-mfcc-feats.cc:173) Processed features for key MHBS0_SI945
VLOG[2] (compute-mfcc-feats[5.5.294-06484]:main():compute-mfcc-feats.cc:173) Processed features for key MHBS0_SX135
VLOG[2] (compute-mfcc-feats[5.5.294-06484]:main():compute-mfcc-feats.cc:173) Processed features for key MHBS0_SX225
VLOG[2] (compute-mfcc-feats[5.5.294-06484]:main():compute-mfcc-feats.cc:173) Processed features for key MHBS0_SX315
VLOG[2] (compute-mfcc-feats[5.5.294-06484]:main():compute-mfcc-feats.cc:173) Processed features for key MHBS0_SX405
VLOG[2] (compute-mfcc-feats[5.5.294-06484]:main():compute-mfcc-feats.cc:173) Processed features for key MHBS0_SX45
VLOG[2] (compute-mfcc-feats[5.5.294-06484]:main():compute-mfcc-feats.cc:173) Processed features for key MHRM0_SI1475
VLOG[2] (compute-mfcc-feats[5.5.294-06484]:main():compute-mfcc-feats.cc:173) Processed features for key MHRM0_SI2218
LOG (compute-mfcc-feats[5.5.294-06484]:main():compute-mfcc-feats.cc:172) Processed 40 utterances
VLOG[2] (compute-mfcc-feats[5.5.294-06484]:main():compute-mfcc-feats.cc:173) Processed features for key MHRM0_SI958
VLOG[2] (compute-mfcc-feats[5.5.294-06484]:main():compute-mfcc-feats.cc:173) Processed features for key MHRM0_SX148
VLOG[2] (compute-mfcc-feats[5.5.294-06484]:main():compute-mfcc-feats.cc:173) Processed features for key MHRM0_SX238
VLOG[2] (compute-mfcc-feats[5.5.294-06484]:main():compute-mfcc-feats.cc:173) Processed features for key MHRM0_SX328
VLOG[2] (compute-mfcc-feats[5.5.294-06484]:main():compute-mfcc-feats.cc:173) Processed features for key MHRM0_SX418
VLOG[2] (compute-mfcc-feats[5.5.294-06484]:main():compute-mfcc-feats.cc:173) Processed features for key MHRM0_SX58
VLOG[2] (compute-mfcc-feats[5.5.294-06484]:main():compute-mfcc-feats.cc:173) Processed features for key MHXL0_SI1772
VLOG[2] (compute-mfcc-feats[5.5.294-06484]:main():compute-mfcc-feats.cc:173) Processed features for key MHXL0_SI512
VLOG[2] (compute-mfcc-feats[5.5.294-06484]:main():compute-mfcc-feats.cc:173) Processed features for key MHXL0_SI612
VLOG[2] (compute-mfcc-feats[5.5.294-06484]:main():compute-mfcc-feats.cc:173) Processed features for key MHXL0_SX152
LOG (compute-mfcc-feats[5.5.294-06484]:main():compute-mfcc-feats.cc:172) Processed 50 utterances
VLOG[2] (compute-mfcc-feats[5.5.294-06484]:main():compute-mfcc-feats.cc:173) Processed features for key MHXL0_SX242
VLOG[2] (compute-mfcc-feats[5.5.294-06484]:main():compute-mfcc-feats.cc:173) Processed features for key MHXL0_SX332
VLOG[2] (compute-mfcc-feats[5.5.294-06484]:main():compute-mfcc-feats.cc:173) Processed features for key MHXL0_SX422
VLOG[2] (compute-mfcc-feats[5.5.294-06484]:main():compute-mfcc-feats.cc:173) Processed features for key MHXL0_SX62
VLOG[2] (compute-mfcc-feats[5.5.294-06484]:main():compute-mfcc-feats.cc:173) Processed features for key MJAE0_SI1524
VLOG[2] (compute-mfcc-feats[5.5.294-06484]:main():compute-mfcc-feats.cc:173) Processed features for key MJAE0_SI1999
VLOG[2] (compute-mfcc-feats[5.5.294-06484]:main():compute-mfcc-feats.cc:173) Processed features for key MJAE0_SI2154
VLOG[2] (compute-mfcc-feats[5.5.294-06484]:main():compute-mfcc-feats.cc:173) Processed features for key MJAE0_SX174
VLOG[2] (compute-mfcc-feats[5.5.294-06484]:main():compute-mfcc-feats.cc:173) Processed features for key MJAE0_SX264
VLOG[2] (compute-mfcc-feats[5.5.294-06484]:main():compute-mfcc-feats.cc:173) Processed features for key MJAE0_SX354
LOG (compute-mfcc-feats[5.5.294-06484]:main():compute-mfcc-feats.cc:172) Processed 60 utterances
VLOG[2] (compute-mfcc-feats[5.5.294-06484]:main():compute-mfcc-feats.cc:173) Processed features for key MJAE0_SX444
VLOG[2] (compute-mfcc-feats[5.5.294-06484]:main():compute-mfcc-feats.cc:173) Processed features for key MJAE0_SX84
VLOG[2] (compute-mfcc-feats[5.5.294-06484]:main():compute-mfcc-feats.cc:173) Processed features for key MJAI0_SI1604
VLOG[2] (compute-mfcc-feats[5.5.294-06484]:main():compute-mfcc-feats.cc:173) Processed features for key MJAI0_SI682
VLOG[2] (compute-mfcc-feats[5.5.294-06484]:main():compute-mfcc-feats.cc:173) Processed features for key MJAI0_SI710
VLOG[2] (compute-mfcc-feats[5.5.294-06484]:main():compute-mfcc-feats.cc:173) Processed features for key MJAI0_SX164
VLOG[2] (compute-mfcc-feats[5.5.294-06484]:main():compute-mfcc-feats.cc:173) Processed features for key MJAI0_SX254
VLOG[2] (compute-mfcc-feats[5.5.294-06484]:main():compute-mfcc-feats.cc:173) Processed features for key MJAI0_SX344
VLOG[2] (compute-mfcc-feats[5.5.294-06484]:main():compute-mfcc-feats.cc:173) Processed features for key MJAI0_SX434
VLOG[2] (compute-mfcc-feats[5.5.294-06484]:main():compute-mfcc-feats.cc:173) Processed features for key MJAI0_SX74
LOG (compute-mfcc-feats[5.5.294-06484]:main():compute-mfcc-feats.cc:172) Processed 70 utterances
VLOG[2] (compute-mfcc-feats[5.5.294-06484]:main():compute-mfcc-feats.cc:173) Processed features for key MJBG0_SI1232
VLOG[2] (compute-mfcc-feats[5.5.294-06484]:main():compute-mfcc-feats.cc:173) Processed features for key MJBG0_SI1724
VLOG[2] (compute-mfcc-feats[5.5.294-06484]:main():compute-mfcc-feats.cc:173) Processed features for key MJBG0_SI1862
VLOG[2] (compute-mfcc-feats[5.5.294-06484]:main():compute-mfcc-feats.cc:173) Processed features for key MJBG0_SX152
VLOG[2] (compute-mfcc-feats[5.5.294-06484]:main():compute-mfcc-feats.cc:173) Processed features for key MJBG0_SX242
VLOG[2] (compute-mfcc-feats[5.5.294-06484]:main():compute-mfcc-feats.cc:173) Processed features for key MJBG0_SX332
VLOG[2] (compute-mfcc-feats[5.5.294-06484]:main():compute-mfcc-feats.cc:173) Processed features for key MJBG0_SX422
VLOG[2] (compute-mfcc-feats[5.5.294-06484]:main():compute-mfcc-feats.cc:173) Processed features for key MJBG0_SX62
VLOG[2] (compute-mfcc-feats[5.5.294-06484]:main():compute-mfcc-feats.cc:173) Processed features for key MJDE0_SI1120
VLOG[2] (compute-mfcc-feats[5.5.294-06484]:main():compute-mfcc-feats.cc:173) Processed features for key MJDE0_SI463
LOG (compute-mfcc-feats[5.5.294-06484]:main():compute-mfcc-feats.cc:172) Processed 80 utterances
VLOG[2] (compute-mfcc-feats[5.5.294-06484]:main():compute-mfcc-feats.cc:173) Processed features for key MJDE0_SI490
VLOG[2] (compute-mfcc-feats[5.5.294-06484]:main():compute-mfcc-feats.cc:173) Processed features for key MJDE0_SX130
VLOG[2] (compute-mfcc-feats[5.5.294-06484]:main():compute-mfcc-feats.cc:173) Processed features for key MJDE0_SX220
VLOG[2] (compute-mfcc-feats[5.5.294-06484]:main():compute-mfcc-feats.cc:173) Processed features for key MJDE0_SX310
VLOG[2] (compute-mfcc-feats[5.5.294-06484]:main():compute-mfcc-feats.cc:173) Processed features for key MJDE0_SX40
VLOG[2] (compute-mfcc-feats[5.5.294-06484]:main():compute-mfcc-feats.cc:173) Processed features for key MJDE0_SX400
VLOG[2] (compute-mfcc-feats[5.5.294-06484]:main():compute-mfcc-feats.cc:173) Processed features for key MJDG0_SI1042
VLOG[2] (compute-mfcc-feats[5.5.294-06484]:main():compute-mfcc-feats.cc:173) Processed features for key MJDG0_SI1672
VLOG[2] (compute-mfcc-feats[5.5.294-06484]:main():compute-mfcc-feats.cc:173) Processed features for key MJDG0_SI1705
VLOG[2] (compute-mfcc-feats[5.5.294-06484]:main():compute-mfcc-feats.cc:173) Processed features for key MJDG0_SX142
LOG (compute-mfcc-feats[5.5.294-06484]:main():compute-mfcc-feats.cc:172) Processed 90 utterances
VLOG[2] (compute-mfcc-feats[5.5.294-06484]:main():compute-mfcc-feats.cc:173) Processed features for key MJDG0_SX232
VLOG[2] (compute-mfcc-feats[5.5.294-06484]:main():compute-mfcc-feats.cc:173) Processed features for key MJDG0_SX322
VLOG[2] (compute-mfcc-feats[5.5.294-06484]:main():compute-mfcc-feats.cc:173) Processed features for key MJDG0_SX412
VLOG[2] (compute-mfcc-feats[5.5.294-06484]:main():compute-mfcc-feats.cc:173) Processed features for key MJDG0_SX52
VLOG[2] (compute-mfcc-feats[5.5.294-06484]:main():compute-mfcc-feats.cc:173) Processed features for key MJEB0_SI1286
VLOG[2] (compute-mfcc-feats[5.5.294-06484]:main():compute-mfcc-feats.cc:173) Processed features for key MJEB0_SI1916
VLOG[2] (compute-mfcc-feats[5.5.294-06484]:main():compute-mfcc-feats.cc:173) Processed features for key MJEB0_SI656
VLOG[2] (compute-mfcc-feats[5.5.294-06484]:main():compute-mfcc-feats.cc:173) Processed features for key MJEB0_SX170
VLOG[2] (compute-mfcc-feats[5.5.294-06484]:main():compute-mfcc-feats.cc:173) Processed features for key MJEB0_SX206
VLOG[2] (compute-mfcc-feats[5.5.294-06484]:main():compute-mfcc-feats.cc:173) Processed features for key MJEB0_SX26
LOG (compute-mfcc-feats[5.5.294-06484]:main():compute-mfcc-feats.cc:172) Processed 100 utterances
VLOG[2] (compute-mfcc-feats[5.5.294-06484]:main():compute-mfcc-feats.cc:173) Processed features for key MJEB0_SX296
VLOG[2] (compute-mfcc-feats[5.5.294-06484]:main():compute-mfcc-feats.cc:173) Processed features for key MJEB0_SX386
VLOG[2] (compute-mfcc-feats[5.5.294-06484]:main():compute-mfcc-feats.cc:173) Processed features for key MJEB1_SI1467
VLOG[2] (compute-mfcc-feats[5.5.294-06484]:main():compute-mfcc-feats.cc:173) Processed features for key MJEB1_SI2097
VLOG[2] (compute-mfcc-feats[5.5.294-06484]:main():compute-mfcc-feats.cc:173) Processed features for key MJEB1_SI837
VLOG[2] (compute-mfcc-feats[5.5.294-06484]:main():compute-mfcc-feats.cc:173) Processed features for key MJEB1_SX117
VLOG[2] (compute-mfcc-feats[5.5.294-06484]:main():compute-mfcc-feats.cc:173) Processed features for key MJEB1_SX207
VLOG[2] (compute-mfcc-feats[5.5.294-06484]:main():compute-mfcc-feats.cc:173) Processed features for key MJEB1_SX27
VLOG[2] (compute-mfcc-feats[5.5.294-06484]:main():compute-mfcc-feats.cc:173) Processed features for key MJEB1_SX297
VLOG[2] (compute-mfcc-feats[5.5.294-06484]:main():compute-mfcc-feats.cc:173) Processed features for key MJEB1_SX387
LOG (compute-mfcc-feats[5.5.294-06484]:main():compute-mfcc-feats.cc:172) Processed 110 utterances
VLOG[2] (compute-mfcc-feats[5.5.294-06484]:main():compute-mfcc-feats.cc:173) Processed features for key MJEE0_SI1237
VLOG[2] (compute-mfcc-feats[5.5.294-06484]:main():compute-mfcc-feats.cc:173) Processed features for key MJEE0_SI1867
VLOG[2] (compute-mfcc-feats[5.5.294-06484]:main():compute-mfcc-feats.cc:173) Processed features for key MJEE0_SI607
VLOG[2] (compute-mfcc-feats[5.5.294-06484]:main():compute-mfcc-feats.cc:173) Processed features for key MJEE0_SX157
VLOG[2] (compute-mfcc-feats[5.5.294-06484]:main():compute-mfcc-feats.cc:173) Processed features for key MJEE0_SX247
VLOG[2] (compute-mfcc-feats[5.5.294-06484]:main():compute-mfcc-feats.cc:173) Processed features for key MJEE0_SX337
VLOG[2] (compute-mfcc-feats[5.5.294-06484]:main():compute-mfcc-feats.cc:173) Processed features for key MJEE0_SX427
VLOG[2] (compute-mfcc-feats[5.5.294-06484]:main():compute-mfcc-feats.cc:173) Processed features for key MJEE0_SX67
VLOG[2] (compute-mfcc-feats[5.5.294-06484]:main():compute-mfcc-feats.cc:173) Processed features for key MJFH0_SI1107
VLOG[2] (compute-mfcc-feats[5.5.294-06484]:main():compute-mfcc-feats.cc:173) Processed features for key MJFH0_SI1737
LOG (compute-mfcc-feats[5.5.294-06484]:main():compute-mfcc-feats.cc:172) Processed 120 utterances
VLOG[2] (compute-mfcc-feats[5.5.294-06484]:main():compute-mfcc-feats.cc:173) Processed features for key MJFH0_SI477
VLOG[2] (compute-mfcc-feats[5.5.294-06484]:main():compute-mfcc-feats.cc:173) Processed features for key MJFH0_SX117
VLOG[2] (compute-mfcc-feats[5.5.294-06484]:main():compute-mfcc-feats.cc:173) Processed features for key MJFH0_SX207
VLOG[2] (compute-mfcc-feats[5.5.294-06484]:main():compute-mfcc-feats.cc:173) Processed features for key MJFH0_SX27
VLOG[2] (compute-mfcc-feats[5.5.294-06484]:main():compute-mfcc-feats.cc:173) Processed features for key MJFH0_SX297
VLOG[2] (compute-mfcc-feats[5.5.294-06484]:main():compute-mfcc-feats.cc:173) Processed features for key MJFH0_SX387
VLOG[2] (compute-mfcc-feats[5.5.294-06484]:main():compute-mfcc-feats.cc:173) Processed features for key MJFR0_SI1605
VLOG[2] (compute-mfcc-feats[5.5.294-06484]:main():compute-mfcc-feats.cc:173) Processed features for key MJFR0_SI2235
VLOG[2] (compute-mfcc-feats[5.5.294-06484]:main():compute-mfcc-feats.cc:173) Processed features for key MJFR0_SI975
VLOG[2] (compute-mfcc-feats[5.5.294-06484]:main():compute-mfcc-feats.cc:173) Processed features for key MJFR0_SX165
LOG (compute-mfcc-feats[5.5.294-06484]:main():compute-mfcc-feats.cc:172) Processed 130 utterances
VLOG[2] (compute-mfcc-feats[5.5.294-06484]:main():compute-mfcc-feats.cc:173) Processed features for key MJFR0_SX255
VLOG[2] (compute-mfcc-feats[5.5.294-06484]:main():compute-mfcc-feats.cc:173) Processed features for key MJFR0_SX345
VLOG[2] (compute-mfcc-feats[5.5.294-06484]:main():compute-mfcc-feats.cc:173) Processed features for key MJFR0_SX435
VLOG[2] (compute-mfcc-feats[5.5.294-06484]:main():compute-mfcc-feats.cc:173) Processed features for key MJFR0_SX75
VLOG[2] (compute-mfcc-feats[5.5.294-06484]:main():compute-mfcc-feats.cc:173) Processed features for key MJHI0_SI1328
VLOG[2] (compute-mfcc-feats[5.5.294-06484]:main():compute-mfcc-feats.cc:173) Processed features for key MJHI0_SI555
VLOG[2] (compute-mfcc-feats[5.5.294-06484]:main():compute-mfcc-feats.cc:173) Processed features for key MJHI0_SI698
VLOG[2] (compute-mfcc-feats[5.5.294-06484]:main():compute-mfcc-feats.cc:173) Processed features for key MJHI0_SX158
VLOG[2] (compute-mfcc-feats[5.5.294-06484]:main():compute-mfcc-feats.cc:173) Processed features for key MJHI0_SX248
VLOG[2] (compute-mfcc-feats[5.5.294-06484]:main():compute-mfcc-feats.cc:173) Processed features for key MJHI0_SX338
LOG (compute-mfcc-feats[5.5.294-06484]:main():compute-mfcc-feats.cc:172) Processed 140 utterances
VLOG[2] (compute-mfcc-feats[5.5.294-06484]:main():compute-mfcc-feats.cc:173) Processed features for key MJHI0_SX428
VLOG[2] (compute-mfcc-feats[5.5.294-06484]:main():compute-mfcc-feats.cc:173) Processed features for key MJHI0_SX68
VLOG[2] (compute-mfcc-feats[5.5.294-06484]:main():compute-mfcc-feats.cc:173) Processed features for key MJJJ0_SI1163
VLOG[2] (compute-mfcc-feats[5.5.294-06484]:main():compute-mfcc-feats.cc:173) Processed features for key MJJJ0_SI1793
VLOG[2] (compute-mfcc-feats[5.5.294-06484]:main():compute-mfcc-feats.cc:173) Processed features for key MJJJ0_SI533
VLOG[2] (compute-mfcc-feats[5.5.294-06484]:main():compute-mfcc-feats.cc:173) Processed features for key MJJJ0_SX173
VLOG[2] (compute-mfcc-feats[5.5.294-06484]:main():compute-mfcc-feats.cc:173) Processed features for key MJJJ0_SX263
VLOG[2] (compute-mfcc-feats[5.5.294-06484]:main():compute-mfcc-feats.cc:173) Processed features for key MJJJ0_SX353
VLOG[2] (compute-mfcc-feats[5.5.294-06484]:main():compute-mfcc-feats.cc:173) Processed features for key MJJJ0_SX443
VLOG[2] (compute-mfcc-feats[5.5.294-06484]:main():compute-mfcc-feats.cc:173) Processed features for key MJJJ0_SX83
LOG (compute-mfcc-feats[5.5.294-06484]:main():compute-mfcc-feats.cc:172) Processed 150 utterances
VLOG[2] (compute-mfcc-feats[5.5.294-06484]:main():compute-mfcc-feats.cc:173) Processed features for key MJJM0_SI1251
VLOG[2] (compute-mfcc-feats[5.5.294-06484]:main():compute-mfcc-feats.cc:173) Processed features for key MJJM0_SI1457
VLOG[2] (compute-mfcc-feats[5.5.294-06484]:main():compute-mfcc-feats.cc:173) Processed features for key MJJM0_SI827
VLOG[2] (compute-mfcc-feats[5.5.294-06484]:main():compute-mfcc-feats.cc:173) Processed features for key MJJM0_SX107
VLOG[2] (compute-mfcc-feats[5.5.294-06484]:main():compute-mfcc-feats.cc:173) Processed features for key MJJM0_SX17
VLOG[2] (compute-mfcc-feats[5.5.294-06484]:main():compute-mfcc-feats.cc:173) Processed features for key MJJM0_SX197
VLOG[2] (compute-mfcc-feats[5.5.294-06484]:main():compute-mfcc-feats.cc:173) Processed features for key MJJM0_SX287
VLOG[2] (compute-mfcc-feats[5.5.294-06484]:main():compute-mfcc-feats.cc:173) Processed features for key MJJM0_SX377
VLOG[2] (compute-mfcc-feats[5.5.294-06484]:main():compute-mfcc-feats.cc:173) Processed features for key MJLB0_SI1616
VLOG[2] (compute-mfcc-feats[5.5.294-06484]:main():compute-mfcc-feats.cc:173) Processed features for key MJLB0_SI2246
LOG (compute-mfcc-feats[5.5.294-06484]:main():compute-mfcc-feats.cc:172) Processed 160 utterances
VLOG[2] (compute-mfcc-feats[5.5.294-06484]:main():compute-mfcc-feats.cc:173) Processed features for key MJLB0_SI986
VLOG[2] (compute-mfcc-feats[5.5.294-06484]:main():compute-mfcc-feats.cc:173) Processed features for key MJLB0_SX176
VLOG[2] (compute-mfcc-feats[5.5.294-06484]:main():compute-mfcc-feats.cc:173) Processed features for key MJLB0_SX266
VLOG[2] (compute-mfcc-feats[5.5.294-06484]:main():compute-mfcc-feats.cc:173) Processed features for key MJLB0_SX356
VLOG[2] (compute-mfcc-feats[5.5.294-06484]:main():compute-mfcc-feats.cc:173) Processed features for key MJLB0_SX446
VLOG[2] (compute-mfcc-feats[5.5.294-06484]:main():compute-mfcc-feats.cc:173) Processed features for key MJLB0_SX86
VLOG[2] (compute-mfcc-feats[5.5.294-06484]:main():compute-mfcc-feats.cc:173) Processed features for key MJLS0_SI1096
VLOG[2] (compute-mfcc-feats[5.5.294-06484]:main():compute-mfcc-feats.cc:173) Processed features for key MJLS0_SI1726
VLOG[2] (compute-mfcc-feats[5.5.294-06484]:main():compute-mfcc-feats.cc:173) Processed features for key MJLS0_SI466
VLOG[2] (compute-mfcc-feats[5.5.294-06484]:main():compute-mfcc-feats.cc:173) Processed features for key MJLS0_SX106
LOG (compute-mfcc-feats[5.5.294-06484]:main():compute-mfcc-feats.cc:172) Processed 170 utterances
VLOG[2] (compute-mfcc-feats[5.5.294-06484]:main():compute-mfcc-feats.cc:173) Processed features for key MJLS0_SX16
VLOG[2] (compute-mfcc-feats[5.5.294-06484]:main():compute-mfcc-feats.cc:173) Processed features for key MJLS0_SX196
VLOG[2] (compute-mfcc-feats[5.5.294-06484]:main():compute-mfcc-feats.cc:173) Processed features for key MJLS0_SX286
VLOG[2] (compute-mfcc-feats[5.5.294-06484]:main():compute-mfcc-feats.cc:173) Processed features for key MJLS0_SX376
VLOG[2] (compute-mfcc-feats[5.5.294-06484]:main():compute-mfcc-feats.cc:173) Processed features for key MJMA0_SI1495
VLOG[2] (compute-mfcc-feats[5.5.294-06484]:main():compute-mfcc-feats.cc:173) Processed features for key MJMA0_SI2125
VLOG[2] (compute-mfcc-feats[5.5.294-06484]:main():compute-mfcc-feats.cc:173) Processed features for key MJMA0_SI865
VLOG[2] (compute-mfcc-feats[5.5.294-06484]:main():compute-mfcc-feats.cc:173) Processed features for key MJMA0_SX145
VLOG[2] (compute-mfcc-feats[5.5.294-06484]:main():compute-mfcc-feats.cc:173) Processed features for key MJMA0_SX235
VLOG[2] (compute-mfcc-feats[5.5.294-06484]:main():compute-mfcc-feats.cc:173) Processed features for key MJMA0_SX325
LOG (compute-mfcc-feats[5.5.294-06484]:main():compute-mfcc-feats.cc:172) Processed 180 utterances
VLOG[2] (compute-mfcc-feats[5.5.294-06484]:main():compute-mfcc-feats.cc:173) Processed features for key MJMA0_SX415
VLOG[2] (compute-mfcc-feats[5.5.294-06484]:main():compute-mfcc-feats.cc:173) Processed features for key MJMA0_SX55
VLOG[2] (compute-mfcc-feats[5.5.294-06484]:main():compute-mfcc-feats.cc:173) Processed features for key MJMM0_SI1255
VLOG[2] (compute-mfcc-feats[5.5.294-06484]:main():compute-mfcc-feats.cc:173) Processed features for key MJMM0_SI1885
VLOG[2] (compute-mfcc-feats[5.5.294-06484]:main():compute-mfcc-feats.cc:173) Processed features for key MJMM0_SI625
VLOG[2] (compute-mfcc-feats[5.5.294-06484]:main():compute-mfcc-feats.cc:173) Processed features for key MJMM0_SX175
VLOG[2] (compute-mfcc-feats[5.5.294-06484]:main():compute-mfcc-feats.cc:173) Processed features for key MJMM0_SX265
VLOG[2] (compute-mfcc-feats[5.5.294-06484]:main():compute-mfcc-feats.cc:173) Processed features for key MJMM0_SX355
VLOG[2] (compute-mfcc-feats[5.5.294-06484]:main():compute-mfcc-feats.cc:173) Processed features for key MJMM0_SX445
VLOG[2] (compute-mfcc-feats[5.5.294-06484]:main():compute-mfcc-feats.cc:173) Processed features for key MJMM0_SX85
LOG (compute-mfcc-feats[5.5.294-06484]:main():compute-mfcc-feats.cc:172) Processed 190 utterances
VLOG[2] (compute-mfcc-feats[5.5.294-06484]:main():compute-mfcc-feats.cc:173) Processed features for key MJPG0_SI1191
VLOG[2] (compute-mfcc-feats[5.5.294-06484]:main():compute-mfcc-feats.cc:173) Processed features for key MJPG0_SI1821
VLOG[2] (compute-mfcc-feats[5.5.294-06484]:main():compute-mfcc-feats.cc:173) Processed features for key MJPG0_SI561
VLOG[2] (compute-mfcc-feats[5.5.294-06484]:main():compute-mfcc-feats.cc:173) Processed features for key MJPG0_SX111
VLOG[2] (compute-mfcc-feats[5.5.294-06484]:main():compute-mfcc-feats.cc:173) Processed features for key MJPG0_SX201
VLOG[2] (compute-mfcc-feats[5.5.294-06484]:main():compute-mfcc-feats.cc:173) Processed features for key MJPG0_SX21
VLOG[2] (compute-mfcc-feats[5.5.294-06484]:main():compute-mfcc-feats.cc:173) Processed features for key MJPG0_SX291
VLOG[2] (compute-mfcc-feats[5.5.294-06484]:main():compute-mfcc-feats.cc:173) Processed features for key MJPG0_SX381
VLOG[2] (compute-mfcc-feats[5.5.294-06484]:main():compute-mfcc-feats.cc:173) Processed features for key MJPM1_SI1897
VLOG[2] (compute-mfcc-feats[5.5.294-06484]:main():compute-mfcc-feats.cc:173) Processed features for key MJPM1_SI2280
LOG (compute-mfcc-feats[5.5.294-06484]:main():compute-mfcc-feats.cc:172) Processed 200 utterances
VLOG[2] (compute-mfcc-feats[5.5.294-06484]:main():compute-mfcc-feats.cc:173) Processed features for key MJPM1_SI761
VLOG[2] (compute-mfcc-feats[5.5.294-06484]:main():compute-mfcc-feats.cc:173) Processed features for key MJPM1_SX131
VLOG[2] (compute-mfcc-feats[5.5.294-06484]:main():compute-mfcc-feats.cc:173) Processed features for key MJPM1_SX221
VLOG[2] (compute-mfcc-feats[5.5.294-06484]:main():compute-mfcc-feats.cc:173) Processed features for key MJPM1_SX311
VLOG[2] (compute-mfcc-feats[5.5.294-06484]:main():compute-mfcc-feats.cc:173) Processed features for key MJPM1_SX401
VLOG[2] (compute-mfcc-feats[5.5.294-06484]:main():compute-mfcc-feats.cc:173) Processed features for key MJPM1_SX41
VLOG[2] (compute-mfcc-feats[5.5.294-06484]:main():compute-mfcc-feats.cc:173) Processed features for key MJRA0_SI1236
VLOG[2] (compute-mfcc-feats[5.5.294-06484]:main():compute-mfcc-feats.cc:173) Processed features for key MJRA0_SI1866
VLOG[2] (compute-mfcc-feats[5.5.294-06484]:main():compute-mfcc-feats.cc:173) Processed features for key MJRA0_SI606
VLOG[2] (compute-mfcc-feats[5.5.294-06484]:main():compute-mfcc-feats.cc:173) Processed features for key MJRA0_SX156
LOG (compute-mfcc-feats[5.5.294-06484]:main():compute-mfcc-feats.cc:172) Processed 210 utterances
VLOG[2] (compute-mfcc-feats[5.5.294-06484]:main():compute-mfcc-feats.cc:173) Processed features for key MJRA0_SX246
VLOG[2] (compute-mfcc-feats[5.5.294-06484]:main():compute-mfcc-feats.cc:173) Processed features for key MJRA0_SX336
VLOG[2] (compute-mfcc-feats[5.5.294-06484]:main():compute-mfcc-feats.cc:173) Processed features for key MJRA0_SX426
VLOG[2] (compute-mfcc-feats[5.5.294-06484]:main():compute-mfcc-feats.cc:173) Processed features for key MJRA0_SX66
VLOG[2] (compute-mfcc-feats[5.5.294-06484]:main():compute-mfcc-feats.cc:173) Processed features for key MJRG0_SI1366
VLOG[2] (compute-mfcc-feats[5.5.294-06484]:main():compute-mfcc-feats.cc:173) Processed features for key MJRG0_SI1996
VLOG[2] (compute-mfcc-feats[5.5.294-06484]:main():compute-mfcc-feats.cc:173) Processed features for key MJRG0_SI736
VLOG[2] (compute-mfcc-feats[5.5.294-06484]:main():compute-mfcc-feats.cc:173) Processed features for key MJRG0_SX106
VLOG[2] (compute-mfcc-feats[5.5.294-06484]:main():compute-mfcc-feats.cc:173) Processed features for key MJRG0_SX16
VLOG[2] (compute-mfcc-feats[5.5.294-06484]:main():compute-mfcc-feats.cc:173) Processed features for key MJRG0_SX286
LOG (compute-mfcc-feats[5.5.294-06484]:main():compute-mfcc-feats.cc:172) Processed 220 utterances
VLOG[2] (compute-mfcc-feats[5.5.294-06484]:main():compute-mfcc-feats.cc:173) Processed features for key MJRG0_SX352
VLOG[2] (compute-mfcc-feats[5.5.294-06484]:main():compute-mfcc-feats.cc:173) Processed features for key MJRG0_SX376
VLOG[2] (compute-mfcc-feats[5.5.294-06484]:main():compute-mfcc-feats.cc:173) Processed features for key MJRH0_SI1125
VLOG[2] (compute-mfcc-feats[5.5.294-06484]:main():compute-mfcc-feats.cc:173) Processed features for key MJRH0_SI1755
VLOG[2] (compute-mfcc-feats[5.5.294-06484]:main():compute-mfcc-feats.cc:173) Processed features for key MJRH0_SI1840
VLOG[2] (compute-mfcc-feats[5.5.294-06484]:main():compute-mfcc-feats.cc:173) Processed features for key MJRH0_SX135
VLOG[2] (compute-mfcc-feats[5.5.294-06484]:main():compute-mfcc-feats.cc:173) Processed features for key MJRH0_SX225
VLOG[2] (compute-mfcc-feats[5.5.294-06484]:main():compute-mfcc-feats.cc:173) Processed features for key MJRH0_SX315
VLOG[2] (compute-mfcc-feats[5.5.294-06484]:main():compute-mfcc-feats.cc:173) Processed features for key MJRH0_SX405
VLOG[2] (compute-mfcc-feats[5.5.294-06484]:main():compute-mfcc-feats.cc:173) Processed features for key MJRH0_SX45
LOG (compute-mfcc-feats[5.5.294-06484]:main():compute-mfcc-feats.cc:172) Processed 230 utterances
VLOG[2] (compute-mfcc-feats[5.5.294-06484]:main():compute-mfcc-feats.cc:173) Processed features for key MJRK0_SI1662
VLOG[2] (compute-mfcc-feats[5.5.294-06484]:main():compute-mfcc-feats.cc:173) Processed features for key MJRK0_SI2103
VLOG[2] (compute-mfcc-feats[5.5.294-06484]:main():compute-mfcc-feats.cc:173) Processed features for key MJRK0_SI880
VLOG[2] (compute-mfcc-feats[5.5.294-06484]:main():compute-mfcc-feats.cc:173) Processed features for key MJRK0_SX160
VLOG[2] (compute-mfcc-feats[5.5.294-06484]:main():compute-mfcc-feats.cc:173) Processed features for key MJRK0_SX250
VLOG[2] (compute-mfcc-feats[5.5.294-06484]:main():compute-mfcc-feats.cc:173) Processed features for key MJRK0_SX340
VLOG[2] (compute-mfcc-feats[5.5.294-06484]:main():compute-mfcc-feats.cc:173) Processed features for key MJRK0_SX430
VLOG[2] (compute-mfcc-feats[5.5.294-06484]:main():compute-mfcc-feats.cc:173) Processed features for key MJRK0_SX70
VLOG[2] (compute-mfcc-feats[5.5.294-06484]:main():compute-mfcc-feats.cc:173) Processed features for key MJSR0_SI1424
VLOG[2] (compute-mfcc-feats[5.5.294-06484]:main():compute-mfcc-feats.cc:173) Processed features for key MJSR0_SI2054
LOG (compute-mfcc-feats[5.5.294-06484]:main():compute-mfcc-feats.cc:172) Processed 240 utterances
VLOG[2] (compute-mfcc-feats[5.5.294-06484]:main():compute-mfcc-feats.cc:173) Processed features for key MJSR0_SI794
VLOG[2] (compute-mfcc-feats[5.5.294-06484]:main():compute-mfcc-feats.cc:173) Processed features for key MJSR0_SX164
VLOG[2] (compute-mfcc-feats[5.5.294-06484]:main():compute-mfcc-feats.cc:173) Processed features for key MJSR0_SX254
VLOG[2] (compute-mfcc-feats[5.5.294-06484]:main():compute-mfcc-feats.cc:173) Processed features for key MJSR0_SX344
VLOG[2] (compute-mfcc-feats[5.5.294-06484]:main():compute-mfcc-feats.cc:173) Processed features for key MJSR0_SX434
VLOG[2] (compute-mfcc-feats[5.5.294-06484]:main():compute-mfcc-feats.cc:173) Processed features for key MJSR0_SX74
VLOG[2] (compute-mfcc-feats[5.5.294-06484]:main():compute-mfcc-feats.cc:173) Processed features for key MJWG0_SI2155
VLOG[2] (compute-mfcc-feats[5.5.294-06484]:main():compute-mfcc-feats.cc:173) Processed features for key MJWG0_SI813
VLOG[2] (compute-mfcc-feats[5.5.294-06484]:main():compute-mfcc-feats.cc:173) Processed features for key MJWG0_SI895
VLOG[2] (compute-mfcc-feats[5.5.294-06484]:main():compute-mfcc-feats.cc:173) Processed features for key MJWG0_SX175
LOG (compute-mfcc-feats[5.5.294-06484]:main():compute-mfcc-feats.cc:172) Processed 250 utterances
VLOG[2] (compute-mfcc-feats[5.5.294-06484]:main():compute-mfcc-feats.cc:173) Processed features for key MJWG0_SX265
VLOG[2] (compute-mfcc-feats[5.5.294-06484]:main():compute-mfcc-feats.cc:173) Processed features for key MJWG0_SX355
VLOG[2] (compute-mfcc-feats[5.5.294-06484]:main():compute-mfcc-feats.cc:173) Processed features for key MJWG0_SX445
VLOG[2] (compute-mfcc-feats[5.5.294-06484]:main():compute-mfcc-feats.cc:173) Processed features for key MJWG0_SX85
VLOG[2] (compute-mfcc-feats[5.5.294-06484]:main():compute-mfcc-feats.cc:173) Processed features for key MJWS0_SI1143
VLOG[2] (compute-mfcc-feats[5.5.294-06484]:main():compute-mfcc-feats.cc:173) Processed features for key MJWS0_SI1773
VLOG[2] (compute-mfcc-feats[5.5.294-06484]:main():compute-mfcc-feats.cc:173) Processed features for key MJWS0_SI513
VLOG[2] (compute-mfcc-feats[5.5.294-06484]:main():compute-mfcc-feats.cc:173) Processed features for key MJWS0_SX153
VLOG[2] (compute-mfcc-feats[5.5.294-06484]:main():compute-mfcc-feats.cc:173) Processed features for key MJWS0_SX243
VLOG[2] (compute-mfcc-feats[5.5.294-06484]:main():compute-mfcc-feats.cc:173) Processed features for key MJWS0_SX333
LOG (compute-mfcc-feats[5.5.294-06484]:main():compute-mfcc-feats.cc:172) Processed 260 utterances
VLOG[2] (compute-mfcc-feats[5.5.294-06484]:main():compute-mfcc-feats.cc:173) Processed features for key MJWS0_SX423
VLOG[2] (compute-mfcc-feats[5.5.294-06484]:main():compute-mfcc-feats.cc:173) Processed features for key MJWS0_SX63
VLOG[2] (compute-mfcc-feats[5.5.294-06484]:main():compute-mfcc-feats.cc:173) Processed features for key MJWT0_SI1291
VLOG[2] (compute-mfcc-feats[5.5.294-06484]:main():compute-mfcc-feats.cc:173) Processed features for key MJWT0_SI1381
VLOG[2] (compute-mfcc-feats[5.5.294-06484]:main():compute-mfcc-feats.cc:173) Processed features for key MJWT0_SI751
VLOG[2] (compute-mfcc-feats[5.5.294-06484]:main():compute-mfcc-feats.cc:173) Processed features for key MJWT0_SX121
VLOG[2] (compute-mfcc-feats[5.5.294-06484]:main():compute-mfcc-feats.cc:173) Processed features for key MJWT0_SX211
VLOG[2] (compute-mfcc-feats[5.5.294-06484]:main():compute-mfcc-feats.cc:173) Processed features for key MJWT0_SX301
VLOG[2] (compute-mfcc-feats[5.5.294-06484]:main():compute-mfcc-feats.cc:173) Processed features for key MJWT0_SX31
VLOG[2] (compute-mfcc-feats[5.5.294-06484]:main():compute-mfcc-feats.cc:173) Processed features for key MJWT0_SX391
LOG (compute-mfcc-feats[5.5.294-06484]:main():compute-mfcc-feats.cc:172) Processed 270 utterances
VLOG[2] (compute-mfcc-feats[5.5.294-06484]:main():compute-mfcc-feats.cc:173) Processed features for key MJXA0_SI1507
VLOG[2] (compute-mfcc-feats[5.5.294-06484]:main():compute-mfcc-feats.cc:173) Processed features for key MJXA0_SI2137
VLOG[2] (compute-mfcc-feats[5.5.294-06484]:main():compute-mfcc-feats.cc:173) Processed features for key MJXA0_SI877
VLOG[2] (compute-mfcc-feats[5.5.294-06484]:main():compute-mfcc-feats.cc:173) Processed features for key MJXA0_SX157
VLOG[2] (compute-mfcc-feats[5.5.294-06484]:main():compute-mfcc-feats.cc:173) Processed features for key MJXA0_SX247
VLOG[2] (compute-mfcc-feats[5.5.294-06484]:main():compute-mfcc-feats.cc:173) Processed features for key MJXA0_SX337
VLOG[2] (compute-mfcc-feats[5.5.294-06484]:main():compute-mfcc-feats.cc:173) Processed features for key MJXA0_SX427
VLOG[2] (compute-mfcc-feats[5.5.294-06484]:main():compute-mfcc-feats.cc:173) Processed features for key MJXA0_SX67
VLOG[2] (compute-mfcc-feats[5.5.294-06484]:main():compute-mfcc-feats.cc:173) Processed features for key MJXL0_SI1172
VLOG[2] (compute-mfcc-feats[5.5.294-06484]:main():compute-mfcc-feats.cc:173) Processed features for key MJXL0_SI1795
LOG (compute-mfcc-feats[5.5.294-06484]:main():compute-mfcc-feats.cc:172) Processed 280 utterances
VLOG[2] (compute-mfcc-feats[5.5.294-06484]:main():compute-mfcc-feats.cc:173) Processed features for key MJXL0_SI542
VLOG[2] (compute-mfcc-feats[5.5.294-06484]:main():compute-mfcc-feats.cc:173) Processed features for key MJXL0_SX182
VLOG[2] (compute-mfcc-feats[5.5.294-06484]:main():compute-mfcc-feats.cc:173) Processed features for key MJXL0_SX272
VLOG[2] (compute-mfcc-feats[5.5.294-06484]:main():compute-mfcc-feats.cc:173) Processed features for key MJXL0_SX362
VLOG[2] (compute-mfcc-feats[5.5.294-06484]:main():compute-mfcc-feats.cc:173) Processed features for key MJXL0_SX452
VLOG[2] (compute-mfcc-feats[5.5.294-06484]:main():compute-mfcc-feats.cc:173) Processed features for key MJXL0_SX92
VLOG[2] (compute-mfcc-feats[5.5.294-06484]:main():compute-mfcc-feats.cc:173) Processed features for key MKAG0_SI1609
VLOG[2] (compute-mfcc-feats[5.5.294-06484]:main():compute-mfcc-feats.cc:173) Processed features for key MKAG0_SI2239
VLOG[2] (compute-mfcc-feats[5.5.294-06484]:main():compute-mfcc-feats.cc:173) Processed features for key MKAG0_SI979
VLOG[2] (compute-mfcc-feats[5.5.294-06484]:main():compute-mfcc-feats.cc:173) Processed features for key MKAG0_SX169
LOG (compute-mfcc-feats[5.5.294-06484]:main():compute-mfcc-feats.cc:172) Processed 290 utterances
VLOG[2] (compute-mfcc-feats[5.5.294-06484]:main():compute-mfcc-feats.cc:173) Processed features for key MKAG0_SX259
VLOG[2] (compute-mfcc-feats[5.5.294-06484]:main():compute-mfcc-feats.cc:173) Processed features for key MKAG0_SX30
VLOG[2] (compute-mfcc-feats[5.5.294-06484]:main():compute-mfcc-feats.cc:173) Processed features for key MKAG0_SX439
VLOG[2] (compute-mfcc-feats[5.5.294-06484]:main():compute-mfcc-feats.cc:173) Processed features for key MKAG0_SX79
VLOG[2] (compute-mfcc-feats[5.5.294-06484]:main():compute-mfcc-feats.cc:173) Processed features for key MKAM0_SI1250
VLOG[2] (compute-mfcc-feats[5.5.294-06484]:main():compute-mfcc-feats.cc:173) Processed features for key MKAM0_SI1316
VLOG[2] (compute-mfcc-feats[5.5.294-06484]:main():compute-mfcc-feats.cc:173) Processed features for key MKAM0_SI1465
VLOG[2] (compute-mfcc-feats[5.5.294-06484]:main():compute-mfcc-feats.cc:173) Processed features for key MKAM0_SX146
VLOG[2] (compute-mfcc-feats[5.5.294-06484]:main():compute-mfcc-feats.cc:173) Processed features for key MKAM0_SX236
VLOG[2] (compute-mfcc-feats[5.5.294-06484]:main():compute-mfcc-feats.cc:173) Processed features for key MKAM0_SX326
LOG (compute-mfcc-feats[5.5.294-06484]:main():compute-mfcc-feats.cc:172) Processed 300 utterances
VLOG[2] (compute-mfcc-feats[5.5.294-06484]:main():compute-mfcc-feats.cc:173) Processed features for key MKAM0_SX416
VLOG[2] (compute-mfcc-feats[5.5.294-06484]:main():compute-mfcc-feats.cc:173) Processed features for key MKAM0_SX56
VLOG[2] (compute-mfcc-feats[5.5.294-06484]:main():compute-mfcc-feats.cc:173) Processed features for key MKDB0_SI2132
VLOG[2] (compute-mfcc-feats[5.5.294-06484]:main():compute-mfcc-feats.cc:173) Processed features for key MKDB0_SI588
VLOG[2] (compute-mfcc-feats[5.5.294-06484]:main():compute-mfcc-feats.cc:173) Processed features for key MKDB0_SI872
VLOG[2] (compute-mfcc-feats[5.5.294-06484]:main():compute-mfcc-feats.cc:173) Processed features for key MKDB0_SX152
VLOG[2] (compute-mfcc-feats[5.5.294-06484]:main():compute-mfcc-feats.cc:173) Processed features for key MKDB0_SX242
VLOG[2] (compute-mfcc-feats[5.5.294-06484]:main():compute-mfcc-feats.cc:173) Processed features for key MKDB0_SX332
VLOG[2] (compute-mfcc-feats[5.5.294-06484]:main():compute-mfcc-feats.cc:173) Processed features for key MKDB0_SX422
VLOG[2] (compute-mfcc-feats[5.5.294-06484]:main():compute-mfcc-feats.cc:173) Processed features for key MKDB0_SX62
LOG (compute-mfcc-feats[5.5.294-06484]:main():compute-mfcc-feats.cc:172) Processed 310 utterances
VLOG[2] (compute-mfcc-feats[5.5.294-06484]:main():compute-mfcc-feats.cc:173) Processed features for key MKES0_SI1253
VLOG[2] (compute-mfcc-feats[5.5.294-06484]:main():compute-mfcc-feats.cc:173) Processed features for key MKES0_SI1883
VLOG[2] (compute-mfcc-feats[5.5.294-06484]:main():compute-mfcc-feats.cc:173) Processed features for key MKES0_SI623
VLOG[2] (compute-mfcc-feats[5.5.294-06484]:main():compute-mfcc-feats.cc:173) Processed features for key MKES0_SX173
VLOG[2] (compute-mfcc-feats[5.5.294-06484]:main():compute-mfcc-feats.cc:173) Processed features for key MKES0_SX263
VLOG[2] (compute-mfcc-feats[5.5.294-06484]:main():compute-mfcc-feats.cc:173) Processed features for key MKES0_SX353
VLOG[2] (compute-mfcc-feats[5.5.294-06484]:main():compute-mfcc-feats.cc:173) Processed features for key MKES0_SX443
VLOG[2] (compute-mfcc-feats[5.5.294-06484]:main():compute-mfcc-feats.cc:173) Processed features for key MKES0_SX83
VLOG[2] (compute-mfcc-feats[5.5.294-06484]:main():compute-mfcc-feats.cc:173) Processed features for key MKLN0_SI1598
VLOG[2] (compute-mfcc-feats[5.5.294-06484]:main():compute-mfcc-feats.cc:173) Processed features for key MKLN0_SI2228
LOG (compute-mfcc-feats[5.5.294-06484]:main():compute-mfcc-feats.cc:172) Processed 320 utterances
VLOG[2] (compute-mfcc-feats[5.5.294-06484]:main():compute-mfcc-feats.cc:173) Processed features for key MKLN0_SI968
VLOG[2] (compute-mfcc-feats[5.5.294-06484]:main():compute-mfcc-feats.cc:173) Processed features for key MKLN0_SX158
VLOG[2] (compute-mfcc-feats[5.5.294-06484]:main():compute-mfcc-feats.cc:173) Processed features for key MKLN0_SX248
VLOG[2] (compute-mfcc-feats[5.5.294-06484]:main():compute-mfcc-feats.cc:173) Processed features for key MKLN0_SX338
VLOG[2] (compute-mfcc-feats[5.5.294-06484]:main():compute-mfcc-feats.cc:173) Processed features for key MKLN0_SX428
VLOG[2] (compute-mfcc-feats[5.5.294-06484]:main():compute-mfcc-feats.cc:173) Processed features for key MKLN0_SX68
VLOG[2] (compute-mfcc-feats[5.5.294-06484]:main():compute-mfcc-feats.cc:173) Processed features for key MKLR0_SI1059
VLOG[2] (compute-mfcc-feats[5.5.294-06484]:main():compute-mfcc-feats.cc:173) Processed features for key MKLR0_SI1689
VLOG[2] (compute-mfcc-feats[5.5.294-06484]:main():compute-mfcc-feats.cc:173) Processed features for key MKLR0_SI2319
VLOG[2] (compute-mfcc-feats[5.5.294-06484]:main():compute-mfcc-feats.cc:173) Processed features for key MKLR0_SX159
LOG (compute-mfcc-feats[5.5.294-06484]:main():compute-mfcc-feats.cc:172) Processed 330 utterances
VLOG[2] (compute-mfcc-feats[5.5.294-06484]:main():compute-mfcc-feats.cc:173) Processed features for key MKLR0_SX249
VLOG[2] (compute-mfcc-feats[5.5.294-06484]:main():compute-mfcc-feats.cc:173) Processed features for key MKLR0_SX339
VLOG[2] (compute-mfcc-feats[5.5.294-06484]:main():compute-mfcc-feats.cc:173) Processed features for key MKLR0_SX429
VLOG[2] (compute-mfcc-feats[5.5.294-06484]:main():compute-mfcc-feats.cc:173) Processed features for key MKLR0_SX69
VLOG[2] (compute-mfcc-feats[5.5.294-06484]:main():compute-mfcc-feats.cc:173) Processed features for key MKLS0_SI1437
VLOG[2] (compute-mfcc-feats[5.5.294-06484]:main():compute-mfcc-feats.cc:173) Processed features for key MKLS0_SI1533
VLOG[2] (compute-mfcc-feats[5.5.294-06484]:main():compute-mfcc-feats.cc:173) Processed features for key MKLS0_SI2067
VLOG[2] (compute-mfcc-feats[5.5.294-06484]:main():compute-mfcc-feats.cc:173) Processed features for key MKLS0_SX177
VLOG[2] (compute-mfcc-feats[5.5.294-06484]:main():compute-mfcc-feats.cc:173) Processed features for key MKLS0_SX267
VLOG[2] (compute-mfcc-feats[5.5.294-06484]:main():compute-mfcc-feats.cc:173) Processed features for key MKLS0_SX357
LOG (compute-mfcc-feats[5.5.294-06484]:main():compute-mfcc-feats.cc:172) Processed 340 utterances
VLOG[2] (compute-mfcc-feats[5.5.294-06484]:main():compute-mfcc-feats.cc:173) Processed features for key MKLS0_SX447
VLOG[2] (compute-mfcc-feats[5.5.294-06484]:main():compute-mfcc-feats.cc:173) Processed features for key MKLS0_SX87
VLOG[2] (compute-mfcc-feats[5.5.294-06484]:main():compute-mfcc-feats.cc:173) Processed features for key MKLW0_SI1571
VLOG[2] (compute-mfcc-feats[5.5.294-06484]:main():compute-mfcc-feats.cc:173) Processed features for key MKLW0_SI1844
VLOG[2] (compute-mfcc-feats[5.5.294-06484]:main():compute-mfcc-feats.cc:173) Processed features for key MKLW0_SI2201
VLOG[2] (compute-mfcc-feats[5.5.294-06484]:main():compute-mfcc-feats.cc:173) Processed features for key MKLW0_SX131
VLOG[2] (compute-mfcc-feats[5.5.294-06484]:main():compute-mfcc-feats.cc:173) Processed features for key MKLW0_SX221
VLOG[2] (compute-mfcc-feats[5.5.294-06484]:main():compute-mfcc-feats.cc:173) Processed features for key MKLW0_SX311
VLOG[2] (compute-mfcc-feats[5.5.294-06484]:main():compute-mfcc-feats.cc:173) Processed features for key MKLW0_SX401
VLOG[2] (compute-mfcc-feats[5.5.294-06484]:main():compute-mfcc-feats.cc:173) Processed features for key MKLW0_SX41
LOG (compute-mfcc-feats[5.5.294-06484]:main():compute-mfcc-feats.cc:172) Processed 350 utterances
VLOG[2] (compute-mfcc-feats[5.5.294-06484]:main():compute-mfcc-feats.cc:173) Processed features for key MLBC0_SI1239
VLOG[2] (compute-mfcc-feats[5.5.294-06484]:main():compute-mfcc-feats.cc:173) Processed features for key MLBC0_SI1869
VLOG[2] (compute-mfcc-feats[5.5.294-06484]:main():compute-mfcc-feats.cc:173) Processed features for key MLBC0_SI609
VLOG[2] (compute-mfcc-feats[5.5.294-06484]:main():compute-mfcc-feats.cc:173) Processed features for key MLBC0_SX159
VLOG[2] (compute-mfcc-feats[5.5.294-06484]:main():compute-mfcc-feats.cc:173) Processed features for key MLBC0_SX249
VLOG[2] (compute-mfcc-feats[5.5.294-06484]:main():compute-mfcc-feats.cc:173) Processed features for key MLBC0_SX339
VLOG[2] (compute-mfcc-feats[5.5.294-06484]:main():compute-mfcc-feats.cc:173) Processed features for key MLBC0_SX429
VLOG[2] (compute-mfcc-feats[5.5.294-06484]:main():compute-mfcc-feats.cc:173) Processed features for key MLBC0_SX69
VLOG[2] (compute-mfcc-feats[5.5.294-06484]:main():compute-mfcc-feats.cc:173) Processed features for key MLEL0_SI1246
VLOG[2] (compute-mfcc-feats[5.5.294-06484]:main():compute-mfcc-feats.cc:173) Processed features for key MLEL0_SI1876
LOG (compute-mfcc-feats[5.5.294-06484]:main():compute-mfcc-feats.cc:172) Processed 360 utterances
VLOG[2] (compute-mfcc-feats[5.5.294-06484]:main():compute-mfcc-feats.cc:173) Processed features for key MLEL0_SI616
VLOG[2] (compute-mfcc-feats[5.5.294-06484]:main():compute-mfcc-feats.cc:173) Processed features for key MLEL0_SX166
VLOG[2] (compute-mfcc-feats[5.5.294-06484]:main():compute-mfcc-feats.cc:173) Processed features for key MLEL0_SX256
VLOG[2] (compute-mfcc-feats[5.5.294-06484]:main():compute-mfcc-feats.cc:173) Processed features for key MLEL0_SX346
VLOG[2] (compute-mfcc-feats[5.5.294-06484]:main():compute-mfcc-feats.cc:173) Processed features for key MLEL0_SX436
VLOG[2] (compute-mfcc-feats[5.5.294-06484]:main():compute-mfcc-feats.cc:173) Processed features for key MLEL0_SX76
VLOG[2] (compute-mfcc-feats[5.5.294-06484]:main():compute-mfcc-feats.cc:173) Processed features for key MLJC0_SI1225
VLOG[2] (compute-mfcc-feats[5.5.294-06484]:main():compute-mfcc-feats.cc:173) Processed features for key MLJC0_SI1855
VLOG[2] (compute-mfcc-feats[5.5.294-06484]:main():compute-mfcc-feats.cc:173) Processed features for key MLJC0_SI595
VLOG[2] (compute-mfcc-feats[5.5.294-06484]:main():compute-mfcc-feats.cc:173) Processed features for key MLJC0_SX145
LOG (compute-mfcc-feats[5.5.294-06484]:main():compute-mfcc-feats.cc:172) Processed 370 utterances
VLOG[2] (compute-mfcc-feats[5.5.294-06484]:main():compute-mfcc-feats.cc:173) Processed features for key MLJC0_SX235
VLOG[2] (compute-mfcc-feats[5.5.294-06484]:main():compute-mfcc-feats.cc:173) Processed features for key MLJC0_SX325
VLOG[2] (compute-mfcc-feats[5.5.294-06484]:main():compute-mfcc-feats.cc:173) Processed features for key MLJC0_SX415
VLOG[2] (compute-mfcc-feats[5.5.294-06484]:main():compute-mfcc-feats.cc:173) Processed features for key MLJC0_SX55
VLOG[2] (compute-mfcc-feats[5.5.294-06484]:main():compute-mfcc-feats.cc:173) Processed features for key MLJH0_SI1324
VLOG[2] (compute-mfcc-feats[5.5.294-06484]:main():compute-mfcc-feats.cc:173) Processed features for key MLJH0_SI1422
VLOG[2] (compute-mfcc-feats[5.5.294-06484]:main():compute-mfcc-feats.cc:173) Processed features for key MLJH0_SI694
VLOG[2] (compute-mfcc-feats[5.5.294-06484]:main():compute-mfcc-feats.cc:173) Processed features for key MLJH0_SX154
VLOG[2] (compute-mfcc-feats[5.5.294-06484]:main():compute-mfcc-feats.cc:173) Processed features for key MLJH0_SX244
VLOG[2] (compute-mfcc-feats[5.5.294-06484]:main():compute-mfcc-feats.cc:173) Processed features for key MLJH0_SX334
LOG (compute-mfcc-feats[5.5.294-06484]:main():compute-mfcc-feats.cc:172) Processed 380 utterances
VLOG[2] (compute-mfcc-feats[5.5.294-06484]:main():compute-mfcc-feats.cc:173) Processed features for key MLJH0_SX424
VLOG[2] (compute-mfcc-feats[5.5.294-06484]:main():compute-mfcc-feats.cc:173) Processed features for key MLJH0_SX64
VLOG[2] (compute-mfcc-feats[5.5.294-06484]:main():compute-mfcc-feats.cc:173) Processed features for key MLSH0_SI1417
VLOG[2] (compute-mfcc-feats[5.5.294-06484]:main():compute-mfcc-feats.cc:173) Processed features for key MLSH0_SI2047
VLOG[2] (compute-mfcc-feats[5.5.294-06484]:main():compute-mfcc-feats.cc:173) Processed features for key MLSH0_SI787
VLOG[2] (compute-mfcc-feats[5.5.294-06484]:main():compute-mfcc-feats.cc:173) Processed features for key MLSH0_SX157
VLOG[2] (compute-mfcc-feats[5.5.294-06484]:main():compute-mfcc-feats.cc:173) Processed features for key MLSH0_SX247
VLOG[2] (compute-mfcc-feats[5.5.294-06484]:main():compute-mfcc-feats.cc:173) Processed features for key MLSH0_SX337
VLOG[2] (compute-mfcc-feats[5.5.294-06484]:main():compute-mfcc-feats.cc:173) Processed features for key MLSH0_SX427
VLOG[2] (compute-mfcc-feats[5.5.294-06484]:main():compute-mfcc-feats.cc:173) Processed features for key MLSH0_SX67
LOG (compute-mfcc-feats[5.5.294-06484]:main():compute-mfcc-feats.cc:172) Processed 390 utterances
VLOG[2] (compute-mfcc-feats[5.5.294-06484]:main():compute-mfcc-feats.cc:173) Processed features for key MMAB1_SI1494
VLOG[2] (compute-mfcc-feats[5.5.294-06484]:main():compute-mfcc-feats.cc:173) Processed features for key MMAB1_SI2124
VLOG[2] (compute-mfcc-feats[5.5.294-06484]:main():compute-mfcc-feats.cc:173) Processed features for key MMAB1_SI864
VLOG[2] (compute-mfcc-feats[5.5.294-06484]:main():compute-mfcc-feats.cc:173) Processed features for key MMAB1_SX144
VLOG[2] (compute-mfcc-feats[5.5.294-06484]:main():compute-mfcc-feats.cc:173) Processed features for key MMAB1_SX234
VLOG[2] (compute-mfcc-feats[5.5.294-06484]:main():compute-mfcc-feats.cc:173) Processed features for key MMAB1_SX324
VLOG[2] (compute-mfcc-feats[5.5.294-06484]:main():compute-mfcc-feats.cc:173) Processed features for key MMAB1_SX414
VLOG[2] (compute-mfcc-feats[5.5.294-06484]:main():compute-mfcc-feats.cc:173) Processed features for key MMAB1_SX54
VLOG[2] (compute-mfcc-feats[5.5.294-06484]:main():compute-mfcc-feats.cc:173) Processed features for key MMBS0_SI1151
VLOG[2] (compute-mfcc-feats[5.5.294-06484]:main():compute-mfcc-feats.cc:173) Processed features for key MMBS0_SI1781
LOG (compute-mfcc-feats[5.5.294-06484]:main():compute-mfcc-feats.cc:172) Processed 400 utterances
VLOG[2] (compute-mfcc-feats[5.5.294-06484]:main():compute-mfcc-feats.cc:173) Processed features for key MMBS0_SI521
VLOG[2] (compute-mfcc-feats[5.5.294-06484]:main():compute-mfcc-feats.cc:173) Processed features for key MMBS0_SX161
VLOG[2] (compute-mfcc-feats[5.5.294-06484]:main():compute-mfcc-feats.cc:173) Processed features for key MMBS0_SX251
VLOG[2] (compute-mfcc-feats[5.5.294-06484]:main():compute-mfcc-feats.cc:173) Processed features for key MMBS0_SX341
VLOG[2] (compute-mfcc-feats[5.5.294-06484]:main():compute-mfcc-feats.cc:173) Processed features for key MMBS0_SX431
VLOG[2] (compute-mfcc-feats[5.5.294-06484]:main():compute-mfcc-feats.cc:173) Processed features for key MMBS0_SX71
VLOG[2] (compute-mfcc-feats[5.5.294-06484]:main():compute-mfcc-feats.cc:173) Processed features for key MMCC0_SI1338
VLOG[2] (compute-mfcc-feats[5.5.294-06484]:main():compute-mfcc-feats.cc:173) Processed features for key MMCC0_SI1968
VLOG[2] (compute-mfcc-feats[5.5.294-06484]:main():compute-mfcc-feats.cc:173) Processed features for key MMCC0_SI708
VLOG[2] (compute-mfcc-feats[5.5.294-06484]:main():compute-mfcc-feats.cc:173) Processed features for key MMCC0_SX168
LOG (compute-mfcc-feats[5.5.294-06484]:main():compute-mfcc-feats.cc:172) Processed 410 utterances
VLOG[2] (compute-mfcc-feats[5.5.294-06484]:main():compute-mfcc-feats.cc:173) Processed features for key MMCC0_SX258
VLOG[2] (compute-mfcc-feats[5.5.294-06484]:main():compute-mfcc-feats.cc:173) Processed features for key MMCC0_SX348
LOG (compute-mfcc-feats[5.5.294-06484]:main():compute-mfcc-feats.cc:176)  Done 411 out of 411 utterances.
LOG (copy-feats[5.5.294-06484]:main():copy-feats.cc:143) Copied 411 feature matrices.
# Accounting: time=3 threads=1
# Ended (code 0) at Mon Apr 29 15:17:29 AEST 2019, elapsed time 3 seconds
