# ali-to-post "ark:gunzip -c exp/tri2/ali.9.gz|" ark:- | weight-silence-post 0.0 1 exp/tri2/4.mdl ark:- ark:- | gmm-acc-mllt --rand-prune=4.0 exp/tri2/4.mdl "ark,s,cs:apply-cmvn  --utt2spk=ark:data/train/split10/9/utt2spk scp:data/train/split10/9/cmvn.scp scp:data/train/split10/9/feats.scp ark:- | splice-feats --left-context=3 --right-context=3 ark:- ark:- | transform-feats exp/tri2/2.mat ark:- ark:- |" ark:- exp/tri2/4.9.macc 
# Started at Mon Apr 29 15:20:01 AEST 2019
#
ali-to-post 'ark:gunzip -c exp/tri2/ali.9.gz|' ark:- 
weight-silence-post 0.0 1 exp/tri2/4.mdl ark:- ark:- 
gmm-acc-mllt --rand-prune=4.0 exp/tri2/4.mdl 'ark,s,cs:apply-cmvn  --utt2spk=ark:data/train/split10/9/utt2spk scp:data/train/split10/9/cmvn.scp scp:data/train/split10/9/feats.scp ark:- | splice-feats --left-context=3 --right-context=3 ark:- ark:- | transform-feats exp/tri2/2.mat ark:- ark:- |' ark:- exp/tri2/4.9.macc 
transform-feats exp/tri2/2.mat ark:- ark:- 
splice-feats --left-context=3 --right-context=3 ark:- ark:- 
apply-cmvn --utt2spk=ark:data/train/split10/9/utt2spk scp:data/train/split10/9/cmvn.scp scp:data/train/split10/9/feats.scp ark:- 
LOG (gmm-acc-mllt[5.5.294-06484]:main():gmm-acc-mllt.cc:108) Average like for this file is -50.8562 over 436 frames.
LOG (gmm-acc-mllt[5.5.294-06484]:main():gmm-acc-mllt.cc:108) Average like for this file is -49.3124 over 269 frames.
LOG (gmm-acc-mllt[5.5.294-06484]:main():gmm-acc-mllt.cc:108) Average like for this file is -51.8148 over 395 frames.
LOG (gmm-acc-mllt[5.5.294-06484]:main():gmm-acc-mllt.cc:108) Average like for this file is -53.1753 over 247 frames.
LOG (gmm-acc-mllt[5.5.294-06484]:main():gmm-acc-mllt.cc:108) Average like for this file is -46.254 over 232 frames.
LOG (gmm-acc-mllt[5.5.294-06484]:main():gmm-acc-mllt.cc:108) Average like for this file is -45.5763 over 183 frames.
LOG (gmm-acc-mllt[5.5.294-06484]:main():gmm-acc-mllt.cc:108) Average like for this file is -49.2135 over 221 frames.
LOG (gmm-acc-mllt[5.5.294-06484]:main():gmm-acc-mllt.cc:108) Average like for this file is -51.4909 over 194 frames.
LOG (gmm-acc-mllt[5.5.294-06484]:main():gmm-acc-mllt.cc:108) Average like for this file is -54.4618 over 443 frames.
LOG (gmm-acc-mllt[5.5.294-06484]:main():gmm-acc-mllt.cc:108) Average like for this file is -51.0479 over 156 frames.
LOG (gmm-acc-mllt[5.5.294-06484]:main():gmm-acc-mllt.cc:114) Avg like per frame so far is -50.8164
LOG (gmm-acc-mllt[5.5.294-06484]:main():gmm-acc-mllt.cc:108) Average like for this file is -52.375 over 473 frames.
LOG (gmm-acc-mllt[5.5.294-06484]:main():gmm-acc-mllt.cc:108) Average like for this file is -54.3725 over 335 frames.
LOG (gmm-acc-mllt[5.5.294-06484]:main():gmm-acc-mllt.cc:108) Average like for this file is -55.0261 over 246 frames.
LOG (gmm-acc-mllt[5.5.294-06484]:main():gmm-acc-mllt.cc:108) Average like for this file is -53.6132 over 266 frames.
LOG (gmm-acc-mllt[5.5.294-06484]:main():gmm-acc-mllt.cc:108) Average like for this file is -53.9779 over 293 frames.
LOG (gmm-acc-mllt[5.5.294-06484]:main():gmm-acc-mllt.cc:108) Average like for this file is -52.7512 over 302 frames.
LOG (gmm-acc-mllt[5.5.294-06484]:main():gmm-acc-mllt.cc:108) Average like for this file is -52.6592 over 226 frames.
LOG (gmm-acc-mllt[5.5.294-06484]:main():gmm-acc-mllt.cc:108) Average like for this file is -49.9809 over 101 frames.
LOG (gmm-acc-mllt[5.5.294-06484]:main():gmm-acc-mllt.cc:108) Average like for this file is -50.1051 over 317 frames.
LOG (gmm-acc-mllt[5.5.294-06484]:main():gmm-acc-mllt.cc:108) Average like for this file is -51.4796 over 198 frames.
LOG (gmm-acc-mllt[5.5.294-06484]:main():gmm-acc-mllt.cc:114) Avg like per frame so far is -51.8026
LOG (gmm-acc-mllt[5.5.294-06484]:main():gmm-acc-mllt.cc:108) Average like for this file is -51.3305 over 265 frames.
LOG (gmm-acc-mllt[5.5.294-06484]:main():gmm-acc-mllt.cc:108) Average like for this file is -48.5684 over 294 frames.
LOG (gmm-acc-mllt[5.5.294-06484]:main():gmm-acc-mllt.cc:108) Average like for this file is -54.3289 over 323 frames.
LOG (gmm-acc-mllt[5.5.294-06484]:main():gmm-acc-mllt.cc:108) Average like for this file is -52.383 over 314 frames.
LOG (gmm-acc-mllt[5.5.294-06484]:main():gmm-acc-mllt.cc:108) Average like for this file is -48.2515 over 446 frames.
LOG (gmm-acc-mllt[5.5.294-06484]:main():gmm-acc-mllt.cc:108) Average like for this file is -47.7869 over 112 frames.
LOG (gmm-acc-mllt[5.5.294-06484]:main():gmm-acc-mllt.cc:108) Average like for this file is -52.8097 over 396 frames.
LOG (gmm-acc-mllt[5.5.294-06484]:main():gmm-acc-mllt.cc:108) Average like for this file is -52.0773 over 216 frames.
LOG (gmm-acc-mllt[5.5.294-06484]:main():gmm-acc-mllt.cc:108) Average like for this file is -50.1734 over 235 frames.
LOG (gmm-acc-mllt[5.5.294-06484]:main():gmm-acc-mllt.cc:108) Average like for this file is -50.1724 over 340 frames.
LOG (gmm-acc-mllt[5.5.294-06484]:main():gmm-acc-mllt.cc:114) Avg like per frame so far is -51.4969
LOG (gmm-acc-mllt[5.5.294-06484]:main():gmm-acc-mllt.cc:108) Average like for this file is -48.9783 over 228 frames.
LOG (gmm-acc-mllt[5.5.294-06484]:main():gmm-acc-mllt.cc:108) Average like for this file is -50.9786 over 253 frames.
LOG (gmm-acc-mllt[5.5.294-06484]:main():gmm-acc-mllt.cc:108) Average like for this file is -54.009 over 84 frames.
LOG (gmm-acc-mllt[5.5.294-06484]:main():gmm-acc-mllt.cc:108) Average like for this file is -56.9203 over 324 frames.
LOG (gmm-acc-mllt[5.5.294-06484]:main():gmm-acc-mllt.cc:108) Average like for this file is -55.3575 over 241 frames.
LOG (gmm-acc-mllt[5.5.294-06484]:main():gmm-acc-mllt.cc:108) Average like for this file is -53.0729 over 294 frames.
LOG (gmm-acc-mllt[5.5.294-06484]:main():gmm-acc-mllt.cc:108) Average like for this file is -54.9168 over 199 frames.
LOG (gmm-acc-mllt[5.5.294-06484]:main():gmm-acc-mllt.cc:108) Average like for this file is -52.1413 over 231 frames.
LOG (gmm-acc-mllt[5.5.294-06484]:main():gmm-acc-mllt.cc:108) Average like for this file is -54.391 over 326 frames.
LOG (gmm-acc-mllt[5.5.294-06484]:main():gmm-acc-mllt.cc:108) Average like for this file is -51.3023 over 198 frames.
LOG (gmm-acc-mllt[5.5.294-06484]:main():gmm-acc-mllt.cc:114) Avg like per frame so far is -51.9015
LOG (gmm-acc-mllt[5.5.294-06484]:main():gmm-acc-mllt.cc:108) Average like for this file is -51.4597 over 333 frames.
LOG (gmm-acc-mllt[5.5.294-06484]:main():gmm-acc-mllt.cc:108) Average like for this file is -50.1819 over 443 frames.
LOG (gmm-acc-mllt[5.5.294-06484]:main():gmm-acc-mllt.cc:108) Average like for this file is -48.9559 over 454 frames.
LOG (gmm-acc-mllt[5.5.294-06484]:main():gmm-acc-mllt.cc:108) Average like for this file is -49.5964 over 359 frames.
LOG (gmm-acc-mllt[5.5.294-06484]:main():gmm-acc-mllt.cc:108) Average like for this file is -51.2335 over 226 frames.
LOG (gmm-acc-mllt[5.5.294-06484]:main():gmm-acc-mllt.cc:108) Average like for this file is -54.1221 over 175 frames.
LOG (gmm-acc-mllt[5.5.294-06484]:main():gmm-acc-mllt.cc:108) Average like for this file is -50.5242 over 236 frames.
LOG (gmm-acc-mllt[5.5.294-06484]:main():gmm-acc-mllt.cc:108) Average like for this file is -50.4749 over 328 frames.
LOG (gmm-acc-mllt[5.5.294-06484]:main():gmm-acc-mllt.cc:108) Average like for this file is -50.7171 over 390 frames.
LOG (gmm-acc-mllt[5.5.294-06484]:main():gmm-acc-mllt.cc:108) Average like for this file is -53.3909 over 452 frames.
LOG (gmm-acc-mllt[5.5.294-06484]:main():gmm-acc-mllt.cc:114) Avg like per frame so far is -51.6616
LOG (gmm-acc-mllt[5.5.294-06484]:main():gmm-acc-mllt.cc:108) Average like for this file is -49.224 over 141 frames.
LOG (gmm-acc-mllt[5.5.294-06484]:main():gmm-acc-mllt.cc:108) Average like for this file is -55.424 over 254 frames.
LOG (gmm-acc-mllt[5.5.294-06484]:main():gmm-acc-mllt.cc:108) Average like for this file is -52.3573 over 275 frames.
LOG (gmm-acc-mllt[5.5.294-06484]:main():gmm-acc-mllt.cc:108) Average like for this file is -49.6624 over 137 frames.
LOG (gmm-acc-mllt[5.5.294-06484]:main():gmm-acc-mllt.cc:108) Average like for this file is -53.59 over 374 frames.
LOG (gmm-acc-mllt[5.5.294-06484]:main():gmm-acc-mllt.cc:108) Average like for this file is -52.4483 over 263 frames.
LOG (gmm-acc-mllt[5.5.294-06484]:main():gmm-acc-mllt.cc:108) Average like for this file is -51.7611 over 192 frames.
LOG (gmm-acc-mllt[5.5.294-06484]:main():gmm-acc-mllt.cc:108) Average like for this file is -49.3931 over 261 frames.
LOG (gmm-acc-mllt[5.5.294-06484]:main():gmm-acc-mllt.cc:108) Average like for this file is -50.952 over 343 frames.
LOG (gmm-acc-mllt[5.5.294-06484]:main():gmm-acc-mllt.cc:108) Average like for this file is -52.2485 over 251 frames.
LOG (gmm-acc-mllt[5.5.294-06484]:main():gmm-acc-mllt.cc:114) Avg like per frame so far is -51.7087
LOG (gmm-acc-mllt[5.5.294-06484]:main():gmm-acc-mllt.cc:108) Average like for this file is -53.7108 over 237 frames.
LOG (gmm-acc-mllt[5.5.294-06484]:main():gmm-acc-mllt.cc:108) Average like for this file is -49.6125 over 322 frames.
LOG (gmm-acc-mllt[5.5.294-06484]:main():gmm-acc-mllt.cc:108) Average like for this file is -52.2999 over 304 frames.
LOG (gmm-acc-mllt[5.5.294-06484]:main():gmm-acc-mllt.cc:108) Average like for this file is -52.5257 over 367 frames.
LOG (gmm-acc-mllt[5.5.294-06484]:main():gmm-acc-mllt.cc:108) Average like for this file is -51.5382 over 356 frames.
LOG (gmm-acc-mllt[5.5.294-06484]:main():gmm-acc-mllt.cc:108) Average like for this file is -51.2728 over 229 frames.
LOG (gmm-acc-mllt[5.5.294-06484]:main():gmm-acc-mllt.cc:108) Average like for this file is -45.112 over 236 frames.
LOG (gmm-acc-mllt[5.5.294-06484]:main():gmm-acc-mllt.cc:108) Average like for this file is -53.4764 over 180 frames.
LOG (gmm-acc-mllt[5.5.294-06484]:main():gmm-acc-mllt.cc:108) Average like for this file is -53.1193 over 279 frames.
LOG (gmm-acc-mllt[5.5.294-06484]:main():gmm-acc-mllt.cc:108) Average like for this file is -51.3645 over 281 frames.
LOG (gmm-acc-mllt[5.5.294-06484]:main():gmm-acc-mllt.cc:114) Avg like per frame so far is -51.6666
LOG (gmm-acc-mllt[5.5.294-06484]:main():gmm-acc-mllt.cc:108) Average like for this file is -52.6614 over 253 frames.
LOG (gmm-acc-mllt[5.5.294-06484]:main():gmm-acc-mllt.cc:108) Average like for this file is -49.9105 over 283 frames.
LOG (gmm-acc-mllt[5.5.294-06484]:main():gmm-acc-mllt.cc:108) Average like for this file is -52.0464 over 260 frames.
LOG (gmm-acc-mllt[5.5.294-06484]:main():gmm-acc-mllt.cc:108) Average like for this file is -51.5449 over 141 frames.
LOG (gmm-acc-mllt[5.5.294-06484]:main():gmm-acc-mllt.cc:108) Average like for this file is -52.105 over 419 frames.
LOG (gmm-acc-mllt[5.5.294-06484]:main():gmm-acc-mllt.cc:108) Average like for this file is -52.9357 over 228 frames.
LOG (gmm-acc-mllt[5.5.294-06484]:main():gmm-acc-mllt.cc:108) Average like for this file is -51.2982 over 247 frames.
LOG (gmm-acc-mllt[5.5.294-06484]:main():gmm-acc-mllt.cc:108) Average like for this file is -50.5508 over 338 frames.
LOG (gmm-acc-mllt[5.5.294-06484]:main():gmm-acc-mllt.cc:108) Average like for this file is -53.9545 over 308 frames.
LOG (gmm-acc-mllt[5.5.294-06484]:main():gmm-acc-mllt.cc:108) Average like for this file is -52.6054 over 384 frames.
LOG (gmm-acc-mllt[5.5.294-06484]:main():gmm-acc-mllt.cc:114) Avg like per frame so far is -51.7071
LOG (gmm-acc-mllt[5.5.294-06484]:main():gmm-acc-mllt.cc:108) Average like for this file is -53.6612 over 363 frames.
LOG (gmm-acc-mllt[5.5.294-06484]:main():gmm-acc-mllt.cc:108) Average like for this file is -56.0808 over 420 frames.
LOG (gmm-acc-mllt[5.5.294-06484]:main():gmm-acc-mllt.cc:108) Average like for this file is -55.0535 over 425 frames.
LOG (gmm-acc-mllt[5.5.294-06484]:main():gmm-acc-mllt.cc:108) Average like for this file is -59.955 over 165 frames.
LOG (gmm-acc-mllt[5.5.294-06484]:main():gmm-acc-mllt.cc:108) Average like for this file is -53.0324 over 240 frames.
LOG (gmm-acc-mllt[5.5.294-06484]:main():gmm-acc-mllt.cc:108) Average like for this file is -56.3794 over 304 frames.
LOG (gmm-acc-mllt[5.5.294-06484]:main():gmm-acc-mllt.cc:108) Average like for this file is -59.5456 over 258 frames.
LOG (gmm-acc-mllt[5.5.294-06484]:main():gmm-acc-mllt.cc:108) Average like for this file is -59.3659 over 247 frames.
LOG (gmm-acc-mllt[5.5.294-06484]:main():gmm-acc-mllt.cc:108) Average like for this file is -53.0058 over 269 frames.
LOG (gmm-acc-mllt[5.5.294-06484]:main():gmm-acc-mllt.cc:108) Average like for this file is -55.157 over 149 frames.
LOG (gmm-acc-mllt[5.5.294-06484]:main():gmm-acc-mllt.cc:114) Avg like per frame so far is -52.1765
LOG (ali-to-post[5.5.294-06484]:main():ali-to-post.cc:73) Converted 120 alignments.
LOG (gmm-acc-mllt[5.5.294-06484]:main():gmm-acc-mllt.cc:108) Average like for this file is -55.8064 over 361 frames.
LOG (gmm-acc-mllt[5.5.294-06484]:main():gmm-acc-mllt.cc:108) Average like for this file is -55.1044 over 300 frames.
LOG (gmm-acc-mllt[5.5.294-06484]:main():gmm-acc-mllt.cc:108) Average like for this file is -52.0222 over 222 frames.
LOG (gmm-acc-mllt[5.5.294-06484]:main():gmm-acc-mllt.cc:108) Average like for this file is -55.3271 over 217 frames.
LOG (gmm-acc-mllt[5.5.294-06484]:main():gmm-acc-mllt.cc:108) Average like for this file is -53.1266 over 300 frames.
LOG (gmm-acc-mllt[5.5.294-06484]:main():gmm-acc-mllt.cc:108) Average like for this file is -55.6084 over 98 frames.
LOG (gmm-acc-mllt[5.5.294-06484]:main():gmm-acc-mllt.cc:108) Average like for this file is -54.2918 over 418 frames.
LOG (gmm-acc-mllt[5.5.294-06484]:main():gmm-acc-mllt.cc:108) Average like for this file is -52.9239 over 230 frames.
LOG (gmm-acc-mllt[5.5.294-06484]:main():gmm-acc-mllt.cc:108) Average like for this file is -54.0478 over 303 frames.
LOG (gmm-acc-mllt[5.5.294-06484]:main():gmm-acc-mllt.cc:108) Average like for this file is -52.7444 over 186 frames.
LOG (gmm-acc-mllt[5.5.294-06484]:main():gmm-acc-mllt.cc:114) Avg like per frame so far is -52.3627
LOG (gmm-acc-mllt[5.5.294-06484]:main():gmm-acc-mllt.cc:108) Average like for this file is -50.7525 over 298 frames.
LOG (gmm-acc-mllt[5.5.294-06484]:main():gmm-acc-mllt.cc:108) Average like for this file is -50.335 over 209 frames.
LOG (gmm-acc-mllt[5.5.294-06484]:main():gmm-acc-mllt.cc:108) Average like for this file is -52.2128 over 223 frames.
LOG (gmm-acc-mllt[5.5.294-06484]:main():gmm-acc-mllt.cc:108) Average like for this file is -52.7832 over 193 frames.
LOG (gmm-acc-mllt[5.5.294-06484]:main():gmm-acc-mllt.cc:108) Average like for this file is -52.3498 over 244 frames.
LOG (gmm-acc-mllt[5.5.294-06484]:main():gmm-acc-mllt.cc:108) Average like for this file is -46.1488 over 251 frames.
LOG (gmm-acc-mllt[5.5.294-06484]:main():gmm-acc-mllt.cc:108) Average like for this file is -51.1801 over 244 frames.
LOG (gmm-acc-mllt[5.5.294-06484]:main():gmm-acc-mllt.cc:108) Average like for this file is -50.6775 over 316 frames.
LOG (gmm-acc-mllt[5.5.294-06484]:main():gmm-acc-mllt.cc:108) Average like for this file is -44.1956 over 109 frames.
LOG (weight-silence-post[5.5.294-06484]:main():weight-silence-post.cc:95) Done 120 posteriors.
LOG (gmm-acc-mllt[5.5.294-06484]:main():gmm-acc-mllt.cc:108) Average like for this file is -50.7015 over 313 frames.
LOG (gmm-acc-mllt[5.5.294-06484]:main():gmm-acc-mllt.cc:114) Avg like per frame so far is -52.2091
LOG (gmm-acc-mllt[5.5.294-06484]:main():gmm-acc-mllt.cc:108) Average like for this file is -51.0771 over 270 frames.
LOG (gmm-acc-mllt[5.5.294-06484]:main():gmm-acc-mllt.cc:108) Average like for this file is -54.2181 over 223 frames.
LOG (apply-cmvn[5.5.294-06484]:main():apply-cmvn.cc:162) Applied cepstral mean normalization to 120 utterances, errors on 0
LOG (gmm-acc-mllt[5.5.294-06484]:main():gmm-acc-mllt.cc:108) Average like for this file is -50.5377 over 439 frames.
LOG (gmm-acc-mllt[5.5.294-06484]:main():gmm-acc-mllt.cc:108) Average like for this file is -46.7136 over 356 frames.
LOG (gmm-acc-mllt[5.5.294-06484]:main():gmm-acc-mllt.cc:108) Average like for this file is -51.6344 over 254 frames.
LOG (gmm-acc-mllt[5.5.294-06484]:main():gmm-acc-mllt.cc:108) Average like for this file is -50.4539 over 278 frames.
LOG (gmm-acc-mllt[5.5.294-06484]:main():gmm-acc-mllt.cc:108) Average like for this file is -49.1874 over 270 frames.
LOG (gmm-acc-mllt[5.5.294-06484]:main():gmm-acc-mllt.cc:108) Average like for this file is -48.6546 over 244 frames.
LOG (gmm-acc-mllt[5.5.294-06484]:main():gmm-acc-mllt.cc:108) Average like for this file is -47.2537 over 324 frames.
LOG (transform-feats[5.5.294-06484]:main():transform-feats.cc:158) Overall average [pseudo-]logdet is -90.8912 over 37997 frames.
LOG (transform-feats[5.5.294-06484]:main():transform-feats.cc:161) Applied transform to 120 utterances; 0 had errors.
LOG (gmm-acc-mllt[5.5.294-06484]:main():gmm-acc-mllt.cc:108) Average like for this file is -49.4165 over 291 frames.
LOG (gmm-acc-mllt[5.5.294-06484]:main():gmm-acc-mllt.cc:114) Avg like per frame so far is -51.9898
LOG (gmm-acc-mllt[5.5.294-06484]:main():gmm-acc-mllt.cc:119) Done 120 files, 0 with no posteriors, 0 with other errors.
LOG (gmm-acc-mllt[5.5.294-06484]:main():gmm-acc-mllt.cc:123) Overall avg like per frame (Gaussian only) = -51.9898 over 33215 frames.
LOG (gmm-acc-mllt[5.5.294-06484]:main():gmm-acc-mllt.cc:127) Written accs.
# Accounting: time=0 threads=1
# Ended (code 0) at Mon Apr 29 15:20:01 AEST 2019, elapsed time 0 seconds
