# gmm-est --write-occs=exp/tri2/17.occs --mix-up=10000 --power=0.25 exp/tri2/16.mdl "gmm-sum-accs - exp/tri2/16.*.acc |" exp/tri2/17.mdl 
# Started at Mon Apr 29 15:20:08 AEST 2019
#
gmm-est --write-occs=exp/tri2/17.occs --mix-up=10000 --power=0.25 exp/tri2/16.mdl 'gmm-sum-accs - exp/tri2/16.*.acc |' exp/tri2/17.mdl 
gmm-sum-accs - exp/tri2/16.1.acc exp/tri2/16.10.acc exp/tri2/16.2.acc exp/tri2/16.3.acc exp/tri2/16.4.acc exp/tri2/16.5.acc exp/tri2/16.6.acc exp/tri2/16.7.acc exp/tri2/16.8.acc exp/tri2/16.9.acc 
LOG (gmm-sum-accs[5.5.294-06484]:main():gmm-sum-accs.cc:63) Summed 10 stats, total count 380733, avg like/frame -47.5592
LOG (gmm-sum-accs[5.5.294-06484]:main():gmm-sum-accs.cc:66) Total count of stats is 380733
LOG (gmm-sum-accs[5.5.294-06484]:main():gmm-sum-accs.cc:67) Written stats to -
LOG (gmm-est[5.5.294-06484]:MleUpdate():transition-model.cc:528) TransitionModel::Update, objf change is 0 per frame over 380733 frames. 
LOG (gmm-est[5.5.294-06484]:MleUpdate():transition-model.cc:531) 40 probabilities floored, 5 out of 1380 transition-states skipped due to insuffient data (it is normal to have some skipped.)
LOG (gmm-est[5.5.294-06484]:main():gmm-est.cc:102) Transition model update: Overall 0 log-like improvement per frame over 380733 frames.
WARNING (gmm-est[5.5.294-06484]:MleDiagGmmUpdate():mle-diag-gmm.cc:365) Gaussian has too little data but not removing it because it is the last Gaussian: i = 0, occ = 9, weight = 1
WARNING (gmm-est[5.5.294-06484]:MleDiagGmmUpdate():mle-diag-gmm.cc:365) Gaussian has too little data but not removing it because it is the last Gaussian: i = 0, occ = 7, weight = 1
WARNING (gmm-est[5.5.294-06484]:MleDiagGmmUpdate():mle-diag-gmm.cc:365) Gaussian has too little data but not removing it because it is the last Gaussian: i = 0, occ = 8, weight = 1
WARNING (gmm-est[5.5.294-06484]:MleDiagGmmUpdate():mle-diag-gmm.cc:365) Gaussian has too little data but not removing it because it is the last Gaussian: i = 0, occ = 9, weight = 1
WARNING (gmm-est[5.5.294-06484]:MleDiagGmmUpdate():mle-diag-gmm.cc:365) Gaussian has too little data but not removing it because it is the last Gaussian: i = 0, occ = 7, weight = 1
WARNING (gmm-est[5.5.294-06484]:MleDiagGmmUpdate():mle-diag-gmm.cc:365) Gaussian has too little data but not removing it because it is the last Gaussian: i = 0, occ = 10, weight = 1
WARNING (gmm-est[5.5.294-06484]:MleDiagGmmUpdate():mle-diag-gmm.cc:359) Too little data - removing Gaussian (weight 0.059300, occupation count 8.479833, vector size 40)
WARNING (gmm-est[5.5.294-06484]:MleDiagGmmUpdate():mle-diag-gmm.cc:365) Gaussian has too little data but not removing it because it is the last Gaussian: i = 0, occ = 9, weight = 1
WARNING (gmm-est[5.5.294-06484]:MleDiagGmmUpdate():mle-diag-gmm.cc:359) Too little data - removing Gaussian (weight 0.053200, occupation count 9.788825, vector size 40)
WARNING (gmm-est[5.5.294-06484]:MleDiagGmmUpdate():mle-diag-gmm.cc:365) Gaussian has too little data but not removing it because it is the last Gaussian: i = 0, occ = 9, weight = 1
WARNING (gmm-est[5.5.294-06484]:MleDiagGmmUpdate():mle-diag-gmm.cc:365) Gaussian has too little data but not removing it because it is the last Gaussian: i = 0, occ = 6, weight = 1
WARNING (gmm-est[5.5.294-06484]:MleDiagGmmUpdate():mle-diag-gmm.cc:365) Gaussian has too little data but not removing it because it is the last Gaussian: i = 0, occ = 8, weight = 1
WARNING (gmm-est[5.5.294-06484]:MleDiagGmmUpdate():mle-diag-gmm.cc:365) Gaussian has too little data but not removing it because it is the last Gaussian: i = 0, occ = 8, weight = 1
WARNING (gmm-est[5.5.294-06484]:MleDiagGmmUpdate():mle-diag-gmm.cc:365) Gaussian has too little data but not removing it because it is the last Gaussian: i = 0, occ = 8, weight = 1
WARNING (gmm-est[5.5.294-06484]:MleDiagGmmUpdate():mle-diag-gmm.cc:365) Gaussian has too little data but not removing it because it is the last Gaussian: i = 0, occ = 9, weight = 1
WARNING (gmm-est[5.5.294-06484]:MleDiagGmmUpdate():mle-diag-gmm.cc:359) Too little data - removing Gaussian (weight 0.045929, occupation count 7.716053, vector size 40)
WARNING (gmm-est[5.5.294-06484]:MleDiagGmmUpdate():mle-diag-gmm.cc:365) Gaussian has too little data but not removing it because it is the last Gaussian: i = 0, occ = 5, weight = 1
WARNING (gmm-est[5.5.294-06484]:MleDiagGmmUpdate():mle-diag-gmm.cc:365) Gaussian has too little data but not removing it because it is the last Gaussian: i = 0, occ = 8, weight = 1
WARNING (gmm-est[5.5.294-06484]:MleDiagGmmUpdate():mle-diag-gmm.cc:359) Too little data - removing Gaussian (weight 0.072677, occupation count 9.230021, vector size 40)
WARNING (gmm-est[5.5.294-06484]:MleDiagGmmUpdate():mle-diag-gmm.cc:365) Gaussian has too little data but not removing it because it is the last Gaussian: i = 0, occ = 8, weight = 1
WARNING (gmm-est[5.5.294-06484]:MleDiagGmmUpdate():mle-diag-gmm.cc:365) Gaussian has too little data but not removing it because it is the last Gaussian: i = 0, occ = 9, weight = 1
WARNING (gmm-est[5.5.294-06484]:MleDiagGmmUpdate():mle-diag-gmm.cc:365) Gaussian has too little data but not removing it because it is the last Gaussian: i = 0, occ = 8, weight = 1
WARNING (gmm-est[5.5.294-06484]:MleDiagGmmUpdate():mle-diag-gmm.cc:365) Gaussian has too little data but not removing it because it is the last Gaussian: i = 0, occ = 8, weight = 1
WARNING (gmm-est[5.5.294-06484]:MleDiagGmmUpdate():mle-diag-gmm.cc:365) Gaussian has too little data but not removing it because it is the last Gaussian: i = 0, occ = 9, weight = 1
WARNING (gmm-est[5.5.294-06484]:MleDiagGmmUpdate():mle-diag-gmm.cc:359) Too little data - removing Gaussian (weight 0.138444, occupation count 8.998889, vector size 40)
WARNING (gmm-est[5.5.294-06484]:MleDiagGmmUpdate():mle-diag-gmm.cc:365) Gaussian has too little data but not removing it because it is the last Gaussian: i = 0, occ = 9, weight = 1
LOG (gmm-est[5.5.294-06484]:MleAmDiagGmmUpdate():mle-am-diag-gmm.cc:225) 1 variance elements floored in 1 Gaussians, out of 9499
LOG (gmm-est[5.5.294-06484]:MleAmDiagGmmUpdate():mle-am-diag-gmm.cc:229) Removed 5 Gaussians due to counts < --min-gaussian-occupancy=10 and --remove-low-count-gaussians=true
LOG (gmm-est[5.5.294-06484]:main():gmm-est.cc:113) GMM update: Overall 0.11381 objective function improvement per frame over 380733 frames
LOG (gmm-est[5.5.294-06484]:main():gmm-est.cc:116) GMM update: Overall avg like per frame = -47.5592 over 380733 frames.
LOG (gmm-est[5.5.294-06484]:SplitByCount():am-diag-gmm.cc:116) Split 1304 states with target = 10000, power = 0.25, perturb_factor = 0.01 and min_count = 20, split #Gauss from 9499 to 10004
LOG (gmm-est[5.5.294-06484]:main():gmm-est.cc:146) Written model to exp/tri2/17.mdl
# Accounting: time=0 threads=1
# Ended (code 0) at Mon Apr 29 15:20:08 AEST 2019, elapsed time 0 seconds
