# gmm-est --write-occs=exp/tri2/9.occs --mix-up=6000 --power=0.25 exp/tri2/8.mdl "gmm-sum-accs - exp/tri2/8.*.acc |" exp/tri2/9.mdl 
# Started at Mon Apr 29 15:20:03 AEST 2019
#
gmm-est --write-occs=exp/tri2/9.occs --mix-up=6000 --power=0.25 exp/tri2/8.mdl 'gmm-sum-accs - exp/tri2/8.*.acc |' exp/tri2/9.mdl 
gmm-sum-accs - exp/tri2/8.1.acc exp/tri2/8.10.acc exp/tri2/8.2.acc exp/tri2/8.3.acc exp/tri2/8.4.acc exp/tri2/8.5.acc exp/tri2/8.6.acc exp/tri2/8.7.acc exp/tri2/8.8.acc exp/tri2/8.9.acc 
LOG (gmm-sum-accs[5.5.294-06484]:main():gmm-sum-accs.cc:63) Summed 10 stats, total count 380733, avg like/frame -50.0176
LOG (gmm-sum-accs[5.5.294-06484]:main():gmm-sum-accs.cc:66) Total count of stats is 380733
LOG (gmm-sum-accs[5.5.294-06484]:main():gmm-sum-accs.cc:67) Written stats to -
LOG (gmm-est[5.5.294-06484]:MleUpdate():transition-model.cc:528) TransitionModel::Update, objf change is 0 per frame over 380733 frames. 
LOG (gmm-est[5.5.294-06484]:MleUpdate():transition-model.cc:531) 11 probabilities floored, 2 out of 1380 transition-states skipped due to insuffient data (it is normal to have some skipped.)
LOG (gmm-est[5.5.294-06484]:main():gmm-est.cc:102) Transition model update: Overall 0 log-like improvement per frame over 380733 frames.
WARNING (gmm-est[5.5.294-06484]:MleDiagGmmUpdate():mle-diag-gmm.cc:365) Gaussian has too little data but not removing it because it is the last Gaussian: i = 0, occ = 9, weight = 1
WARNING (gmm-est[5.5.294-06484]:MleDiagGmmUpdate():mle-diag-gmm.cc:365) Gaussian has too little data but not removing it because it is the last Gaussian: i = 0, occ = 7, weight = 1
WARNING (gmm-est[5.5.294-06484]:MleDiagGmmUpdate():mle-diag-gmm.cc:359) Too little data - removing Gaussian (weight 0.166543, occupation count 6.828253, vector size 40)
WARNING (gmm-est[5.5.294-06484]:MleDiagGmmUpdate():mle-diag-gmm.cc:365) Gaussian has too little data but not removing it because it is the last Gaussian: i = 0, occ = 10, weight = 1
WARNING (gmm-est[5.5.294-06484]:MleDiagGmmUpdate():mle-diag-gmm.cc:365) Gaussian has too little data but not removing it because it is the last Gaussian: i = 0, occ = 9, weight = 1
WARNING (gmm-est[5.5.294-06484]:MleDiagGmmUpdate():mle-diag-gmm.cc:365) Gaussian has too little data but not removing it because it is the last Gaussian: i = 0, occ = 8, weight = 1
WARNING (gmm-est[5.5.294-06484]:MleDiagGmmUpdate():mle-diag-gmm.cc:365) Gaussian has too little data but not removing it because it is the last Gaussian: i = 0, occ = 10, weight = 1
WARNING (gmm-est[5.5.294-06484]:MleDiagGmmUpdate():mle-diag-gmm.cc:365) Gaussian has too little data but not removing it because it is the last Gaussian: i = 0, occ = 9, weight = 1
WARNING (gmm-est[5.5.294-06484]:MleDiagGmmUpdate():mle-diag-gmm.cc:359) Too little data - removing Gaussian (weight 0.080986, occupation count 8.827493, vector size 40)
WARNING (gmm-est[5.5.294-06484]:MleDiagGmmUpdate():mle-diag-gmm.cc:365) Gaussian has too little data but not removing it because it is the last Gaussian: i = 0, occ = 10, weight = 1
WARNING (gmm-est[5.5.294-06484]:MleDiagGmmUpdate():mle-diag-gmm.cc:365) Gaussian has too little data but not removing it because it is the last Gaussian: i = 0, occ = 8, weight = 1
WARNING (gmm-est[5.5.294-06484]:MleDiagGmmUpdate():mle-diag-gmm.cc:365) Gaussian has too little data but not removing it because it is the last Gaussian: i = 0, occ = 9, weight = 1
WARNING (gmm-est[5.5.294-06484]:MleDiagGmmUpdate():mle-diag-gmm.cc:365) Gaussian has too little data but not removing it because it is the last Gaussian: i = 0, occ = 9, weight = 1
WARNING (gmm-est[5.5.294-06484]:MleDiagGmmUpdate():mle-diag-gmm.cc:365) Gaussian has too little data but not removing it because it is the last Gaussian: i = 0, occ = 9, weight = 1
WARNING (gmm-est[5.5.294-06484]:MleDiagGmmUpdate():mle-diag-gmm.cc:365) Gaussian has too little data but not removing it because it is the last Gaussian: i = 0, occ = 9, weight = 1
WARNING (gmm-est[5.5.294-06484]:MleDiagGmmUpdate():mle-diag-gmm.cc:365) Gaussian has too little data but not removing it because it is the last Gaussian: i = 0, occ = 10, weight = 1
WARNING (gmm-est[5.5.294-06484]:MleDiagGmmUpdate():mle-diag-gmm.cc:365) Gaussian has too little data but not removing it because it is the last Gaussian: i = 0, occ = 9, weight = 1
WARNING (gmm-est[5.5.294-06484]:MleDiagGmmUpdate():mle-diag-gmm.cc:365) Gaussian has too little data but not removing it because it is the last Gaussian: i = 0, occ = 8, weight = 1
WARNING (gmm-est[5.5.294-06484]:MleDiagGmmUpdate():mle-diag-gmm.cc:365) Gaussian has too little data but not removing it because it is the last Gaussian: i = 0, occ = 10, weight = 1
WARNING (gmm-est[5.5.294-06484]:MleDiagGmmUpdate():mle-diag-gmm.cc:359) Too little data - removing Gaussian (weight 0.112607, occupation count 8.220341, vector size 40)
WARNING (gmm-est[5.5.294-06484]:MleDiagGmmUpdate():mle-diag-gmm.cc:365) Gaussian has too little data but not removing it because it is the last Gaussian: i = 0, occ = 10, weight = 1
WARNING (gmm-est[5.5.294-06484]:MleDiagGmmUpdate():mle-diag-gmm.cc:359) Too little data - removing Gaussian (weight 0.045329, occupation count 8.249833, vector size 40)
WARNING (gmm-est[5.5.294-06484]:MleDiagGmmUpdate():mle-diag-gmm.cc:365) Gaussian has too little data but not removing it because it is the last Gaussian: i = 0, occ = 8, weight = 1
WARNING (gmm-est[5.5.294-06484]:MleDiagGmmUpdate():mle-diag-gmm.cc:365) Gaussian has too little data but not removing it because it is the last Gaussian: i = 0, occ = 9, weight = 1
WARNING (gmm-est[5.5.294-06484]:MleDiagGmmUpdate():mle-diag-gmm.cc:365) Gaussian has too little data but not removing it because it is the last Gaussian: i = 0, occ = 10, weight = 1
LOG (gmm-est[5.5.294-06484]:MleAmDiagGmmUpdate():mle-am-diag-gmm.cc:225) 0 variance elements floored in 0 Gaussians, out of 5496
LOG (gmm-est[5.5.294-06484]:MleAmDiagGmmUpdate():mle-am-diag-gmm.cc:229) Removed 4 Gaussians due to counts < --min-gaussian-occupancy=10 and --remove-low-count-gaussians=true
LOG (gmm-est[5.5.294-06484]:main():gmm-est.cc:113) GMM update: Overall 0.203703 objective function improvement per frame over 380733 frames
LOG (gmm-est[5.5.294-06484]:main():gmm-est.cc:116) GMM update: Overall avg like per frame = -50.0176 over 380733 frames.
LOG (gmm-est[5.5.294-06484]:SplitByCount():am-diag-gmm.cc:116) Split 1304 states with target = 6000, power = 0.25, perturb_factor = 0.01 and min_count = 20, split #Gauss from 5496 to 6000
LOG (gmm-est[5.5.294-06484]:main():gmm-est.cc:146) Written model to exp/tri2/9.mdl
# Accounting: time=0 threads=1
# Ended (code 0) at Mon Apr 29 15:20:03 AEST 2019, elapsed time 0 seconds
