# gmm-acc-stats-ali exp/tri3/4.mdl "ark,s,cs:apply-cmvn  --utt2spk=ark:data/train/split10/4/utt2spk scp:data/train/split10/4/cmvn.scp scp:data/train/split10/4/feats.scp ark:- | splice-feats --left-context=3 --right-context=3 ark:- ark:- | transform-feats exp/tri2_ali/final.mat ark:- ark:- | transform-feats --utt2spk=ark:data/train/split10/4/utt2spk ark:exp/tri3/trans.4 ark:- ark:- |" "ark,s,cs:gunzip -c exp/tri3/ali.4.gz|" exp/tri3/4.4.acc 
# Started at Mon Apr 29 15:20:56 AEST 2019
#
gmm-acc-stats-ali exp/tri3/4.mdl 'ark,s,cs:apply-cmvn  --utt2spk=ark:data/train/split10/4/utt2spk scp:data/train/split10/4/cmvn.scp scp:data/train/split10/4/feats.scp ark:- | splice-feats --left-context=3 --right-context=3 ark:- ark:- | transform-feats exp/tri2_ali/final.mat ark:- ark:- | transform-feats --utt2spk=ark:data/train/split10/4/utt2spk ark:exp/tri3/trans.4 ark:- ark:- |' 'ark,s,cs:gunzip -c exp/tri3/ali.4.gz|' exp/tri3/4.4.acc 
transform-feats --utt2spk=ark:data/train/split10/4/utt2spk ark:exp/tri3/trans.4 ark:- ark:- 
transform-feats exp/tri2_ali/final.mat ark:- ark:- 
apply-cmvn --utt2spk=ark:data/train/split10/4/utt2spk scp:data/train/split10/4/cmvn.scp scp:data/train/split10/4/feats.scp ark:- 
splice-feats --left-context=3 --right-context=3 ark:- ark:- 
LOG (gmm-acc-stats-ali[5.5.294-06484]:main():gmm-acc-stats-ali.cc:105) Processed 50 utterances; for utterance MGAW0_SI1802 avg. like is -54.2659 over 372 frames.
LOG (gmm-acc-stats-ali[5.5.294-06484]:main():gmm-acc-stats-ali.cc:105) Processed 100 utterances; for utterance MJAI0_SX164 avg. like is -53.535 over 327 frames.
LOG (apply-cmvn[5.5.294-06484]:main():apply-cmvn.cc:162) Applied cepstral mean normalization to 120 utterances, errors on 0
LOG (transform-feats[5.5.294-06484]:main():transform-feats.cc:158) Overall average [pseudo-]logdet is -89.2842 over 36915 frames.
LOG (transform-feats[5.5.294-06484]:main():transform-feats.cc:161) Applied transform to 120 utterances; 0 had errors.
LOG (transform-feats[5.5.294-06484]:main():transform-feats.cc:158) Overall average logdet is 3.95006 over 36915 frames.
LOG (transform-feats[5.5.294-06484]:main():transform-feats.cc:161) Applied transform to 120 utterances; 0 had errors.
LOG (gmm-acc-stats-ali[5.5.294-06484]:main():gmm-acc-stats-ali.cc:112) Done 120 files, 0 with errors.
LOG (gmm-acc-stats-ali[5.5.294-06484]:main():gmm-acc-stats-ali.cc:115) Overall avg like per frame (Gaussian only) = -51.7465 over 36915 frames.
LOG (gmm-acc-stats-ali[5.5.294-06484]:main():gmm-acc-stats-ali.cc:123) Written accs.
# Accounting: time=0 threads=1
# Ended (code 0) at Mon Apr 29 15:20:56 AEST 2019, elapsed time 0 seconds
