# gmm-est --power=0.2 --remove-low-count-gaussians=false exp/tri3/35.mdl "gmm-sum-accs - exp/tri3/35.*.acc|" exp/tri3/35.alimdl 
# Started at Mon Apr 29 15:21:15 AEST 2019
#
gmm-est --power=0.2 --remove-low-count-gaussians=false exp/tri3/35.mdl 'gmm-sum-accs - exp/tri3/35.*.acc|' exp/tri3/35.alimdl 
gmm-sum-accs - exp/tri3/35.1.acc exp/tri3/35.10.acc exp/tri3/35.2.acc exp/tri3/35.3.acc exp/tri3/35.4.acc exp/tri3/35.5.acc exp/tri3/35.6.acc exp/tri3/35.7.acc exp/tri3/35.8.acc exp/tri3/35.9.acc 
LOG (gmm-sum-accs[5.5.294-06484]:main():gmm-sum-accs.cc:63) Summed 10 stats, total count 380733, avg like/frame -44.2773
LOG (gmm-sum-accs[5.5.294-06484]:main():gmm-sum-accs.cc:66) Total count of stats is 380733
LOG (gmm-sum-accs[5.5.294-06484]:main():gmm-sum-accs.cc:67) Written stats to -
LOG (gmm-est[5.5.294-06484]:MleUpdate():transition-model.cc:528) TransitionModel::Update, objf change is 0 per frame over 380733 frames. 
LOG (gmm-est[5.5.294-06484]:MleUpdate():transition-model.cc:531) 44 probabilities floored, 5 out of 1611 transition-states skipped due to insuffient data (it is normal to have some skipped.)
LOG (gmm-est[5.5.294-06484]:main():gmm-est.cc:102) Transition model update: Overall 0 log-like improvement per frame over 380733 frames.
WARNING (gmm-est[5.5.294-06484]:MleDiagGmmUpdate():mle-diag-gmm.cc:365) Gaussian has too little data but not removing it because remove-low-count-gaussians == false: g = 7, occ = 9.8707, weight = 0.0253746
WARNING (gmm-est[5.5.294-06484]:MleDiagGmmUpdate():mle-diag-gmm.cc:365) Gaussian has too little data but not removing it because remove-low-count-gaussians == false: g = 6, occ = 7.63065, weight = 0.0454206
WARNING (gmm-est[5.5.294-06484]:MleDiagGmmUpdate():mle-diag-gmm.cc:365) Gaussian has too little data but not removing it because remove-low-count-gaussians == false: g = 0, occ = 6, weight = 1
WARNING (gmm-est[5.5.294-06484]:MleDiagGmmUpdate():mle-diag-gmm.cc:365) Gaussian has too little data but not removing it because remove-low-count-gaussians == false: g = 0, occ = 10, weight = 1
WARNING (gmm-est[5.5.294-06484]:MleDiagGmmUpdate():mle-diag-gmm.cc:365) Gaussian has too little data but not removing it because remove-low-count-gaussians == false: g = 3, occ = 9.99615, weight = 0.0617046
WARNING (gmm-est[5.5.294-06484]:MleDiagGmmUpdate():mle-diag-gmm.cc:365) Gaussian has too little data but not removing it because remove-low-count-gaussians == false: g = 19, occ = 9.95789, weight = 0.0218855
WARNING (gmm-est[5.5.294-06484]:MleDiagGmmUpdate():mle-diag-gmm.cc:365) Gaussian has too little data but not removing it because remove-low-count-gaussians == false: g = 0, occ = 5, weight = 1
WARNING (gmm-est[5.5.294-06484]:MleDiagGmmUpdate():mle-diag-gmm.cc:365) Gaussian has too little data but not removing it because remove-low-count-gaussians == false: g = 0, occ = 10, weight = 1
WARNING (gmm-est[5.5.294-06484]:MleDiagGmmUpdate():mle-diag-gmm.cc:365) Gaussian has too little data but not removing it because remove-low-count-gaussians == false: g = 0, occ = 8, weight = 1
WARNING (gmm-est[5.5.294-06484]:MleDiagGmmUpdate():mle-diag-gmm.cc:365) Gaussian has too little data but not removing it because remove-low-count-gaussians == false: g = 0, occ = 8, weight = 1
WARNING (gmm-est[5.5.294-06484]:MleDiagGmmUpdate():mle-diag-gmm.cc:365) Gaussian has too little data but not removing it because remove-low-count-gaussians == false: g = 0, occ = 6, weight = 1
WARNING (gmm-est[5.5.294-06484]:MleDiagGmmUpdate():mle-diag-gmm.cc:365) Gaussian has too little data but not removing it because remove-low-count-gaussians == false: g = 9, occ = 9.96627, weight = 0.0455081
WARNING (gmm-est[5.5.294-06484]:MleDiagGmmUpdate():mle-diag-gmm.cc:365) Gaussian has too little data but not removing it because remove-low-count-gaussians == false: g = 10, occ = 9.99998, weight = 0.044843
WARNING (gmm-est[5.5.294-06484]:MleDiagGmmUpdate():mle-diag-gmm.cc:365) Gaussian has too little data but not removing it because remove-low-count-gaussians == false: g = 0, occ = 8, weight = 1
WARNING (gmm-est[5.5.294-06484]:MleDiagGmmUpdate():mle-diag-gmm.cc:365) Gaussian has too little data but not removing it because remove-low-count-gaussians == false: g = 11, occ = 9.99003, weight = 0.0327542
WARNING (gmm-est[5.5.294-06484]:MleDiagGmmUpdate():mle-diag-gmm.cc:365) Gaussian has too little data but not removing it because remove-low-count-gaussians == false: g = 0, occ = 8, weight = 1
WARNING (gmm-est[5.5.294-06484]:MleDiagGmmUpdate():mle-diag-gmm.cc:365) Gaussian has too little data but not removing it because remove-low-count-gaussians == false: g = 0, occ = 8, weight = 1
WARNING (gmm-est[5.5.294-06484]:MleDiagGmmUpdate():mle-diag-gmm.cc:365) Gaussian has too little data but not removing it because remove-low-count-gaussians == false: g = 12, occ = 9.94779, weight = 0.03099
LOG (gmm-est[5.5.294-06484]:MleAmDiagGmmUpdate():mle-am-diag-gmm.cc:225) 1 variance elements floored in 1 Gaussians, out of 15070
LOG (gmm-est[5.5.294-06484]:main():gmm-est.cc:113) GMM update: Overall 6.44337 objective function improvement per frame over 380733 frames
LOG (gmm-est[5.5.294-06484]:main():gmm-est.cc:116) GMM update: Overall avg like per frame = -44.2773 over 380733 frames.
LOG (gmm-est[5.5.294-06484]:main():gmm-est.cc:146) Written model to exp/tri3/35.alimdl
# Accounting: time=0 threads=1
# Ended (code 0) at Mon Apr 29 15:21:15 AEST 2019, elapsed time 0 seconds
