# gmm-est --power=0.2 --write-occs=exp/tri3/23.occs --mix-up=13000 exp/tri3/22.mdl "gmm-sum-accs - exp/tri3/22.*.acc |" exp/tri3/23.mdl 
# Started at Mon Apr 29 15:21:07 AEST 2019
#
gmm-est --power=0.2 --write-occs=exp/tri3/23.occs --mix-up=13000 exp/tri3/22.mdl 'gmm-sum-accs - exp/tri3/22.*.acc |' exp/tri3/23.mdl 
gmm-sum-accs - exp/tri3/22.1.acc exp/tri3/22.10.acc exp/tri3/22.2.acc exp/tri3/22.3.acc exp/tri3/22.4.acc exp/tri3/22.5.acc exp/tri3/22.6.acc exp/tri3/22.7.acc exp/tri3/22.8.acc exp/tri3/22.9.acc 
LOG (gmm-sum-accs[5.5.294-06484]:main():gmm-sum-accs.cc:63) Summed 10 stats, total count 380733, avg like/frame -45.5702
LOG (gmm-sum-accs[5.5.294-06484]:main():gmm-sum-accs.cc:66) Total count of stats is 380733
LOG (gmm-sum-accs[5.5.294-06484]:main():gmm-sum-accs.cc:67) Written stats to -
LOG (gmm-est[5.5.294-06484]:MleUpdate():transition-model.cc:528) TransitionModel::Update, objf change is 0 per frame over 380733 frames. 
LOG (gmm-est[5.5.294-06484]:MleUpdate():transition-model.cc:531) 46 probabilities floored, 4 out of 1611 transition-states skipped due to insuffient data (it is normal to have some skipped.)
LOG (gmm-est[5.5.294-06484]:main():gmm-est.cc:102) Transition model update: Overall 0 log-like improvement per frame over 380733 frames.
WARNING (gmm-est[5.5.294-06484]:MleDiagGmmUpdate():mle-diag-gmm.cc:359) Too little data - removing Gaussian (weight 0.052743, occupation count 9.019019, vector size 40)
WARNING (gmm-est[5.5.294-06484]:MleDiagGmmUpdate():mle-diag-gmm.cc:365) Gaussian has too little data but not removing it because it is the last Gaussian: i = 0, occ = 6, weight = 1
WARNING (gmm-est[5.5.294-06484]:MleDiagGmmUpdate():mle-diag-gmm.cc:365) Gaussian has too little data but not removing it because it is the last Gaussian: i = 0, occ = 10, weight = 1
WARNING (gmm-est[5.5.294-06484]:MleDiagGmmUpdate():mle-diag-gmm.cc:359) Too little data - removing Gaussian (weight 0.052448, occupation count 9.860305, vector size 40)
WARNING (gmm-est[5.5.294-06484]:MleDiagGmmUpdate():mle-diag-gmm.cc:359) Too little data - removing Gaussian (weight 0.058510, occupation count 9.771127, vector size 40)
WARNING (gmm-est[5.5.294-06484]:MleDiagGmmUpdate():mle-diag-gmm.cc:359) Too little data - removing Gaussian (weight 0.067992, occupation count 9.926877, vector size 40)
WARNING (gmm-est[5.5.294-06484]:MleDiagGmmUpdate():mle-diag-gmm.cc:359) Too little data - removing Gaussian (weight 0.061349, occupation count 9.999855, vector size 40)
WARNING (gmm-est[5.5.294-06484]:MleDiagGmmUpdate():mle-diag-gmm.cc:365) Gaussian has too little data but not removing it because it is the last Gaussian: i = 0, occ = 6, weight = 1
WARNING (gmm-est[5.5.294-06484]:MleDiagGmmUpdate():mle-diag-gmm.cc:365) Gaussian has too little data but not removing it because it is the last Gaussian: i = 0, occ = 10, weight = 1
WARNING (gmm-est[5.5.294-06484]:MleDiagGmmUpdate():mle-diag-gmm.cc:365) Gaussian has too little data but not removing it because it is the last Gaussian: i = 0, occ = 8, weight = 1
WARNING (gmm-est[5.5.294-06484]:MleDiagGmmUpdate():mle-diag-gmm.cc:365) Gaussian has too little data but not removing it because it is the last Gaussian: i = 0, occ = 8, weight = 1
WARNING (gmm-est[5.5.294-06484]:MleDiagGmmUpdate():mle-diag-gmm.cc:365) Gaussian has too little data but not removing it because it is the last Gaussian: i = 0, occ = 6, weight = 1
WARNING (gmm-est[5.5.294-06484]:MleDiagGmmUpdate():mle-diag-gmm.cc:359) Too little data - removing Gaussian (weight 0.042016, occupation count 9.789751, vector size 40)
WARNING (gmm-est[5.5.294-06484]:MleDiagGmmUpdate():mle-diag-gmm.cc:365) Gaussian has too little data but not removing it because it is the last Gaussian: i = 0, occ = 8, weight = 1
WARNING (gmm-est[5.5.294-06484]:MleDiagGmmUpdate():mle-diag-gmm.cc:359) Too little data - removing Gaussian (weight 0.044003, occupation count 9.900677, vector size 40)
WARNING (gmm-est[5.5.294-06484]:MleDiagGmmUpdate():mle-diag-gmm.cc:359) Too little data - removing Gaussian (weight 0.044421, occupation count 8.973132, vector size 40)
WARNING (gmm-est[5.5.294-06484]:MleDiagGmmUpdate():mle-diag-gmm.cc:359) Too little data - removing Gaussian (weight 0.050704, occupation count 9.836494, vector size 40)
WARNING (gmm-est[5.5.294-06484]:MleDiagGmmUpdate():mle-diag-gmm.cc:365) Gaussian has too little data but not removing it because it is the last Gaussian: i = 0, occ = 9, weight = 1
WARNING (gmm-est[5.5.294-06484]:MleDiagGmmUpdate():mle-diag-gmm.cc:359) Too little data - removing Gaussian (weight 0.054872, occupation count 9.986794, vector size 40)
WARNING (gmm-est[5.5.294-06484]:MleDiagGmmUpdate():mle-diag-gmm.cc:365) Gaussian has too little data but not removing it because it is the last Gaussian: i = 0, occ = 8, weight = 1
LOG (gmm-est[5.5.294-06484]:MleAmDiagGmmUpdate():mle-am-diag-gmm.cc:225) 6 variance elements floored in 6 Gaussians, out of 12521
LOG (gmm-est[5.5.294-06484]:MleAmDiagGmmUpdate():mle-am-diag-gmm.cc:229) Removed 10 Gaussians due to counts < --min-gaussian-occupancy=10 and --remove-low-count-gaussians=true
LOG (gmm-est[5.5.294-06484]:main():gmm-est.cc:113) GMM update: Overall 0.0885749 objective function improvement per frame over 380733 frames
LOG (gmm-est[5.5.294-06484]:main():gmm-est.cc:116) GMM update: Overall avg like per frame = -45.5702 over 380733 frames.
LOG (gmm-est[5.5.294-06484]:SplitByCount():am-diag-gmm.cc:116) Split 1520 states with target = 13000, power = 0.2, perturb_factor = 0.01 and min_count = 20, split #Gauss from 12521 to 13031
LOG (gmm-est[5.5.294-06484]:main():gmm-est.cc:146) Written model to exp/tri3/23.mdl
# Accounting: time=0 threads=1
# Ended (code 0) at Mon Apr 29 15:21:07 AEST 2019, elapsed time 0 seconds
