# gmm-align-compiled --transition-scale=1.0 --acoustic-scale=0.1 --self-loop-scale=0.1 --beam=10 --retry-beam=40 --careful=false "gmm-boost-silence --boost=1.0 1 exp/tri3/final.alimdl - |" "ark:gunzip -c exp/tri3_ali/fsts.4.gz|" "ark,s,cs:apply-cmvn  --utt2spk=ark:data/train/split10/4/utt2spk scp:data/train/split10/4/cmvn.scp scp:data/train/split10/4/feats.scp ark:- | splice-feats --left-context=3 --right-context=3 ark:- ark:- | transform-feats exp/tri3/final.mat ark:- ark:- |" "ark:|gzip -c >exp/tri3_ali/pre_ali.4.gz" 
# Started at Mon Apr 29 16:39:52 AEST 2019
#
gmm-align-compiled --transition-scale=1.0 --acoustic-scale=0.1 --self-loop-scale=0.1 --beam=10 --retry-beam=40 --careful=false 'gmm-boost-silence --boost=1.0 1 exp/tri3/final.alimdl - |' 'ark:gunzip -c exp/tri3_ali/fsts.4.gz|' 'ark,s,cs:apply-cmvn  --utt2spk=ark:data/train/split10/4/utt2spk scp:data/train/split10/4/cmvn.scp scp:data/train/split10/4/feats.scp ark:- | splice-feats --left-context=3 --right-context=3 ark:- ark:- | transform-feats exp/tri3/final.mat ark:- ark:- |' 'ark:|gzip -c >exp/tri3_ali/pre_ali.4.gz' 
gmm-boost-silence --boost=1.0 1 exp/tri3/final.alimdl - 
LOG (gmm-boost-silence[5.5.294-06484]:main():gmm-boost-silence.cc:93) Boosted weights for 3 pdfs, by factor of 1
LOG (gmm-boost-silence[5.5.294-06484]:main():gmm-boost-silence.cc:103) Wrote model to -
splice-feats --left-context=3 --right-context=3 ark:- ark:- 
apply-cmvn --utt2spk=ark:data/train/split10/4/utt2spk scp:data/train/split10/4/cmvn.scp scp:data/train/split10/4/feats.scp ark:- 
transform-feats exp/tri3/final.mat ark:- ark:- 
LOG (gmm-align-compiled[5.5.294-06484]:main():gmm-align-compiled.cc:127) MADC0_SI1367
LOG (gmm-align-compiled[5.5.294-06484]:main():gmm-align-compiled.cc:127) MADC0_SI1997
LOG (gmm-align-compiled[5.5.294-06484]:main():gmm-align-compiled.cc:127) MADC0_SI737
LOG (gmm-align-compiled[5.5.294-06484]:main():gmm-align-compiled.cc:127) MADC0_SX107
LOG (gmm-align-compiled[5.5.294-06484]:main():gmm-align-compiled.cc:127) MADC0_SX17
LOG (gmm-align-compiled[5.5.294-06484]:main():gmm-align-compiled.cc:127) MADC0_SX197
LOG (gmm-align-compiled[5.5.294-06484]:main():gmm-align-compiled.cc:127) MADC0_SX287
LOG (gmm-align-compiled[5.5.294-06484]:main():gmm-align-compiled.cc:127) MADC0_SX377
LOG (gmm-align-compiled[5.5.294-06484]:main():gmm-align-compiled.cc:127) MAKB0_SI1016
LOG (gmm-align-compiled[5.5.294-06484]:main():gmm-align-compiled.cc:127) MAKB0_SI1646
LOG (gmm-align-compiled[5.5.294-06484]:main():gmm-align-compiled.cc:127) MAKB0_SI2276
LOG (gmm-align-compiled[5.5.294-06484]:main():gmm-align-compiled.cc:127) MAKB0_SX116
LOG (gmm-align-compiled[5.5.294-06484]:main():gmm-align-compiled.cc:127) MAKB0_SX206
LOG (gmm-align-compiled[5.5.294-06484]:main():gmm-align-compiled.cc:127) MAKB0_SX26
LOG (gmm-align-compiled[5.5.294-06484]:main():gmm-align-compiled.cc:127) MAKB0_SX296
LOG (gmm-align-compiled[5.5.294-06484]:main():gmm-align-compiled.cc:127) MAKB0_SX386
LOG (gmm-align-compiled[5.5.294-06484]:main():gmm-align-compiled.cc:127) MAKR0_SI1352
LOG (gmm-align-compiled[5.5.294-06484]:main():gmm-align-compiled.cc:127) MAKR0_SI1982
LOG (gmm-align-compiled[5.5.294-06484]:main():gmm-align-compiled.cc:127) MAKR0_SI722
LOG (gmm-align-compiled[5.5.294-06484]:main():gmm-align-compiled.cc:127) MAKR0_SX182
LOG (gmm-align-compiled[5.5.294-06484]:main():gmm-align-compiled.cc:127) MAKR0_SX272
LOG (gmm-align-compiled[5.5.294-06484]:main():gmm-align-compiled.cc:127) MAKR0_SX362
LOG (gmm-align-compiled[5.5.294-06484]:main():gmm-align-compiled.cc:127) MAKR0_SX452
LOG (gmm-align-compiled[5.5.294-06484]:main():gmm-align-compiled.cc:127) MAKR0_SX92
LOG (gmm-align-compiled[5.5.294-06484]:main():gmm-align-compiled.cc:127) MAPV0_SI1293
LOG (gmm-align-compiled[5.5.294-06484]:main():gmm-align-compiled.cc:127) MAPV0_SI1923
LOG (gmm-align-compiled[5.5.294-06484]:main():gmm-align-compiled.cc:127) MAPV0_SI663
LOG (gmm-align-compiled[5.5.294-06484]:main():gmm-align-compiled.cc:127) MAPV0_SX123
LOG (gmm-align-compiled[5.5.294-06484]:main():gmm-align-compiled.cc:127) MAPV0_SX213
LOG (gmm-align-compiled[5.5.294-06484]:main():gmm-align-compiled.cc:127) MAPV0_SX303
LOG (gmm-align-compiled[5.5.294-06484]:main():gmm-align-compiled.cc:127) MAPV0_SX33
LOG (gmm-align-compiled[5.5.294-06484]:main():gmm-align-compiled.cc:127) MAPV0_SX393
LOG (gmm-align-compiled[5.5.294-06484]:main():gmm-align-compiled.cc:127) MBEF0_SI1281
LOG (gmm-align-compiled[5.5.294-06484]:main():gmm-align-compiled.cc:127) MBEF0_SI1911
LOG (gmm-align-compiled[5.5.294-06484]:main():gmm-align-compiled.cc:127) MBEF0_SI651
LOG (gmm-align-compiled[5.5.294-06484]:main():gmm-align-compiled.cc:127) MBEF0_SX111
LOG (gmm-align-compiled[5.5.294-06484]:main():gmm-align-compiled.cc:127) MBEF0_SX201
LOG (gmm-align-compiled[5.5.294-06484]:main():gmm-align-compiled.cc:127) MBEF0_SX21
LOG (gmm-align-compiled[5.5.294-06484]:main():gmm-align-compiled.cc:127) MBEF0_SX291
LOG (gmm-align-compiled[5.5.294-06484]:main():gmm-align-compiled.cc:127) MBEF0_SX381
LOG (gmm-align-compiled[5.5.294-06484]:main():gmm-align-compiled.cc:127) MBGT0_SI1341
LOG (gmm-align-compiled[5.5.294-06484]:main():gmm-align-compiled.cc:127) MBGT0_SI1841
LOG (gmm-align-compiled[5.5.294-06484]:main():gmm-align-compiled.cc:127) MBGT0_SI711
LOG (gmm-align-compiled[5.5.294-06484]:main():gmm-align-compiled.cc:127) MBGT0_SX171
LOG (gmm-align-compiled[5.5.294-06484]:main():gmm-align-compiled.cc:127) MBGT0_SX261
LOG (gmm-align-compiled[5.5.294-06484]:main():gmm-align-compiled.cc:127) MBGT0_SX351
LOG (gmm-align-compiled[5.5.294-06484]:main():gmm-align-compiled.cc:127) MBGT0_SX441
LOG (gmm-align-compiled[5.5.294-06484]:main():gmm-align-compiled.cc:127) MBGT0_SX81
LOG (gmm-align-compiled[5.5.294-06484]:main():gmm-align-compiled.cc:127) MCAL0_SI1138
LOG (gmm-align-compiled[5.5.294-06484]:main():gmm-align-compiled.cc:127) MCAL0_SI1768
LOG (gmm-align-compiled[5.5.294-06484]:main():gmm-align-compiled.cc:127) MCAL0_SI508
LOG (gmm-align-compiled[5.5.294-06484]:main():gmm-align-compiled.cc:127) MCAL0_SX148
LOG (gmm-align-compiled[5.5.294-06484]:main():gmm-align-compiled.cc:127) MCAL0_SX238
LOG (gmm-align-compiled[5.5.294-06484]:main():gmm-align-compiled.cc:127) MCAL0_SX328
LOG (gmm-align-compiled[5.5.294-06484]:main():gmm-align-compiled.cc:127) MCAL0_SX418
LOG (gmm-align-compiled[5.5.294-06484]:main():gmm-align-compiled.cc:127) MCAL0_SX58
LOG (gmm-align-compiled[5.5.294-06484]:main():gmm-align-compiled.cc:127) MCDC0_SI1292
LOG (gmm-align-compiled[5.5.294-06484]:main():gmm-align-compiled.cc:127) MCDC0_SI1922
LOG (gmm-align-compiled[5.5.294-06484]:main():gmm-align-compiled.cc:127) MCDC0_SI662
LOG (gmm-align-compiled[5.5.294-06484]:main():gmm-align-compiled.cc:127) MCDC0_SX122
LOG (gmm-align-compiled[5.5.294-06484]:main():gmm-align-compiled.cc:127) MCDC0_SX212
LOG (gmm-align-compiled[5.5.294-06484]:main():gmm-align-compiled.cc:127) MCDC0_SX302
LOG (gmm-align-compiled[5.5.294-06484]:main():gmm-align-compiled.cc:127) MCDC0_SX32
LOG (gmm-align-compiled[5.5.294-06484]:main():gmm-align-compiled.cc:127) MCDC0_SX392
LOG (gmm-align-compiled[5.5.294-06484]:main():gmm-align-compiled.cc:127) MCDD0_SI1513
LOG (gmm-align-compiled[5.5.294-06484]:main():gmm-align-compiled.cc:127) MCDD0_SI2143
LOG (gmm-align-compiled[5.5.294-06484]:main():gmm-align-compiled.cc:127) MCDD0_SI883
LOG (gmm-align-compiled[5.5.294-06484]:main():gmm-align-compiled.cc:127) MCDD0_SX163
LOG (gmm-align-compiled[5.5.294-06484]:main():gmm-align-compiled.cc:127) MCDD0_SX253
LOG (gmm-align-compiled[5.5.294-06484]:main():gmm-align-compiled.cc:127) MCDD0_SX343
LOG (gmm-align-compiled[5.5.294-06484]:main():gmm-align-compiled.cc:127) MCDD0_SX433
LOG (gmm-align-compiled[5.5.294-06484]:main():gmm-align-compiled.cc:127) MCDD0_SX73
LOG (gmm-align-compiled[5.5.294-06484]:main():gmm-align-compiled.cc:127) MCEF0_SI1135
LOG (gmm-align-compiled[5.5.294-06484]:main():gmm-align-compiled.cc:127) MCEF0_SI1765
LOG (gmm-align-compiled[5.5.294-06484]:main():gmm-align-compiled.cc:127) MCEF0_SI842
LOG (gmm-align-compiled[5.5.294-06484]:main():gmm-align-compiled.cc:127) MCEF0_SX145
LOG (gmm-align-compiled[5.5.294-06484]:main():gmm-align-compiled.cc:127) MCEF0_SX235
LOG (gmm-align-compiled[5.5.294-06484]:main():gmm-align-compiled.cc:127) MCEF0_SX325
LOG (gmm-align-compiled[5.5.294-06484]:main():gmm-align-compiled.cc:127) MCEF0_SX415
LOG (gmm-align-compiled[5.5.294-06484]:main():gmm-align-compiled.cc:127) MCEF0_SX55
LOG (gmm-align-compiled[5.5.294-06484]:main():gmm-align-compiled.cc:127) MCHL0_SI1347
LOG (gmm-align-compiled[5.5.294-06484]:main():gmm-align-compiled.cc:127) MCHL0_SI1404
LOG (gmm-align-compiled[5.5.294-06484]:main():gmm-align-compiled.cc:127) MCHL0_SI1977
LOG (gmm-align-compiled[5.5.294-06484]:main():gmm-align-compiled.cc:127) MCHL0_SX177
LOG (gmm-align-compiled[5.5.294-06484]:main():gmm-align-compiled.cc:127) MCHL0_SX267
LOG (gmm-align-compiled[5.5.294-06484]:main():gmm-align-compiled.cc:127) MCHL0_SX357
LOG (gmm-align-compiled[5.5.294-06484]:main():gmm-align-compiled.cc:127) MCHL0_SX447
LOG (gmm-align-compiled[5.5.294-06484]:main():gmm-align-compiled.cc:127) MCHL0_SX87
LOG (gmm-align-compiled[5.5.294-06484]:main():gmm-align-compiled.cc:127) MCLM0_SI1456
LOG (gmm-align-compiled[5.5.294-06484]:main():gmm-align-compiled.cc:127) MCLM0_SI2086
LOG (gmm-align-compiled[5.5.294-06484]:main():gmm-align-compiled.cc:127) MCLM0_SI826
LOG (gmm-align-compiled[5.5.294-06484]:main():gmm-align-compiled.cc:127) MCLM0_SX106
LOG (gmm-align-compiled[5.5.294-06484]:main():gmm-align-compiled.cc:127) MCLM0_SX16
LOG (gmm-align-compiled[5.5.294-06484]:main():gmm-align-compiled.cc:127) MCLM0_SX196
LOG (gmm-align-compiled[5.5.294-06484]:main():gmm-align-compiled.cc:127) MCLM0_SX286
LOG (gmm-align-compiled[5.5.294-06484]:main():gmm-align-compiled.cc:127) MCLM0_SX376
LOG (gmm-align-compiled[5.5.294-06484]:main():gmm-align-compiled.cc:127) MDAS0_SI1266
LOG (gmm-align-compiled[5.5.294-06484]:main():gmm-align-compiled.cc:127) MDAS0_SI1896
LOG (gmm-align-compiled[5.5.294-06484]:main():gmm-align-compiled.cc:127) MDAS0_SI636
LOG (gmm-align-compiled[5.5.294-06484]:main():gmm-align-compiled.cc:127) MDAS0_SX186
LOG (gmm-align-compiled[5.5.294-06484]:main():gmm-align-compiled.cc:127) MDAS0_SX21
LOG (gmm-align-compiled[5.5.294-06484]:main():gmm-align-compiled.cc:127) MDAS0_SX276
LOG (gmm-align-compiled[5.5.294-06484]:main():gmm-align-compiled.cc:127) MDAS0_SX6
LOG (gmm-align-compiled[5.5.294-06484]:main():gmm-align-compiled.cc:127) MDAS0_SX96
LOG (gmm-align-compiled[5.5.294-06484]:main():gmm-align-compiled.cc:127) MDBB1_SI1006
LOG (gmm-align-compiled[5.5.294-06484]:main():gmm-align-compiled.cc:127) MDBB1_SI1636
LOG (gmm-align-compiled[5.5.294-06484]:main():gmm-align-compiled.cc:127) MDBB1_SI2056
LOG (gmm-align-compiled[5.5.294-06484]:main():gmm-align-compiled.cc:127) MDBB1_SX106
LOG (gmm-align-compiled[5.5.294-06484]:main():gmm-align-compiled.cc:127) MDBB1_SX16
LOG (gmm-align-compiled[5.5.294-06484]:main():gmm-align-compiled.cc:127) MDBB1_SX196
LOG (gmm-align-compiled[5.5.294-06484]:main():gmm-align-compiled.cc:127) MDBB1_SX286
LOG (gmm-align-compiled[5.5.294-06484]:main():gmm-align-compiled.cc:127) MDBB1_SX376
LOG (gmm-align-compiled[5.5.294-06484]:main():gmm-align-compiled.cc:127) MDDC0_SI1419
LOG (apply-cmvn[5.5.294-06484]:main():apply-cmvn.cc:162) Applied cepstral mean normalization to 120 utterances, errors on 0
LOG (gmm-align-compiled[5.5.294-06484]:main():gmm-align-compiled.cc:127) MDDC0_SI2049
LOG (gmm-align-compiled[5.5.294-06484]:main():gmm-align-compiled.cc:127) MDDC0_SI789
LOG (gmm-align-compiled[5.5.294-06484]:main():gmm-align-compiled.cc:127) MDDC0_SX159
LOG (gmm-align-compiled[5.5.294-06484]:main():gmm-align-compiled.cc:127) MDDC0_SX249
LOG (gmm-align-compiled[5.5.294-06484]:main():gmm-align-compiled.cc:127) MDDC0_SX339
LOG (gmm-align-compiled[5.5.294-06484]:main():gmm-align-compiled.cc:127) MDDC0_SX429
LOG (transform-feats[5.5.294-06484]:main():transform-feats.cc:158) Overall average [pseudo-]logdet is -89.0921 over 34524 frames.
LOG (transform-feats[5.5.294-06484]:main():transform-feats.cc:161) Applied transform to 120 utterances; 0 had errors.
LOG (gmm-align-compiled[5.5.294-06484]:main():gmm-align-compiled.cc:127) MDDC0_SX69
LOG (gmm-align-compiled[5.5.294-06484]:main():gmm-align-compiled.cc:135) Overall log-likelihood per frame is -46.6351 over 34524 frames.
LOG (gmm-align-compiled[5.5.294-06484]:main():gmm-align-compiled.cc:137) Retried 0 out of 120 utterances.
LOG (gmm-align-compiled[5.5.294-06484]:main():gmm-align-compiled.cc:139) Done 120, errors on 0
# Accounting: time=0 threads=1
# Ended (code 0) at Mon Apr 29 16:39:52 AEST 2019, elapsed time 0 seconds
