# ali-to-post "ark:gunzip -c exp/tri3_ali/pre_ali.3.gz|" ark:- | weight-silence-post 0.0 1 exp/tri3/final.alimdl ark:- ark:- | gmm-post-to-gpost exp/tri3/final.alimdl "ark,s,cs:apply-cmvn  --utt2spk=ark:data/train/split10/3/utt2spk scp:data/train/split10/3/cmvn.scp scp:data/train/split10/3/feats.scp ark:- | splice-feats --left-context=3 --right-context=3 ark:- ark:- | transform-feats exp/tri3/final.mat ark:- ark:- |" ark:- ark:- | gmm-est-fmllr-gpost --fmllr-update-type=full --spk2utt=ark:data/train/split10/3/spk2utt exp/tri3/final.mdl "ark,s,cs:apply-cmvn  --utt2spk=ark:data/train/split10/3/utt2spk scp:data/train/split10/3/cmvn.scp scp:data/train/split10/3/feats.scp ark:- | splice-feats --left-context=3 --right-context=3 ark:- ark:- | transform-feats exp/tri3/final.mat ark:- ark:- |" ark,s,cs:- ark:exp/tri3_ali/trans.3 
# Started at Mon Apr 29 16:39:52 AEST 2019
#
ali-to-post 'ark:gunzip -c exp/tri3_ali/pre_ali.3.gz|' ark:- 
weight-silence-post 0.0 1 exp/tri3/final.alimdl ark:- ark:- 
gmm-post-to-gpost exp/tri3/final.alimdl 'ark,s,cs:apply-cmvn  --utt2spk=ark:data/train/split10/3/utt2spk scp:data/train/split10/3/cmvn.scp scp:data/train/split10/3/feats.scp ark:- | splice-feats --left-context=3 --right-context=3 ark:- ark:- | transform-feats exp/tri3/final.mat ark:- ark:- |' ark:- ark:- 
gmm-est-fmllr-gpost --fmllr-update-type=full --spk2utt=ark:data/train/split10/3/spk2utt exp/tri3/final.mdl 'ark,s,cs:apply-cmvn  --utt2spk=ark:data/train/split10/3/utt2spk scp:data/train/split10/3/cmvn.scp scp:data/train/split10/3/feats.scp ark:- | splice-feats --left-context=3 --right-context=3 ark:- ark:- | transform-feats exp/tri3/final.mat ark:- ark:- |' ark,s,cs:- ark:exp/tri3_ali/trans.3 
transform-feats exp/tri3/final.mat ark:- ark:- 
apply-cmvn --utt2spk=ark:data/train/split10/3/utt2spk scp:data/train/split10/3/cmvn.scp scp:data/train/split10/3/feats.scp ark:- 
splice-feats --left-context=3 --right-context=3 ark:- ark:- 
transform-feats exp/tri3/final.mat ark:- ark:- 
apply-cmvn --utt2spk=ark:data/train/split10/3/utt2spk scp:data/train/split10/3/cmvn.scp scp:data/train/split10/3/feats.scp ark:- 
splice-feats --left-context=3 --right-context=3 ark:- ark:- 
LOG (gmm-est-fmllr-gpost[5.5.294-06484]:ComputeFmllrMatrixDiagGmmFull():fmllr-diag-gmm.cc:262) fMLLR objf improvement is 17.1398 per frame over 2188 frames.
LOG (gmm-est-fmllr-gpost[5.5.294-06484]:main():gmm-est-fmllr-gpost.cc:141) For speaker FSLS0, auxf-impr from fMLLR is 17.1398, over 2188 frames.

LOG (gmm-est-fmllr-gpost[5.5.294-06484]:ComputeFmllrMatrixDiagGmmFull():fmllr-diag-gmm.cc:262) fMLLR objf improvement is 14.2858 per frame over 2390 frames.
LOG (gmm-est-fmllr-gpost[5.5.294-06484]:main():gmm-est-fmllr-gpost.cc:141) For speaker FSMA0, auxf-impr from fMLLR is 14.2858, over 2390 frames.

LOG (gmm-est-fmllr-gpost[5.5.294-06484]:ComputeFmllrMatrixDiagGmmFull():fmllr-diag-gmm.cc:262) fMLLR objf improvement is 17.3149 per frame over 2346 frames.
LOG (gmm-est-fmllr-gpost[5.5.294-06484]:main():gmm-est-fmllr-gpost.cc:141) For speaker FSMM0, auxf-impr from fMLLR is 17.3149, over 2346 frames.

LOG (gmm-est-fmllr-gpost[5.5.294-06484]:ComputeFmllrMatrixDiagGmmFull():fmllr-diag-gmm.cc:262) fMLLR objf improvement is 38.1022 per frame over 2194 frames.
LOG (gmm-est-fmllr-gpost[5.5.294-06484]:main():gmm-est-fmllr-gpost.cc:141) For speaker FSMS1, auxf-impr from fMLLR is 38.1022, over 2194 frames.

LOG (gmm-est-fmllr-gpost[5.5.294-06484]:ComputeFmllrMatrixDiagGmmFull():fmllr-diag-gmm.cc:262) fMLLR objf improvement is 10.1743 per frame over 2362 frames.
LOG (gmm-est-fmllr-gpost[5.5.294-06484]:main():gmm-est-fmllr-gpost.cc:141) For speaker FSPM0, auxf-impr from fMLLR is 10.1743, over 2362 frames.

LOG (gmm-est-fmllr-gpost[5.5.294-06484]:ComputeFmllrMatrixDiagGmmFull():fmllr-diag-gmm.cc:262) fMLLR objf improvement is 16.6233 per frame over 2042 frames.
LOG (gmm-est-fmllr-gpost[5.5.294-06484]:main():gmm-est-fmllr-gpost.cc:141) For speaker FSRH0, auxf-impr from fMLLR is 16.6233, over 2042 frames.

LOG (gmm-est-fmllr-gpost[5.5.294-06484]:ComputeFmllrMatrixDiagGmmFull():fmllr-diag-gmm.cc:262) fMLLR objf improvement is 10.8364 per frame over 2391 frames.
LOG (gmm-est-fmllr-gpost[5.5.294-06484]:main():gmm-est-fmllr-gpost.cc:141) For speaker FSSB0, auxf-impr from fMLLR is 10.8364, over 2391 frames.

LOG (gmm-est-fmllr-gpost[5.5.294-06484]:ComputeFmllrMatrixDiagGmmFull():fmllr-diag-gmm.cc:262) fMLLR objf improvement is 8.13436 per frame over 1703 frames.
LOG (gmm-est-fmllr-gpost[5.5.294-06484]:main():gmm-est-fmllr-gpost.cc:141) For speaker FTAJ0, auxf-impr from fMLLR is 8.13436, over 1703 frames.

LOG (gmm-est-fmllr-gpost[5.5.294-06484]:ComputeFmllrMatrixDiagGmmFull():fmllr-diag-gmm.cc:262) fMLLR objf improvement is 20.1174 per frame over 2201 frames.
LOG (gmm-est-fmllr-gpost[5.5.294-06484]:main():gmm-est-fmllr-gpost.cc:141) For speaker FTBR0, auxf-impr from fMLLR is 20.1174, over 2201 frames.

LOG (gmm-est-fmllr-gpost[5.5.294-06484]:ComputeFmllrMatrixDiagGmmFull():fmllr-diag-gmm.cc:262) fMLLR objf improvement is 10.1498 per frame over 2241 frames.
LOG (gmm-est-fmllr-gpost[5.5.294-06484]:main():gmm-est-fmllr-gpost.cc:141) For speaker FTBW0, auxf-impr from fMLLR is 10.1498, over 2241 frames.

LOG (gmm-est-fmllr-gpost[5.5.294-06484]:ComputeFmllrMatrixDiagGmmFull():fmllr-diag-gmm.cc:262) fMLLR objf improvement is 18.0266 per frame over 2423 frames.
LOG (gmm-est-fmllr-gpost[5.5.294-06484]:main():gmm-est-fmllr-gpost.cc:141) For speaker FTLG0, auxf-impr from fMLLR is 18.0266, over 2423 frames.

LOG (ali-to-post[5.5.294-06484]:main():ali-to-post.cc:73) Converted 128 alignments.
LOG (gmm-est-fmllr-gpost[5.5.294-06484]:ComputeFmllrMatrixDiagGmmFull():fmllr-diag-gmm.cc:262) fMLLR objf improvement is 18.0591 per frame over 2052 frames.
LOG (gmm-est-fmllr-gpost[5.5.294-06484]:main():gmm-est-fmllr-gpost.cc:141) For speaker FTMG0, auxf-impr from fMLLR is 18.0591, over 2052 frames.

LOG (gmm-est-fmllr-gpost[5.5.294-06484]:ComputeFmllrMatrixDiagGmmFull():fmllr-diag-gmm.cc:262) fMLLR objf improvement is 19.0103 per frame over 1943 frames.
LOG (gmm-est-fmllr-gpost[5.5.294-06484]:main():gmm-est-fmllr-gpost.cc:141) For speaker FVFB0, auxf-impr from fMLLR is 19.0103, over 1943 frames.

LOG (weight-silence-post[5.5.294-06484]:main():weight-silence-post.cc:95) Done 128 posteriors.
LOG (gmm-est-fmllr-gpost[5.5.294-06484]:ComputeFmllrMatrixDiagGmmFull():fmllr-diag-gmm.cc:262) fMLLR objf improvement is 14.4124 per frame over 2160 frames.
LOG (gmm-est-fmllr-gpost[5.5.294-06484]:main():gmm-est-fmllr-gpost.cc:141) For speaker FVKB0, auxf-impr from fMLLR is 14.4124, over 2160 frames.

LOG (apply-cmvn[5.5.294-06484]:main():apply-cmvn.cc:162) Applied cepstral mean normalization to 128 utterances, errors on 0
LOG (apply-cmvn[5.5.294-06484]:main():apply-cmvn.cc:162) Applied cepstral mean normalization to 128 utterances, errors on 0
LOG (gmm-est-fmllr-gpost[5.5.294-06484]:ComputeFmllrMatrixDiagGmmFull():fmllr-diag-gmm.cc:262) fMLLR objf improvement is 16.773 per frame over 2014 frames.
LOG (gmm-est-fmllr-gpost[5.5.294-06484]:main():gmm-est-fmllr-gpost.cc:141) For speaker FVMH0, auxf-impr from fMLLR is 16.773, over 2014 frames.

LOG (transform-feats[5.5.294-06484]:main():transform-feats.cc:158) Overall average [pseudo-]logdet is -89.0921 over 37991 frames.
LOG (transform-feats[5.5.294-06484]:main():transform-feats.cc:161) Applied transform to 128 utterances; 0 had errors.
LOG (gmm-post-to-gpost[5.5.294-06484]:main():gmm-post-to-gpost.cc:124) Done 128 files, 0 with no posteriors, 0 with other errors.
LOG (gmm-post-to-gpost[5.5.294-06484]:main():gmm-post-to-gpost.cc:128) Overall avg like per frame (Gaussian only) = -46.8006 over 34411 frames.
LOG (gmm-post-to-gpost[5.5.294-06484]:main():gmm-post-to-gpost.cc:131) Done converting post to gpost
LOG (transform-feats[5.5.294-06484]:main():transform-feats.cc:158) Overall average [pseudo-]logdet is -89.0921 over 37991 frames.
LOG (transform-feats[5.5.294-06484]:main():transform-feats.cc:161) Applied transform to 128 utterances; 0 had errors.
LOG (gmm-est-fmllr-gpost[5.5.294-06484]:ComputeFmllrMatrixDiagGmmFull():fmllr-diag-gmm.cc:262) fMLLR objf improvement is 9.98125 per frame over 1761 frames.
LOG (gmm-est-fmllr-gpost[5.5.294-06484]:main():gmm-est-fmllr-gpost.cc:141) For speaker MABC0, auxf-impr from fMLLR is 9.98125, over 1761 frames.

LOG (gmm-est-fmllr-gpost[5.5.294-06484]:main():gmm-est-fmllr-gpost.cc:186) Done 128 files, 0 with no gposts, 0 with other errors.
LOG (gmm-est-fmllr-gpost[5.5.294-06484]:main():gmm-est-fmllr-gpost.cc:188) Overall fMLLR auxf impr per frame is 16.2967 over 34411 frames.
# Accounting: time=1 threads=1
# Ended (code 0) at Mon Apr 29 16:39:53 AEST 2019, elapsed time 1 seconds
