# ali-to-post "ark:gunzip -c exp/tri3_ali/pre_ali.1.gz|" ark:- | weight-silence-post 0.0 1 exp/tri3/final.alimdl ark:- ark:- | gmm-post-to-gpost exp/tri3/final.alimdl "ark,s,cs:apply-cmvn  --utt2spk=ark:data/train/split10/1/utt2spk scp:data/train/split10/1/cmvn.scp scp:data/train/split10/1/feats.scp ark:- | splice-feats --left-context=3 --right-context=3 ark:- ark:- | transform-feats exp/tri3/final.mat ark:- ark:- |" ark:- ark:- | gmm-est-fmllr-gpost --fmllr-update-type=full --spk2utt=ark:data/train/split10/1/spk2utt exp/tri3/final.mdl "ark,s,cs:apply-cmvn  --utt2spk=ark:data/train/split10/1/utt2spk scp:data/train/split10/1/cmvn.scp scp:data/train/split10/1/feats.scp ark:- | splice-feats --left-context=3 --right-context=3 ark:- ark:- | transform-feats exp/tri3/final.mat ark:- ark:- |" ark,s,cs:- ark:exp/tri3_ali/trans.1 
# Started at Mon Apr 29 15:22:06 AEST 2019
#
ali-to-post 'ark:gunzip -c exp/tri3_ali/pre_ali.1.gz|' ark:- 
weight-silence-post 0.0 1 exp/tri3/final.alimdl ark:- ark:- 
gmm-post-to-gpost exp/tri3/final.alimdl 'ark,s,cs:apply-cmvn  --utt2spk=ark:data/train/split10/1/utt2spk scp:data/train/split10/1/cmvn.scp scp:data/train/split10/1/feats.scp ark:- | splice-feats --left-context=3 --right-context=3 ark:- ark:- | transform-feats exp/tri3/final.mat ark:- ark:- |' ark:- ark:- 
gmm-est-fmllr-gpost --fmllr-update-type=full --spk2utt=ark:data/train/split10/1/spk2utt exp/tri3/final.mdl 'ark,s,cs:apply-cmvn  --utt2spk=ark:data/train/split10/1/utt2spk scp:data/train/split10/1/cmvn.scp scp:data/train/split10/1/feats.scp ark:- | splice-feats --left-context=3 --right-context=3 ark:- ark:- | transform-feats exp/tri3/final.mat ark:- ark:- |' ark,s,cs:- ark:exp/tri3_ali/trans.1 
transform-feats exp/tri3/final.mat ark:- ark:- 
apply-cmvn --utt2spk=ark:data/train/split10/1/utt2spk scp:data/train/split10/1/cmvn.scp scp:data/train/split10/1/feats.scp ark:- 
splice-feats --left-context=3 --right-context=3 ark:- ark:- 
transform-feats exp/tri3/final.mat ark:- ark:- 
apply-cmvn --utt2spk=ark:data/train/split10/1/utt2spk scp:data/train/split10/1/cmvn.scp scp:data/train/split10/1/feats.scp ark:- 
splice-feats --left-context=3 --right-context=3 ark:- ark:- 
LOG (gmm-est-fmllr-gpost[5.5.294-06484]:ComputeFmllrMatrixDiagGmmFull():fmllr-diag-gmm.cc:262) fMLLR objf improvement is 10.9671 per frame over 2125 frames.
LOG (gmm-est-fmllr-gpost[5.5.294-06484]:main():gmm-est-fmllr-gpost.cc:141) For speaker FCLT0, auxf-impr from fMLLR is 10.9671, over 2125 frames.

LOG (gmm-est-fmllr-gpost[5.5.294-06484]:ComputeFmllrMatrixDiagGmmFull():fmllr-diag-gmm.cc:262) fMLLR objf improvement is 20.678 per frame over 2297 frames.
LOG (gmm-est-fmllr-gpost[5.5.294-06484]:main():gmm-est-fmllr-gpost.cc:141) For speaker FEEH0, auxf-impr from fMLLR is 20.678, over 2297 frames.

LOG (gmm-est-fmllr-gpost[5.5.294-06484]:ComputeFmllrMatrixDiagGmmFull():fmllr-diag-gmm.cc:262) fMLLR objf improvement is 21.4878 per frame over 1958 frames.
LOG (gmm-est-fmllr-gpost[5.5.294-06484]:main():gmm-est-fmllr-gpost.cc:141) For speaker FGCS0, auxf-impr from fMLLR is 21.4878, over 1958 frames.

LOG (gmm-est-fmllr-gpost[5.5.294-06484]:ComputeFmllrMatrixDiagGmmFull():fmllr-diag-gmm.cc:262) fMLLR objf improvement is 17.3886 per frame over 2461 frames.
LOG (gmm-est-fmllr-gpost[5.5.294-06484]:main():gmm-est-fmllr-gpost.cc:141) For speaker FGRW0, auxf-impr from fMLLR is 17.3886, over 2461 frames.

LOG (gmm-est-fmllr-gpost[5.5.294-06484]:ComputeFmllrMatrixDiagGmmFull():fmllr-diag-gmm.cc:262) fMLLR objf improvement is 19.69 per frame over 2219 frames.
LOG (gmm-est-fmllr-gpost[5.5.294-06484]:main():gmm-est-fmllr-gpost.cc:141) For speaker FJLG0, auxf-impr from fMLLR is 19.69, over 2219 frames.

LOG (gmm-est-fmllr-gpost[5.5.294-06484]:ComputeFmllrMatrixDiagGmmFull():fmllr-diag-gmm.cc:262) fMLLR objf improvement is 23.8503 per frame over 2291 frames.
LOG (gmm-est-fmllr-gpost[5.5.294-06484]:main():gmm-est-fmllr-gpost.cc:141) For speaker FJLR0, auxf-impr from fMLLR is 23.8503, over 2291 frames.

LOG (gmm-est-fmllr-gpost[5.5.294-06484]:ComputeFmllrMatrixDiagGmmFull():fmllr-diag-gmm.cc:262) fMLLR objf improvement is 17.0723 per frame over 1885 frames.
LOG (gmm-est-fmllr-gpost[5.5.294-06484]:main():gmm-est-fmllr-gpost.cc:141) For speaker FJRB0, auxf-impr from fMLLR is 17.0723, over 1885 frames.

LOG (gmm-est-fmllr-gpost[5.5.294-06484]:ComputeFmllrMatrixDiagGmmFull():fmllr-diag-gmm.cc:262) fMLLR objf improvement is 14.3908 per frame over 2309 frames.
LOG (gmm-est-fmllr-gpost[5.5.294-06484]:main():gmm-est-fmllr-gpost.cc:141) For speaker FJSK0, auxf-impr from fMLLR is 14.3908, over 2309 frames.

LOG (gmm-est-fmllr-gpost[5.5.294-06484]:ComputeFmllrMatrixDiagGmmFull():fmllr-diag-gmm.cc:262) fMLLR objf improvement is 19.9122 per frame over 2130 frames.
LOG (gmm-est-fmllr-gpost[5.5.294-06484]:main():gmm-est-fmllr-gpost.cc:141) For speaker FJSP0, auxf-impr from fMLLR is 19.9122, over 2130 frames.

LOG (gmm-est-fmllr-gpost[5.5.294-06484]:ComputeFmllrMatrixDiagGmmFull():fmllr-diag-gmm.cc:262) fMLLR objf improvement is 9.47445 per frame over 2015 frames.
LOG (gmm-est-fmllr-gpost[5.5.294-06484]:main():gmm-est-fmllr-gpost.cc:141) For speaker FJWB1, auxf-impr from fMLLR is 9.47445, over 2015 frames.

LOG (gmm-est-fmllr-gpost[5.5.294-06484]:ComputeFmllrMatrixDiagGmmFull():fmllr-diag-gmm.cc:262) fMLLR objf improvement is 24.3198 per frame over 2451 frames.
LOG (gmm-est-fmllr-gpost[5.5.294-06484]:main():gmm-est-fmllr-gpost.cc:141) For speaker FJXM0, auxf-impr from fMLLR is 24.3198, over 2451 frames.

LOG (gmm-est-fmllr-gpost[5.5.294-06484]:ComputeFmllrMatrixDiagGmmFull():fmllr-diag-gmm.cc:262) fMLLR objf improvement is 22.5843 per frame over 1974 frames.
LOG (gmm-est-fmllr-gpost[5.5.294-06484]:main():gmm-est-fmllr-gpost.cc:141) For speaker FJXP0, auxf-impr from fMLLR is 22.5843, over 1974 frames.

LOG (ali-to-post[5.5.294-06484]:main():ali-to-post.cc:73) Converted 128 alignments.
LOG (gmm-est-fmllr-gpost[5.5.294-06484]:ComputeFmllrMatrixDiagGmmFull():fmllr-diag-gmm.cc:262) fMLLR objf improvement is 17.7211 per frame over 2345 frames.
LOG (gmm-est-fmllr-gpost[5.5.294-06484]:main():gmm-est-fmllr-gpost.cc:141) For speaker FKDE0, auxf-impr from fMLLR is 17.7211, over 2345 frames.

LOG (gmm-est-fmllr-gpost[5.5.294-06484]:ComputeFmllrMatrixDiagGmmFull():fmllr-diag-gmm.cc:262) fMLLR objf improvement is 24.5548 per frame over 2065 frames.
LOG (gmm-est-fmllr-gpost[5.5.294-06484]:main():gmm-est-fmllr-gpost.cc:141) For speaker FKDW0, auxf-impr from fMLLR is 24.5548, over 2065 frames.

LOG (weight-silence-post[5.5.294-06484]:main():weight-silence-post.cc:95) Done 128 posteriors.
LOG (apply-cmvn[5.5.294-06484]:main():apply-cmvn.cc:162) Applied cepstral mean normalization to 128 utterances, errors on 0
LOG (gmm-est-fmllr-gpost[5.5.294-06484]:ComputeFmllrMatrixDiagGmmFull():fmllr-diag-gmm.cc:262) fMLLR objf improvement is 21.1191 per frame over 2524 frames.
LOG (gmm-est-fmllr-gpost[5.5.294-06484]:main():gmm-est-fmllr-gpost.cc:141) For speaker FKFB0, auxf-impr from fMLLR is 21.1191, over 2524 frames.

LOG (apply-cmvn[5.5.294-06484]:main():apply-cmvn.cc:162) Applied cepstral mean normalization to 128 utterances, errors on 0
LOG (transform-feats[5.5.294-06484]:main():transform-feats.cc:158) Overall average [pseudo-]logdet is -89.2842 over 39644 frames.
LOG (transform-feats[5.5.294-06484]:main():transform-feats.cc:161) Applied transform to 128 utterances; 0 had errors.
LOG (gmm-post-to-gpost[5.5.294-06484]:main():gmm-post-to-gpost.cc:124) Done 128 files, 0 with no posteriors, 0 with other errors.
LOG (gmm-post-to-gpost[5.5.294-06484]:main():gmm-post-to-gpost.cc:128) Overall avg like per frame (Gaussian only) = -48.8023 over 35368 frames.
LOG (gmm-post-to-gpost[5.5.294-06484]:main():gmm-post-to-gpost.cc:131) Done converting post to gpost
LOG (transform-feats[5.5.294-06484]:main():transform-feats.cc:158) Overall average [pseudo-]logdet is -89.2842 over 39644 frames.
LOG (transform-feats[5.5.294-06484]:main():transform-feats.cc:161) Applied transform to 128 utterances; 0 had errors.
LOG (gmm-est-fmllr-gpost[5.5.294-06484]:ComputeFmllrMatrixDiagGmmFull():fmllr-diag-gmm.cc:262) fMLLR objf improvement is 17.8337 per frame over 2319 frames.
LOG (gmm-est-fmllr-gpost[5.5.294-06484]:main():gmm-est-fmllr-gpost.cc:141) For speaker FKKH0, auxf-impr from fMLLR is 17.8337, over 2319 frames.

LOG (gmm-est-fmllr-gpost[5.5.294-06484]:main():gmm-est-fmllr-gpost.cc:186) Done 128 files, 0 with no gposts, 0 with other errors.
LOG (gmm-est-fmllr-gpost[5.5.294-06484]:main():gmm-est-fmllr-gpost.cc:188) Overall fMLLR auxf impr per frame is 19.001 over 35368 frames.
# Accounting: time=1 threads=1
# Ended (code 0) at Mon Apr 29 15:22:07 AEST 2019, elapsed time 1 seconds
