# gmm-init-model --write-occs=exp/tri1/1.occs exp/tri1/tree exp/tri1/treeacc data/lang/topo exp/tri1/1.mdl 
# Started at Mon Apr 29 16:35:57 AEST 2019
#
gmm-init-model --write-occs=exp/tri1/1.occs exp/tri1/tree exp/tri1/treeacc data/lang/topo exp/tri1/1.mdl 
LOG (gmm-init-model[5.5.294-06484]:main():gmm-init-model.cc:271) Number of separate statistics is 29877
WARNING (gmm-init-model[5.5.294-06484]:InitAmGmm():gmm-init-model.cc:83) Very small count for state 16: 38; corresponding phone list: 17 
WARNING (gmm-init-model[5.5.294-06484]:InitAmGmm():gmm-init-model.cc:83) Very small count for state 23: 53; corresponding phone list: 24 
WARNING (gmm-init-model[5.5.294-06484]:InitAmGmm():gmm-init-model.cc:83) Very small count for state 31: 80; corresponding phone list: 32 
WARNING (gmm-init-model[5.5.294-06484]:InitAmGmm():gmm-init-model.cc:83) Very small count for state 32: 92; corresponding phone list: 33 
WARNING (gmm-init-model[5.5.294-06484]:InitAmGmm():gmm-init-model.cc:83) Very small count for state 33: 32; corresponding phone list: 34 
WARNING (gmm-init-model[5.5.294-06484]:InitAmGmm():gmm-init-model.cc:83) Very small count for state 40: 89; corresponding phone list: 41 
WARNING (gmm-init-model[5.5.294-06484]:InitAmGmm():gmm-init-model.cc:83) Very small count for state 56: 93; corresponding phone list: 26 
WARNING (gmm-init-model[5.5.294-06484]:InitAmGmm():gmm-init-model.cc:83) Very small count for state 64: 14; corresponding phone list: 20 
WARNING (gmm-init-model[5.5.294-06484]:InitAmGmm():gmm-init-model.cc:83) Very small count for state 79: 98; corresponding phone list: 6 
WARNING (gmm-init-model[5.5.294-06484]:InitAmGmm():gmm-init-model.cc:83) Very small count for state 89: 97; corresponding phone list: 13 
WARNING (gmm-init-model[5.5.294-06484]:InitAmGmm():gmm-init-model.cc:83) Very small count for state 103: 83; corresponding phone list: 43 
WARNING (gmm-init-model[5.5.294-06484]:InitAmGmm():gmm-init-model.cc:83) Very small count for state 111: 99; corresponding phone list: 46 
WARNING (gmm-init-model[5.5.294-06484]:InitAmGmm():gmm-init-model.cc:83) Very small count for state 124: 38; corresponding phone list: 36 
WARNING (gmm-init-model[5.5.294-06484]:InitAmGmm():gmm-init-model.cc:83) Very small count for state 128: 22; corresponding phone list: 42 
WARNING (gmm-init-model[5.5.294-06484]:InitAmGmm():gmm-init-model.cc:83) Very small count for state 129: 73; corresponding phone list: 43 
WARNING (gmm-init-model[5.5.294-06484]:InitAmGmm():gmm-init-model.cc:83) Very small count for state 136: 59; corresponding phone list: 3 
WARNING (gmm-init-model[5.5.294-06484]:InitAmGmm():gmm-init-model.cc:83) Very small count for state 167: 12; corresponding phone list: 2 
WARNING (gmm-init-model[5.5.294-06484]:InitAmGmm():gmm-init-model.cc:83) Very small count for state 168: 82; corresponding phone list: 25 
WARNING (gmm-init-model[5.5.294-06484]:InitAmGmm():gmm-init-model.cc:83) Very small count for state 178: 86; corresponding phone list: 47 
WARNING (gmm-init-model[5.5.294-06484]:InitAmGmm():gmm-init-model.cc:83) Very small count for state 184: 93; corresponding phone list: 44 
WARNING (gmm-init-model[5.5.294-06484]:InitAmGmm():gmm-init-model.cc:83) Very small count for state 198: 91; corresponding phone list: 11 
WARNING (gmm-init-model[5.5.294-06484]:InitAmGmm():gmm-init-model.cc:83) Very small count for state 210: 19; corresponding phone list: 29 
WARNING (gmm-init-model[5.5.294-06484]:InitAmGmm():gmm-init-model.cc:83) Very small count for state 219: 21; corresponding phone list: 17 
WARNING (gmm-init-model[5.5.294-06484]:InitAmGmm():gmm-init-model.cc:83) Very small count for state 224: 43; corresponding phone list: 33 
WARNING (gmm-init-model[5.5.294-06484]:InitAmGmm():gmm-init-model.cc:83) Very small count for state 226: 45; corresponding phone list: 26 
WARNING (gmm-init-model[5.5.294-06484]:InitAmGmm():gmm-init-model.cc:83) Very small count for state 245: 37; corresponding phone list: 42 
WARNING (gmm-init-model[5.5.294-06484]:InitAmGmm():gmm-init-model.cc:83) Very small count for state 255: 88; corresponding phone list: 39 
WARNING (gmm-init-model[5.5.294-06484]:InitAmGmm():gmm-init-model.cc:83) Very small count for state 257: 8; corresponding phone list: 3 
WARNING (gmm-init-model[5.5.294-06484]:InitAmGmm():gmm-init-model.cc:83) Very small count for state 260: 20; corresponding phone list: 20 
WARNING (gmm-init-model[5.5.294-06484]:InitAmGmm():gmm-init-model.cc:83) Very small count for state 261: 89; corresponding phone list: 19 
WARNING (gmm-init-model[5.5.294-06484]:InitAmGmm():gmm-init-model.cc:83) Very small count for state 284: 17; corresponding phone list: 5 
WARNING (gmm-init-model[5.5.294-06484]:InitAmGmm():gmm-init-model.cc:83) Very small count for state 291: 83; corresponding phone list: 35 
WARNING (gmm-init-model[5.5.294-06484]:InitAmGmm():gmm-init-model.cc:83) Very small count for state 294: 78; corresponding phone list: 24 
WARNING (gmm-init-model[5.5.294-06484]:InitAmGmm():gmm-init-model.cc:83) Very small count for state 295: 86; corresponding phone list: 45 
WARNING (gmm-init-model[5.5.294-06484]:InitAmGmm():gmm-init-model.cc:83) Very small count for state 300: 33; corresponding phone list: 33 
WARNING (gmm-init-model[5.5.294-06484]:InitAmGmm():gmm-init-model.cc:83) Very small count for state 308: 38; corresponding phone list: 26 
WARNING (gmm-init-model[5.5.294-06484]:InitAmGmm():gmm-init-model.cc:83) Very small count for state 324: 60; corresponding phone list: 8 
WARNING (gmm-init-model[5.5.294-06484]:InitAmGmm():gmm-init-model.cc:83) Very small count for state 329: 79; corresponding phone list: 2 
WARNING (gmm-init-model[5.5.294-06484]:InitAmGmm():gmm-init-model.cc:83) Very small count for state 339: 93; corresponding phone list: 44 
WARNING (gmm-init-model[5.5.294-06484]:InitAmGmm():gmm-init-model.cc:83) Very small count for state 344: 11; corresponding phone list: 26 
WARNING (gmm-init-model[5.5.294-06484]:InitAmGmm():gmm-init-model.cc:83) Very small count for state 348: 77; corresponding phone list: 36 
WARNING (gmm-init-model[5.5.294-06484]:InitAmGmm():gmm-init-model.cc:83) Very small count for state 352: 84; corresponding phone list: 25 
WARNING (gmm-init-model[5.5.294-06484]:InitAmGmm():gmm-init-model.cc:83) Very small count for state 354: 42; corresponding phone list: 12 
WARNING (gmm-init-model[5.5.294-06484]:InitAmGmm():gmm-init-model.cc:83) Very small count for state 358: 30; corresponding phone list: 19 
WARNING (gmm-init-model[5.5.294-06484]:InitAmGmm():gmm-init-model.cc:83) Very small count for state 364: 50; corresponding phone list: 25 
WARNING (gmm-init-model[5.5.294-06484]:InitAmGmm():gmm-init-model.cc:83) Very small count for state 367: 66; corresponding phone list: 5 
WARNING (gmm-init-model[5.5.294-06484]:InitAmGmm():gmm-init-model.cc:83) Very small count for state 372: 52; corresponding phone list: 15 
WARNING (gmm-init-model[5.5.294-06484]:InitAmGmm():gmm-init-model.cc:83) Very small count for state 375: 92; corresponding phone list: 22 
WARNING (gmm-init-model[5.5.294-06484]:InitAmGmm():gmm-init-model.cc:83) Very small count for state 384: 56; corresponding phone list: 19 
WARNING (gmm-init-model[5.5.294-06484]:InitAmGmm():gmm-init-model.cc:83) Very small count for state 401: 66; corresponding phone list: 33 
WARNING (gmm-init-model[5.5.294-06484]:InitAmGmm():gmm-init-model.cc:83) Very small count for state 411: 86; corresponding phone list: 33 
WARNING (gmm-init-model[5.5.294-06484]:InitAmGmm():gmm-init-model.cc:83) Very small count for state 422: 79; corresponding phone list: 20 
WARNING (gmm-init-model[5.5.294-06484]:InitAmGmm():gmm-init-model.cc:83) Very small count for state 429: 46; corresponding phone list: 43 
WARNING (gmm-init-model[5.5.294-06484]:InitAmGmm():gmm-init-model.cc:83) Very small count for state 431: 64; corresponding phone list: 26 
WARNING (gmm-init-model[5.5.294-06484]:InitAmGmm():gmm-init-model.cc:83) Very small count for state 445: 43; corresponding phone list: 20 
WARNING (gmm-init-model[5.5.294-06484]:InitAmGmm():gmm-init-model.cc:83) Very small count for state 452: 70; corresponding phone list: 23 
WARNING (gmm-init-model[5.5.294-06484]:InitAmGmm():gmm-init-model.cc:83) Very small count for state 461: 35; corresponding phone list: 42 
WARNING (gmm-init-model[5.5.294-06484]:InitAmGmm():gmm-init-model.cc:83) Very small count for state 464: 62; corresponding phone list: 15 
WARNING (gmm-init-model[5.5.294-06484]:InitAmGmm():gmm-init-model.cc:83) Very small count for state 465: 12; corresponding phone list: 2 
WARNING (gmm-init-model[5.5.294-06484]:InitAmGmm():gmm-init-model.cc:83) Very small count for state 473: 87; corresponding phone list: 12 
WARNING (gmm-init-model[5.5.294-06484]:InitAmGmm():gmm-init-model.cc:83) Very small count for state 474: 89; corresponding phone list: 12 
WARNING (gmm-init-model[5.5.294-06484]:InitAmGmm():gmm-init-model.cc:83) Very small count for state 476: 79; corresponding phone list: 42 
WARNING (gmm-init-model[5.5.294-06484]:InitAmGmm():gmm-init-model.cc:83) Very small count for state 481: 67; corresponding phone list: 36 
WARNING (gmm-init-model[5.5.294-06484]:InitAmGmm():gmm-init-model.cc:83) Very small count for state 482: 8; corresponding phone list: 5 
WARNING (gmm-init-model[5.5.294-06484]:InitAmGmm():gmm-init-model.cc:83) Very small count for state 484: 39; corresponding phone list: 5 
WARNING (gmm-init-model[5.5.294-06484]:InitAmGmm():gmm-init-model.cc:83) Very small count for state 488: 72; corresponding phone list: 11 
WARNING (gmm-init-model[5.5.294-06484]:InitAmGmm():gmm-init-model.cc:83) Very small count for state 489: 29; corresponding phone list: 29 
WARNING (gmm-init-model[5.5.294-06484]:InitAmGmm():gmm-init-model.cc:83) Very small count for state 494: 97; corresponding phone list: 31 
WARNING (gmm-init-model[5.5.294-06484]:InitAmGmm():gmm-init-model.cc:83) Very small count for state 506: 56; corresponding phone list: 29 
WARNING (gmm-init-model[5.5.294-06484]:InitAmGmm():gmm-init-model.cc:83) Very small count for state 507: 99; corresponding phone list: 44 
WARNING (gmm-init-model[5.5.294-06484]:InitAmGmm():gmm-init-model.cc:83) Very small count for state 512: 56; corresponding phone list: 6 
WARNING (gmm-init-model[5.5.294-06484]:InitAmGmm():gmm-init-model.cc:83) Very small count for state 514: 29; corresponding phone list: 42 
WARNING (gmm-init-model[5.5.294-06484]:InitAmGmm():gmm-init-model.cc:83) Very small count for state 530: 36; corresponding phone list: 19 
WARNING (gmm-init-model[5.5.294-06484]:InitAmGmm():gmm-init-model.cc:83) Very small count for state 544: 68; corresponding phone list: 33 
WARNING (gmm-init-model[5.5.294-06484]:InitAmGmm():gmm-init-model.cc:83) Very small count for state 551: 30; corresponding phone list: 42 
WARNING (gmm-init-model[5.5.294-06484]:InitAmGmm():gmm-init-model.cc:83) Very small count for state 558: 9; corresponding phone list: 34 
WARNING (gmm-init-model[5.5.294-06484]:InitAmGmm():gmm-init-model.cc:83) Very small count for state 559: 82; corresponding phone list: 6 
WARNING (gmm-init-model[5.5.294-06484]:InitAmGmm():gmm-init-model.cc:83) Very small count for state 568: 76; corresponding phone list: 3 
WARNING (gmm-init-model[5.5.294-06484]:InitAmGmm():gmm-init-model.cc:83) Very small count for state 570: 52; corresponding phone list: 4 
WARNING (gmm-init-model[5.5.294-06484]:InitAmGmm():gmm-init-model.cc:83) Very small count for state 578: 62; corresponding phone list: 4 
WARNING (gmm-init-model[5.5.294-06484]:InitAmGmm():gmm-init-model.cc:83) Very small count for state 594: 92; corresponding phone list: 19 
WARNING (gmm-init-model[5.5.294-06484]:InitAmGmm():gmm-init-model.cc:83) Very small count for state 600: 72; corresponding phone list: 24 
WARNING (gmm-init-model[5.5.294-06484]:InitAmGmm():gmm-init-model.cc:83) Very small count for state 609: 57; corresponding phone list: 19 
WARNING (gmm-init-model[5.5.294-06484]:InitAmGmm():gmm-init-model.cc:83) Very small count for state 616: 79; corresponding phone list: 19 
WARNING (gmm-init-model[5.5.294-06484]:InitAmGmm():gmm-init-model.cc:83) Very small count for state 632: 16; corresponding phone list: 33 
WARNING (gmm-init-model[5.5.294-06484]:InitAmGmm():gmm-init-model.cc:83) Very small count for state 636: 35; corresponding phone list: 5 
WARNING (gmm-init-model[5.5.294-06484]:InitAmGmm():gmm-init-model.cc:83) Very small count for state 640: 87; corresponding phone list: 26 
WARNING (gmm-init-model[5.5.294-06484]:InitAmGmm():gmm-init-model.cc:83) Very small count for state 642: 47; corresponding phone list: 8 
WARNING (gmm-init-model[5.5.294-06484]:InitAmGmm():gmm-init-model.cc:83) Very small count for state 643: 57; corresponding phone list: 8 
WARNING (gmm-init-model[5.5.294-06484]:InitAmGmm():gmm-init-model.cc:83) Very small count for state 646: 15; corresponding phone list: 4 
WARNING (gmm-init-model[5.5.294-06484]:InitAmGmm():gmm-init-model.cc:83) Very small count for state 647: 15; corresponding phone list: 4 
WARNING (gmm-init-model[5.5.294-06484]:InitAmGmm():gmm-init-model.cc:83) Very small count for state 663: 73; corresponding phone list: 3 
WARNING (gmm-init-model[5.5.294-06484]:InitAmGmm():gmm-init-model.cc:83) Very small count for state 668: 26; corresponding phone list: 2 
WARNING (gmm-init-model[5.5.294-06484]:InitAmGmm():gmm-init-model.cc:83) Very small count for state 679: 40; corresponding phone list: 24 
WARNING (gmm-init-model[5.5.294-06484]:InitAmGmm():gmm-init-model.cc:83) Very small count for state 687: 24; corresponding phone list: 20 
WARNING (gmm-init-model[5.5.294-06484]:InitAmGmm():gmm-init-model.cc:83) Very small count for state 715: 28; corresponding phone list: 24 
WARNING (gmm-init-model[5.5.294-06484]:InitAmGmm():gmm-init-model.cc:83) Very small count for state 719: 65; corresponding phone list: 5 
WARNING (gmm-init-model[5.5.294-06484]:InitAmGmm():gmm-init-model.cc:83) Very small count for state 722: 31; corresponding phone list: 3 
WARNING (gmm-init-model[5.5.294-06484]:InitAmGmm():gmm-init-model.cc:83) Very small count for state 724: 12; corresponding phone list: 42 
WARNING (gmm-init-model[5.5.294-06484]:InitAmGmm():gmm-init-model.cc:83) Very small count for state 729: 24; corresponding phone list: 8 
WARNING (gmm-init-model[5.5.294-06484]:InitAmGmm():gmm-init-model.cc:83) Very small count for state 737: 60; corresponding phone list: 19 
WARNING (gmm-init-model[5.5.294-06484]:InitAmGmm():gmm-init-model.cc:83) Very small count for state 740: 99; corresponding phone list: 42 
WARNING (gmm-init-model[5.5.294-06484]:InitAmGmm():gmm-init-model.cc:83) Very small count for state 742: 60; corresponding phone list: 42 
WARNING (gmm-init-model[5.5.294-06484]:InitAmGmm():gmm-init-model.cc:83) Very small count for state 749: 93; corresponding phone list: 11 
WARNING (gmm-init-model[5.5.294-06484]:InitAmGmm():gmm-init-model.cc:83) Very small count for state 770: 78; corresponding phone list: 35 
WARNING (gmm-init-model[5.5.294-06484]:InitAmGmm():gmm-init-model.cc:83) Very small count for state 786: 68; corresponding phone list: 2 
WARNING (gmm-init-model[5.5.294-06484]:InitAmGmm():gmm-init-model.cc:83) Very small count for state 787: 31; corresponding phone list: 2 
WARNING (gmm-init-model[5.5.294-06484]:InitAmGmm():gmm-init-model.cc:83) Very small count for state 793: 28; corresponding phone list: 19 
WARNING (gmm-init-model[5.5.294-06484]:InitAmGmm():gmm-init-model.cc:83) Very small count for state 804: 38; corresponding phone list: 42 
WARNING (gmm-init-model[5.5.294-06484]:InitAmGmm():gmm-init-model.cc:83) Very small count for state 811: 24; corresponding phone list: 2 
WARNING (gmm-init-model[5.5.294-06484]:InitAmGmm():gmm-init-model.cc:83) Very small count for state 813: 91; corresponding phone list: 26 
WARNING (gmm-init-model[5.5.294-06484]:InitAmGmm():gmm-init-model.cc:83) Very small count for state 818: 61; corresponding phone list: 20 
WARNING (gmm-init-model[5.5.294-06484]:InitAmGmm():gmm-init-model.cc:83) Very small count for state 844: 64; corresponding phone list: 5 
WARNING (gmm-init-model[5.5.294-06484]:InitAmGmm():gmm-init-model.cc:83) Very small count for state 847: 33; corresponding phone list: 20 
WARNING (gmm-init-model[5.5.294-06484]:InitAmGmm():gmm-init-model.cc:83) Very small count for state 854: 10; corresponding phone list: 3 
WARNING (gmm-init-model[5.5.294-06484]:InitAmGmm():gmm-init-model.cc:83) Very small count for state 863: 94; corresponding phone list: 5 
WARNING (gmm-init-model[5.5.294-06484]:InitAmGmm():gmm-init-model.cc:83) Very small count for state 868: 91; corresponding phone list: 5 
WARNING (gmm-init-model[5.5.294-06484]:InitAmGmm():gmm-init-model.cc:83) Very small count for state 896: 21; corresponding phone list: 19 
WARNING (gmm-init-model[5.5.294-06484]:InitAmGmm():gmm-init-model.cc:83) Very small count for state 929: 96; corresponding phone list: 2 
WARNING (gmm-init-model[5.5.294-06484]:InitAmGmm():gmm-init-model.cc:83) Very small count for state 932: 43; corresponding phone list: 34 
WARNING (gmm-init-model[5.5.294-06484]:InitAmGmm():gmm-init-model.cc:83) Very small count for state 933: 85; corresponding phone list: 10 
WARNING (gmm-init-model[5.5.294-06484]:InitAmGmm():gmm-init-model.cc:83) Very small count for state 983: 94; corresponding phone list: 16 
LOG (gmm-init-model[5.5.294-06484]:main():gmm-init-model.cc:306) Wrote model.
# Accounting: time=0 threads=1
# Ended (code 0) at Mon Apr 29 16:35:57 AEST 2019, elapsed time 0 seconds
