# gmm-est --mix-up=12500 --power=0.25 --write-occs=exp/tri1/22.occs exp/tri1/21.mdl "gmm-sum-accs - exp/tri1/21.*.acc |" exp/tri1/22.mdl 
# Started at Mon Apr 29 16:36:07 AEST 2019
#
gmm-est --mix-up=12500 --power=0.25 --write-occs=exp/tri1/22.occs exp/tri1/21.mdl 'gmm-sum-accs - exp/tri1/21.*.acc |' exp/tri1/22.mdl 
gmm-sum-accs - exp/tri1/21.1.acc exp/tri1/21.10.acc exp/tri1/21.2.acc exp/tri1/21.3.acc exp/tri1/21.4.acc exp/tri1/21.5.acc exp/tri1/21.6.acc exp/tri1/21.7.acc exp/tri1/21.8.acc exp/tri1/21.9.acc 
LOG (gmm-sum-accs[5.5.294-06484]:main():gmm-sum-accs.cc:63) Summed 10 stats, total count 367922, avg like/frame -93.7069
LOG (gmm-sum-accs[5.5.294-06484]:main():gmm-sum-accs.cc:66) Total count of stats is 367922
LOG (gmm-sum-accs[5.5.294-06484]:main():gmm-sum-accs.cc:67) Written stats to -
LOG (gmm-est[5.5.294-06484]:MleUpdate():transition-model.cc:528) TransitionModel::Update, objf change is 0 per frame over 367922 frames. 
LOG (gmm-est[5.5.294-06484]:MleUpdate():transition-model.cc:531) 27 probabilities floored, 2 out of 1056 transition-states skipped due to insuffient data (it is normal to have some skipped.)
LOG (gmm-est[5.5.294-06484]:main():gmm-est.cc:102) Transition model update: Overall 0 log-like improvement per frame over 367922 frames.
WARNING (gmm-est[5.5.294-06484]:MleDiagGmmUpdate():mle-diag-gmm.cc:359) Too little data - removing Gaussian (weight 0.034694, occupation count 9.506040, vector size 39)
WARNING (gmm-est[5.5.294-06484]:MleDiagGmmUpdate():mle-diag-gmm.cc:359) Too little data - removing Gaussian (weight 0.044999, occupation count 9.989853, vector size 39)
WARNING (gmm-est[5.5.294-06484]:MleDiagGmmUpdate():mle-diag-gmm.cc:365) Gaussian has too little data but not removing it because it is the last Gaussian: i = 0, occ = 8, weight = 1
WARNING (gmm-est[5.5.294-06484]:MleDiagGmmUpdate():mle-diag-gmm.cc:359) Too little data - removing Gaussian (weight 0.040650, occupation count 9.999931, vector size 39)
WARNING (gmm-est[5.5.294-06484]:MleDiagGmmUpdate():mle-diag-gmm.cc:359) Too little data - removing Gaussian (weight 0.038197, occupation count 9.549335, vector size 39)
WARNING (gmm-est[5.5.294-06484]:MleDiagGmmUpdate():mle-diag-gmm.cc:365) Gaussian has too little data but not removing it because it is the last Gaussian: i = 0, occ = 8, weight = 1
WARNING (gmm-est[5.5.294-06484]:MleDiagGmmUpdate():mle-diag-gmm.cc:365) Gaussian has too little data but not removing it because it is the last Gaussian: i = 0, occ = 9, weight = 1
WARNING (gmm-est[5.5.294-06484]:MleDiagGmmUpdate():mle-diag-gmm.cc:359) Too little data - removing Gaussian (weight 0.031458, occupation count 8.650946, vector size 39)
WARNING (gmm-est[5.5.294-06484]:MleDiagGmmUpdate():mle-diag-gmm.cc:359) Too little data - removing Gaussian (weight 0.035242, occupation count 9.691458, vector size 39)
WARNING (gmm-est[5.5.294-06484]:MleDiagGmmUpdate():mle-diag-gmm.cc:359) Too little data - removing Gaussian (weight 0.033540, occupation count 9.995054, vector size 39)
WARNING (gmm-est[5.5.294-06484]:MleDiagGmmUpdate():mle-diag-gmm.cc:359) Too little data - removing Gaussian (weight 0.042365, occupation count 9.828608, vector size 39)
WARNING (gmm-est[5.5.294-06484]:MleDiagGmmUpdate():mle-diag-gmm.cc:359) Too little data - removing Gaussian (weight 0.037339, occupation count 9.969559, vector size 39)
WARNING (gmm-est[5.5.294-06484]:MleDiagGmmUpdate():mle-diag-gmm.cc:365) Gaussian has too little data but not removing it because it is the last Gaussian: i = 0, occ = 9, weight = 1
WARNING (gmm-est[5.5.294-06484]:MleDiagGmmUpdate():mle-diag-gmm.cc:359) Too little data - removing Gaussian (weight 0.055015, occupation count 9.022477, vector size 39)
WARNING (gmm-est[5.5.294-06484]:MleDiagGmmUpdate():mle-diag-gmm.cc:359) Too little data - removing Gaussian (weight 0.034042, occupation count 9.463758, vector size 39)
LOG (gmm-est[5.5.294-06484]:MleAmDiagGmmUpdate():mle-am-diag-gmm.cc:225) 0 variance elements floored in 0 Gaussians, out of 12011
LOG (gmm-est[5.5.294-06484]:MleAmDiagGmmUpdate():mle-am-diag-gmm.cc:229) Removed 11 Gaussians due to counts < --min-gaussian-occupancy=10 and --remove-low-count-gaussians=true
LOG (gmm-est[5.5.294-06484]:main():gmm-est.cc:113) GMM update: Overall 0.103062 objective function improvement per frame over 367922 frames
LOG (gmm-est[5.5.294-06484]:main():gmm-est.cc:116) GMM update: Overall avg like per frame = -93.7069 over 367922 frames.
LOG (gmm-est[5.5.294-06484]:SplitByCount():am-diag-gmm.cc:116) Split 1008 states with target = 12500, power = 0.25, perturb_factor = 0.01 and min_count = 20, split #Gauss from 12011 to 12522
LOG (gmm-est[5.5.294-06484]:main():gmm-est.cc:146) Written model to exp/tri1/22.mdl
# Accounting: time=0 threads=1
# Ended (code 0) at Mon Apr 29 16:36:07 AEST 2019, elapsed time 0 seconds
