# gmm-est --mix-up=7500 --power=0.25 --write-occs=exp/tri1/12.occs exp/tri1/11.mdl "gmm-sum-accs - exp/tri1/11.*.acc |" exp/tri1/12.mdl 
# Started at Mon Apr 29 16:36:02 AEST 2019
#
gmm-est --mix-up=7500 --power=0.25 --write-occs=exp/tri1/12.occs exp/tri1/11.mdl 'gmm-sum-accs - exp/tri1/11.*.acc |' exp/tri1/12.mdl 
gmm-sum-accs - exp/tri1/11.1.acc exp/tri1/11.10.acc exp/tri1/11.2.acc exp/tri1/11.3.acc exp/tri1/11.4.acc exp/tri1/11.5.acc exp/tri1/11.6.acc exp/tri1/11.7.acc exp/tri1/11.8.acc exp/tri1/11.9.acc 
LOG (gmm-sum-accs[5.5.294-06484]:main():gmm-sum-accs.cc:63) Summed 10 stats, total count 367922, avg like/frame -95.8105
LOG (gmm-sum-accs[5.5.294-06484]:main():gmm-sum-accs.cc:66) Total count of stats is 367922
LOG (gmm-sum-accs[5.5.294-06484]:main():gmm-sum-accs.cc:67) Written stats to -
LOG (gmm-est[5.5.294-06484]:MleUpdate():transition-model.cc:528) TransitionModel::Update, objf change is 0 per frame over 367922 frames. 
LOG (gmm-est[5.5.294-06484]:MleUpdate():transition-model.cc:531) 27 probabilities floored, 2 out of 1056 transition-states skipped due to insuffient data (it is normal to have some skipped.)
LOG (gmm-est[5.5.294-06484]:main():gmm-est.cc:102) Transition model update: Overall 0 log-like improvement per frame over 367922 frames.
WARNING (gmm-est[5.5.294-06484]:MleDiagGmmUpdate():mle-diag-gmm.cc:359) Too little data - removing Gaussian (weight 0.069027, occupation count 9.042524, vector size 39)
WARNING (gmm-est[5.5.294-06484]:MleDiagGmmUpdate():mle-diag-gmm.cc:365) Gaussian has too little data but not removing it because it is the last Gaussian: i = 0, occ = 8, weight = 1
WARNING (gmm-est[5.5.294-06484]:MleDiagGmmUpdate():mle-diag-gmm.cc:359) Too little data - removing Gaussian (weight 0.051172, occupation count 9.364535, vector size 39)
WARNING (gmm-est[5.5.294-06484]:MleDiagGmmUpdate():mle-diag-gmm.cc:365) Gaussian has too little data but not removing it because it is the last Gaussian: i = 0, occ = 8, weight = 1
WARNING (gmm-est[5.5.294-06484]:MleDiagGmmUpdate():mle-diag-gmm.cc:365) Gaussian has too little data but not removing it because it is the last Gaussian: i = 0, occ = 9, weight = 1
WARNING (gmm-est[5.5.294-06484]:MleDiagGmmUpdate():mle-diag-gmm.cc:359) Too little data - removing Gaussian (weight 0.083474, occupation count 9.599517, vector size 39)
WARNING (gmm-est[5.5.294-06484]:MleDiagGmmUpdate():mle-diag-gmm.cc:359) Too little data - removing Gaussian (weight 0.102637, occupation count 9.955762, vector size 39)
WARNING (gmm-est[5.5.294-06484]:MleDiagGmmUpdate():mle-diag-gmm.cc:365) Gaussian has too little data but not removing it because it is the last Gaussian: i = 0, occ = 9, weight = 1
LOG (gmm-est[5.5.294-06484]:MleAmDiagGmmUpdate():mle-am-diag-gmm.cc:225) 0 variance elements floored in 0 Gaussians, out of 7005
LOG (gmm-est[5.5.294-06484]:MleAmDiagGmmUpdate():mle-am-diag-gmm.cc:229) Removed 4 Gaussians due to counts < --min-gaussian-occupancy=10 and --remove-low-count-gaussians=true
LOG (gmm-est[5.5.294-06484]:main():gmm-est.cc:113) GMM update: Overall 0.134711 objective function improvement per frame over 367922 frames
LOG (gmm-est[5.5.294-06484]:main():gmm-est.cc:116) GMM update: Overall avg like per frame = -95.8105 over 367922 frames.
LOG (gmm-est[5.5.294-06484]:SplitByCount():am-diag-gmm.cc:116) Split 1008 states with target = 7500, power = 0.25, perturb_factor = 0.01 and min_count = 20, split #Gauss from 7005 to 7509
LOG (gmm-est[5.5.294-06484]:main():gmm-est.cc:146) Written model to exp/tri1/12.mdl
# Accounting: time=0 threads=1
# Ended (code 0) at Mon Apr 29 16:36:02 AEST 2019, elapsed time 0 seconds
